running develop
Removing /home/adm.sof44944@gaia.fkie.fraunhofer.de/ros2_cs/install/cs_bioharness/lib/python3.10/site-packages/cs-bioharness.egg-link (link to .)
running egg_info
writing ../../build/cs_bioharness/cs_bioharness.egg-info/PKG-INFO
writing dependency_links to ../../build/cs_bioharness/cs_bioharness.egg-info/dependency_links.txt
writing entry points to ../../build/cs_bioharness/cs_bioharness.egg-info/entry_points.txt
writing requirements to ../../build/cs_bioharness/cs_bioharness.egg-info/requires.txt
writing top-level names to ../../build/cs_bioharness/cs_bioharness.egg-info/top_level.txt
reading manifest file '../../build/cs_bioharness/cs_bioharness.egg-info/SOURCES.txt'
writing manifest file '../../build/cs_bioharness/cs_bioharness.egg-info/SOURCES.txt'
running build
running build_py
copying cs_bioharness/draw_circle.py -> /home/adm.sof44944@gaia.fkie.fraunhofer.de/ros2_cs/build/cs_bioharness/build/lib/cs_bioharness
copying cs_bioharness/bioharness_pull.py -> /home/adm.sof44944@gaia.fkie.fraunhofer.de/ros2_cs/build/cs_bioharness/build/lib/cs_bioharness
copying cs_bioharness/pose_subscriber.py -> /home/adm.sof44944@gaia.fkie.fraunhofer.de/ros2_cs/build/cs_bioharness/build/lib/cs_bioharness
running install
running install_lib
creating /home/adm.sof44944@gaia.fkie.fraunhofer.de/ros2_cs/install/cs_bioharness/lib/python3.10/site-packages/cs_bioharness
copying /home/adm.sof44944@gaia.fkie.fraunhofer.de/ros2_cs/build/cs_bioharness/build/lib/cs_bioharness/__init__.py -> /home/adm.sof44944@gaia.fkie.fraunhofer.de/ros2_cs/install/cs_bioharness/lib/python3.10/site-packages/cs_bioharness
copying /home/adm.sof44944@gaia.fkie.fraunhofer.de/ros2_cs/build/cs_bioharness/build/lib/cs_bioharness/draw_circle.py -> /home/adm.sof44944@gaia.fkie.fraunhofer.de/ros2_cs/install/cs_bioharness/lib/python3.10/site-packages/cs_bioharness
copying /home/adm.sof44944@gaia.fkie.fraunhofer.de/ros2_cs/build/cs_bioharness/build/lib/cs_bioharness/bioharness_pull.py -> /home/adm.sof44944@gaia.fkie.fraunhofer.de/ros2_cs/install/cs_bioharness/lib/python3.10/site-packages/cs_bioharness
copying /home/adm.sof44944@gaia.fkie.fraunhofer.de/ros2_cs/build/cs_bioharness/build/lib/cs_bioharness/pose_subscriber.py -> /home/adm.sof44944@gaia.fkie.fraunhofer.de/ros2_cs/install/cs_bioharness/lib/python3.10/site-packages/cs_bioharness
byte-compiling /home/adm.sof44944@gaia.fkie.fraunhofer.de/ros2_cs/install/cs_bioharness/lib/python3.10/site-packages/cs_bioharness/__init__.py to __init__.cpython-310.pyc
byte-compiling /home/adm.sof44944@gaia.fkie.fraunhofer.de/ros2_cs/install/cs_bioharness/lib/python3.10/site-packages/cs_bioharness/draw_circle.py to draw_circle.cpython-310.pyc
byte-compiling /home/adm.sof44944@gaia.fkie.fraunhofer.de/ros2_cs/install/cs_bioharness/lib/python3.10/site-packages/cs_bioharness/bioharness_pull.py to bioharness_pull.cpython-310.pyc
byte-compiling /home/adm.sof44944@gaia.fkie.fraunhofer.de/ros2_cs/install/cs_bioharness/lib/python3.10/site-packages/cs_bioharness/pose_subscriber.py to pose_subscriber.cpython-310.pyc
running install_data
running install_egg_info
Copying ../../build/cs_bioharness/cs_bioharness.egg-info to /home/adm.sof44944@gaia.fkie.fraunhofer.de/ros2_cs/install/cs_bioharness/lib/python3.10/site-packages/cs_bioharness-0.0.0-py3.10.egg-info
running install_scripts
Installing bioharness_pull script to /home/adm.sof44944@gaia.fkie.fraunhofer.de/ros2_cs/install/cs_bioharness/lib/cs_bioharness
Installing draw_circle script to /home/adm.sof44944@gaia.fkie.fraunhofer.de/ros2_cs/install/cs_bioharness/lib/cs_bioharness
writing list of installed files to '/home/adm.sof44944@gaia.fkie.fraunhofer.de/ros2_cs/build/cs_bioharness/install.log'
