[0.029s] Invoking command in '/home/adm.sof44944@gaia.fkie.fraunhofer.de/ros2_cs/build/motion_capture_tracking': AMENT_PREFIX_PATH=/home/adm.sof44944@gaia.fkie.fraunhofer.de/ros2_cs/install/motion_capture_tracking_interfaces:${AMENT_PREFIX_PATH} CMAKE_PREFIX_PATH=/home/adm.sof44944@gaia.fkie.fraunhofer.de/ros2_cs/install/motion_capture_tracking_interfaces:/opt/ros/humble LD_LIBRARY_PATH=/home/adm.sof44944@gaia.fkie.fraunhofer.de/ros2_cs/install/motion_capture_tracking_interfaces/lib:${LD_LIBRARY_PATH} PYTHONPATH=/home/adm.sof44944@gaia.fkie.fraunhofer.de/ros2_cs/install/motion_capture_tracking_interfaces/local/lib/python3.10/dist-packages:${PYTHONPATH} /usr/bin/cmake /home/adm.sof44944@gaia.fkie.fraunhofer.de/ros2_cs/src/motion_capture_tracking/motion_capture_tracking -DAMENT_CMAKE_SYMLINK_INSTALL=1 -DCMAKE_INSTALL_PREFIX=/home/adm.sof44944@gaia.fkie.fraunhofer.de/ros2_cs/install/motion_capture_tracking
[0.038s] -- Found ament_cmake: 1.3.5 (/opt/ros/humble/share/ament_cmake/cmake)
[0.136s] -- Override CMake install command with custom implementation using symlinks instead of copying resources
[0.140s] -- Found rclcpp: 16.0.6 (/opt/ros/humble/share/rclcpp/cmake)
[0.155s] -- Found rosidl_generator_c: 3.1.5 (/opt/ros/humble/share/rosidl_generator_c/cmake)
[0.157s] -- Found rosidl_adapter: 3.1.5 (/opt/ros/humble/share/rosidl_adapter/cmake)
[0.160s] -- Found rosidl_generator_cpp: 3.1.5 (/opt/ros/humble/share/rosidl_generator_cpp/cmake)
[0.166s] -- Using all available rosidl_typesupport_c: rosidl_typesupport_fastrtps_c;rosidl_typesupport_introspection_c
[0.174s] -- Using all available rosidl_typesupport_cpp: rosidl_typesupport_fastrtps_cpp;rosidl_typesupport_introspection_cpp
[0.205s] -- Found rmw_implementation_cmake: 6.1.1 (/opt/ros/humble/share/rmw_implementation_cmake/cmake)
[0.206s] -- Found rmw_fastrtps_cpp: 6.2.4 (/opt/ros/humble/share/rmw_fastrtps_cpp/cmake)
[0.281s] -- Using RMW implementation 'rmw_fastrtps_cpp' as default
[0.365s] -- Found tf2_ros: 0.25.4 (/opt/ros/humble/share/tf2_ros/cmake)
[0.562s] -- Found sensor_msgs: 4.2.3 (/opt/ros/humble/share/sensor_msgs/cmake)
[0.607s] -- Found motion_capture_tracking_interfaces: 1.0.0 (/home/adm.sof44944@gaia.fkie.fraunhofer.de/ros2_cs/install/motion_capture_tracking_interfaces/share/motion_capture_tracking_interfaces/cmake)
[0.660s] -- Eigen found (include: /usr/include/eigen3, version: 3.4.0)
[0.665s] -- Found Boost: /usr/lib/x86_64-linux-gnu/cmake/Boost-1.74.0/BoostConfig.cmake (found suitable version "1.74.0", minimum required is "1.65.0") found components: system filesystem date_time iostreams serialization 
[0.665s] -- looking for PCL_COMMON
[0.666s] -- Found PCL: pcl_common;Boost::system;Boost::filesystem;Boost::date_time;Boost::iostreams;Boost::serialization  
[0.667s] [33mCMake Warning (dev) at deps/librigidbodytracker/CMakeLists.txt:7 (find_package):
[0.667s]   Policy CMP0074 is not set: find_package uses <PackageName>_ROOT variables.
[0.667s]   Run "cmake --help-policy CMP0074" for policy details.  Use the cmake_policy
[0.667s]   command to set the policy and suppress this warning.
[0.667s] 
[0.667s]   CMake variable PCL_ROOT is set to:
[0.667s] 
[0.667s]     /usr
[0.667s] 
[0.667s]   For compatibility, CMake is ignoring the variable.
[0.667s] This warning is for project developers.  Use -Wno-dev to suppress it.
[0.668s] [0m
[0.682s] -- FLANN found (include: /usr/include, lib: /usr/lib/x86_64-linux-gnu/libflann_cpp.so)
[0.878s] -- OpenNI found (version: 1.5.4.0, include: /usr/include/ni, lib: /usr/lib/libOpenNI.so;libusb::libusb)
[0.884s] -- OpenNI2 found (version: 2.2.0.33, include: /usr/include/openni2, lib: /usr/lib/x86_64-linux-gnu/libOpenNI2.so;libusb::libusb)
[0.884s] [0m** WARNING ** io features related to pcap will be disabled[0m
[1.020s] -- Eigen found (include: /usr/include/eigen3, version: 3.4.0)
[1.025s] -- OpenNI found (version: 1.5.4.0, include: /usr/include/ni, lib: /usr/lib/libOpenNI.so;libusb::libusb)
[1.031s] -- OpenNI2 found (version: 2.2.0.33, include: /usr/include/openni2, lib: /usr/lib/x86_64-linux-gnu/libOpenNI2.so;libusb::libusb)
[1.145s] -- Found Qhull version 8.0.2
[1.271s] -- OpenNI found (version: 1.5.4.0, include: /usr/include/ni, lib: /usr/lib/libOpenNI.so;libusb::libusb)
[1.397s] -- looking for PCL_KDTREE
[1.397s] -- looking for PCL_OCTREE
[1.398s] -- looking for PCL_SEARCH
[1.398s] -- looking for PCL_SAMPLE_CONSENSUS
[1.398s] -- looking for PCL_FILTERS
[1.399s] -- looking for PCL_2D
[1.399s] -- looking for PCL_GEOMETRY
[1.399s] -- looking for PCL_IO
[1.399s] -- looking for PCL_FEATURES
[1.400s] -- looking for PCL_ML
[1.400s] -- looking for PCL_SEGMENTATION
[1.401s] -- looking for PCL_VISUALIZATION
[1.401s] -- looking for PCL_SURFACE
[1.401s] -- looking for PCL_REGISTRATION
[1.401s] -- looking for PCL_KEYPOINTS
[1.402s] -- looking for PCL_TRACKING
[1.402s] -- looking for PCL_RECOGNITION
[1.403s] -- looking for PCL_STEREO
[1.403s] -- looking for PCL_APPS
[1.404s] -- looking for PCL_IN_HAND_SCANNER
[1.404s] -- looking for PCL_MODELER
[1.404s] -- looking for PCL_POINT_CLOUD_EDITOR
[1.404s] -- looking for PCL_OUTOFCORE
[1.405s] -- looking for PCL_PEOPLE
[1.405s] -- Found PCL: pcl_common;pcl_kdtree;pcl_octree;pcl_search;pcl_sample_consensus;pcl_filters;pcl_io;pcl_features;pcl_ml;pcl_segmentation;pcl_visualization;pcl_surface;pcl_registration;pcl_keypoints;pcl_tracking;pcl_recognition;pcl_stereo;pcl_apps;pcl_outofcore;pcl_people;Boost::system;Boost::filesystem;Boost::date_time;Boost::iostreams;Boost::serialization;/usr/lib/libOpenNI.so;libusb::libusb;/usr/lib/x86_64-linux-gnu/libOpenNI2.so;libusb::libusb;VTK::ChartsCore;VTK::CommonColor;VTK::CommonComputationalGeometry;VTK::CommonCore;VTK::CommonDataModel;VTK::CommonExecutionModel;VTK::CommonMath;VTK::CommonMisc;VTK::CommonTransforms;VTK::FiltersCore;VTK::FiltersExtraction;VTK::FiltersGeneral;VTK::FiltersGeometry;VTK::FiltersModeling;VTK::FiltersSources;VTK::ImagingCore;VTK::ImagingSources;VTK::InteractionImage;VTK::InteractionStyle;VTK::InteractionWidgets;VTK::IOCore;VTK::IOGeometry;VTK::IOImage;VTK::IOLegacy;VTK::IOPLY;VTK::RenderingAnnotation;VTK::RenderingCore;VTK::RenderingContext2D;VTK::RenderingLOD;VTK::RenderingFreeType;VTK::ViewsCore;VTK::ViewsContext2D;VTK::RenderingOpenGL2;VTK::GUISupportQt;FLANN::FLANN;QHULL::QHULL  
[1.417s] -- Found Boost: /usr/lib/x86_64-linux-gnu/cmake/Boost-1.74.0/BoostConfig.cmake (found suitable version "1.74.0", minimum required is "1.5") found components: system 
[1.425s] -- Found Boost: /usr/lib/x86_64-linux-gnu/cmake/Boost-1.74.0/BoostConfig.cmake (found suitable version "1.74.0", minimum required is "1.5") found components: system thread 
[1.432s] [0mCMake Deprecation Warning at deps/libmotioncapture/deps/vrpn/CMakeLists.txt:1 (cmake_minimum_required):
[1.432s]   Compatibility with CMake < 2.8.12 will be removed from a future version of
[1.432s]   CMake.
[1.432s] 
[1.432s]   Update the VERSION argument <min> value or use a ...<max> suffix to tell
[1.432s]   CMake that the project does not need compatibility with older versions.
[1.432s] 
[1.432s] [0m
[1.485s] [0mCMake Deprecation Warning at deps/libmotioncapture/deps/vrpn/quat/CMakeLists.txt:1 (cmake_minimum_required):
[1.485s]   Compatibility with CMake < 2.8.12 will be removed from a future version of
[1.485s]   CMake.
[1.485s] 
[1.485s]   Update the VERSION argument <min> value or use a ...<max> suffix to tell
[1.485s]   CMake that the project does not need compatibility with older versions.
[1.485s] 
[1.485s] [0m
[2.319s] -- NOTE: You have VRPN_USE_LOCAL_HIDAPI enabled, but VRPN_USE_HID disabled: HIDAPI will only be built if you enable HID support for VRPN
[2.319s] [0mCMake Deprecation Warning at deps/libmotioncapture/deps/vrpn/cmake/FindOpenHaptics.cmake:56 (cmake_minimum_required):
[2.320s]   Compatibility with CMake < 2.8.12 will be removed from a future version of
[2.320s]   CMake.
[2.320s] 
[2.320s]   Update the VERSION argument <min> value or use a ...<max> suffix to tell
[2.320s]   CMake that the project does not need compatibility with older versions.
[2.320s] Call Stack (most recent call first):
[2.320s]   deps/libmotioncapture/deps/vrpn/CMakeLists.txt:468 (find_package)
[2.321s] 
[2.321s] [0m
[2.333s] [33mCMake Warning (dev) at /usr/share/cmake-3.22/Modules/FindPackageHandleStandardArgs.cmake:438 (message):
[2.333s]   The package name passed to `find_package_handle_standard_args` (I2CDEV)
[2.334s]   does not match the name of the calling package (libi2c-dev).  This can lead
[2.334s]   to problems in calling code that expects `find_package` result variables
[2.334s]   (e.g., `_FOUND`) to follow a certain pattern.
[2.334s] Call Stack (most recent call first):
[2.335s]   deps/libmotioncapture/deps/vrpn/cmake/Findlibi2c-dev.cmake:43 (find_package_handle_standard_args)
[2.335s]   deps/libmotioncapture/deps/vrpn/CMakeLists.txt:518 (find_package)
[2.335s] This warning is for project developers.  Use -Wno-dev to suppress it.
[2.335s] [0m
[2.360s] [0mCMake Deprecation Warning at deps/libmotioncapture/deps/vrpn/client_src/CMakeLists.txt:1 (cmake_minimum_required):
[2.360s]   Compatibility with CMake < 2.8.12 will be removed from a future version of
[2.360s]   CMake.
[2.360s] 
[2.360s]   Update the VERSION argument <min> value or use a ...<max> suffix to tell
[2.360s]   CMake that the project does not need compatibility with older versions.
[2.360s] 
[2.360s] [0m
[2.399s] -- Configuring done
[2.441s] -- Generating done
[2.444s] -- Build files have been written to: /home/adm.sof44944@gaia.fkie.fraunhofer.de/ros2_cs/build/motion_capture_tracking
[2.458s] Invoked command in '/home/adm.sof44944@gaia.fkie.fraunhofer.de/ros2_cs/build/motion_capture_tracking' returned '0': AMENT_PREFIX_PATH=/home/adm.sof44944@gaia.fkie.fraunhofer.de/ros2_cs/install/motion_capture_tracking_interfaces:${AMENT_PREFIX_PATH} CMAKE_PREFIX_PATH=/home/adm.sof44944@gaia.fkie.fraunhofer.de/ros2_cs/install/motion_capture_tracking_interfaces:/opt/ros/humble LD_LIBRARY_PATH=/home/adm.sof44944@gaia.fkie.fraunhofer.de/ros2_cs/install/motion_capture_tracking_interfaces/lib:${LD_LIBRARY_PATH} PYTHONPATH=/home/adm.sof44944@gaia.fkie.fraunhofer.de/ros2_cs/install/motion_capture_tracking_interfaces/local/lib/python3.10/dist-packages:${PYTHONPATH} /usr/bin/cmake /home/adm.sof44944@gaia.fkie.fraunhofer.de/ros2_cs/src/motion_capture_tracking/motion_capture_tracking -DAMENT_CMAKE_SYMLINK_INSTALL=1 -DCMAKE_INSTALL_PREFIX=/home/adm.sof44944@gaia.fkie.fraunhofer.de/ros2_cs/install/motion_capture_tracking
[2.459s] Invoking command in '/home/adm.sof44944@gaia.fkie.fraunhofer.de/ros2_cs/build/motion_capture_tracking': AMENT_PREFIX_PATH=/home/adm.sof44944@gaia.fkie.fraunhofer.de/ros2_cs/install/motion_capture_tracking_interfaces:${AMENT_PREFIX_PATH} CMAKE_PREFIX_PATH=/home/adm.sof44944@gaia.fkie.fraunhofer.de/ros2_cs/install/motion_capture_tracking_interfaces:/opt/ros/humble LD_LIBRARY_PATH=/home/adm.sof44944@gaia.fkie.fraunhofer.de/ros2_cs/install/motion_capture_tracking_interfaces/lib:${LD_LIBRARY_PATH} PYTHONPATH=/home/adm.sof44944@gaia.fkie.fraunhofer.de/ros2_cs/install/motion_capture_tracking_interfaces/local/lib/python3.10/dist-packages:${PYTHONPATH} /usr/bin/cmake --build /home/adm.sof44944@gaia.fkie.fraunhofer.de/ros2_cs/build/motion_capture_tracking -- -j12 -l12
[2.487s] [35m[1mConsolidate compiler generated dependencies of target quat[0m
[2.488s] [35m[1mConsolidate compiler generated dependencies of target librigidbodytracker[0m
[2.491s] [35m[1mConsolidate compiler generated dependencies of target qualisys_cpp_sdk[0m
[2.493s] [  8%] Built target quat
[2.497s] [35m[1mConsolidate compiler generated dependencies of target ViconDataStreamSDK_CPP[0m
[2.503s] [ 16%] Built target qualisys_cpp_sdk
[2.503s] [ 19%] Built target librigidbodytracker
[2.506s] [35m[1mConsolidate compiler generated dependencies of target vrpn[0m
[2.522s] [ 66%] Built target vrpn
[2.527s] [ 83%] Built target ViconDataStreamSDK_CPP
[2.535s] [35m[1mConsolidate compiler generated dependencies of target libmotioncapture[0m
[2.552s] [ 96%] Built target libmotioncapture
[2.559s] [35m[1mConsolidate compiler generated dependencies of target motion_capture_tracking_node[0m
[2.573s] [100%] Built target motion_capture_tracking_node
[2.580s] Invoked command in '/home/adm.sof44944@gaia.fkie.fraunhofer.de/ros2_cs/build/motion_capture_tracking' returned '0': AMENT_PREFIX_PATH=/home/adm.sof44944@gaia.fkie.fraunhofer.de/ros2_cs/install/motion_capture_tracking_interfaces:${AMENT_PREFIX_PATH} CMAKE_PREFIX_PATH=/home/adm.sof44944@gaia.fkie.fraunhofer.de/ros2_cs/install/motion_capture_tracking_interfaces:/opt/ros/humble LD_LIBRARY_PATH=/home/adm.sof44944@gaia.fkie.fraunhofer.de/ros2_cs/install/motion_capture_tracking_interfaces/lib:${LD_LIBRARY_PATH} PYTHONPATH=/home/adm.sof44944@gaia.fkie.fraunhofer.de/ros2_cs/install/motion_capture_tracking_interfaces/local/lib/python3.10/dist-packages:${PYTHONPATH} /usr/bin/cmake --build /home/adm.sof44944@gaia.fkie.fraunhofer.de/ros2_cs/build/motion_capture_tracking -- -j12 -l12
[2.611s] Invoking command in '/home/adm.sof44944@gaia.fkie.fraunhofer.de/ros2_cs/build/motion_capture_tracking': AMENT_PREFIX_PATH=/home/adm.sof44944@gaia.fkie.fraunhofer.de/ros2_cs/install/motion_capture_tracking_interfaces:${AMENT_PREFIX_PATH} CMAKE_PREFIX_PATH=/home/adm.sof44944@gaia.fkie.fraunhofer.de/ros2_cs/install/motion_capture_tracking_interfaces:/opt/ros/humble LD_LIBRARY_PATH=/home/adm.sof44944@gaia.fkie.fraunhofer.de/ros2_cs/install/motion_capture_tracking_interfaces/lib:${LD_LIBRARY_PATH} PYTHONPATH=/home/adm.sof44944@gaia.fkie.fraunhofer.de/ros2_cs/install/motion_capture_tracking_interfaces/local/lib/python3.10/dist-packages:${PYTHONPATH} /usr/bin/cmake --install /home/adm.sof44944@gaia.fkie.fraunhofer.de/ros2_cs/build/motion_capture_tracking
[2.614s] -- Install configuration: ""
[2.614s] -- Execute custom install script
[2.615s] -- Up-to-date symlink: /home/adm.sof44944@gaia.fkie.fraunhofer.de/ros2_cs/install/motion_capture_tracking/lib/motion_capture_tracking/motion_capture_tracking_node
[2.615s] -- Up-to-date symlink: /home/adm.sof44944@gaia.fkie.fraunhofer.de/ros2_cs/install/motion_capture_tracking/share/motion_capture_tracking//launch/launch.py
[2.615s] -- Up-to-date symlink: /home/adm.sof44944@gaia.fkie.fraunhofer.de/ros2_cs/install/motion_capture_tracking/share/motion_capture_tracking//launch/node.launch
[2.615s] -- Up-to-date symlink: /home/adm.sof44944@gaia.fkie.fraunhofer.de/ros2_cs/install/motion_capture_tracking/share/motion_capture_tracking//config/cfg.yaml
[2.615s] -- Up-to-date symlink: /home/adm.sof44944@gaia.fkie.fraunhofer.de/ros2_cs/install/motion_capture_tracking/share/motion_capture_tracking//config/rviz.rviz
[2.615s] -- Up-to-date symlink: /home/adm.sof44944@gaia.fkie.fraunhofer.de/ros2_cs/install/motion_capture_tracking/share/ament_index/resource_index/package_run_dependencies/motion_capture_tracking
[2.615s] -- Up-to-date symlink: /home/adm.sof44944@gaia.fkie.fraunhofer.de/ros2_cs/install/motion_capture_tracking/share/ament_index/resource_index/parent_prefix_path/motion_capture_tracking
[2.615s] -- Up-to-date symlink: /home/adm.sof44944@gaia.fkie.fraunhofer.de/ros2_cs/install/motion_capture_tracking/share/motion_capture_tracking/environment/ament_prefix_path.sh
[2.615s] -- Up-to-date symlink: /home/adm.sof44944@gaia.fkie.fraunhofer.de/ros2_cs/install/motion_capture_tracking/share/motion_capture_tracking/environment/ament_prefix_path.dsv
[2.615s] -- Up-to-date symlink: /home/adm.sof44944@gaia.fkie.fraunhofer.de/ros2_cs/install/motion_capture_tracking/share/motion_capture_tracking/environment/path.sh
[2.615s] -- Up-to-date symlink: /home/adm.sof44944@gaia.fkie.fraunhofer.de/ros2_cs/install/motion_capture_tracking/share/motion_capture_tracking/environment/path.dsv
[2.615s] -- Up-to-date symlink: /home/adm.sof44944@gaia.fkie.fraunhofer.de/ros2_cs/install/motion_capture_tracking/share/motion_capture_tracking/local_setup.bash
[2.615s] -- Up-to-date symlink: /home/adm.sof44944@gaia.fkie.fraunhofer.de/ros2_cs/install/motion_capture_tracking/share/motion_capture_tracking/local_setup.sh
[2.615s] -- Up-to-date symlink: /home/adm.sof44944@gaia.fkie.fraunhofer.de/ros2_cs/install/motion_capture_tracking/share/motion_capture_tracking/local_setup.zsh
[2.615s] -- Up-to-date symlink: /home/adm.sof44944@gaia.fkie.fraunhofer.de/ros2_cs/install/motion_capture_tracking/share/motion_capture_tracking/local_setup.dsv
[2.615s] -- Symlinking: /home/adm.sof44944@gaia.fkie.fraunhofer.de/ros2_cs/install/motion_capture_tracking/share/motion_capture_tracking/package.dsv
[2.620s] -- Up-to-date symlink: /home/adm.sof44944@gaia.fkie.fraunhofer.de/ros2_cs/install/motion_capture_tracking/share/ament_index/resource_index/packages/motion_capture_tracking
[2.620s] -- Up-to-date symlink: /home/adm.sof44944@gaia.fkie.fraunhofer.de/ros2_cs/install/motion_capture_tracking/share/motion_capture_tracking/cmake/motion_capture_trackingConfig.cmake
[2.620s] -- Up-to-date symlink: /home/adm.sof44944@gaia.fkie.fraunhofer.de/ros2_cs/install/motion_capture_tracking/share/motion_capture_tracking/cmake/motion_capture_trackingConfig-version.cmake
[2.620s] -- Up-to-date symlink: /home/adm.sof44944@gaia.fkie.fraunhofer.de/ros2_cs/install/motion_capture_tracking/share/motion_capture_tracking/package.xml
[2.621s] Invoked command in '/home/adm.sof44944@gaia.fkie.fraunhofer.de/ros2_cs/build/motion_capture_tracking' returned '0': AMENT_PREFIX_PATH=/home/adm.sof44944@gaia.fkie.fraunhofer.de/ros2_cs/install/motion_capture_tracking_interfaces:${AMENT_PREFIX_PATH} CMAKE_PREFIX_PATH=/home/adm.sof44944@gaia.fkie.fraunhofer.de/ros2_cs/install/motion_capture_tracking_interfaces:/opt/ros/humble LD_LIBRARY_PATH=/home/adm.sof44944@gaia.fkie.fraunhofer.de/ros2_cs/install/motion_capture_tracking_interfaces/lib:${LD_LIBRARY_PATH} PYTHONPATH=/home/adm.sof44944@gaia.fkie.fraunhofer.de/ros2_cs/install/motion_capture_tracking_interfaces/local/lib/python3.10/dist-packages:${PYTHONPATH} /usr/bin/cmake --install /home/adm.sof44944@gaia.fkie.fraunhofer.de/ros2_cs/build/motion_capture_tracking
