[0.622s] Invoking command in '/home/adm.sof44944@gaia.fkie.fraunhofer.de/ros2_cs/build/bioharness': PYTHONPATH=/home/adm.sof44944@gaia.fkie.fraunhofer.de/ros2_cs/build/bioharness/prefix_override:/home/adm.sof44944@gaia.fkie.fraunhofer.de/ros2_cs/install/bioharness/lib/python3.10/site-packages:${PYTHONPATH} /usr/bin/python3 setup.py develop --editable --build-directory /home/adm.sof44944@gaia.fkie.fraunhofer.de/ros2_cs/build/bioharness/build --no-deps install_data
[0.766s] running develop
[0.851s] running egg_info
[0.851s] writing bioharness.egg-info/PKG-INFO
[0.851s] writing dependency_links to bioharness.egg-info/dependency_links.txt
[0.851s] writing entry points to bioharness.egg-info/entry_points.txt
[0.851s] writing requirements to bioharness.egg-info/requires.txt
[0.852s] writing top-level names to bioharness.egg-info/top_level.txt
[0.852s] reading manifest file 'bioharness.egg-info/SOURCES.txt'
[0.853s] writing manifest file 'bioharness.egg-info/SOURCES.txt'
[0.853s] running build_ext
[0.854s] Creating /home/adm.sof44944@gaia.fkie.fraunhofer.de/ros2_cs/install/bioharness/lib/python3.10/site-packages/bioharness.egg-link (link to .)
[0.854s] Installing hr_node script to /home/adm.sof44944@gaia.fkie.fraunhofer.de/ros2_cs/install/bioharness/lib/bioharness
[0.854s] Installing hr_pub script to /home/adm.sof44944@gaia.fkie.fraunhofer.de/ros2_cs/install/bioharness/lib/bioharness
[0.854s] Installing posture_pub script to /home/adm.sof44944@gaia.fkie.fraunhofer.de/ros2_cs/install/bioharness/lib/bioharness
[0.854s] Installing test_node script to /home/adm.sof44944@gaia.fkie.fraunhofer.de/ros2_cs/install/bioharness/lib/bioharness
[0.854s] 
[0.854s] Installed /home/adm.sof44944@gaia.fkie.fraunhofer.de/ros2_cs/build/bioharness
[0.854s] running install_data
[0.874s] Invoked command in '/home/adm.sof44944@gaia.fkie.fraunhofer.de/ros2_cs/build/bioharness' returned '0': PYTHONPATH=/home/adm.sof44944@gaia.fkie.fraunhofer.de/ros2_cs/build/bioharness/prefix_override:/home/adm.sof44944@gaia.fkie.fraunhofer.de/ros2_cs/install/bioharness/lib/python3.10/site-packages:${PYTHONPATH} /usr/bin/python3 setup.py develop --editable --build-directory /home/adm.sof44944@gaia.fkie.fraunhofer.de/ros2_cs/build/bioharness/build --no-deps install_data
