[0.122s] Invoking command in '/home/adm.sof44944@gaia.fkie.fraunhofer.de/ros2_cs/build/motion_capture_tracking': CMAKE_PREFIX_PATH=/home/adm.sof44944@gaia.fkie.fraunhofer.de/ros2_cs/install/motion_capture_tracking_interfaces:/home/adm.sof44944@gaia.fkie.fraunhofer.de/ros2_cs/install/motion_capture_tracking:/home/adm.sof44944@gaia.fkie.fraunhofer.de/ros2_cs/install/crazyflie:/home/adm.sof44944@gaia.fkie.fraunhofer.de/ros2_cs/install/hsi_interfaces:/home/adm.sof44944@gaia.fkie.fraunhofer.de/ros2_cs/install/crazyflie_sim:/home/adm.sof44944@gaia.fkie.fraunhofer.de/ros2_cs/install/crazyflie_examples:/home/adm.sof44944@gaia.fkie.fraunhofer.de/ros2_cs/install/crazyflie_interfaces:/home/adm.sof44944@gaia.fkie.fraunhofer.de/ros2_cs/install/joystick:/home/adm.sof44944@gaia.fkie.fraunhofer.de/ros2_cs/install/hsi:/home/adm.sof44944@gaia.fkie.fraunhofer.de/ros2_cs/install/gesture:/home/adm.sof44944@gaia.fkie.fraunhofer.de/ros2_cs/install/crazyflie_py:/home/adm.sof44944@gaia.fkie.fraunhofer.de/ros2_cs/install/bioharness:/opt/ros/humble /usr/bin/cmake --build /home/adm.sof44944@gaia.fkie.fraunhofer.de/ros2_cs/build/motion_capture_tracking -- -j12 -l12
[0.180s] [  8%] Built target quat
[0.181s] [ 16%] Built target qualisys_cpp_sdk
[0.191s] [ 19%] Built target librigidbodytracker
[0.202s] [ 66%] Built target vrpn
[0.208s] [ 83%] Built target ViconDataStreamSDK_CPP
[0.236s] [ 96%] Built target libmotioncapture
[0.259s] [100%] Built target motion_capture_tracking_node
[0.269s] Invoked command in '/home/adm.sof44944@gaia.fkie.fraunhofer.de/ros2_cs/build/motion_capture_tracking' returned '0': CMAKE_PREFIX_PATH=/home/adm.sof44944@gaia.fkie.fraunhofer.de/ros2_cs/install/motion_capture_tracking_interfaces:/home/adm.sof44944@gaia.fkie.fraunhofer.de/ros2_cs/install/motion_capture_tracking:/home/adm.sof44944@gaia.fkie.fraunhofer.de/ros2_cs/install/crazyflie:/home/adm.sof44944@gaia.fkie.fraunhofer.de/ros2_cs/install/hsi_interfaces:/home/adm.sof44944@gaia.fkie.fraunhofer.de/ros2_cs/install/crazyflie_sim:/home/adm.sof44944@gaia.fkie.fraunhofer.de/ros2_cs/install/crazyflie_examples:/home/adm.sof44944@gaia.fkie.fraunhofer.de/ros2_cs/install/crazyflie_interfaces:/home/adm.sof44944@gaia.fkie.fraunhofer.de/ros2_cs/install/joystick:/home/adm.sof44944@gaia.fkie.fraunhofer.de/ros2_cs/install/hsi:/home/adm.sof44944@gaia.fkie.fraunhofer.de/ros2_cs/install/gesture:/home/adm.sof44944@gaia.fkie.fraunhofer.de/ros2_cs/install/crazyflie_py:/home/adm.sof44944@gaia.fkie.fraunhofer.de/ros2_cs/install/bioharness:/opt/ros/humble /usr/bin/cmake --build /home/adm.sof44944@gaia.fkie.fraunhofer.de/ros2_cs/build/motion_capture_tracking -- -j12 -l12
[0.298s] Invoking command in '/home/adm.sof44944@gaia.fkie.fraunhofer.de/ros2_cs/build/motion_capture_tracking': CMAKE_PREFIX_PATH=/home/adm.sof44944@gaia.fkie.fraunhofer.de/ros2_cs/install/motion_capture_tracking_interfaces:/home/adm.sof44944@gaia.fkie.fraunhofer.de/ros2_cs/install/motion_capture_tracking:/home/adm.sof44944@gaia.fkie.fraunhofer.de/ros2_cs/install/crazyflie:/home/adm.sof44944@gaia.fkie.fraunhofer.de/ros2_cs/install/hsi_interfaces:/home/adm.sof44944@gaia.fkie.fraunhofer.de/ros2_cs/install/crazyflie_sim:/home/adm.sof44944@gaia.fkie.fraunhofer.de/ros2_cs/install/crazyflie_examples:/home/adm.sof44944@gaia.fkie.fraunhofer.de/ros2_cs/install/crazyflie_interfaces:/home/adm.sof44944@gaia.fkie.fraunhofer.de/ros2_cs/install/joystick:/home/adm.sof44944@gaia.fkie.fraunhofer.de/ros2_cs/install/hsi:/home/adm.sof44944@gaia.fkie.fraunhofer.de/ros2_cs/install/gesture:/home/adm.sof44944@gaia.fkie.fraunhofer.de/ros2_cs/install/crazyflie_py:/home/adm.sof44944@gaia.fkie.fraunhofer.de/ros2_cs/install/bioharness:/opt/ros/humble /usr/bin/cmake --install /home/adm.sof44944@gaia.fkie.fraunhofer.de/ros2_cs/build/motion_capture_tracking
[0.304s] -- Install configuration: ""
[0.304s] -- Execute custom install script
[0.305s] -- Up-to-date symlink: /home/adm.sof44944@gaia.fkie.fraunhofer.de/ros2_cs/install/motion_capture_tracking/lib/motion_capture_tracking/motion_capture_tracking_node
[0.305s] -- Up-to-date symlink: /home/adm.sof44944@gaia.fkie.fraunhofer.de/ros2_cs/install/motion_capture_tracking/share/motion_capture_tracking//launch/launch.py
[0.306s] -- Up-to-date symlink: /home/adm.sof44944@gaia.fkie.fraunhofer.de/ros2_cs/install/motion_capture_tracking/share/motion_capture_tracking//launch/node.launch
[0.306s] -- Up-to-date symlink: /home/adm.sof44944@gaia.fkie.fraunhofer.de/ros2_cs/install/motion_capture_tracking/share/motion_capture_tracking//config/cfg.yaml
[0.306s] -- Up-to-date symlink: /home/adm.sof44944@gaia.fkie.fraunhofer.de/ros2_cs/install/motion_capture_tracking/share/motion_capture_tracking//config/rviz.rviz
[0.306s] -- Up-to-date symlink: /home/adm.sof44944@gaia.fkie.fraunhofer.de/ros2_cs/install/motion_capture_tracking/share/ament_index/resource_index/package_run_dependencies/motion_capture_tracking
[0.306s] -- Up-to-date symlink: /home/adm.sof44944@gaia.fkie.fraunhofer.de/ros2_cs/install/motion_capture_tracking/share/ament_index/resource_index/parent_prefix_path/motion_capture_tracking
[0.307s] -- Up-to-date symlink: /home/adm.sof44944@gaia.fkie.fraunhofer.de/ros2_cs/install/motion_capture_tracking/share/motion_capture_tracking/environment/ament_prefix_path.sh
[0.307s] -- Up-to-date symlink: /home/adm.sof44944@gaia.fkie.fraunhofer.de/ros2_cs/install/motion_capture_tracking/share/motion_capture_tracking/environment/ament_prefix_path.dsv
[0.307s] -- Up-to-date symlink: /home/adm.sof44944@gaia.fkie.fraunhofer.de/ros2_cs/install/motion_capture_tracking/share/motion_capture_tracking/environment/path.sh
[0.307s] -- Up-to-date symlink: /home/adm.sof44944@gaia.fkie.fraunhofer.de/ros2_cs/install/motion_capture_tracking/share/motion_capture_tracking/environment/path.dsv
[0.307s] -- Up-to-date symlink: /home/adm.sof44944@gaia.fkie.fraunhofer.de/ros2_cs/install/motion_capture_tracking/share/motion_capture_tracking/local_setup.bash
[0.307s] -- Up-to-date symlink: /home/adm.sof44944@gaia.fkie.fraunhofer.de/ros2_cs/install/motion_capture_tracking/share/motion_capture_tracking/local_setup.sh
[0.308s] -- Up-to-date symlink: /home/adm.sof44944@gaia.fkie.fraunhofer.de/ros2_cs/install/motion_capture_tracking/share/motion_capture_tracking/local_setup.zsh
[0.308s] -- Up-to-date symlink: /home/adm.sof44944@gaia.fkie.fraunhofer.de/ros2_cs/install/motion_capture_tracking/share/motion_capture_tracking/local_setup.dsv
[0.308s] -- Symlinking: /home/adm.sof44944@gaia.fkie.fraunhofer.de/ros2_cs/install/motion_capture_tracking/share/motion_capture_tracking/package.dsv
[0.313s] -- Up-to-date symlink: /home/adm.sof44944@gaia.fkie.fraunhofer.de/ros2_cs/install/motion_capture_tracking/share/ament_index/resource_index/packages/motion_capture_tracking
[0.314s] -- Up-to-date symlink: /home/adm.sof44944@gaia.fkie.fraunhofer.de/ros2_cs/install/motion_capture_tracking/share/motion_capture_tracking/cmake/motion_capture_trackingConfig.cmake
[0.314s] -- Up-to-date symlink: /home/adm.sof44944@gaia.fkie.fraunhofer.de/ros2_cs/install/motion_capture_tracking/share/motion_capture_tracking/cmake/motion_capture_trackingConfig-version.cmake
[0.314s] -- Up-to-date symlink: /home/adm.sof44944@gaia.fkie.fraunhofer.de/ros2_cs/install/motion_capture_tracking/share/motion_capture_tracking/package.xml
[0.510s] Invoked command in '/home/adm.sof44944@gaia.fkie.fraunhofer.de/ros2_cs/build/motion_capture_tracking' returned '0': CMAKE_PREFIX_PATH=/home/adm.sof44944@gaia.fkie.fraunhofer.de/ros2_cs/install/motion_capture_tracking_interfaces:/home/adm.sof44944@gaia.fkie.fraunhofer.de/ros2_cs/install/motion_capture_tracking:/home/adm.sof44944@gaia.fkie.fraunhofer.de/ros2_cs/install/crazyflie:/home/adm.sof44944@gaia.fkie.fraunhofer.de/ros2_cs/install/hsi_interfaces:/home/adm.sof44944@gaia.fkie.fraunhofer.de/ros2_cs/install/crazyflie_sim:/home/adm.sof44944@gaia.fkie.fraunhofer.de/ros2_cs/install/crazyflie_examples:/home/adm.sof44944@gaia.fkie.fraunhofer.de/ros2_cs/install/crazyflie_interfaces:/home/adm.sof44944@gaia.fkie.fraunhofer.de/ros2_cs/install/joystick:/home/adm.sof44944@gaia.fkie.fraunhofer.de/ros2_cs/install/hsi:/home/adm.sof44944@gaia.fkie.fraunhofer.de/ros2_cs/install/gesture:/home/adm.sof44944@gaia.fkie.fraunhofer.de/ros2_cs/install/crazyflie_py:/home/adm.sof44944@gaia.fkie.fraunhofer.de/ros2_cs/install/bioharness:/opt/ros/humble /usr/bin/cmake --install /home/adm.sof44944@gaia.fkie.fraunhofer.de/ros2_cs/build/motion_capture_tracking
