[0.674s] Invoking command in '/home/adm.sof44944@gaia.fkie.fraunhofer.de/ros2_cs/build/hsi_interfaces': CMAKE_PREFIX_PATH=${CMAKE_PREFIX_PATH}:/home/adm.sof44944@gaia.fkie.fraunhofer.de/ros2_cs/install/joystick:/home/adm.sof44944@gaia.fkie.fraunhofer.de/ros2_cs/install/hsi:/home/adm.sof44944@gaia.fkie.fraunhofer.de/ros2_cs/install/gesture:/home/adm.sof44944@gaia.fkie.fraunhofer.de/ros2_cs/install/crazyflie_py:/home/adm.sof44944@gaia.fkie.fraunhofer.de/ros2_cs/install/bioharness:/opt/ros/humble /usr/bin/cmake /home/adm.sof44944@gaia.fkie.fraunhofer.de/ros2_cs/src/hsi_interfaces -DAMENT_CMAKE_SYMLINK_INSTALL=1 -DCMAKE_INSTALL_PREFIX=/home/adm.sof44944@gaia.fkie.fraunhofer.de/ros2_cs/install/hsi_interfaces
[0.717s] -- The C compiler identification is GNU 11.4.0
[0.779s] -- The CXX compiler identification is GNU 11.4.0
[0.788s] -- Detecting C compiler ABI info
[0.838s] -- Detecting C compiler ABI info - done
[0.848s] -- Check for working C compiler: /usr/bin/cc - skipped
[0.848s] -- Detecting C compile features
[0.848s] -- Detecting C compile features - done
[0.852s] -- Detecting CXX compiler ABI info
[0.917s] -- Detecting CXX compiler ABI info - done
[0.924s] -- Check for working CXX compiler: /usr/bin/c++ - skipped
[0.924s] -- Detecting CXX compile features
[0.925s] -- Detecting CXX compile features - done
[0.926s] -- Found ament_cmake: 1.3.5 (/opt/ros/humble/share/ament_cmake/cmake)
[1.114s] -- Found Python3: /usr/bin/python3.10 (found version "3.10.12") found components: Interpreter 
[1.163s] -- Override CMake install command with custom implementation using symlinks instead of copying resources
[1.212s] -- Found rosidl_default_generators: 1.2.0 (/opt/ros/humble/share/rosidl_default_generators/cmake)
[1.218s] -- Using all available rosidl_typesupport_c: rosidl_typesupport_fastrtps_c;rosidl_typesupport_introspection_c
[1.229s] -- Found rosidl_adapter: 3.1.5 (/opt/ros/humble/share/rosidl_adapter/cmake)
[1.290s] -- Using all available rosidl_typesupport_cpp: rosidl_typesupport_fastrtps_cpp;rosidl_typesupport_introspection_cpp
[1.467s] [31mCMake Error at /opt/ros/humble/share/rosidl_cmake/cmake/rosidl_generate_interfaces.cmake:162 (message):
[1.468s]   rosidl_generate_interfaces() the passed dependency 'geometry_msgs' has not
[1.468s]   been found before using find_package()
[1.468s] Call Stack (most recent call first):
[1.468s]   CMakeLists.txt:16 (rosidl_generate_interfaces)
[1.468s] 
[1.469s] [0m
[1.469s] -- Configuring incomplete, errors occurred!
[1.469s] See also "/home/adm.sof44944@gaia.fkie.fraunhofer.de/ros2_cs/build/hsi_interfaces/CMakeFiles/CMakeOutput.log".
[1.483s] Invoked command in '/home/adm.sof44944@gaia.fkie.fraunhofer.de/ros2_cs/build/hsi_interfaces' returned '1': CMAKE_PREFIX_PATH=${CMAKE_PREFIX_PATH}:/home/adm.sof44944@gaia.fkie.fraunhofer.de/ros2_cs/install/joystick:/home/adm.sof44944@gaia.fkie.fraunhofer.de/ros2_cs/install/hsi:/home/adm.sof44944@gaia.fkie.fraunhofer.de/ros2_cs/install/gesture:/home/adm.sof44944@gaia.fkie.fraunhofer.de/ros2_cs/install/crazyflie_py:/home/adm.sof44944@gaia.fkie.fraunhofer.de/ros2_cs/install/bioharness:/opt/ros/humble /usr/bin/cmake /home/adm.sof44944@gaia.fkie.fraunhofer.de/ros2_cs/src/hsi_interfaces -DAMENT_CMAKE_SYMLINK_INSTALL=1 -DCMAKE_INSTALL_PREFIX=/home/adm.sof44944@gaia.fkie.fraunhofer.de/ros2_cs/install/hsi_interfaces
