[0.992s] Invoking command in '/home/adm.sof44944@gaia.fkie.fraunhofer.de/ros2_cs/build/gesture': PYTHONPATH=/home/adm.sof44944@gaia.fkie.fraunhofer.de/ros2_cs/build/gesture/prefix_override:/home/adm.sof44944@gaia.fkie.fraunhofer.de/ros2_cs/install/gesture/lib/python3.10/site-packages:${PYTHONPATH} /usr/bin/python3 setup.py develop --uninstall --editable --build-directory /home/adm.sof44944@gaia.fkie.fraunhofer.de/ros2_cs/build/gesture/build
[1.179s] running develop
[1.290s] Removing /home/adm.sof44944@gaia.fkie.fraunhofer.de/ros2_cs/install/gesture/lib/python3.10/site-packages/gesture.egg-link (link to .)
[1.316s] Invoked command in '/home/adm.sof44944@gaia.fkie.fraunhofer.de/ros2_cs/build/gesture' returned '0': PYTHONPATH=/home/adm.sof44944@gaia.fkie.fraunhofer.de/ros2_cs/build/gesture/prefix_override:/home/adm.sof44944@gaia.fkie.fraunhofer.de/ros2_cs/install/gesture/lib/python3.10/site-packages:${PYTHONPATH} /usr/bin/python3 setup.py develop --uninstall --editable --build-directory /home/adm.sof44944@gaia.fkie.fraunhofer.de/ros2_cs/build/gesture/build
[1.317s] Invoking command in '/home/adm.sof44944@gaia.fkie.fraunhofer.de/ros2_cs/src/sensors/gesture': PYTHONPATH=/home/adm.sof44944@gaia.fkie.fraunhofer.de/ros2_cs/build/gesture/prefix_override:/home/adm.sof44944@gaia.fkie.fraunhofer.de/ros2_cs/install/gesture/lib/python3.10/site-packages:${PYTHONPATH} /usr/bin/python3 setup.py egg_info --egg-base ../../../build/gesture build --build-base /home/adm.sof44944@gaia.fkie.fraunhofer.de/ros2_cs/build/gesture/build install --record /home/adm.sof44944@gaia.fkie.fraunhofer.de/ros2_cs/build/gesture/install.log --single-version-externally-managed
[1.692s] running egg_info
[1.692s] writing ../../../build/gesture/gesture.egg-info/PKG-INFO
[1.693s] writing dependency_links to ../../../build/gesture/gesture.egg-info/dependency_links.txt
[1.693s] writing entry points to ../../../build/gesture/gesture.egg-info/entry_points.txt
[1.693s] writing requirements to ../../../build/gesture/gesture.egg-info/requires.txt
[1.693s] writing top-level names to ../../../build/gesture/gesture.egg-info/top_level.txt
[1.696s] reading manifest file '../../../build/gesture/gesture.egg-info/SOURCES.txt'
[1.697s] writing manifest file '../../../build/gesture/gesture.egg-info/SOURCES.txt'
[1.698s] running build
[1.698s] running build_py
[1.698s] creating /home/adm.sof44944@gaia.fkie.fraunhofer.de/ros2_cs/build/gesture/build
[1.698s] creating /home/adm.sof44944@gaia.fkie.fraunhofer.de/ros2_cs/build/gesture/build/lib
[1.698s] creating /home/adm.sof44944@gaia.fkie.fraunhofer.de/ros2_cs/build/gesture/build/lib/gesture
[1.698s] copying gesture/__init__.py -> /home/adm.sof44944@gaia.fkie.fraunhofer.de/ros2_cs/build/gesture/build/lib/gesture
[1.699s] copying gesture/gesture_pub.py -> /home/adm.sof44944@gaia.fkie.fraunhofer.de/ros2_cs/build/gesture/build/lib/gesture
[1.699s] running install
[1.699s] running install_lib
[1.700s] creating /home/adm.sof44944@gaia.fkie.fraunhofer.de/ros2_cs/install/gesture/lib/python3.10/site-packages/gesture
[1.700s] copying /home/adm.sof44944@gaia.fkie.fraunhofer.de/ros2_cs/build/gesture/build/lib/gesture/__init__.py -> /home/adm.sof44944@gaia.fkie.fraunhofer.de/ros2_cs/install/gesture/lib/python3.10/site-packages/gesture
[1.700s] copying /home/adm.sof44944@gaia.fkie.fraunhofer.de/ros2_cs/build/gesture/build/lib/gesture/gesture_pub.py -> /home/adm.sof44944@gaia.fkie.fraunhofer.de/ros2_cs/install/gesture/lib/python3.10/site-packages/gesture
[1.701s] byte-compiling /home/adm.sof44944@gaia.fkie.fraunhofer.de/ros2_cs/install/gesture/lib/python3.10/site-packages/gesture/__init__.py to __init__.cpython-310.pyc
[1.701s] byte-compiling /home/adm.sof44944@gaia.fkie.fraunhofer.de/ros2_cs/install/gesture/lib/python3.10/site-packages/gesture/gesture_pub.py to gesture_pub.cpython-310.pyc
[1.703s] running install_data
[1.704s] running install_egg_info
[1.706s] Copying ../../../build/gesture/gesture.egg-info to /home/adm.sof44944@gaia.fkie.fraunhofer.de/ros2_cs/install/gesture/lib/python3.10/site-packages/gesture-0.0.0-py3.10.egg-info
[1.708s] running install_scripts
[1.735s] writing list of installed files to '/home/adm.sof44944@gaia.fkie.fraunhofer.de/ros2_cs/build/gesture/install.log'
[1.773s] Invoked command in '/home/adm.sof44944@gaia.fkie.fraunhofer.de/ros2_cs/src/sensors/gesture' returned '0': PYTHONPATH=/home/adm.sof44944@gaia.fkie.fraunhofer.de/ros2_cs/build/gesture/prefix_override:/home/adm.sof44944@gaia.fkie.fraunhofer.de/ros2_cs/install/gesture/lib/python3.10/site-packages:${PYTHONPATH} /usr/bin/python3 setup.py egg_info --egg-base ../../../build/gesture build --build-base /home/adm.sof44944@gaia.fkie.fraunhofer.de/ros2_cs/build/gesture/build install --record /home/adm.sof44944@gaia.fkie.fraunhofer.de/ros2_cs/build/gesture/install.log --single-version-externally-managed
