[0.251s] Invoking command in '/home/adm.sof44944@gaia.fkie.fraunhofer.de/ros2_cs/build/crazyflie_sim': CMAKE_PREFIX_PATH=/home/adm.sof44944@gaia.fkie.fraunhofer.de/ros2_cs/install/crazyflie_interfaces:/home/adm.sof44944@gaia.fkie.fraunhofer.de/ros2_cs/install/motion_capture_tracking:/home/adm.sof44944@gaia.fkie.fraunhofer.de/ros2_cs/install/crazyflie:/home/adm.sof44944@gaia.fkie.fraunhofer.de/ros2_cs/install/motion_capture_tracking_interfaces:/home/adm.sof44944@gaia.fkie.fraunhofer.de/ros2_cs/install/crazyflie_sim:/home/adm.sof44944@gaia.fkie.fraunhofer.de/ros2_cs/install/crazyflie_examples:/home/adm.sof44944@gaia.fkie.fraunhofer.de/ros2_cs/install/cs_bioharness:/home/adm.sof44944@gaia.fkie.fraunhofer.de/ros2_cs/install/crazyflie_py:/opt/ros/humble LD_LIBRARY_PATH=/home/adm.sof44944@gaia.fkie.fraunhofer.de/ros2_cs/install/crazyflie_interfaces/lib:/home/adm.sof44944@gaia.fkie.fraunhofer.de/ros2_cs/install/motion_capture_tracking_interfaces/lib:/opt/ros/humble/opt/rviz_ogre_vendor/lib:/opt/ros/humble/lib/x86_64-linux-gnu:/opt/ros/humble/lib /usr/bin/cmake --build /home/adm.sof44944@gaia.fkie.fraunhofer.de/ros2_cs/build/crazyflie_sim -- -j12 -l12
[0.292s] Built target ament_cmake_python_symlink_crazyflie_sim_setup
[0.293s] Built target ament_cmake_python_symlink_crazyflie_sim
[0.509s] running install_scripts
[0.523s] running egg_info
[0.523s] writing crazyflie_sim.egg-info/PKG-INFO
[0.523s] writing dependency_links to crazyflie_sim.egg-info/dependency_links.txt
[0.523s] writing entry points to crazyflie_sim.egg-info/entry_points.txt
[0.524s] writing top-level names to crazyflie_sim.egg-info/top_level.txt
[0.525s] running egg_info
[0.525s] writing crazyflie_sim.egg-info/PKG-INFO
[0.525s] writing dependency_links to crazyflie_sim.egg-info/dependency_links.txt
[0.526s] writing entry points to crazyflie_sim.egg-info/entry_points.txt
[0.526s] writing top-level names to crazyflie_sim.egg-info/top_level.txt
[0.527s] reading manifest file 'crazyflie_sim.egg-info/SOURCES.txt'
[0.527s] reading manifest file 'crazyflie_sim.egg-info/SOURCES.txt'
[0.527s] writing manifest file 'crazyflie_sim.egg-info/SOURCES.txt'
[0.527s] writing manifest file 'crazyflie_sim.egg-info/SOURCES.txt'
[0.528s] Installing crazyflie_server script to scripts
[0.556s] Built target ament_cmake_python_build_crazyflie_sim_egg
[0.560s] Built target ament_cmake_python_build_crazyflie_sim_scripts
[0.570s] Invoked command in '/home/adm.sof44944@gaia.fkie.fraunhofer.de/ros2_cs/build/crazyflie_sim' returned '0': CMAKE_PREFIX_PATH=/home/adm.sof44944@gaia.fkie.fraunhofer.de/ros2_cs/install/crazyflie_interfaces:/home/adm.sof44944@gaia.fkie.fraunhofer.de/ros2_cs/install/motion_capture_tracking:/home/adm.sof44944@gaia.fkie.fraunhofer.de/ros2_cs/install/crazyflie:/home/adm.sof44944@gaia.fkie.fraunhofer.de/ros2_cs/install/motion_capture_tracking_interfaces:/home/adm.sof44944@gaia.fkie.fraunhofer.de/ros2_cs/install/crazyflie_sim:/home/adm.sof44944@gaia.fkie.fraunhofer.de/ros2_cs/install/crazyflie_examples:/home/adm.sof44944@gaia.fkie.fraunhofer.de/ros2_cs/install/cs_bioharness:/home/adm.sof44944@gaia.fkie.fraunhofer.de/ros2_cs/install/crazyflie_py:/opt/ros/humble LD_LIBRARY_PATH=/home/adm.sof44944@gaia.fkie.fraunhofer.de/ros2_cs/install/crazyflie_interfaces/lib:/home/adm.sof44944@gaia.fkie.fraunhofer.de/ros2_cs/install/motion_capture_tracking_interfaces/lib:/opt/ros/humble/opt/rviz_ogre_vendor/lib:/opt/ros/humble/lib/x86_64-linux-gnu:/opt/ros/humble/lib /usr/bin/cmake --build /home/adm.sof44944@gaia.fkie.fraunhofer.de/ros2_cs/build/crazyflie_sim -- -j12 -l12
[0.588s] Invoking command in '/home/adm.sof44944@gaia.fkie.fraunhofer.de/ros2_cs/build/crazyflie_sim': CMAKE_PREFIX_PATH=/home/adm.sof44944@gaia.fkie.fraunhofer.de/ros2_cs/install/crazyflie_interfaces:/home/adm.sof44944@gaia.fkie.fraunhofer.de/ros2_cs/install/motion_capture_tracking:/home/adm.sof44944@gaia.fkie.fraunhofer.de/ros2_cs/install/crazyflie:/home/adm.sof44944@gaia.fkie.fraunhofer.de/ros2_cs/install/motion_capture_tracking_interfaces:/home/adm.sof44944@gaia.fkie.fraunhofer.de/ros2_cs/install/crazyflie_sim:/home/adm.sof44944@gaia.fkie.fraunhofer.de/ros2_cs/install/crazyflie_examples:/home/adm.sof44944@gaia.fkie.fraunhofer.de/ros2_cs/install/cs_bioharness:/home/adm.sof44944@gaia.fkie.fraunhofer.de/ros2_cs/install/crazyflie_py:/opt/ros/humble LD_LIBRARY_PATH=/home/adm.sof44944@gaia.fkie.fraunhofer.de/ros2_cs/install/crazyflie_interfaces/lib:/home/adm.sof44944@gaia.fkie.fraunhofer.de/ros2_cs/install/motion_capture_tracking_interfaces/lib:/opt/ros/humble/opt/rviz_ogre_vendor/lib:/opt/ros/humble/lib/x86_64-linux-gnu:/opt/ros/humble/lib /usr/bin/cmake --install /home/adm.sof44944@gaia.fkie.fraunhofer.de/ros2_cs/build/crazyflie_sim
[0.594s] -- Install configuration: ""
[0.595s] -- Execute custom install script
[0.595s] -- Up-to-date symlink: /home/adm.sof44944@gaia.fkie.fraunhofer.de/ros2_cs/install/crazyflie_sim/share/crazyflie_sim/environment/pythonpath.sh
[0.595s] -- Up-to-date symlink: /home/adm.sof44944@gaia.fkie.fraunhofer.de/ros2_cs/install/crazyflie_sim/share/crazyflie_sim/environment/pythonpath.dsv
[0.595s] -- Up-to-date symlink: /home/adm.sof44944@gaia.fkie.fraunhofer.de/ros2_cs/install/crazyflie_sim/local/lib/python3.10/dist-packages/crazyflie_sim-2.0.0-py3.10.egg-info/PKG-INFO
[0.595s] -- Up-to-date symlink: /home/adm.sof44944@gaia.fkie.fraunhofer.de/ros2_cs/install/crazyflie_sim/local/lib/python3.10/dist-packages/crazyflie_sim-2.0.0-py3.10.egg-info/SOURCES.txt
[0.595s] -- Up-to-date symlink: /home/adm.sof44944@gaia.fkie.fraunhofer.de/ros2_cs/install/crazyflie_sim/local/lib/python3.10/dist-packages/crazyflie_sim-2.0.0-py3.10.egg-info/dependency_links.txt
[0.596s] -- Up-to-date symlink: /home/adm.sof44944@gaia.fkie.fraunhofer.de/ros2_cs/install/crazyflie_sim/local/lib/python3.10/dist-packages/crazyflie_sim-2.0.0-py3.10.egg-info/entry_points.txt
[0.596s] -- Up-to-date symlink: /home/adm.sof44944@gaia.fkie.fraunhofer.de/ros2_cs/install/crazyflie_sim/local/lib/python3.10/dist-packages/crazyflie_sim-2.0.0-py3.10.egg-info/top_level.txt
[0.596s] -- Up-to-date symlink: /home/adm.sof44944@gaia.fkie.fraunhofer.de/ros2_cs/install/crazyflie_sim/lib/crazyflie_sim//crazyflie_server
[0.596s] -- Up-to-date symlink: /home/adm.sof44944@gaia.fkie.fraunhofer.de/ros2_cs/install/crazyflie_sim/local/lib/python3.10/dist-packages/crazyflie_sim/__init__.py
[0.597s] -- Up-to-date symlink: /home/adm.sof44944@gaia.fkie.fraunhofer.de/ros2_cs/install/crazyflie_sim/local/lib/python3.10/dist-packages/crazyflie_sim/backend/none.py
[0.597s] -- Up-to-date symlink: /home/adm.sof44944@gaia.fkie.fraunhofer.de/ros2_cs/install/crazyflie_sim/local/lib/python3.10/dist-packages/crazyflie_sim/backend/np.py
[0.597s] -- Up-to-date symlink: /home/adm.sof44944@gaia.fkie.fraunhofer.de/ros2_cs/install/crazyflie_sim/local/lib/python3.10/dist-packages/crazyflie_sim/crazyflie_server.py
[0.597s] -- Up-to-date symlink: /home/adm.sof44944@gaia.fkie.fraunhofer.de/ros2_cs/install/crazyflie_sim/local/lib/python3.10/dist-packages/crazyflie_sim/crazyflie_sil.py
[0.597s] -- Up-to-date symlink: /home/adm.sof44944@gaia.fkie.fraunhofer.de/ros2_cs/install/crazyflie_sim/local/lib/python3.10/dist-packages/crazyflie_sim/sim_data_types.py
[0.597s] -- Up-to-date symlink: /home/adm.sof44944@gaia.fkie.fraunhofer.de/ros2_cs/install/crazyflie_sim/local/lib/python3.10/dist-packages/crazyflie_sim/visualization/README.md
[0.597s] -- Up-to-date symlink: /home/adm.sof44944@gaia.fkie.fraunhofer.de/ros2_cs/install/crazyflie_sim/local/lib/python3.10/dist-packages/crazyflie_sim/visualization/blender.py
[0.598s] -- Up-to-date symlink: /home/adm.sof44944@gaia.fkie.fraunhofer.de/ros2_cs/install/crazyflie_sim/local/lib/python3.10/dist-packages/crazyflie_sim/visualization/data/README.md
[0.598s] -- Up-to-date symlink: /home/adm.sof44944@gaia.fkie.fraunhofer.de/ros2_cs/install/crazyflie_sim/local/lib/python3.10/dist-packages/crazyflie_sim/visualization/data/env/abandoned_greenhouse.jpg
[0.598s] -- Up-to-date symlink: /home/adm.sof44944@gaia.fkie.fraunhofer.de/ros2_cs/install/crazyflie_sim/local/lib/python3.10/dist-packages/crazyflie_sim/visualization/data/env/aerodynamics_workshop.jpg
[0.598s] -- Up-to-date symlink: /home/adm.sof44944@gaia.fkie.fraunhofer.de/ros2_cs/install/crazyflie_sim/local/lib/python3.10/dist-packages/crazyflie_sim/visualization/data/env/aviation_museum.jpg
[0.598s] -- Up-to-date symlink: /home/adm.sof44944@gaia.fkie.fraunhofer.de/ros2_cs/install/crazyflie_sim/local/lib/python3.10/dist-packages/crazyflie_sim/visualization/data/env/crosswalk.jpg
[0.598s] -- Up-to-date symlink: /home/adm.sof44944@gaia.fkie.fraunhofer.de/ros2_cs/install/crazyflie_sim/local/lib/python3.10/dist-packages/crazyflie_sim/visualization/data/env/derelict_overpass.jpg
[0.598s] -- Up-to-date symlink: /home/adm.sof44944@gaia.fkie.fraunhofer.de/ros2_cs/install/crazyflie_sim/local/lib/python3.10/dist-packages/crazyflie_sim/visualization/data/env/env.jpg
[0.598s] -- Up-to-date symlink: /home/adm.sof44944@gaia.fkie.fraunhofer.de/ros2_cs/install/crazyflie_sim/local/lib/python3.10/dist-packages/crazyflie_sim/visualization/data/env/lago_disola.jpg
[0.598s] -- Up-to-date symlink: /home/adm.sof44944@gaia.fkie.fraunhofer.de/ros2_cs/install/crazyflie_sim/local/lib/python3.10/dist-packages/crazyflie_sim/visualization/data/env/lake_pier.jpg
[0.599s] -- Up-to-date symlink: /home/adm.sof44944@gaia.fkie.fraunhofer.de/ros2_cs/install/crazyflie_sim/local/lib/python3.10/dist-packages/crazyflie_sim/visualization/data/env/machine_shop.jpg
[0.599s] -- Up-to-date symlink: /home/adm.sof44944@gaia.fkie.fraunhofer.de/ros2_cs/install/crazyflie_sim/local/lib/python3.10/dist-packages/crazyflie_sim/visualization/data/env/museumplein.jpg
[0.599s] -- Up-to-date symlink: /home/adm.sof44944@gaia.fkie.fraunhofer.de/ros2_cs/install/crazyflie_sim/local/lib/python3.10/dist-packages/crazyflie_sim/visualization/data/env/peppermint_powerplant.jpg
[0.599s] -- Up-to-date symlink: /home/adm.sof44944@gaia.fkie.fraunhofer.de/ros2_cs/install/crazyflie_sim/local/lib/python3.10/dist-packages/crazyflie_sim/visualization/data/env/studio_garden.jpg
[0.599s] -- Up-to-date symlink: /home/adm.sof44944@gaia.fkie.fraunhofer.de/ros2_cs/install/crazyflie_sim/local/lib/python3.10/dist-packages/crazyflie_sim/visualization/data/model/cf.mtl
[0.599s] -- Up-to-date symlink: /home/adm.sof44944@gaia.fkie.fraunhofer.de/ros2_cs/install/crazyflie_sim/local/lib/python3.10/dist-packages/crazyflie_sim/visualization/data/model/cf.obj
[0.599s] -- Up-to-date symlink: /home/adm.sof44944@gaia.fkie.fraunhofer.de/ros2_cs/install/crazyflie_sim/local/lib/python3.10/dist-packages/crazyflie_sim/visualization/pdf.py
[0.599s] -- Up-to-date symlink: /home/adm.sof44944@gaia.fkie.fraunhofer.de/ros2_cs/install/crazyflie_sim/local/lib/python3.10/dist-packages/crazyflie_sim/visualization/record_states.py
[0.599s] -- Up-to-date symlink: /home/adm.sof44944@gaia.fkie.fraunhofer.de/ros2_cs/install/crazyflie_sim/local/lib/python3.10/dist-packages/crazyflie_sim/visualization/rviz.py
[0.599s] -- Up-to-date symlink: /home/adm.sof44944@gaia.fkie.fraunhofer.de/ros2_cs/install/crazyflie_sim/share/ament_index/resource_index/package_run_dependencies/crazyflie_sim
[0.599s] -- Up-to-date symlink: /home/adm.sof44944@gaia.fkie.fraunhofer.de/ros2_cs/install/crazyflie_sim/share/ament_index/resource_index/parent_prefix_path/crazyflie_sim
[0.600s] -- Up-to-date symlink: /home/adm.sof44944@gaia.fkie.fraunhofer.de/ros2_cs/install/crazyflie_sim/share/crazyflie_sim/environment/ament_prefix_path.sh
[0.600s] -- Up-to-date symlink: /home/adm.sof44944@gaia.fkie.fraunhofer.de/ros2_cs/install/crazyflie_sim/share/crazyflie_sim/environment/ament_prefix_path.dsv
[0.600s] -- Up-to-date symlink: /home/adm.sof44944@gaia.fkie.fraunhofer.de/ros2_cs/install/crazyflie_sim/share/crazyflie_sim/environment/path.sh
[0.600s] -- Up-to-date symlink: /home/adm.sof44944@gaia.fkie.fraunhofer.de/ros2_cs/install/crazyflie_sim/share/crazyflie_sim/environment/path.dsv
[0.600s] -- Up-to-date symlink: /home/adm.sof44944@gaia.fkie.fraunhofer.de/ros2_cs/install/crazyflie_sim/share/crazyflie_sim/local_setup.bash
[0.600s] -- Up-to-date symlink: /home/adm.sof44944@gaia.fkie.fraunhofer.de/ros2_cs/install/crazyflie_sim/share/crazyflie_sim/local_setup.sh
[0.600s] -- Up-to-date symlink: /home/adm.sof44944@gaia.fkie.fraunhofer.de/ros2_cs/install/crazyflie_sim/share/crazyflie_sim/local_setup.zsh
[0.600s] -- Up-to-date symlink: /home/adm.sof44944@gaia.fkie.fraunhofer.de/ros2_cs/install/crazyflie_sim/share/crazyflie_sim/local_setup.dsv
[0.600s] -- Symlinking: /home/adm.sof44944@gaia.fkie.fraunhofer.de/ros2_cs/install/crazyflie_sim/share/crazyflie_sim/package.dsv
[0.606s] -- Up-to-date symlink: /home/adm.sof44944@gaia.fkie.fraunhofer.de/ros2_cs/install/crazyflie_sim/share/ament_index/resource_index/packages/crazyflie_sim
[0.606s] -- Up-to-date symlink: /home/adm.sof44944@gaia.fkie.fraunhofer.de/ros2_cs/install/crazyflie_sim/share/crazyflie_sim/cmake/crazyflie_simConfig.cmake
[0.606s] -- Up-to-date symlink: /home/adm.sof44944@gaia.fkie.fraunhofer.de/ros2_cs/install/crazyflie_sim/share/crazyflie_sim/cmake/crazyflie_simConfig-version.cmake
[0.606s] -- Up-to-date symlink: /home/adm.sof44944@gaia.fkie.fraunhofer.de/ros2_cs/install/crazyflie_sim/share/crazyflie_sim/package.xml
[0.631s] Listing '/home/adm.sof44944@gaia.fkie.fraunhofer.de/ros2_cs/install/crazyflie_sim/local/lib/python3.10/dist-packages/crazyflie_sim'...
[0.631s] Listing '/home/adm.sof44944@gaia.fkie.fraunhofer.de/ros2_cs/install/crazyflie_sim/local/lib/python3.10/dist-packages/crazyflie_sim/backend'...
[0.631s] Listing '/home/adm.sof44944@gaia.fkie.fraunhofer.de/ros2_cs/install/crazyflie_sim/local/lib/python3.10/dist-packages/crazyflie_sim/visualization'...
[0.631s] Listing '/home/adm.sof44944@gaia.fkie.fraunhofer.de/ros2_cs/install/crazyflie_sim/local/lib/python3.10/dist-packages/crazyflie_sim/visualization/data'...
[0.631s] Listing '/home/adm.sof44944@gaia.fkie.fraunhofer.de/ros2_cs/install/crazyflie_sim/local/lib/python3.10/dist-packages/crazyflie_sim/visualization/data/env'...
[0.632s] Listing '/home/adm.sof44944@gaia.fkie.fraunhofer.de/ros2_cs/install/crazyflie_sim/local/lib/python3.10/dist-packages/crazyflie_sim/visualization/data/model'...
[0.636s] Invoked command in '/home/adm.sof44944@gaia.fkie.fraunhofer.de/ros2_cs/build/crazyflie_sim' returned '0': CMAKE_PREFIX_PATH=/home/adm.sof44944@gaia.fkie.fraunhofer.de/ros2_cs/install/crazyflie_interfaces:/home/adm.sof44944@gaia.fkie.fraunhofer.de/ros2_cs/install/motion_capture_tracking:/home/adm.sof44944@gaia.fkie.fraunhofer.de/ros2_cs/install/crazyflie:/home/adm.sof44944@gaia.fkie.fraunhofer.de/ros2_cs/install/motion_capture_tracking_interfaces:/home/adm.sof44944@gaia.fkie.fraunhofer.de/ros2_cs/install/crazyflie_sim:/home/adm.sof44944@gaia.fkie.fraunhofer.de/ros2_cs/install/crazyflie_examples:/home/adm.sof44944@gaia.fkie.fraunhofer.de/ros2_cs/install/cs_bioharness:/home/adm.sof44944@gaia.fkie.fraunhofer.de/ros2_cs/install/crazyflie_py:/opt/ros/humble LD_LIBRARY_PATH=/home/adm.sof44944@gaia.fkie.fraunhofer.de/ros2_cs/install/crazyflie_interfaces/lib:/home/adm.sof44944@gaia.fkie.fraunhofer.de/ros2_cs/install/motion_capture_tracking_interfaces/lib:/opt/ros/humble/opt/rviz_ogre_vendor/lib:/opt/ros/humble/lib/x86_64-linux-gnu:/opt/ros/humble/lib /usr/bin/cmake --install /home/adm.sof44944@gaia.fkie.fraunhofer.de/ros2_cs/build/crazyflie_sim
