[0.589s] Invoking command in '/home/adm.sof44944@gaia.fkie.fraunhofer.de/ros2_cs/build/hsi': AMENT_PREFIX_PATH=/home/adm.sof44944@gaia.fkie.fraunhofer.de/ros2_cs/install/crazyflie_py:/home/adm.sof44944@gaia.fkie.fraunhofer.de/ros2_cs/install/crazyflie_interfaces:${AMENT_PREFIX_PATH} CMAKE_PREFIX_PATH=/home/adm.sof44944@gaia.fkie.fraunhofer.de/ros2_cs/install/crazyflie_interfaces LD_LIBRARY_PATH=/home/adm.sof44944@gaia.fkie.fraunhofer.de/ros2_cs/install/crazyflie_interfaces/lib:${LD_LIBRARY_PATH} PYTHONPATH=/home/adm.sof44944@gaia.fkie.fraunhofer.de/ros2_cs/build/hsi/prefix_override:/home/adm.sof44944@gaia.fkie.fraunhofer.de/ros2_cs/install/hsi/lib/python3.10/site-packages:/home/adm.sof44944@gaia.fkie.fraunhofer.de/ros2_cs/install/crazyflie_py/lib/python3.10/site-packages:/home/adm.sof44944@gaia.fkie.fraunhofer.de/ros2_cs/install/crazyflie_interfaces/local/lib/python3.10/dist-packages:${PYTHONPATH} /usr/bin/python3 setup.py develop --uninstall --editable --build-directory /home/adm.sof44944@gaia.fkie.fraunhofer.de/ros2_cs/build/hsi/build
[0.811s] running develop
[0.992s] Removing /home/adm.sof44944@gaia.fkie.fraunhofer.de/ros2_cs/install/hsi/lib/python3.10/site-packages/hsi.egg-link (link to .)
[1.032s] Invoked command in '/home/adm.sof44944@gaia.fkie.fraunhofer.de/ros2_cs/build/hsi' returned '0': AMENT_PREFIX_PATH=/home/adm.sof44944@gaia.fkie.fraunhofer.de/ros2_cs/install/crazyflie_py:/home/adm.sof44944@gaia.fkie.fraunhofer.de/ros2_cs/install/crazyflie_interfaces:${AMENT_PREFIX_PATH} CMAKE_PREFIX_PATH=/home/adm.sof44944@gaia.fkie.fraunhofer.de/ros2_cs/install/crazyflie_interfaces LD_LIBRARY_PATH=/home/adm.sof44944@gaia.fkie.fraunhofer.de/ros2_cs/install/crazyflie_interfaces/lib:${LD_LIBRARY_PATH} PYTHONPATH=/home/adm.sof44944@gaia.fkie.fraunhofer.de/ros2_cs/build/hsi/prefix_override:/home/adm.sof44944@gaia.fkie.fraunhofer.de/ros2_cs/install/hsi/lib/python3.10/site-packages:/home/adm.sof44944@gaia.fkie.fraunhofer.de/ros2_cs/install/crazyflie_py/lib/python3.10/site-packages:/home/adm.sof44944@gaia.fkie.fraunhofer.de/ros2_cs/install/crazyflie_interfaces/local/lib/python3.10/dist-packages:${PYTHONPATH} /usr/bin/python3 setup.py develop --uninstall --editable --build-directory /home/adm.sof44944@gaia.fkie.fraunhofer.de/ros2_cs/build/hsi/build
[1.033s] Invoking command in '/home/adm.sof44944@gaia.fkie.fraunhofer.de/ros2_cs/src/hsi': AMENT_PREFIX_PATH=/home/adm.sof44944@gaia.fkie.fraunhofer.de/ros2_cs/install/crazyflie_py:/home/adm.sof44944@gaia.fkie.fraunhofer.de/ros2_cs/install/crazyflie_interfaces:${AMENT_PREFIX_PATH} CMAKE_PREFIX_PATH=/home/adm.sof44944@gaia.fkie.fraunhofer.de/ros2_cs/install/crazyflie_interfaces LD_LIBRARY_PATH=/home/adm.sof44944@gaia.fkie.fraunhofer.de/ros2_cs/install/crazyflie_interfaces/lib:${LD_LIBRARY_PATH} PYTHONPATH=/home/adm.sof44944@gaia.fkie.fraunhofer.de/ros2_cs/build/hsi/prefix_override:/home/adm.sof44944@gaia.fkie.fraunhofer.de/ros2_cs/install/hsi/lib/python3.10/site-packages:/home/adm.sof44944@gaia.fkie.fraunhofer.de/ros2_cs/install/crazyflie_py/lib/python3.10/site-packages:/home/adm.sof44944@gaia.fkie.fraunhofer.de/ros2_cs/install/crazyflie_interfaces/local/lib/python3.10/dist-packages:${PYTHONPATH} /usr/bin/python3 setup.py egg_info --egg-base ../../build/hsi build --build-base /home/adm.sof44944@gaia.fkie.fraunhofer.de/ros2_cs/build/hsi/build install --record /home/adm.sof44944@gaia.fkie.fraunhofer.de/ros2_cs/build/hsi/install.log --single-version-externally-managed
[1.202s] running egg_info
[1.203s] writing ../../build/hsi/hsi.egg-info/PKG-INFO
[1.203s] writing dependency_links to ../../build/hsi/hsi.egg-info/dependency_links.txt
[1.203s] writing entry points to ../../build/hsi/hsi.egg-info/entry_points.txt
[1.203s] writing requirements to ../../build/hsi/hsi.egg-info/requires.txt
[1.203s] writing top-level names to ../../build/hsi/hsi.egg-info/top_level.txt
[1.203s] reading manifest file '../../build/hsi/hsi.egg-info/SOURCES.txt'
[1.204s] writing manifest file '../../build/hsi/hsi.egg-info/SOURCES.txt'
[1.204s] running build
[1.204s] running build_py
[1.204s] creating /home/adm.sof44944@gaia.fkie.fraunhofer.de/ros2_cs/build/hsi/build
[1.204s] creating /home/adm.sof44944@gaia.fkie.fraunhofer.de/ros2_cs/build/hsi/build/lib
[1.204s] creating /home/adm.sof44944@gaia.fkie.fraunhofer.de/ros2_cs/build/hsi/build/lib/hsi
[1.204s] copying hsi/__init__.py -> /home/adm.sof44944@gaia.fkie.fraunhofer.de/ros2_cs/build/hsi/build/lib/hsi
[1.204s] copying hsi/print_state.py -> /home/adm.sof44944@gaia.fkie.fraunhofer.de/ros2_cs/build/hsi/build/lib/hsi
[1.205s] copying hsi/cf_node.py -> /home/adm.sof44944@gaia.fkie.fraunhofer.de/ros2_cs/build/hsi/build/lib/hsi
[1.205s] running install
[1.205s] running install_lib
[1.205s] creating /home/adm.sof44944@gaia.fkie.fraunhofer.de/ros2_cs/install/hsi/lib/python3.10/site-packages/hsi
[1.205s] copying /home/adm.sof44944@gaia.fkie.fraunhofer.de/ros2_cs/build/hsi/build/lib/hsi/__init__.py -> /home/adm.sof44944@gaia.fkie.fraunhofer.de/ros2_cs/install/hsi/lib/python3.10/site-packages/hsi
[1.205s] copying /home/adm.sof44944@gaia.fkie.fraunhofer.de/ros2_cs/build/hsi/build/lib/hsi/print_state.py -> /home/adm.sof44944@gaia.fkie.fraunhofer.de/ros2_cs/install/hsi/lib/python3.10/site-packages/hsi
[1.205s] copying /home/adm.sof44944@gaia.fkie.fraunhofer.de/ros2_cs/build/hsi/build/lib/hsi/cf_node.py -> /home/adm.sof44944@gaia.fkie.fraunhofer.de/ros2_cs/install/hsi/lib/python3.10/site-packages/hsi
[1.205s] byte-compiling /home/adm.sof44944@gaia.fkie.fraunhofer.de/ros2_cs/install/hsi/lib/python3.10/site-packages/hsi/__init__.py to __init__.cpython-310.pyc
[1.205s] byte-compiling /home/adm.sof44944@gaia.fkie.fraunhofer.de/ros2_cs/install/hsi/lib/python3.10/site-packages/hsi/print_state.py to print_state.cpython-310.pyc
[1.205s] byte-compiling /home/adm.sof44944@gaia.fkie.fraunhofer.de/ros2_cs/install/hsi/lib/python3.10/site-packages/hsi/cf_node.py to cf_node.cpython-310.pyc
[1.205s] running install_data
[1.206s] running install_egg_info
[1.207s] Copying ../../build/hsi/hsi.egg-info to /home/adm.sof44944@gaia.fkie.fraunhofer.de/ros2_cs/install/hsi/lib/python3.10/site-packages/hsi-0.0.0-py3.10.egg-info
[1.207s] running install_scripts
[1.218s] Installing cf_node script to /home/adm.sof44944@gaia.fkie.fraunhofer.de/ros2_cs/install/hsi/lib/hsi
[1.218s] writing list of installed files to '/home/adm.sof44944@gaia.fkie.fraunhofer.de/ros2_cs/build/hsi/install.log'
[1.235s] Invoked command in '/home/adm.sof44944@gaia.fkie.fraunhofer.de/ros2_cs/src/hsi' returned '0': AMENT_PREFIX_PATH=/home/adm.sof44944@gaia.fkie.fraunhofer.de/ros2_cs/install/crazyflie_py:/home/adm.sof44944@gaia.fkie.fraunhofer.de/ros2_cs/install/crazyflie_interfaces:${AMENT_PREFIX_PATH} CMAKE_PREFIX_PATH=/home/adm.sof44944@gaia.fkie.fraunhofer.de/ros2_cs/install/crazyflie_interfaces LD_LIBRARY_PATH=/home/adm.sof44944@gaia.fkie.fraunhofer.de/ros2_cs/install/crazyflie_interfaces/lib:${LD_LIBRARY_PATH} PYTHONPATH=/home/adm.sof44944@gaia.fkie.fraunhofer.de/ros2_cs/build/hsi/prefix_override:/home/adm.sof44944@gaia.fkie.fraunhofer.de/ros2_cs/install/hsi/lib/python3.10/site-packages:/home/adm.sof44944@gaia.fkie.fraunhofer.de/ros2_cs/install/crazyflie_py/lib/python3.10/site-packages:/home/adm.sof44944@gaia.fkie.fraunhofer.de/ros2_cs/install/crazyflie_interfaces/local/lib/python3.10/dist-packages:${PYTHONPATH} /usr/bin/python3 setup.py egg_info --egg-base ../../build/hsi build --build-base /home/adm.sof44944@gaia.fkie.fraunhofer.de/ros2_cs/build/hsi/build install --record /home/adm.sof44944@gaia.fkie.fraunhofer.de/ros2_cs/build/hsi/install.log --single-version-externally-managed
