[1.156s] Invoking command in '/home/adm.sof44944@gaia.fkie.fraunhofer.de/ros2_cs/src/sensors/joystick': PYTHONPATH=/home/adm.sof44944@gaia.fkie.fraunhofer.de/ros2_cs/build/joystick/prefix_override:/home/adm.sof44944@gaia.fkie.fraunhofer.de/ros2_cs/install/joystick/lib/python3.10/site-packages:${PYTHONPATH} /usr/bin/python3 setup.py egg_info --egg-base ../../../build/joystick build --build-base /home/adm.sof44944@gaia.fkie.fraunhofer.de/ros2_cs/build/joystick/build install --record /home/adm.sof44944@gaia.fkie.fraunhofer.de/ros2_cs/build/joystick/install.log --single-version-externally-managed
[1.400s] running egg_info
[1.400s] writing ../../../build/joystick/joystick.egg-info/PKG-INFO
[1.400s] writing dependency_links to ../../../build/joystick/joystick.egg-info/dependency_links.txt
[1.400s] writing entry points to ../../../build/joystick/joystick.egg-info/entry_points.txt
[1.400s] writing requirements to ../../../build/joystick/joystick.egg-info/requires.txt
[1.400s] writing top-level names to ../../../build/joystick/joystick.egg-info/top_level.txt
[1.401s] reading manifest file '../../../build/joystick/joystick.egg-info/SOURCES.txt'
[1.402s] writing manifest file '../../../build/joystick/joystick.egg-info/SOURCES.txt'
[1.402s] running build
[1.402s] running build_py
[1.402s] running install
[1.402s] running install_lib
[1.403s] running install_data
[1.403s] running install_egg_info
[1.404s] removing '/home/adm.sof44944@gaia.fkie.fraunhofer.de/ros2_cs/install/joystick/lib/python3.10/site-packages/joystick-0.0.0-py3.10.egg-info' (and everything under it)
[1.404s] Copying ../../../build/joystick/joystick.egg-info to /home/adm.sof44944@gaia.fkie.fraunhofer.de/ros2_cs/install/joystick/lib/python3.10/site-packages/joystick-0.0.0-py3.10.egg-info
[1.405s] running install_scripts
[1.417s] Installing joystick_node script to /home/adm.sof44944@gaia.fkie.fraunhofer.de/ros2_cs/install/joystick/lib/joystick
[1.417s] writing list of installed files to '/home/adm.sof44944@gaia.fkie.fraunhofer.de/ros2_cs/build/joystick/install.log'
[1.566s] Invoked command in '/home/adm.sof44944@gaia.fkie.fraunhofer.de/ros2_cs/src/sensors/joystick' returned '0': PYTHONPATH=/home/adm.sof44944@gaia.fkie.fraunhofer.de/ros2_cs/build/joystick/prefix_override:/home/adm.sof44944@gaia.fkie.fraunhofer.de/ros2_cs/install/joystick/lib/python3.10/site-packages:${PYTHONPATH} /usr/bin/python3 setup.py egg_info --egg-base ../../../build/joystick build --build-base /home/adm.sof44944@gaia.fkie.fraunhofer.de/ros2_cs/build/joystick/build install --record /home/adm.sof44944@gaia.fkie.fraunhofer.de/ros2_cs/build/joystick/install.log --single-version-externally-managed
