[0.350s] Invoking command in '/home/adm.sof44944@gaia.fkie.fraunhofer.de/ros2cs/build/crazyflie_sim': CMAKE_PREFIX_PATH=/home/adm.sof44944@gaia.fkie.fraunhofer.de/ros2cs/install/crazyflie_interfaces:/home/adm.sof44944@gaia.fkie.fraunhofer.de/ros2_cs/install/motion_capture_tracking:/home/adm.sof44944@gaia.fkie.fraunhofer.de/ros2_cs/install/crazyflie:/home/adm.sof44944@gaia.fkie.fraunhofer.de/ros2_cs/install/motion_capture_tracking_interfaces:/home/adm.sof44944@gaia.fkie.fraunhofer.de/ros2_cs/install/hsi_interfaces:/home/adm.sof44944@gaia.fkie.fraunhofer.de/ros2_cs/install/crazyflie_sim:/home/adm.sof44944@gaia.fkie.fraunhofer.de/ros2_cs/install/crazyflie_examples:/home/adm.sof44944@gaia.fkie.fraunhofer.de/ros2_cs/install/crazyflie_interfaces:/home/adm.sof44944@gaia.fkie.fraunhofer.de/ros2_cs/install/joystick:/home/adm.sof44944@gaia.fkie.fraunhofer.de/ros2_cs/install/hsi_cf:/home/adm.sof44944@gaia.fkie.fraunhofer.de/ros2_cs/install/gesture:/home/adm.sof44944@gaia.fkie.fraunhofer.de/ros2_cs/install/crazyflie_py:/home/adm.sof44944@gaia.fkie.fraunhofer.de/ros2_cs/install/bioharness:/opt/ros/humble LD_LIBRARY_PATH=/home/adm.sof44944@gaia.fkie.fraunhofer.de/ros2cs/install/crazyflie_interfaces/lib:${LD_LIBRARY_PATH} /usr/bin/cmake --build /home/adm.sof44944@gaia.fkie.fraunhofer.de/ros2cs/build/crazyflie_sim -- -j12 -l12
[0.358s] [0mCMake Error: The current CMakeCache.txt directory /home/adm.sof44944@gaia.fkie.fraunhofer.de/ros2cs/build/crazyflie_sim/CMakeCache.txt is different than the directory /home/adm.sof44944@gaia.fkie.fraunhofer.de/ros2_cs/build/crazyflie_sim where CMakeCache.txt was created. This may result in binaries being created in the wrong place. If you are not sure, reedit the CMakeCache.txt[0m
[0.404s] Built target ament_cmake_python_symlink_crazyflie_sim
[0.411s] Built target ament_cmake_python_symlink_crazyflie_sim_setup
[0.622s] running egg_info
[0.622s] writing crazyflie_sim.egg-info/PKG-INFO
[0.622s] writing dependency_links to crazyflie_sim.egg-info/dependency_links.txt
[0.623s] writing entry points to crazyflie_sim.egg-info/entry_points.txt
[0.623s] writing top-level names to crazyflie_sim.egg-info/top_level.txt
[0.624s] reading manifest file 'crazyflie_sim.egg-info/SOURCES.txt'
[0.624s] writing manifest file 'crazyflie_sim.egg-info/SOURCES.txt'
[0.652s] Built target ament_cmake_python_build_crazyflie_sim_egg
[0.745s] running install_scripts
[0.761s] running egg_info
[0.761s] writing crazyflie_sim.egg-info/PKG-INFO
[0.761s] writing dependency_links to crazyflie_sim.egg-info/dependency_links.txt
[0.762s] writing entry points to crazyflie_sim.egg-info/entry_points.txt
[0.762s] writing top-level names to crazyflie_sim.egg-info/top_level.txt
[0.763s] reading manifest file 'crazyflie_sim.egg-info/SOURCES.txt'
[0.763s] writing manifest file 'crazyflie_sim.egg-info/SOURCES.txt'
[0.764s] Installing crazyflie_server script to scripts
[0.795s] Built target ament_cmake_python_build_crazyflie_sim_scripts
[0.804s] Invoked command in '/home/adm.sof44944@gaia.fkie.fraunhofer.de/ros2cs/build/crazyflie_sim' returned '0': CMAKE_PREFIX_PATH=/home/adm.sof44944@gaia.fkie.fraunhofer.de/ros2cs/install/crazyflie_interfaces:/home/adm.sof44944@gaia.fkie.fraunhofer.de/ros2_cs/install/motion_capture_tracking:/home/adm.sof44944@gaia.fkie.fraunhofer.de/ros2_cs/install/crazyflie:/home/adm.sof44944@gaia.fkie.fraunhofer.de/ros2_cs/install/motion_capture_tracking_interfaces:/home/adm.sof44944@gaia.fkie.fraunhofer.de/ros2_cs/install/hsi_interfaces:/home/adm.sof44944@gaia.fkie.fraunhofer.de/ros2_cs/install/crazyflie_sim:/home/adm.sof44944@gaia.fkie.fraunhofer.de/ros2_cs/install/crazyflie_examples:/home/adm.sof44944@gaia.fkie.fraunhofer.de/ros2_cs/install/crazyflie_interfaces:/home/adm.sof44944@gaia.fkie.fraunhofer.de/ros2_cs/install/joystick:/home/adm.sof44944@gaia.fkie.fraunhofer.de/ros2_cs/install/hsi_cf:/home/adm.sof44944@gaia.fkie.fraunhofer.de/ros2_cs/install/gesture:/home/adm.sof44944@gaia.fkie.fraunhofer.de/ros2_cs/install/crazyflie_py:/home/adm.sof44944@gaia.fkie.fraunhofer.de/ros2_cs/install/bioharness:/opt/ros/humble LD_LIBRARY_PATH=/home/adm.sof44944@gaia.fkie.fraunhofer.de/ros2cs/install/crazyflie_interfaces/lib:${LD_LIBRARY_PATH} /usr/bin/cmake --build /home/adm.sof44944@gaia.fkie.fraunhofer.de/ros2cs/build/crazyflie_sim -- -j12 -l12
[0.821s] Invoking command in '/home/adm.sof44944@gaia.fkie.fraunhofer.de/ros2cs/build/crazyflie_sim': CMAKE_PREFIX_PATH=/home/adm.sof44944@gaia.fkie.fraunhofer.de/ros2cs/install/crazyflie_interfaces:/home/adm.sof44944@gaia.fkie.fraunhofer.de/ros2_cs/install/motion_capture_tracking:/home/adm.sof44944@gaia.fkie.fraunhofer.de/ros2_cs/install/crazyflie:/home/adm.sof44944@gaia.fkie.fraunhofer.de/ros2_cs/install/motion_capture_tracking_interfaces:/home/adm.sof44944@gaia.fkie.fraunhofer.de/ros2_cs/install/hsi_interfaces:/home/adm.sof44944@gaia.fkie.fraunhofer.de/ros2_cs/install/crazyflie_sim:/home/adm.sof44944@gaia.fkie.fraunhofer.de/ros2_cs/install/crazyflie_examples:/home/adm.sof44944@gaia.fkie.fraunhofer.de/ros2_cs/install/crazyflie_interfaces:/home/adm.sof44944@gaia.fkie.fraunhofer.de/ros2_cs/install/joystick:/home/adm.sof44944@gaia.fkie.fraunhofer.de/ros2_cs/install/hsi_cf:/home/adm.sof44944@gaia.fkie.fraunhofer.de/ros2_cs/install/gesture:/home/adm.sof44944@gaia.fkie.fraunhofer.de/ros2_cs/install/crazyflie_py:/home/adm.sof44944@gaia.fkie.fraunhofer.de/ros2_cs/install/bioharness:/opt/ros/humble LD_LIBRARY_PATH=/home/adm.sof44944@gaia.fkie.fraunhofer.de/ros2cs/install/crazyflie_interfaces/lib:${LD_LIBRARY_PATH} /usr/bin/cmake --install /home/adm.sof44944@gaia.fkie.fraunhofer.de/ros2cs/build/crazyflie_sim
[0.826s] -- Install configuration: ""
[0.826s] -- Execute custom install script
[0.826s] -- Up-to-date symlink: /home/adm.sof44944@gaia.fkie.fraunhofer.de/ros2_cs/install/crazyflie_sim/share/crazyflie_sim/environment/pythonpath.sh
[0.826s] -- Up-to-date symlink: /home/adm.sof44944@gaia.fkie.fraunhofer.de/ros2_cs/install/crazyflie_sim/share/crazyflie_sim/environment/pythonpath.dsv
[0.827s] -- Up-to-date symlink: /home/adm.sof44944@gaia.fkie.fraunhofer.de/ros2_cs/install/crazyflie_sim/local/lib/python3.10/dist-packages/crazyflie_sim-2.0.0-py3.10.egg-info/PKG-INFO
[0.827s] -- Up-to-date symlink: /home/adm.sof44944@gaia.fkie.fraunhofer.de/ros2_cs/install/crazyflie_sim/local/lib/python3.10/dist-packages/crazyflie_sim-2.0.0-py3.10.egg-info/SOURCES.txt
[0.827s] -- Up-to-date symlink: /home/adm.sof44944@gaia.fkie.fraunhofer.de/ros2_cs/install/crazyflie_sim/local/lib/python3.10/dist-packages/crazyflie_sim-2.0.0-py3.10.egg-info/dependency_links.txt
[0.827s] -- Up-to-date symlink: /home/adm.sof44944@gaia.fkie.fraunhofer.de/ros2_cs/install/crazyflie_sim/local/lib/python3.10/dist-packages/crazyflie_sim-2.0.0-py3.10.egg-info/entry_points.txt
[0.827s] -- Up-to-date symlink: /home/adm.sof44944@gaia.fkie.fraunhofer.de/ros2_cs/install/crazyflie_sim/local/lib/python3.10/dist-packages/crazyflie_sim-2.0.0-py3.10.egg-info/top_level.txt
[0.827s] -- Up-to-date symlink: /home/adm.sof44944@gaia.fkie.fraunhofer.de/ros2_cs/install/crazyflie_sim/lib/crazyflie_sim//crazyflie_server
[0.827s] -- Up-to-date symlink: /home/adm.sof44944@gaia.fkie.fraunhofer.de/ros2_cs/install/crazyflie_sim/local/lib/python3.10/dist-packages/crazyflie_sim/__init__.py
[0.827s] -- Up-to-date symlink: /home/adm.sof44944@gaia.fkie.fraunhofer.de/ros2_cs/install/crazyflie_sim/local/lib/python3.10/dist-packages/crazyflie_sim/backend/none.py
[0.827s] -- Up-to-date symlink: /home/adm.sof44944@gaia.fkie.fraunhofer.de/ros2_cs/install/crazyflie_sim/local/lib/python3.10/dist-packages/crazyflie_sim/backend/np.py
[0.828s] -- Up-to-date symlink: /home/adm.sof44944@gaia.fkie.fraunhofer.de/ros2_cs/install/crazyflie_sim/local/lib/python3.10/dist-packages/crazyflie_sim/crazyflie_server.py
[0.828s] -- Up-to-date symlink: /home/adm.sof44944@gaia.fkie.fraunhofer.de/ros2_cs/install/crazyflie_sim/local/lib/python3.10/dist-packages/crazyflie_sim/crazyflie_sil.py
[0.828s] -- Up-to-date symlink: /home/adm.sof44944@gaia.fkie.fraunhofer.de/ros2_cs/install/crazyflie_sim/local/lib/python3.10/dist-packages/crazyflie_sim/sim_data_types.py
[0.828s] -- Up-to-date symlink: /home/adm.sof44944@gaia.fkie.fraunhofer.de/ros2_cs/install/crazyflie_sim/local/lib/python3.10/dist-packages/crazyflie_sim/visualization/README.md
[0.828s] -- Up-to-date symlink: /home/adm.sof44944@gaia.fkie.fraunhofer.de/ros2_cs/install/crazyflie_sim/local/lib/python3.10/dist-packages/crazyflie_sim/visualization/blender.py
[0.828s] -- Up-to-date symlink: /home/adm.sof44944@gaia.fkie.fraunhofer.de/ros2_cs/install/crazyflie_sim/local/lib/python3.10/dist-packages/crazyflie_sim/visualization/data/README.md
[0.828s] -- Up-to-date symlink: /home/adm.sof44944@gaia.fkie.fraunhofer.de/ros2_cs/install/crazyflie_sim/local/lib/python3.10/dist-packages/crazyflie_sim/visualization/data/env/abandoned_greenhouse.jpg
[0.828s] -- Up-to-date symlink: /home/adm.sof44944@gaia.fkie.fraunhofer.de/ros2_cs/install/crazyflie_sim/local/lib/python3.10/dist-packages/crazyflie_sim/visualization/data/env/aerodynamics_workshop.jpg
[0.828s] -- Up-to-date symlink: /home/adm.sof44944@gaia.fkie.fraunhofer.de/ros2_cs/install/crazyflie_sim/local/lib/python3.10/dist-packages/crazyflie_sim/visualization/data/env/aviation_museum.jpg
[0.828s] -- Up-to-date symlink: /home/adm.sof44944@gaia.fkie.fraunhofer.de/ros2_cs/install/crazyflie_sim/local/lib/python3.10/dist-packages/crazyflie_sim/visualization/data/env/crosswalk.jpg
[0.828s] -- Up-to-date symlink: /home/adm.sof44944@gaia.fkie.fraunhofer.de/ros2_cs/install/crazyflie_sim/local/lib/python3.10/dist-packages/crazyflie_sim/visualization/data/env/derelict_overpass.jpg
[0.828s] -- Up-to-date symlink: /home/adm.sof44944@gaia.fkie.fraunhofer.de/ros2_cs/install/crazyflie_sim/local/lib/python3.10/dist-packages/crazyflie_sim/visualization/data/env/env.jpg
[0.829s] -- Up-to-date symlink: /home/adm.sof44944@gaia.fkie.fraunhofer.de/ros2_cs/install/crazyflie_sim/local/lib/python3.10/dist-packages/crazyflie_sim/visualization/data/env/lago_disola.jpg
[0.829s] -- Up-to-date symlink: /home/adm.sof44944@gaia.fkie.fraunhofer.de/ros2_cs/install/crazyflie_sim/local/lib/python3.10/dist-packages/crazyflie_sim/visualization/data/env/lake_pier.jpg
[0.829s] -- Up-to-date symlink: /home/adm.sof44944@gaia.fkie.fraunhofer.de/ros2_cs/install/crazyflie_sim/local/lib/python3.10/dist-packages/crazyflie_sim/visualization/data/env/machine_shop.jpg
[0.829s] -- Up-to-date symlink: /home/adm.sof44944@gaia.fkie.fraunhofer.de/ros2_cs/install/crazyflie_sim/local/lib/python3.10/dist-packages/crazyflie_sim/visualization/data/env/museumplein.jpg
[0.829s] -- Up-to-date symlink: /home/adm.sof44944@gaia.fkie.fraunhofer.de/ros2_cs/install/crazyflie_sim/local/lib/python3.10/dist-packages/crazyflie_sim/visualization/data/env/peppermint_powerplant.jpg
[0.829s] -- Up-to-date symlink: /home/adm.sof44944@gaia.fkie.fraunhofer.de/ros2_cs/install/crazyflie_sim/local/lib/python3.10/dist-packages/crazyflie_sim/visualization/data/env/studio_garden.jpg
[0.829s] -- Up-to-date symlink: /home/adm.sof44944@gaia.fkie.fraunhofer.de/ros2_cs/install/crazyflie_sim/local/lib/python3.10/dist-packages/crazyflie_sim/visualization/data/model/cf.mtl
[0.829s] -- Up-to-date symlink: /home/adm.sof44944@gaia.fkie.fraunhofer.de/ros2_cs/install/crazyflie_sim/local/lib/python3.10/dist-packages/crazyflie_sim/visualization/data/model/cf.obj
[0.829s] -- Up-to-date symlink: /home/adm.sof44944@gaia.fkie.fraunhofer.de/ros2_cs/install/crazyflie_sim/local/lib/python3.10/dist-packages/crazyflie_sim/visualization/pdf.py
[0.829s] -- Up-to-date symlink: /home/adm.sof44944@gaia.fkie.fraunhofer.de/ros2_cs/install/crazyflie_sim/local/lib/python3.10/dist-packages/crazyflie_sim/visualization/record_states.py
[0.829s] -- Up-to-date symlink: /home/adm.sof44944@gaia.fkie.fraunhofer.de/ros2_cs/install/crazyflie_sim/local/lib/python3.10/dist-packages/crazyflie_sim/visualization/rviz.py
[0.829s] -- Up-to-date symlink: /home/adm.sof44944@gaia.fkie.fraunhofer.de/ros2_cs/install/crazyflie_sim/share/ament_index/resource_index/package_run_dependencies/crazyflie_sim
[0.829s] -- Up-to-date symlink: /home/adm.sof44944@gaia.fkie.fraunhofer.de/ros2_cs/install/crazyflie_sim/share/ament_index/resource_index/parent_prefix_path/crazyflie_sim
[0.829s] -- Up-to-date symlink: /home/adm.sof44944@gaia.fkie.fraunhofer.de/ros2_cs/install/crazyflie_sim/share/crazyflie_sim/environment/ament_prefix_path.sh
[0.829s] -- Up-to-date symlink: /home/adm.sof44944@gaia.fkie.fraunhofer.de/ros2_cs/install/crazyflie_sim/share/crazyflie_sim/environment/ament_prefix_path.dsv
[0.830s] -- Up-to-date symlink: /home/adm.sof44944@gaia.fkie.fraunhofer.de/ros2_cs/install/crazyflie_sim/share/crazyflie_sim/environment/path.sh
[0.830s] -- Up-to-date symlink: /home/adm.sof44944@gaia.fkie.fraunhofer.de/ros2_cs/install/crazyflie_sim/share/crazyflie_sim/environment/path.dsv
[0.830s] -- Up-to-date symlink: /home/adm.sof44944@gaia.fkie.fraunhofer.de/ros2_cs/install/crazyflie_sim/share/crazyflie_sim/local_setup.bash
[0.830s] -- Up-to-date symlink: /home/adm.sof44944@gaia.fkie.fraunhofer.de/ros2_cs/install/crazyflie_sim/share/crazyflie_sim/local_setup.sh
[0.830s] -- Up-to-date symlink: /home/adm.sof44944@gaia.fkie.fraunhofer.de/ros2_cs/install/crazyflie_sim/share/crazyflie_sim/local_setup.zsh
[0.830s] -- Up-to-date symlink: /home/adm.sof44944@gaia.fkie.fraunhofer.de/ros2_cs/install/crazyflie_sim/share/crazyflie_sim/local_setup.dsv
[0.830s] -- Symlinking: /home/adm.sof44944@gaia.fkie.fraunhofer.de/ros2_cs/install/crazyflie_sim/share/crazyflie_sim/package.dsv
[0.836s] -- Up-to-date symlink: /home/adm.sof44944@gaia.fkie.fraunhofer.de/ros2_cs/install/crazyflie_sim/share/ament_index/resource_index/packages/crazyflie_sim
[0.836s] -- Up-to-date symlink: /home/adm.sof44944@gaia.fkie.fraunhofer.de/ros2_cs/install/crazyflie_sim/share/crazyflie_sim/cmake/crazyflie_simConfig.cmake
[0.836s] -- Up-to-date symlink: /home/adm.sof44944@gaia.fkie.fraunhofer.de/ros2_cs/install/crazyflie_sim/share/crazyflie_sim/cmake/crazyflie_simConfig-version.cmake
[0.836s] -- Up-to-date symlink: /home/adm.sof44944@gaia.fkie.fraunhofer.de/ros2_cs/install/crazyflie_sim/share/crazyflie_sim/package.xml
[0.860s] Listing '/home/adm.sof44944@gaia.fkie.fraunhofer.de/ros2_cs/install/crazyflie_sim/local/lib/python3.10/dist-packages/crazyflie_sim'...
[0.860s] Listing '/home/adm.sof44944@gaia.fkie.fraunhofer.de/ros2_cs/install/crazyflie_sim/local/lib/python3.10/dist-packages/crazyflie_sim/backend'...
[0.860s] Listing '/home/adm.sof44944@gaia.fkie.fraunhofer.de/ros2_cs/install/crazyflie_sim/local/lib/python3.10/dist-packages/crazyflie_sim/visualization'...
[0.860s] Listing '/home/adm.sof44944@gaia.fkie.fraunhofer.de/ros2_cs/install/crazyflie_sim/local/lib/python3.10/dist-packages/crazyflie_sim/visualization/data'...
[0.860s] Listing '/home/adm.sof44944@gaia.fkie.fraunhofer.de/ros2_cs/install/crazyflie_sim/local/lib/python3.10/dist-packages/crazyflie_sim/visualization/data/env'...
[0.861s] Listing '/home/adm.sof44944@gaia.fkie.fraunhofer.de/ros2_cs/install/crazyflie_sim/local/lib/python3.10/dist-packages/crazyflie_sim/visualization/data/model'...
[0.865s] Invoked command in '/home/adm.sof44944@gaia.fkie.fraunhofer.de/ros2cs/build/crazyflie_sim' returned '0': CMAKE_PREFIX_PATH=/home/adm.sof44944@gaia.fkie.fraunhofer.de/ros2cs/install/crazyflie_interfaces:/home/adm.sof44944@gaia.fkie.fraunhofer.de/ros2_cs/install/motion_capture_tracking:/home/adm.sof44944@gaia.fkie.fraunhofer.de/ros2_cs/install/crazyflie:/home/adm.sof44944@gaia.fkie.fraunhofer.de/ros2_cs/install/motion_capture_tracking_interfaces:/home/adm.sof44944@gaia.fkie.fraunhofer.de/ros2_cs/install/hsi_interfaces:/home/adm.sof44944@gaia.fkie.fraunhofer.de/ros2_cs/install/crazyflie_sim:/home/adm.sof44944@gaia.fkie.fraunhofer.de/ros2_cs/install/crazyflie_examples:/home/adm.sof44944@gaia.fkie.fraunhofer.de/ros2_cs/install/crazyflie_interfaces:/home/adm.sof44944@gaia.fkie.fraunhofer.de/ros2_cs/install/joystick:/home/adm.sof44944@gaia.fkie.fraunhofer.de/ros2_cs/install/hsi_cf:/home/adm.sof44944@gaia.fkie.fraunhofer.de/ros2_cs/install/gesture:/home/adm.sof44944@gaia.fkie.fraunhofer.de/ros2_cs/install/crazyflie_py:/home/adm.sof44944@gaia.fkie.fraunhofer.de/ros2_cs/install/bioharness:/opt/ros/humble LD_LIBRARY_PATH=/home/adm.sof44944@gaia.fkie.fraunhofer.de/ros2cs/install/crazyflie_interfaces/lib:${LD_LIBRARY_PATH} /usr/bin/cmake --install /home/adm.sof44944@gaia.fkie.fraunhofer.de/ros2cs/build/crazyflie_sim
