running develop
Removing /home/adm.sof44944@gaia.fkie.fraunhofer.de/ros2_cs/install/gesture/lib/python3.10/site-packages/gesture.egg-link (link to .)
running egg_info
writing ../../../build/gesture/gesture.egg-info/PKG-INFO
writing dependency_links to ../../../build/gesture/gesture.egg-info/dependency_links.txt
writing entry points to ../../../build/gesture/gesture.egg-info/entry_points.txt
writing requirements to ../../../build/gesture/gesture.egg-info/requires.txt
writing top-level names to ../../../build/gesture/gesture.egg-info/top_level.txt
reading manifest file '../../../build/gesture/gesture.egg-info/SOURCES.txt'
writing manifest file '../../../build/gesture/gesture.egg-info/SOURCES.txt'
running build
running build_py
copying gesture/gesture_node.py -> /home/adm.sof44944@gaia.fkie.fraunhofer.de/ros2_cs/build/gesture/build/lib/gesture
copying gesture/gesture_finger_distance.py -> /home/adm.sof44944@gaia.fkie.fraunhofer.de/ros2_cs/build/gesture/build/lib/gesture
copying gesture/gesture_node_2.py -> /home/adm.sof44944@gaia.fkie.fraunhofer.de/ros2_cs/build/gesture/build/lib/gesture
copying gesture/gesture_pub.py -> /home/adm.sof44944@gaia.fkie.fraunhofer.de/ros2_cs/build/gesture/build/lib/gesture
running install
running install_lib
creating /home/adm.sof44944@gaia.fkie.fraunhofer.de/ros2_cs/install/gesture/lib/python3.10/site-packages/gesture
copying /home/adm.sof44944@gaia.fkie.fraunhofer.de/ros2_cs/build/gesture/build/lib/gesture/gesture_node.py -> /home/adm.sof44944@gaia.fkie.fraunhofer.de/ros2_cs/install/gesture/lib/python3.10/site-packages/gesture
copying /home/adm.sof44944@gaia.fkie.fraunhofer.de/ros2_cs/build/gesture/build/lib/gesture/gesture_finger_distance.py -> /home/adm.sof44944@gaia.fkie.fraunhofer.de/ros2_cs/install/gesture/lib/python3.10/site-packages/gesture
copying /home/adm.sof44944@gaia.fkie.fraunhofer.de/ros2_cs/build/gesture/build/lib/gesture/__init__.py -> /home/adm.sof44944@gaia.fkie.fraunhofer.de/ros2_cs/install/gesture/lib/python3.10/site-packages/gesture
copying /home/adm.sof44944@gaia.fkie.fraunhofer.de/ros2_cs/build/gesture/build/lib/gesture/gesture_node_2.py -> /home/adm.sof44944@gaia.fkie.fraunhofer.de/ros2_cs/install/gesture/lib/python3.10/site-packages/gesture
copying /home/adm.sof44944@gaia.fkie.fraunhofer.de/ros2_cs/build/gesture/build/lib/gesture/gesture_pub.py -> /home/adm.sof44944@gaia.fkie.fraunhofer.de/ros2_cs/install/gesture/lib/python3.10/site-packages/gesture
byte-compiling /home/adm.sof44944@gaia.fkie.fraunhofer.de/ros2_cs/install/gesture/lib/python3.10/site-packages/gesture/gesture_node.py to gesture_node.cpython-310.pyc
byte-compiling /home/adm.sof44944@gaia.fkie.fraunhofer.de/ros2_cs/install/gesture/lib/python3.10/site-packages/gesture/gesture_finger_distance.py to gesture_finger_distance.cpython-310.pyc
byte-compiling /home/adm.sof44944@gaia.fkie.fraunhofer.de/ros2_cs/install/gesture/lib/python3.10/site-packages/gesture/__init__.py to __init__.cpython-310.pyc
byte-compiling /home/adm.sof44944@gaia.fkie.fraunhofer.de/ros2_cs/install/gesture/lib/python3.10/site-packages/gesture/gesture_node_2.py to gesture_node_2.cpython-310.pyc
byte-compiling /home/adm.sof44944@gaia.fkie.fraunhofer.de/ros2_cs/install/gesture/lib/python3.10/site-packages/gesture/gesture_pub.py to gesture_pub.cpython-310.pyc
running install_data
running install_egg_info
Copying ../../../build/gesture/gesture.egg-info to /home/adm.sof44944@gaia.fkie.fraunhofer.de/ros2_cs/install/gesture/lib/python3.10/site-packages/gesture-0.0.0-py3.10.egg-info
running install_scripts
Installing gesture_node script to /home/adm.sof44944@gaia.fkie.fraunhofer.de/ros2_cs/install/gesture/lib/gesture
Installing gesture_pub script to /home/adm.sof44944@gaia.fkie.fraunhofer.de/ros2_cs/install/gesture/lib/gesture
writing list of installed files to '/home/adm.sof44944@gaia.fkie.fraunhofer.de/ros2_cs/build/gesture/install.log'
