[1.202s] Invoking command in '/home/adm.sof44944@gaia.fkie.fraunhofer.de/ros2_cs/build/gesture': PYTHONPATH=/home/adm.sof44944@gaia.fkie.fraunhofer.de/ros2_cs/build/gesture/prefix_override:/home/adm.sof44944@gaia.fkie.fraunhofer.de/ros2_cs/install/gesture/lib/python3.10/site-packages:${PYTHONPATH} /usr/bin/python3 setup.py develop --uninstall --editable --build-directory /home/adm.sof44944@gaia.fkie.fraunhofer.de/ros2_cs/build/gesture/build
[1.488s] running develop
[1.663s] Removing /home/adm.sof44944@gaia.fkie.fraunhofer.de/ros2_cs/install/gesture/lib/python3.10/site-packages/gesture.egg-link (link to .)
[1.764s] Invoked command in '/home/adm.sof44944@gaia.fkie.fraunhofer.de/ros2_cs/build/gesture' returned '0': PYTHONPATH=/home/adm.sof44944@gaia.fkie.fraunhofer.de/ros2_cs/build/gesture/prefix_override:/home/adm.sof44944@gaia.fkie.fraunhofer.de/ros2_cs/install/gesture/lib/python3.10/site-packages:${PYTHONPATH} /usr/bin/python3 setup.py develop --uninstall --editable --build-directory /home/adm.sof44944@gaia.fkie.fraunhofer.de/ros2_cs/build/gesture/build
[1.765s] Invoking command in '/home/adm.sof44944@gaia.fkie.fraunhofer.de/ros2_cs/src/sensors/gesture': PYTHONPATH=/home/adm.sof44944@gaia.fkie.fraunhofer.de/ros2_cs/build/gesture/prefix_override:/home/adm.sof44944@gaia.fkie.fraunhofer.de/ros2_cs/install/gesture/lib/python3.10/site-packages:${PYTHONPATH} /usr/bin/python3 setup.py egg_info --egg-base ../../../build/gesture build --build-base /home/adm.sof44944@gaia.fkie.fraunhofer.de/ros2_cs/build/gesture/build install --record /home/adm.sof44944@gaia.fkie.fraunhofer.de/ros2_cs/build/gesture/install.log --single-version-externally-managed
[1.956s] running egg_info
[1.956s] writing ../../../build/gesture/gesture.egg-info/PKG-INFO
[1.956s] writing dependency_links to ../../../build/gesture/gesture.egg-info/dependency_links.txt
[1.956s] writing entry points to ../../../build/gesture/gesture.egg-info/entry_points.txt
[1.956s] writing requirements to ../../../build/gesture/gesture.egg-info/requires.txt
[1.956s] writing top-level names to ../../../build/gesture/gesture.egg-info/top_level.txt
[1.957s] reading manifest file '../../../build/gesture/gesture.egg-info/SOURCES.txt'
[1.957s] writing manifest file '../../../build/gesture/gesture.egg-info/SOURCES.txt'
[1.957s] running build
[1.957s] running build_py
[1.957s] copying gesture/gesture_node.py -> /home/adm.sof44944@gaia.fkie.fraunhofer.de/ros2_cs/build/gesture/build/lib/gesture
[1.957s] copying gesture/gesture_finger_distance.py -> /home/adm.sof44944@gaia.fkie.fraunhofer.de/ros2_cs/build/gesture/build/lib/gesture
[1.957s] copying gesture/gesture_node_2.py -> /home/adm.sof44944@gaia.fkie.fraunhofer.de/ros2_cs/build/gesture/build/lib/gesture
[1.957s] copying gesture/gesture_pub.py -> /home/adm.sof44944@gaia.fkie.fraunhofer.de/ros2_cs/build/gesture/build/lib/gesture
[1.957s] running install
[1.957s] running install_lib
[1.958s] creating /home/adm.sof44944@gaia.fkie.fraunhofer.de/ros2_cs/install/gesture/lib/python3.10/site-packages/gesture
[1.958s] copying /home/adm.sof44944@gaia.fkie.fraunhofer.de/ros2_cs/build/gesture/build/lib/gesture/gesture_node.py -> /home/adm.sof44944@gaia.fkie.fraunhofer.de/ros2_cs/install/gesture/lib/python3.10/site-packages/gesture
[1.958s] copying /home/adm.sof44944@gaia.fkie.fraunhofer.de/ros2_cs/build/gesture/build/lib/gesture/gesture_finger_distance.py -> /home/adm.sof44944@gaia.fkie.fraunhofer.de/ros2_cs/install/gesture/lib/python3.10/site-packages/gesture
[1.958s] copying /home/adm.sof44944@gaia.fkie.fraunhofer.de/ros2_cs/build/gesture/build/lib/gesture/__init__.py -> /home/adm.sof44944@gaia.fkie.fraunhofer.de/ros2_cs/install/gesture/lib/python3.10/site-packages/gesture
[1.958s] copying /home/adm.sof44944@gaia.fkie.fraunhofer.de/ros2_cs/build/gesture/build/lib/gesture/gesture_node_2.py -> /home/adm.sof44944@gaia.fkie.fraunhofer.de/ros2_cs/install/gesture/lib/python3.10/site-packages/gesture
[1.958s] copying /home/adm.sof44944@gaia.fkie.fraunhofer.de/ros2_cs/build/gesture/build/lib/gesture/gesture_pub.py -> /home/adm.sof44944@gaia.fkie.fraunhofer.de/ros2_cs/install/gesture/lib/python3.10/site-packages/gesture
[1.959s] byte-compiling /home/adm.sof44944@gaia.fkie.fraunhofer.de/ros2_cs/install/gesture/lib/python3.10/site-packages/gesture/gesture_node.py to gesture_node.cpython-310.pyc
[1.960s] byte-compiling /home/adm.sof44944@gaia.fkie.fraunhofer.de/ros2_cs/install/gesture/lib/python3.10/site-packages/gesture/gesture_finger_distance.py to gesture_finger_distance.cpython-310.pyc
[1.960s] byte-compiling /home/adm.sof44944@gaia.fkie.fraunhofer.de/ros2_cs/install/gesture/lib/python3.10/site-packages/gesture/__init__.py to __init__.cpython-310.pyc
[1.960s] byte-compiling /home/adm.sof44944@gaia.fkie.fraunhofer.de/ros2_cs/install/gesture/lib/python3.10/site-packages/gesture/gesture_node_2.py to gesture_node_2.cpython-310.pyc
[1.961s] byte-compiling /home/adm.sof44944@gaia.fkie.fraunhofer.de/ros2_cs/install/gesture/lib/python3.10/site-packages/gesture/gesture_pub.py to gesture_pub.cpython-310.pyc
[1.961s] running install_data
[1.961s] running install_egg_info
[1.962s] Copying ../../../build/gesture/gesture.egg-info to /home/adm.sof44944@gaia.fkie.fraunhofer.de/ros2_cs/install/gesture/lib/python3.10/site-packages/gesture-0.0.0-py3.10.egg-info
[1.963s] running install_scripts
[1.980s] Installing gesture_node script to /home/adm.sof44944@gaia.fkie.fraunhofer.de/ros2_cs/install/gesture/lib/gesture
[1.981s] Installing gesture_pub script to /home/adm.sof44944@gaia.fkie.fraunhofer.de/ros2_cs/install/gesture/lib/gesture
[1.981s] writing list of installed files to '/home/adm.sof44944@gaia.fkie.fraunhofer.de/ros2_cs/build/gesture/install.log'
[2.063s] Invoked command in '/home/adm.sof44944@gaia.fkie.fraunhofer.de/ros2_cs/src/sensors/gesture' returned '0': PYTHONPATH=/home/adm.sof44944@gaia.fkie.fraunhofer.de/ros2_cs/build/gesture/prefix_override:/home/adm.sof44944@gaia.fkie.fraunhofer.de/ros2_cs/install/gesture/lib/python3.10/site-packages:${PYTHONPATH} /usr/bin/python3 setup.py egg_info --egg-base ../../../build/gesture build --build-base /home/adm.sof44944@gaia.fkie.fraunhofer.de/ros2_cs/build/gesture/build install --record /home/adm.sof44944@gaia.fkie.fraunhofer.de/ros2_cs/build/gesture/install.log --single-version-externally-managed
