[0.702s] Invoking command in '/home/adm.sof44944@gaia.fkie.fraunhofer.de/ros2_cs/build/hsi_interfaces': CMAKE_PREFIX_PATH=${CMAKE_PREFIX_PATH}:/home/adm.sof44944@gaia.fkie.fraunhofer.de/ros2_cs/install/joystick:/home/adm.sof44944@gaia.fkie.fraunhofer.de/ros2_cs/install/hsi:/home/adm.sof44944@gaia.fkie.fraunhofer.de/ros2_cs/install/gesture:/home/adm.sof44944@gaia.fkie.fraunhofer.de/ros2_cs/install/crazyflie_py:/home/adm.sof44944@gaia.fkie.fraunhofer.de/ros2_cs/install/bioharness:/opt/ros/humble /usr/bin/cmake --build /home/adm.sof44944@gaia.fkie.fraunhofer.de/ros2_cs/build/hsi_interfaces -- -j12 -l12
[0.731s] [  3%] Built target hsi_interfaces__cpp
[0.734s] [ 12%] Built target hsi_interfaces__rosidl_generator_c
[0.740s] [ 12%] Built target ament_cmake_python_symlink_hsi_interfaces
[0.749s] [ 22%] Built target hsi_interfaces__rosidl_typesupport_c
[0.749s] [ 41%] Built target hsi_interfaces__rosidl_typesupport_cpp
[0.749s] [ 41%] Built target hsi_interfaces__rosidl_typesupport_fastrtps_cpp
[0.749s] [ 51%] Built target hsi_interfaces__rosidl_typesupport_introspection_cpp
[0.751s] [ 61%] Built target hsi_interfaces__rosidl_typesupport_introspection_c
[0.753s] [ 70%] Built target hsi_interfaces__rosidl_typesupport_fastrtps_c
[0.768s] [ 70%] Built target hsi_interfaces
[0.781s] [ 74%] Built target hsi_interfaces__py
[0.795s] [ 80%] Built target hsi_interfaces__rosidl_generator_py
[0.807s] [ 87%] Built target hsi_interfaces__rosidl_typesupport_fastrtps_c__pyext
[0.812s] [ 93%] Built target hsi_interfaces__rosidl_typesupport_introspection_c__pyext
[0.814s] [100%] Built target hsi_interfaces__rosidl_typesupport_c__pyext
[0.925s] running egg_info
[0.926s] writing hsi_interfaces.egg-info/PKG-INFO
[0.926s] writing dependency_links to hsi_interfaces.egg-info/dependency_links.txt
[0.926s] writing top-level names to hsi_interfaces.egg-info/top_level.txt
[0.929s] reading manifest file 'hsi_interfaces.egg-info/SOURCES.txt'
[0.929s] writing manifest file 'hsi_interfaces.egg-info/SOURCES.txt'
[0.952s] [100%] Built target ament_cmake_python_build_hsi_interfaces_egg
[0.963s] Invoked command in '/home/adm.sof44944@gaia.fkie.fraunhofer.de/ros2_cs/build/hsi_interfaces' returned '0': CMAKE_PREFIX_PATH=${CMAKE_PREFIX_PATH}:/home/adm.sof44944@gaia.fkie.fraunhofer.de/ros2_cs/install/joystick:/home/adm.sof44944@gaia.fkie.fraunhofer.de/ros2_cs/install/hsi:/home/adm.sof44944@gaia.fkie.fraunhofer.de/ros2_cs/install/gesture:/home/adm.sof44944@gaia.fkie.fraunhofer.de/ros2_cs/install/crazyflie_py:/home/adm.sof44944@gaia.fkie.fraunhofer.de/ros2_cs/install/bioharness:/opt/ros/humble /usr/bin/cmake --build /home/adm.sof44944@gaia.fkie.fraunhofer.de/ros2_cs/build/hsi_interfaces -- -j12 -l12
[1.004s] Invoking command in '/home/adm.sof44944@gaia.fkie.fraunhofer.de/ros2_cs/build/hsi_interfaces': CMAKE_PREFIX_PATH=${CMAKE_PREFIX_PATH}:/home/adm.sof44944@gaia.fkie.fraunhofer.de/ros2_cs/install/joystick:/home/adm.sof44944@gaia.fkie.fraunhofer.de/ros2_cs/install/hsi:/home/adm.sof44944@gaia.fkie.fraunhofer.de/ros2_cs/install/gesture:/home/adm.sof44944@gaia.fkie.fraunhofer.de/ros2_cs/install/crazyflie_py:/home/adm.sof44944@gaia.fkie.fraunhofer.de/ros2_cs/install/bioharness:/opt/ros/humble /usr/bin/cmake --install /home/adm.sof44944@gaia.fkie.fraunhofer.de/ros2_cs/build/hsi_interfaces
[1.012s] -- Install configuration: ""
[1.013s] -- Execute custom install script
[1.013s] -- Up-to-date symlink: /home/adm.sof44944@gaia.fkie.fraunhofer.de/ros2_cs/install/hsi_interfaces/share/ament_index/resource_index/rosidl_interfaces/hsi_interfaces
[1.013s] -- Up-to-date symlink: /home/adm.sof44944@gaia.fkie.fraunhofer.de/ros2_cs/install/hsi_interfaces/include/hsi_interfaces/hsi_interfaces/msg/detail/gesture__functions.h
[1.014s] -- Up-to-date symlink: /home/adm.sof44944@gaia.fkie.fraunhofer.de/ros2_cs/install/hsi_interfaces/include/hsi_interfaces/hsi_interfaces/msg/detail/gesture__struct.h
[1.014s] -- Up-to-date symlink: /home/adm.sof44944@gaia.fkie.fraunhofer.de/ros2_cs/install/hsi_interfaces/include/hsi_interfaces/hsi_interfaces/msg/detail/gesture__type_support.h
[1.014s] -- Up-to-date symlink: /home/adm.sof44944@gaia.fkie.fraunhofer.de/ros2_cs/install/hsi_interfaces/include/hsi_interfaces/hsi_interfaces/msg/gesture.h
[1.014s] -- Up-to-date symlink: /home/adm.sof44944@gaia.fkie.fraunhofer.de/ros2_cs/install/hsi_interfaces/include/hsi_interfaces/hsi_interfaces/msg/rosidl_generator_c__visibility_control.h
[1.014s] -- Up-to-date symlink: /home/adm.sof44944@gaia.fkie.fraunhofer.de/ros2_cs/install/hsi_interfaces/share/hsi_interfaces/environment/library_path.sh
[1.014s] -- Up-to-date symlink: /home/adm.sof44944@gaia.fkie.fraunhofer.de/ros2_cs/install/hsi_interfaces/share/hsi_interfaces/environment/library_path.dsv
[1.015s] -- Up-to-date symlink: /home/adm.sof44944@gaia.fkie.fraunhofer.de/ros2_cs/install/hsi_interfaces/include/hsi_interfaces/hsi_interfaces/msg/detail/gesture__rosidl_typesupport_fastrtps_c.h
[1.015s] -- Up-to-date symlink: /home/adm.sof44944@gaia.fkie.fraunhofer.de/ros2_cs/install/hsi_interfaces/include/hsi_interfaces/hsi_interfaces/msg/rosidl_typesupport_fastrtps_c__visibility_control.h
[1.015s] -- Up-to-date symlink: /home/adm.sof44944@gaia.fkie.fraunhofer.de/ros2_cs/install/hsi_interfaces/include/hsi_interfaces/hsi_interfaces/msg/detail/gesture__rosidl_typesupport_introspection_c.h
[1.015s] -- Up-to-date symlink: /home/adm.sof44944@gaia.fkie.fraunhofer.de/ros2_cs/install/hsi_interfaces/include/hsi_interfaces/hsi_interfaces/msg/rosidl_typesupport_introspection_c__visibility_control.h
[1.016s] -- Up-to-date symlink: /home/adm.sof44944@gaia.fkie.fraunhofer.de/ros2_cs/install/hsi_interfaces/include/hsi_interfaces/hsi_interfaces/msg/detail/gesture__builder.hpp
[1.016s] -- Up-to-date symlink: /home/adm.sof44944@gaia.fkie.fraunhofer.de/ros2_cs/install/hsi_interfaces/include/hsi_interfaces/hsi_interfaces/msg/detail/gesture__struct.hpp
[1.017s] -- Up-to-date symlink: /home/adm.sof44944@gaia.fkie.fraunhofer.de/ros2_cs/install/hsi_interfaces/include/hsi_interfaces/hsi_interfaces/msg/detail/gesture__traits.hpp
[1.017s] -- Up-to-date symlink: /home/adm.sof44944@gaia.fkie.fraunhofer.de/ros2_cs/install/hsi_interfaces/include/hsi_interfaces/hsi_interfaces/msg/gesture.hpp
[1.017s] -- Up-to-date symlink: /home/adm.sof44944@gaia.fkie.fraunhofer.de/ros2_cs/install/hsi_interfaces/include/hsi_interfaces/hsi_interfaces/msg/detail/gesture__rosidl_typesupport_fastrtps_cpp.hpp
[1.017s] -- Up-to-date symlink: /home/adm.sof44944@gaia.fkie.fraunhofer.de/ros2_cs/install/hsi_interfaces/include/hsi_interfaces/hsi_interfaces/msg/rosidl_typesupport_fastrtps_cpp__visibility_control.h
[1.017s] -- Up-to-date symlink: /home/adm.sof44944@gaia.fkie.fraunhofer.de/ros2_cs/install/hsi_interfaces/include/hsi_interfaces/hsi_interfaces/msg/detail/gesture__rosidl_typesupport_introspection_cpp.hpp
[1.017s] -- Up-to-date symlink: /home/adm.sof44944@gaia.fkie.fraunhofer.de/ros2_cs/install/hsi_interfaces/share/hsi_interfaces/environment/pythonpath.sh
[1.017s] -- Up-to-date symlink: /home/adm.sof44944@gaia.fkie.fraunhofer.de/ros2_cs/install/hsi_interfaces/share/hsi_interfaces/environment/pythonpath.dsv
[1.018s] -- Up-to-date symlink: /home/adm.sof44944@gaia.fkie.fraunhofer.de/ros2_cs/install/hsi_interfaces/local/lib/python3.10/dist-packages/hsi_interfaces-0.0.0-py3.10.egg-info/PKG-INFO
[1.018s] -- Up-to-date symlink: /home/adm.sof44944@gaia.fkie.fraunhofer.de/ros2_cs/install/hsi_interfaces/local/lib/python3.10/dist-packages/hsi_interfaces-0.0.0-py3.10.egg-info/SOURCES.txt
[1.018s] -- Up-to-date symlink: /home/adm.sof44944@gaia.fkie.fraunhofer.de/ros2_cs/install/hsi_interfaces/local/lib/python3.10/dist-packages/hsi_interfaces-0.0.0-py3.10.egg-info/dependency_links.txt
[1.018s] -- Up-to-date symlink: /home/adm.sof44944@gaia.fkie.fraunhofer.de/ros2_cs/install/hsi_interfaces/local/lib/python3.10/dist-packages/hsi_interfaces-0.0.0-py3.10.egg-info/top_level.txt
[1.019s] -- Up-to-date symlink: /home/adm.sof44944@gaia.fkie.fraunhofer.de/ros2_cs/install/hsi_interfaces/local/lib/python3.10/dist-packages/hsi_interfaces/__init__.py
[1.019s] -- Up-to-date symlink: /home/adm.sof44944@gaia.fkie.fraunhofer.de/ros2_cs/install/hsi_interfaces/local/lib/python3.10/dist-packages/hsi_interfaces/_hsi_interfaces_s.ep.rosidl_typesupport_c.c
[1.019s] -- Up-to-date symlink: /home/adm.sof44944@gaia.fkie.fraunhofer.de/ros2_cs/install/hsi_interfaces/local/lib/python3.10/dist-packages/hsi_interfaces/_hsi_interfaces_s.ep.rosidl_typesupport_fastrtps_c.c
[1.019s] -- Up-to-date symlink: /home/adm.sof44944@gaia.fkie.fraunhofer.de/ros2_cs/install/hsi_interfaces/local/lib/python3.10/dist-packages/hsi_interfaces/_hsi_interfaces_s.ep.rosidl_typesupport_introspection_c.c
[1.020s] -- Up-to-date symlink: /home/adm.sof44944@gaia.fkie.fraunhofer.de/ros2_cs/install/hsi_interfaces/local/lib/python3.10/dist-packages/hsi_interfaces/hsi_interfaces_s__rosidl_typesupport_c.cpython-310-x86_64-linux-gnu.so
[1.020s] -- Up-to-date symlink: /home/adm.sof44944@gaia.fkie.fraunhofer.de/ros2_cs/install/hsi_interfaces/local/lib/python3.10/dist-packages/hsi_interfaces/hsi_interfaces_s__rosidl_typesupport_fastrtps_c.cpython-310-x86_64-linux-gnu.so
[1.020s] -- Up-to-date symlink: /home/adm.sof44944@gaia.fkie.fraunhofer.de/ros2_cs/install/hsi_interfaces/local/lib/python3.10/dist-packages/hsi_interfaces/hsi_interfaces_s__rosidl_typesupport_introspection_c.cpython-310-x86_64-linux-gnu.so
[1.020s] -- Up-to-date symlink: /home/adm.sof44944@gaia.fkie.fraunhofer.de/ros2_cs/install/hsi_interfaces/local/lib/python3.10/dist-packages/hsi_interfaces/libhsi_interfaces__rosidl_generator_py.so
[1.021s] -- Up-to-date symlink: /home/adm.sof44944@gaia.fkie.fraunhofer.de/ros2_cs/install/hsi_interfaces/local/lib/python3.10/dist-packages/hsi_interfaces/msg/__init__.py
[1.021s] -- Up-to-date symlink: /home/adm.sof44944@gaia.fkie.fraunhofer.de/ros2_cs/install/hsi_interfaces/local/lib/python3.10/dist-packages/hsi_interfaces/msg/_gesture.py
[1.021s] -- Up-to-date symlink: /home/adm.sof44944@gaia.fkie.fraunhofer.de/ros2_cs/install/hsi_interfaces/local/lib/python3.10/dist-packages/hsi_interfaces/msg/_gesture_s.c
[1.021s] -- Up-to-date symlink: /home/adm.sof44944@gaia.fkie.fraunhofer.de/ros2_cs/install/hsi_interfaces/local/lib/python3.10/dist-packages/hsi_interfaces/hsi_interfaces_s__rosidl_typesupport_fastrtps_c.cpython-310-x86_64-linux-gnu.so
[1.022s] -- Up-to-date symlink: /home/adm.sof44944@gaia.fkie.fraunhofer.de/ros2_cs/install/hsi_interfaces/local/lib/python3.10/dist-packages/hsi_interfaces/hsi_interfaces_s__rosidl_typesupport_introspection_c.cpython-310-x86_64-linux-gnu.so
[1.022s] -- Up-to-date symlink: /home/adm.sof44944@gaia.fkie.fraunhofer.de/ros2_cs/install/hsi_interfaces/local/lib/python3.10/dist-packages/hsi_interfaces/hsi_interfaces_s__rosidl_typesupport_c.cpython-310-x86_64-linux-gnu.so
[1.022s] -- Up-to-date symlink: /home/adm.sof44944@gaia.fkie.fraunhofer.de/ros2_cs/install/hsi_interfaces/share/hsi_interfaces/msg/Gesture.idl
[1.022s] -- Up-to-date symlink: /home/adm.sof44944@gaia.fkie.fraunhofer.de/ros2_cs/install/hsi_interfaces/share/hsi_interfaces/msg/Gesture.msg
[1.022s] -- Up-to-date symlink: /home/adm.sof44944@gaia.fkie.fraunhofer.de/ros2_cs/install/hsi_interfaces/share/ament_index/resource_index/package_run_dependencies/hsi_interfaces
[1.023s] -- Up-to-date symlink: /home/adm.sof44944@gaia.fkie.fraunhofer.de/ros2_cs/install/hsi_interfaces/share/ament_index/resource_index/parent_prefix_path/hsi_interfaces
[1.023s] -- Up-to-date symlink: /home/adm.sof44944@gaia.fkie.fraunhofer.de/ros2_cs/install/hsi_interfaces/share/hsi_interfaces/environment/ament_prefix_path.sh
[1.023s] -- Up-to-date symlink: /home/adm.sof44944@gaia.fkie.fraunhofer.de/ros2_cs/install/hsi_interfaces/share/hsi_interfaces/environment/ament_prefix_path.dsv
[1.023s] -- Up-to-date symlink: /home/adm.sof44944@gaia.fkie.fraunhofer.de/ros2_cs/install/hsi_interfaces/share/hsi_interfaces/environment/path.sh
[1.024s] -- Up-to-date symlink: /home/adm.sof44944@gaia.fkie.fraunhofer.de/ros2_cs/install/hsi_interfaces/share/hsi_interfaces/environment/path.dsv
[1.024s] -- Up-to-date symlink: /home/adm.sof44944@gaia.fkie.fraunhofer.de/ros2_cs/install/hsi_interfaces/share/hsi_interfaces/local_setup.bash
[1.024s] -- Up-to-date symlink: /home/adm.sof44944@gaia.fkie.fraunhofer.de/ros2_cs/install/hsi_interfaces/share/hsi_interfaces/local_setup.sh
[1.024s] -- Up-to-date symlink: /home/adm.sof44944@gaia.fkie.fraunhofer.de/ros2_cs/install/hsi_interfaces/share/hsi_interfaces/local_setup.zsh
[1.024s] -- Up-to-date symlink: /home/adm.sof44944@gaia.fkie.fraunhofer.de/ros2_cs/install/hsi_interfaces/share/hsi_interfaces/local_setup.dsv
[1.024s] -- Symlinking: /home/adm.sof44944@gaia.fkie.fraunhofer.de/ros2_cs/install/hsi_interfaces/share/hsi_interfaces/package.dsv
[1.032s] -- Up-to-date symlink: /home/adm.sof44944@gaia.fkie.fraunhofer.de/ros2_cs/install/hsi_interfaces/share/ament_index/resource_index/packages/hsi_interfaces
[1.032s] -- Up-to-date symlink: /home/adm.sof44944@gaia.fkie.fraunhofer.de/ros2_cs/install/hsi_interfaces/share/hsi_interfaces/cmake/rosidl_cmake-extras.cmake
[1.033s] -- Up-to-date symlink: /home/adm.sof44944@gaia.fkie.fraunhofer.de/ros2_cs/install/hsi_interfaces/share/hsi_interfaces/cmake/ament_cmake_export_include_directories-extras.cmake
[1.033s] -- Up-to-date symlink: /home/adm.sof44944@gaia.fkie.fraunhofer.de/ros2_cs/install/hsi_interfaces/share/hsi_interfaces/cmake/ament_cmake_export_libraries-extras.cmake
[1.033s] -- Up-to-date symlink: /home/adm.sof44944@gaia.fkie.fraunhofer.de/ros2_cs/install/hsi_interfaces/share/hsi_interfaces/cmake/ament_cmake_export_targets-extras.cmake
[1.033s] -- Up-to-date symlink: /home/adm.sof44944@gaia.fkie.fraunhofer.de/ros2_cs/install/hsi_interfaces/share/hsi_interfaces/cmake/rosidl_cmake_export_typesupport_targets-extras.cmake
[1.033s] -- Up-to-date symlink: /home/adm.sof44944@gaia.fkie.fraunhofer.de/ros2_cs/install/hsi_interfaces/share/hsi_interfaces/cmake/ament_cmake_export_dependencies-extras.cmake
[1.034s] -- Up-to-date symlink: /home/adm.sof44944@gaia.fkie.fraunhofer.de/ros2_cs/install/hsi_interfaces/share/hsi_interfaces/cmake/rosidl_cmake_export_typesupport_libraries-extras.cmake
[1.034s] -- Up-to-date symlink: /home/adm.sof44944@gaia.fkie.fraunhofer.de/ros2_cs/install/hsi_interfaces/share/hsi_interfaces/cmake/hsi_interfacesConfig.cmake
[1.034s] -- Up-to-date symlink: /home/adm.sof44944@gaia.fkie.fraunhofer.de/ros2_cs/install/hsi_interfaces/share/hsi_interfaces/cmake/hsi_interfacesConfig-version.cmake
[1.034s] -- Up-to-date symlink: /home/adm.sof44944@gaia.fkie.fraunhofer.de/ros2_cs/install/hsi_interfaces/share/hsi_interfaces/package.xml
[1.034s] -- Up-to-date: /home/adm.sof44944@gaia.fkie.fraunhofer.de/ros2_cs/install/hsi_interfaces/lib/libhsi_interfaces__rosidl_generator_c.so
[1.035s] -- Up-to-date: /home/adm.sof44944@gaia.fkie.fraunhofer.de/ros2_cs/install/hsi_interfaces/lib/libhsi_interfaces__rosidl_typesupport_fastrtps_c.so
[1.035s] -- Up-to-date: /home/adm.sof44944@gaia.fkie.fraunhofer.de/ros2_cs/install/hsi_interfaces/lib/libhsi_interfaces__rosidl_typesupport_introspection_c.so
[1.036s] -- Up-to-date: /home/adm.sof44944@gaia.fkie.fraunhofer.de/ros2_cs/install/hsi_interfaces/lib/libhsi_interfaces__rosidl_typesupport_c.so
[1.037s] -- Up-to-date: /home/adm.sof44944@gaia.fkie.fraunhofer.de/ros2_cs/install/hsi_interfaces/lib/libhsi_interfaces__rosidl_typesupport_fastrtps_cpp.so
[1.037s] -- Up-to-date: /home/adm.sof44944@gaia.fkie.fraunhofer.de/ros2_cs/install/hsi_interfaces/lib/libhsi_interfaces__rosidl_typesupport_introspection_cpp.so
[1.037s] -- Up-to-date: /home/adm.sof44944@gaia.fkie.fraunhofer.de/ros2_cs/install/hsi_interfaces/lib/libhsi_interfaces__rosidl_typesupport_cpp.so
[1.071s] Listing '/home/adm.sof44944@gaia.fkie.fraunhofer.de/ros2_cs/install/hsi_interfaces/local/lib/python3.10/dist-packages/hsi_interfaces'...
[1.072s] Listing '/home/adm.sof44944@gaia.fkie.fraunhofer.de/ros2_cs/install/hsi_interfaces/local/lib/python3.10/dist-packages/hsi_interfaces/msg'...
[1.075s] -- Up-to-date: /home/adm.sof44944@gaia.fkie.fraunhofer.de/ros2_cs/install/hsi_interfaces/lib/libhsi_interfaces__rosidl_generator_py.so
[1.077s] -- Up-to-date: /home/adm.sof44944@gaia.fkie.fraunhofer.de/ros2_cs/install/hsi_interfaces/share/hsi_interfaces/cmake/export_hsi_interfaces__rosidl_generator_cExport.cmake
[1.078s] -- Up-to-date: /home/adm.sof44944@gaia.fkie.fraunhofer.de/ros2_cs/install/hsi_interfaces/share/hsi_interfaces/cmake/export_hsi_interfaces__rosidl_generator_cExport-noconfig.cmake
[1.078s] -- Up-to-date: /home/adm.sof44944@gaia.fkie.fraunhofer.de/ros2_cs/install/hsi_interfaces/share/hsi_interfaces/cmake/export_hsi_interfaces__rosidl_typesupport_fastrtps_cExport.cmake
[1.078s] -- Up-to-date: /home/adm.sof44944@gaia.fkie.fraunhofer.de/ros2_cs/install/hsi_interfaces/share/hsi_interfaces/cmake/export_hsi_interfaces__rosidl_typesupport_fastrtps_cExport-noconfig.cmake
[1.078s] -- Up-to-date: /home/adm.sof44944@gaia.fkie.fraunhofer.de/ros2_cs/install/hsi_interfaces/share/hsi_interfaces/cmake/hsi_interfaces__rosidl_typesupport_introspection_cExport.cmake
[1.078s] -- Up-to-date: /home/adm.sof44944@gaia.fkie.fraunhofer.de/ros2_cs/install/hsi_interfaces/share/hsi_interfaces/cmake/hsi_interfaces__rosidl_typesupport_introspection_cExport-noconfig.cmake
[1.078s] -- Up-to-date: /home/adm.sof44944@gaia.fkie.fraunhofer.de/ros2_cs/install/hsi_interfaces/share/hsi_interfaces/cmake/hsi_interfaces__rosidl_typesupport_cExport.cmake
[1.078s] -- Up-to-date: /home/adm.sof44944@gaia.fkie.fraunhofer.de/ros2_cs/install/hsi_interfaces/share/hsi_interfaces/cmake/hsi_interfaces__rosidl_typesupport_cExport-noconfig.cmake
[1.078s] -- Up-to-date: /home/adm.sof44944@gaia.fkie.fraunhofer.de/ros2_cs/install/hsi_interfaces/share/hsi_interfaces/cmake/export_hsi_interfaces__rosidl_generator_cppExport.cmake
[1.078s] -- Up-to-date: /home/adm.sof44944@gaia.fkie.fraunhofer.de/ros2_cs/install/hsi_interfaces/share/hsi_interfaces/cmake/export_hsi_interfaces__rosidl_typesupport_fastrtps_cppExport.cmake
[1.079s] -- Up-to-date: /home/adm.sof44944@gaia.fkie.fraunhofer.de/ros2_cs/install/hsi_interfaces/share/hsi_interfaces/cmake/export_hsi_interfaces__rosidl_typesupport_fastrtps_cppExport-noconfig.cmake
[1.079s] -- Up-to-date: /home/adm.sof44944@gaia.fkie.fraunhofer.de/ros2_cs/install/hsi_interfaces/share/hsi_interfaces/cmake/hsi_interfaces__rosidl_typesupport_introspection_cppExport.cmake
[1.079s] -- Up-to-date: /home/adm.sof44944@gaia.fkie.fraunhofer.de/ros2_cs/install/hsi_interfaces/share/hsi_interfaces/cmake/hsi_interfaces__rosidl_typesupport_introspection_cppExport-noconfig.cmake
[1.079s] -- Up-to-date: /home/adm.sof44944@gaia.fkie.fraunhofer.de/ros2_cs/install/hsi_interfaces/share/hsi_interfaces/cmake/hsi_interfaces__rosidl_typesupport_cppExport.cmake
[1.079s] -- Up-to-date: /home/adm.sof44944@gaia.fkie.fraunhofer.de/ros2_cs/install/hsi_interfaces/share/hsi_interfaces/cmake/hsi_interfaces__rosidl_typesupport_cppExport-noconfig.cmake
[1.079s] -- Up-to-date: /home/adm.sof44944@gaia.fkie.fraunhofer.de/ros2_cs/install/hsi_interfaces/share/hsi_interfaces/cmake/export_hsi_interfaces__rosidl_generator_pyExport.cmake
[1.080s] -- Up-to-date: /home/adm.sof44944@gaia.fkie.fraunhofer.de/ros2_cs/install/hsi_interfaces/share/hsi_interfaces/cmake/export_hsi_interfaces__rosidl_generator_pyExport-noconfig.cmake
[1.082s] Invoked command in '/home/adm.sof44944@gaia.fkie.fraunhofer.de/ros2_cs/build/hsi_interfaces' returned '0': CMAKE_PREFIX_PATH=${CMAKE_PREFIX_PATH}:/home/adm.sof44944@gaia.fkie.fraunhofer.de/ros2_cs/install/joystick:/home/adm.sof44944@gaia.fkie.fraunhofer.de/ros2_cs/install/hsi:/home/adm.sof44944@gaia.fkie.fraunhofer.de/ros2_cs/install/gesture:/home/adm.sof44944@gaia.fkie.fraunhofer.de/ros2_cs/install/crazyflie_py:/home/adm.sof44944@gaia.fkie.fraunhofer.de/ros2_cs/install/bioharness:/opt/ros/humble /usr/bin/cmake --install /home/adm.sof44944@gaia.fkie.fraunhofer.de/ros2_cs/build/hsi_interfaces
