[0.978s] Invoking command in '/home/adm.sof44944@gaia.fkie.fraunhofer.de/ros2_cs/build/bioharness': PYTHONPATH=/home/adm.sof44944@gaia.fkie.fraunhofer.de/ros2_cs/build/bioharness/prefix_override:/home/adm.sof44944@gaia.fkie.fraunhofer.de/ros2_cs/install/bioharness/lib/python3.10/site-packages:${PYTHONPATH} /usr/bin/python3 setup.py develop --uninstall --editable --build-directory /home/adm.sof44944@gaia.fkie.fraunhofer.de/ros2_cs/build/bioharness/build
[1.262s] running develop
[1.489s] Removing /home/adm.sof44944@gaia.fkie.fraunhofer.de/ros2_cs/install/bioharness/lib/python3.10/site-packages/bioharness.egg-link (link to .)
[1.584s] Invoked command in '/home/adm.sof44944@gaia.fkie.fraunhofer.de/ros2_cs/build/bioharness' returned '0': PYTHONPATH=/home/adm.sof44944@gaia.fkie.fraunhofer.de/ros2_cs/build/bioharness/prefix_override:/home/adm.sof44944@gaia.fkie.fraunhofer.de/ros2_cs/install/bioharness/lib/python3.10/site-packages:${PYTHONPATH} /usr/bin/python3 setup.py develop --uninstall --editable --build-directory /home/adm.sof44944@gaia.fkie.fraunhofer.de/ros2_cs/build/bioharness/build
[1.585s] Invoking command in '/home/adm.sof44944@gaia.fkie.fraunhofer.de/ros2_cs/src/sensors/bioharness': PYTHONPATH=/home/adm.sof44944@gaia.fkie.fraunhofer.de/ros2_cs/build/bioharness/prefix_override:/home/adm.sof44944@gaia.fkie.fraunhofer.de/ros2_cs/install/bioharness/lib/python3.10/site-packages:${PYTHONPATH} /usr/bin/python3 setup.py egg_info --egg-base ../../../build/bioharness build --build-base /home/adm.sof44944@gaia.fkie.fraunhofer.de/ros2_cs/build/bioharness/build install --record /home/adm.sof44944@gaia.fkie.fraunhofer.de/ros2_cs/build/bioharness/install.log --single-version-externally-managed
[2.134s] running egg_info
[2.135s] writing ../../../build/bioharness/bioharness.egg-info/PKG-INFO
[2.135s] writing dependency_links to ../../../build/bioharness/bioharness.egg-info/dependency_links.txt
[2.141s] writing entry points to ../../../build/bioharness/bioharness.egg-info/entry_points.txt
[2.143s] writing requirements to ../../../build/bioharness/bioharness.egg-info/requires.txt
[2.143s] writing top-level names to ../../../build/bioharness/bioharness.egg-info/top_level.txt
[2.146s] reading manifest file '../../../build/bioharness/bioharness.egg-info/SOURCES.txt'
[2.147s] writing manifest file '../../../build/bioharness/bioharness.egg-info/SOURCES.txt'
[2.148s] running build
[2.148s] running build_py
[2.148s] running install
[2.149s] running install_lib
[2.150s] creating /home/adm.sof44944@gaia.fkie.fraunhofer.de/ros2_cs/install/bioharness/lib/python3.10/site-packages/bioharness
[2.150s] copying /home/adm.sof44944@gaia.fkie.fraunhofer.de/ros2_cs/build/bioharness/build/lib/bioharness/my_first_node.py -> /home/adm.sof44944@gaia.fkie.fraunhofer.de/ros2_cs/install/bioharness/lib/python3.10/site-packages/bioharness
[2.150s] copying /home/adm.sof44944@gaia.fkie.fraunhofer.de/ros2_cs/build/bioharness/build/lib/bioharness/hr_node.py -> /home/adm.sof44944@gaia.fkie.fraunhofer.de/ros2_cs/install/bioharness/lib/python3.10/site-packages/bioharness
[2.151s] copying /home/adm.sof44944@gaia.fkie.fraunhofer.de/ros2_cs/build/bioharness/build/lib/bioharness/__init__.py -> /home/adm.sof44944@gaia.fkie.fraunhofer.de/ros2_cs/install/bioharness/lib/python3.10/site-packages/bioharness
[2.151s] copying /home/adm.sof44944@gaia.fkie.fraunhofer.de/ros2_cs/build/bioharness/build/lib/bioharness/hr_pub.py -> /home/adm.sof44944@gaia.fkie.fraunhofer.de/ros2_cs/install/bioharness/lib/python3.10/site-packages/bioharness
[2.152s] copying /home/adm.sof44944@gaia.fkie.fraunhofer.de/ros2_cs/build/bioharness/build/lib/bioharness/posture_pub.py -> /home/adm.sof44944@gaia.fkie.fraunhofer.de/ros2_cs/install/bioharness/lib/python3.10/site-packages/bioharness
[2.153s] byte-compiling /home/adm.sof44944@gaia.fkie.fraunhofer.de/ros2_cs/install/bioharness/lib/python3.10/site-packages/bioharness/my_first_node.py to my_first_node.cpython-310.pyc
[2.154s] byte-compiling /home/adm.sof44944@gaia.fkie.fraunhofer.de/ros2_cs/install/bioharness/lib/python3.10/site-packages/bioharness/hr_node.py to hr_node.cpython-310.pyc
[2.155s] byte-compiling /home/adm.sof44944@gaia.fkie.fraunhofer.de/ros2_cs/install/bioharness/lib/python3.10/site-packages/bioharness/__init__.py to __init__.cpython-310.pyc
[2.155s] byte-compiling /home/adm.sof44944@gaia.fkie.fraunhofer.de/ros2_cs/install/bioharness/lib/python3.10/site-packages/bioharness/hr_pub.py to hr_pub.cpython-310.pyc
[2.156s] byte-compiling /home/adm.sof44944@gaia.fkie.fraunhofer.de/ros2_cs/install/bioharness/lib/python3.10/site-packages/bioharness/posture_pub.py to posture_pub.cpython-310.pyc
[2.166s] running install_data
[2.167s] running install_egg_info
[2.170s] Copying ../../../build/bioharness/bioharness.egg-info to /home/adm.sof44944@gaia.fkie.fraunhofer.de/ros2_cs/install/bioharness/lib/python3.10/site-packages/bioharness-0.0.0-py3.10.egg-info
[2.180s] running install_scripts
[2.205s] Installing hr_node script to /home/adm.sof44944@gaia.fkie.fraunhofer.de/ros2_cs/install/bioharness/lib/bioharness
[2.205s] Installing hr_pub script to /home/adm.sof44944@gaia.fkie.fraunhofer.de/ros2_cs/install/bioharness/lib/bioharness
[2.205s] Installing posture_pub script to /home/adm.sof44944@gaia.fkie.fraunhofer.de/ros2_cs/install/bioharness/lib/bioharness
[2.205s] Installing test_node script to /home/adm.sof44944@gaia.fkie.fraunhofer.de/ros2_cs/install/bioharness/lib/bioharness
[2.206s] writing list of installed files to '/home/adm.sof44944@gaia.fkie.fraunhofer.de/ros2_cs/build/bioharness/install.log'
[2.276s] Invoked command in '/home/adm.sof44944@gaia.fkie.fraunhofer.de/ros2_cs/src/sensors/bioharness' returned '0': PYTHONPATH=/home/adm.sof44944@gaia.fkie.fraunhofer.de/ros2_cs/build/bioharness/prefix_override:/home/adm.sof44944@gaia.fkie.fraunhofer.de/ros2_cs/install/bioharness/lib/python3.10/site-packages:${PYTHONPATH} /usr/bin/python3 setup.py egg_info --egg-base ../../../build/bioharness build --build-base /home/adm.sof44944@gaia.fkie.fraunhofer.de/ros2_cs/build/bioharness/build install --record /home/adm.sof44944@gaia.fkie.fraunhofer.de/ros2_cs/build/bioharness/install.log --single-version-externally-managed
