[0.620s] Invoking command in '/home/adm.sof44944@gaia.fkie.fraunhofer.de/ros2_cs/build/hsi_interfaces': CMAKE_PREFIX_PATH=${CMAKE_PREFIX_PATH}:/home/adm.sof44944@gaia.fkie.fraunhofer.de/ros2_cs/install/joystick:/home/adm.sof44944@gaia.fkie.fraunhofer.de/ros2_cs/install/hsi:/home/adm.sof44944@gaia.fkie.fraunhofer.de/ros2_cs/install/gesture:/home/adm.sof44944@gaia.fkie.fraunhofer.de/ros2_cs/install/crazyflie_py:/home/adm.sof44944@gaia.fkie.fraunhofer.de/ros2_cs/install/bioharness:/opt/ros/humble /usr/bin/cmake /home/adm.sof44944@gaia.fkie.fraunhofer.de/ros2_cs/src/hsi_interfaces -DAMENT_CMAKE_SYMLINK_INSTALL=1 -DCMAKE_INSTALL_PREFIX=/home/adm.sof44944@gaia.fkie.fraunhofer.de/ros2_cs/install/hsi_interfaces
[0.628s] -- Found ament_cmake: 1.3.5 (/opt/ros/humble/share/ament_cmake/cmake)
[0.711s] -- Override CMake install command with custom implementation using symlinks instead of copying resources
[0.716s] -- Found rosidl_default_generators: 1.2.0 (/opt/ros/humble/share/rosidl_default_generators/cmake)
[0.717s] -- Using all available rosidl_typesupport_c: rosidl_typesupport_fastrtps_c;rosidl_typesupport_introspection_c
[0.718s] -- Found rosidl_adapter: 3.1.5 (/opt/ros/humble/share/rosidl_adapter/cmake)
[0.734s] -- Using all available rosidl_typesupport_cpp: rosidl_typesupport_fastrtps_cpp;rosidl_typesupport_introspection_cpp
[0.898s] -- Found ament_cmake_ros: 0.10.0 (/opt/ros/humble/share/ament_cmake_ros/cmake)
[1.018s] -- Using all available rosidl_typesupport_c: rosidl_typesupport_fastrtps_c;rosidl_typesupport_introspection_c
[1.239s] -- Using all available rosidl_typesupport_cpp: rosidl_typesupport_fastrtps_cpp;rosidl_typesupport_introspection_cpp
[1.258s] -- Found python_cmake_module: 0.10.0 (/opt/ros/humble/share/python_cmake_module/cmake)
[1.279s] -- Using PYTHON_EXECUTABLE: /usr/bin/python3
[1.280s] -- Using PYTHON_INCLUDE_DIRS: /usr/include/python3.10
[1.280s] -- Using PYTHON_LIBRARIES: /usr/lib/x86_64-linux-gnu/libpython3.10.so
[1.294s] -- Found ament_lint_auto: 0.12.8 (/opt/ros/humble/share/ament_lint_auto/cmake)
[1.305s] -- Added test 'lint_cmake' to check CMake code style
[1.307s] -- Added test 'xmllint' to check XML markup files
[1.311s] -- Configuring done
[1.340s] -- Generating done
[1.344s] -- Build files have been written to: /home/adm.sof44944@gaia.fkie.fraunhofer.de/ros2_cs/build/hsi_interfaces
[1.352s] Invoked command in '/home/adm.sof44944@gaia.fkie.fraunhofer.de/ros2_cs/build/hsi_interfaces' returned '0': CMAKE_PREFIX_PATH=${CMAKE_PREFIX_PATH}:/home/adm.sof44944@gaia.fkie.fraunhofer.de/ros2_cs/install/joystick:/home/adm.sof44944@gaia.fkie.fraunhofer.de/ros2_cs/install/hsi:/home/adm.sof44944@gaia.fkie.fraunhofer.de/ros2_cs/install/gesture:/home/adm.sof44944@gaia.fkie.fraunhofer.de/ros2_cs/install/crazyflie_py:/home/adm.sof44944@gaia.fkie.fraunhofer.de/ros2_cs/install/bioharness:/opt/ros/humble /usr/bin/cmake /home/adm.sof44944@gaia.fkie.fraunhofer.de/ros2_cs/src/hsi_interfaces -DAMENT_CMAKE_SYMLINK_INSTALL=1 -DCMAKE_INSTALL_PREFIX=/home/adm.sof44944@gaia.fkie.fraunhofer.de/ros2_cs/install/hsi_interfaces
[1.354s] Invoking command in '/home/adm.sof44944@gaia.fkie.fraunhofer.de/ros2_cs/build/hsi_interfaces': CMAKE_PREFIX_PATH=${CMAKE_PREFIX_PATH}:/home/adm.sof44944@gaia.fkie.fraunhofer.de/ros2_cs/install/joystick:/home/adm.sof44944@gaia.fkie.fraunhofer.de/ros2_cs/install/hsi:/home/adm.sof44944@gaia.fkie.fraunhofer.de/ros2_cs/install/gesture:/home/adm.sof44944@gaia.fkie.fraunhofer.de/ros2_cs/install/crazyflie_py:/home/adm.sof44944@gaia.fkie.fraunhofer.de/ros2_cs/install/bioharness:/opt/ros/humble /usr/bin/cmake --build /home/adm.sof44944@gaia.fkie.fraunhofer.de/ros2_cs/build/hsi_interfaces -- -j12 -l12
[1.398s] [35m[1mConsolidate compiler generated dependencies of target hsi_interfaces__rosidl_generator_c[0m
[1.398s] [  3%] Built target hsi_interfaces__cpp
[1.402s] [  3%] Built target ament_cmake_python_symlink_hsi_interfaces
[1.406s] [35m[1mConsolidate compiler generated dependencies of target hsi_interfaces__rosidl_typesupport_cpp[0m
[1.409s] [35m[1mConsolidate compiler generated dependencies of target hsi_interfaces__rosidl_typesupport_fastrtps_cpp[0m
[1.409s] [ 12%] Built target hsi_interfaces__rosidl_generator_c
[1.411s] [35m[1mConsolidate compiler generated dependencies of target hsi_interfaces__rosidl_typesupport_introspection_cpp[0m
[1.415s] [ 22%] Built target hsi_interfaces__rosidl_typesupport_cpp
[1.416s] [35m[1mConsolidate compiler generated dependencies of target hsi_interfaces__rosidl_typesupport_fastrtps_c[0m
[1.419s] [35m[1mConsolidate compiler generated dependencies of target hsi_interfaces__rosidl_typesupport_introspection_c[0m
[1.426s] [35m[1mConsolidate compiler generated dependencies of target hsi_interfaces__rosidl_typesupport_c[0m
[1.435s] [ 32%] Built target hsi_interfaces__rosidl_typesupport_fastrtps_cpp
[1.438s] [ 41%] Built target hsi_interfaces__rosidl_typesupport_introspection_cpp
[1.443s] [ 51%] Built target hsi_interfaces__rosidl_typesupport_c
[1.444s] [ 61%] Built target hsi_interfaces__rosidl_typesupport_introspection_c
[1.444s] [ 70%] Built target hsi_interfaces__rosidl_typesupport_fastrtps_c
[1.463s] [ 70%] Built target hsi_interfaces
[1.482s] [ 74%] Built target hsi_interfaces__py
[1.492s] [35m[1mConsolidate compiler generated dependencies of target hsi_interfaces__rosidl_generator_py[0m
[1.503s] [ 80%] Built target hsi_interfaces__rosidl_generator_py
[1.512s] [35m[1mConsolidate compiler generated dependencies of target hsi_interfaces__rosidl_typesupport_c__pyext[0m
[1.512s] [35m[1mConsolidate compiler generated dependencies of target hsi_interfaces__rosidl_typesupport_introspection_c__pyext[0m
[1.513s] [35m[1mConsolidate compiler generated dependencies of target hsi_interfaces__rosidl_typesupport_fastrtps_c__pyext[0m
[1.521s] [ 87%] Built target hsi_interfaces__rosidl_typesupport_introspection_c__pyext
[1.521s] [ 93%] Built target hsi_interfaces__rosidl_typesupport_c__pyext
[1.523s] [100%] Built target hsi_interfaces__rosidl_typesupport_fastrtps_c__pyext
[1.692s] running egg_info
[1.693s] writing hsi_interfaces.egg-info/PKG-INFO
[1.693s] writing dependency_links to hsi_interfaces.egg-info/dependency_links.txt
[1.693s] writing top-level names to hsi_interfaces.egg-info/top_level.txt
[1.695s] reading manifest file 'hsi_interfaces.egg-info/SOURCES.txt'
[1.695s] writing manifest file 'hsi_interfaces.egg-info/SOURCES.txt'
[1.722s] [100%] Built target ament_cmake_python_build_hsi_interfaces_egg
[1.732s] Invoked command in '/home/adm.sof44944@gaia.fkie.fraunhofer.de/ros2_cs/build/hsi_interfaces' returned '0': CMAKE_PREFIX_PATH=${CMAKE_PREFIX_PATH}:/home/adm.sof44944@gaia.fkie.fraunhofer.de/ros2_cs/install/joystick:/home/adm.sof44944@gaia.fkie.fraunhofer.de/ros2_cs/install/hsi:/home/adm.sof44944@gaia.fkie.fraunhofer.de/ros2_cs/install/gesture:/home/adm.sof44944@gaia.fkie.fraunhofer.de/ros2_cs/install/crazyflie_py:/home/adm.sof44944@gaia.fkie.fraunhofer.de/ros2_cs/install/bioharness:/opt/ros/humble /usr/bin/cmake --build /home/adm.sof44944@gaia.fkie.fraunhofer.de/ros2_cs/build/hsi_interfaces -- -j12 -l12
[1.777s] Invoking command in '/home/adm.sof44944@gaia.fkie.fraunhofer.de/ros2_cs/build/hsi_interfaces': CMAKE_PREFIX_PATH=${CMAKE_PREFIX_PATH}:/home/adm.sof44944@gaia.fkie.fraunhofer.de/ros2_cs/install/joystick:/home/adm.sof44944@gaia.fkie.fraunhofer.de/ros2_cs/install/hsi:/home/adm.sof44944@gaia.fkie.fraunhofer.de/ros2_cs/install/gesture:/home/adm.sof44944@gaia.fkie.fraunhofer.de/ros2_cs/install/crazyflie_py:/home/adm.sof44944@gaia.fkie.fraunhofer.de/ros2_cs/install/bioharness:/opt/ros/humble /usr/bin/cmake --install /home/adm.sof44944@gaia.fkie.fraunhofer.de/ros2_cs/build/hsi_interfaces
[1.784s] -- Install configuration: ""
[1.784s] -- Execute custom install script
[1.785s] -- Up-to-date symlink: /home/adm.sof44944@gaia.fkie.fraunhofer.de/ros2_cs/install/hsi_interfaces/share/ament_index/resource_index/rosidl_interfaces/hsi_interfaces
[1.785s] -- Up-to-date symlink: /home/adm.sof44944@gaia.fkie.fraunhofer.de/ros2_cs/install/hsi_interfaces/include/hsi_interfaces/hsi_interfaces/msg/detail/gesture__functions.h
[1.785s] -- Up-to-date symlink: /home/adm.sof44944@gaia.fkie.fraunhofer.de/ros2_cs/install/hsi_interfaces/include/hsi_interfaces/hsi_interfaces/msg/detail/gesture__struct.h
[1.785s] -- Up-to-date symlink: /home/adm.sof44944@gaia.fkie.fraunhofer.de/ros2_cs/install/hsi_interfaces/include/hsi_interfaces/hsi_interfaces/msg/detail/gesture__type_support.h
[1.785s] -- Up-to-date symlink: /home/adm.sof44944@gaia.fkie.fraunhofer.de/ros2_cs/install/hsi_interfaces/include/hsi_interfaces/hsi_interfaces/msg/gesture.h
[1.785s] -- Up-to-date symlink: /home/adm.sof44944@gaia.fkie.fraunhofer.de/ros2_cs/install/hsi_interfaces/include/hsi_interfaces/hsi_interfaces/msg/rosidl_generator_c__visibility_control.h
[1.785s] -- Up-to-date symlink: /home/adm.sof44944@gaia.fkie.fraunhofer.de/ros2_cs/install/hsi_interfaces/share/hsi_interfaces/environment/library_path.sh
[1.785s] -- Up-to-date symlink: /home/adm.sof44944@gaia.fkie.fraunhofer.de/ros2_cs/install/hsi_interfaces/share/hsi_interfaces/environment/library_path.dsv
[1.786s] -- Up-to-date symlink: /home/adm.sof44944@gaia.fkie.fraunhofer.de/ros2_cs/install/hsi_interfaces/include/hsi_interfaces/hsi_interfaces/msg/detail/gesture__rosidl_typesupport_fastrtps_c.h
[1.786s] -- Up-to-date symlink: /home/adm.sof44944@gaia.fkie.fraunhofer.de/ros2_cs/install/hsi_interfaces/include/hsi_interfaces/hsi_interfaces/msg/rosidl_typesupport_fastrtps_c__visibility_control.h
[1.786s] -- Up-to-date symlink: /home/adm.sof44944@gaia.fkie.fraunhofer.de/ros2_cs/install/hsi_interfaces/include/hsi_interfaces/hsi_interfaces/msg/detail/gesture__rosidl_typesupport_introspection_c.h
[1.786s] -- Up-to-date symlink: /home/adm.sof44944@gaia.fkie.fraunhofer.de/ros2_cs/install/hsi_interfaces/include/hsi_interfaces/hsi_interfaces/msg/rosidl_typesupport_introspection_c__visibility_control.h
[1.786s] -- Up-to-date symlink: /home/adm.sof44944@gaia.fkie.fraunhofer.de/ros2_cs/install/hsi_interfaces/include/hsi_interfaces/hsi_interfaces/msg/detail/gesture__builder.hpp
[1.786s] -- Up-to-date symlink: /home/adm.sof44944@gaia.fkie.fraunhofer.de/ros2_cs/install/hsi_interfaces/include/hsi_interfaces/hsi_interfaces/msg/detail/gesture__struct.hpp
[1.786s] -- Up-to-date symlink: /home/adm.sof44944@gaia.fkie.fraunhofer.de/ros2_cs/install/hsi_interfaces/include/hsi_interfaces/hsi_interfaces/msg/detail/gesture__traits.hpp
[1.787s] -- Up-to-date symlink: /home/adm.sof44944@gaia.fkie.fraunhofer.de/ros2_cs/install/hsi_interfaces/include/hsi_interfaces/hsi_interfaces/msg/gesture.hpp
[1.787s] -- Up-to-date symlink: /home/adm.sof44944@gaia.fkie.fraunhofer.de/ros2_cs/install/hsi_interfaces/include/hsi_interfaces/hsi_interfaces/msg/detail/gesture__rosidl_typesupport_fastrtps_cpp.hpp
[1.787s] -- Up-to-date symlink: /home/adm.sof44944@gaia.fkie.fraunhofer.de/ros2_cs/install/hsi_interfaces/include/hsi_interfaces/hsi_interfaces/msg/rosidl_typesupport_fastrtps_cpp__visibility_control.h
[1.787s] -- Up-to-date symlink: /home/adm.sof44944@gaia.fkie.fraunhofer.de/ros2_cs/install/hsi_interfaces/include/hsi_interfaces/hsi_interfaces/msg/detail/gesture__rosidl_typesupport_introspection_cpp.hpp
[1.787s] -- Up-to-date symlink: /home/adm.sof44944@gaia.fkie.fraunhofer.de/ros2_cs/install/hsi_interfaces/share/hsi_interfaces/environment/pythonpath.sh
[1.787s] -- Up-to-date symlink: /home/adm.sof44944@gaia.fkie.fraunhofer.de/ros2_cs/install/hsi_interfaces/share/hsi_interfaces/environment/pythonpath.dsv
[1.788s] -- Up-to-date symlink: /home/adm.sof44944@gaia.fkie.fraunhofer.de/ros2_cs/install/hsi_interfaces/local/lib/python3.10/dist-packages/hsi_interfaces-0.0.0-py3.10.egg-info/PKG-INFO
[1.788s] -- Up-to-date symlink: /home/adm.sof44944@gaia.fkie.fraunhofer.de/ros2_cs/install/hsi_interfaces/local/lib/python3.10/dist-packages/hsi_interfaces-0.0.0-py3.10.egg-info/SOURCES.txt
[1.788s] -- Up-to-date symlink: /home/adm.sof44944@gaia.fkie.fraunhofer.de/ros2_cs/install/hsi_interfaces/local/lib/python3.10/dist-packages/hsi_interfaces-0.0.0-py3.10.egg-info/dependency_links.txt
[1.788s] -- Up-to-date symlink: /home/adm.sof44944@gaia.fkie.fraunhofer.de/ros2_cs/install/hsi_interfaces/local/lib/python3.10/dist-packages/hsi_interfaces-0.0.0-py3.10.egg-info/top_level.txt
[1.789s] -- Up-to-date symlink: /home/adm.sof44944@gaia.fkie.fraunhofer.de/ros2_cs/install/hsi_interfaces/local/lib/python3.10/dist-packages/hsi_interfaces/__init__.py
[1.789s] -- Up-to-date symlink: /home/adm.sof44944@gaia.fkie.fraunhofer.de/ros2_cs/install/hsi_interfaces/local/lib/python3.10/dist-packages/hsi_interfaces/_hsi_interfaces_s.ep.rosidl_typesupport_c.c
[1.789s] -- Up-to-date symlink: /home/adm.sof44944@gaia.fkie.fraunhofer.de/ros2_cs/install/hsi_interfaces/local/lib/python3.10/dist-packages/hsi_interfaces/_hsi_interfaces_s.ep.rosidl_typesupport_fastrtps_c.c
[1.793s] -- Up-to-date symlink: /home/adm.sof44944@gaia.fkie.fraunhofer.de/ros2_cs/install/hsi_interfaces/local/lib/python3.10/dist-packages/hsi_interfaces/_hsi_interfaces_s.ep.rosidl_typesupport_introspection_c.c
[1.793s] -- Up-to-date symlink: /home/adm.sof44944@gaia.fkie.fraunhofer.de/ros2_cs/install/hsi_interfaces/local/lib/python3.10/dist-packages/hsi_interfaces/hsi_interfaces_s__rosidl_typesupport_c.cpython-310-x86_64-linux-gnu.so
[1.793s] -- Up-to-date symlink: /home/adm.sof44944@gaia.fkie.fraunhofer.de/ros2_cs/install/hsi_interfaces/local/lib/python3.10/dist-packages/hsi_interfaces/hsi_interfaces_s__rosidl_typesupport_fastrtps_c.cpython-310-x86_64-linux-gnu.so
[1.793s] -- Up-to-date symlink: /home/adm.sof44944@gaia.fkie.fraunhofer.de/ros2_cs/install/hsi_interfaces/local/lib/python3.10/dist-packages/hsi_interfaces/hsi_interfaces_s__rosidl_typesupport_introspection_c.cpython-310-x86_64-linux-gnu.so
[1.794s] -- Up-to-date symlink: /home/adm.sof44944@gaia.fkie.fraunhofer.de/ros2_cs/install/hsi_interfaces/local/lib/python3.10/dist-packages/hsi_interfaces/libhsi_interfaces__rosidl_generator_py.so
[1.794s] -- Up-to-date symlink: /home/adm.sof44944@gaia.fkie.fraunhofer.de/ros2_cs/install/hsi_interfaces/local/lib/python3.10/dist-packages/hsi_interfaces/msg/__init__.py
[1.794s] -- Up-to-date symlink: /home/adm.sof44944@gaia.fkie.fraunhofer.de/ros2_cs/install/hsi_interfaces/local/lib/python3.10/dist-packages/hsi_interfaces/msg/_gesture.py
[1.795s] -- Up-to-date symlink: /home/adm.sof44944@gaia.fkie.fraunhofer.de/ros2_cs/install/hsi_interfaces/local/lib/python3.10/dist-packages/hsi_interfaces/msg/_gesture_s.c
[1.795s] -- Up-to-date symlink: /home/adm.sof44944@gaia.fkie.fraunhofer.de/ros2_cs/install/hsi_interfaces/local/lib/python3.10/dist-packages/hsi_interfaces/hsi_interfaces_s__rosidl_typesupport_fastrtps_c.cpython-310-x86_64-linux-gnu.so
[1.795s] -- Up-to-date symlink: /home/adm.sof44944@gaia.fkie.fraunhofer.de/ros2_cs/install/hsi_interfaces/local/lib/python3.10/dist-packages/hsi_interfaces/hsi_interfaces_s__rosidl_typesupport_introspection_c.cpython-310-x86_64-linux-gnu.so
[1.795s] -- Up-to-date symlink: /home/adm.sof44944@gaia.fkie.fraunhofer.de/ros2_cs/install/hsi_interfaces/local/lib/python3.10/dist-packages/hsi_interfaces/hsi_interfaces_s__rosidl_typesupport_c.cpython-310-x86_64-linux-gnu.so
[1.795s] -- Up-to-date symlink: /home/adm.sof44944@gaia.fkie.fraunhofer.de/ros2_cs/install/hsi_interfaces/share/hsi_interfaces/msg/Gesture.idl
[1.795s] -- Up-to-date symlink: /home/adm.sof44944@gaia.fkie.fraunhofer.de/ros2_cs/install/hsi_interfaces/share/hsi_interfaces/msg/Gesture.msg
[1.796s] -- Up-to-date symlink: /home/adm.sof44944@gaia.fkie.fraunhofer.de/ros2_cs/install/hsi_interfaces/share/ament_index/resource_index/package_run_dependencies/hsi_interfaces
[1.796s] -- Up-to-date symlink: /home/adm.sof44944@gaia.fkie.fraunhofer.de/ros2_cs/install/hsi_interfaces/share/ament_index/resource_index/parent_prefix_path/hsi_interfaces
[1.796s] -- Up-to-date symlink: /home/adm.sof44944@gaia.fkie.fraunhofer.de/ros2_cs/install/hsi_interfaces/share/hsi_interfaces/environment/ament_prefix_path.sh
[1.796s] -- Up-to-date symlink: /home/adm.sof44944@gaia.fkie.fraunhofer.de/ros2_cs/install/hsi_interfaces/share/hsi_interfaces/environment/ament_prefix_path.dsv
[1.796s] -- Up-to-date symlink: /home/adm.sof44944@gaia.fkie.fraunhofer.de/ros2_cs/install/hsi_interfaces/share/hsi_interfaces/environment/path.sh
[1.796s] -- Up-to-date symlink: /home/adm.sof44944@gaia.fkie.fraunhofer.de/ros2_cs/install/hsi_interfaces/share/hsi_interfaces/environment/path.dsv
[1.796s] -- Up-to-date symlink: /home/adm.sof44944@gaia.fkie.fraunhofer.de/ros2_cs/install/hsi_interfaces/share/hsi_interfaces/local_setup.bash
[1.796s] -- Up-to-date symlink: /home/adm.sof44944@gaia.fkie.fraunhofer.de/ros2_cs/install/hsi_interfaces/share/hsi_interfaces/local_setup.sh
[1.796s] -- Up-to-date symlink: /home/adm.sof44944@gaia.fkie.fraunhofer.de/ros2_cs/install/hsi_interfaces/share/hsi_interfaces/local_setup.zsh
[1.796s] -- Up-to-date symlink: /home/adm.sof44944@gaia.fkie.fraunhofer.de/ros2_cs/install/hsi_interfaces/share/hsi_interfaces/local_setup.dsv
[1.797s] -- Symlinking: /home/adm.sof44944@gaia.fkie.fraunhofer.de/ros2_cs/install/hsi_interfaces/share/hsi_interfaces/package.dsv
[1.799s] -- Up-to-date symlink: /home/adm.sof44944@gaia.fkie.fraunhofer.de/ros2_cs/install/hsi_interfaces/share/ament_index/resource_index/packages/hsi_interfaces
[1.799s] -- Up-to-date symlink: /home/adm.sof44944@gaia.fkie.fraunhofer.de/ros2_cs/install/hsi_interfaces/share/hsi_interfaces/cmake/rosidl_cmake-extras.cmake
[1.799s] -- Up-to-date symlink: /home/adm.sof44944@gaia.fkie.fraunhofer.de/ros2_cs/install/hsi_interfaces/share/hsi_interfaces/cmake/ament_cmake_export_include_directories-extras.cmake
[1.800s] -- Up-to-date symlink: /home/adm.sof44944@gaia.fkie.fraunhofer.de/ros2_cs/install/hsi_interfaces/share/hsi_interfaces/cmake/ament_cmake_export_libraries-extras.cmake
[1.800s] -- Up-to-date symlink: /home/adm.sof44944@gaia.fkie.fraunhofer.de/ros2_cs/install/hsi_interfaces/share/hsi_interfaces/cmake/ament_cmake_export_targets-extras.cmake
[1.800s] -- Up-to-date symlink: /home/adm.sof44944@gaia.fkie.fraunhofer.de/ros2_cs/install/hsi_interfaces/share/hsi_interfaces/cmake/rosidl_cmake_export_typesupport_targets-extras.cmake
[1.800s] -- Up-to-date symlink: /home/adm.sof44944@gaia.fkie.fraunhofer.de/ros2_cs/install/hsi_interfaces/share/hsi_interfaces/cmake/ament_cmake_export_dependencies-extras.cmake
[1.800s] -- Up-to-date symlink: /home/adm.sof44944@gaia.fkie.fraunhofer.de/ros2_cs/install/hsi_interfaces/share/hsi_interfaces/cmake/rosidl_cmake_export_typesupport_libraries-extras.cmake
[1.800s] -- Up-to-date symlink: /home/adm.sof44944@gaia.fkie.fraunhofer.de/ros2_cs/install/hsi_interfaces/share/hsi_interfaces/cmake/hsi_interfacesConfig.cmake
[1.800s] -- Up-to-date symlink: /home/adm.sof44944@gaia.fkie.fraunhofer.de/ros2_cs/install/hsi_interfaces/share/hsi_interfaces/cmake/hsi_interfacesConfig-version.cmake
[1.800s] -- Up-to-date symlink: /home/adm.sof44944@gaia.fkie.fraunhofer.de/ros2_cs/install/hsi_interfaces/share/hsi_interfaces/package.xml
[1.800s] -- Up-to-date: /home/adm.sof44944@gaia.fkie.fraunhofer.de/ros2_cs/install/hsi_interfaces/lib/libhsi_interfaces__rosidl_generator_c.so
[1.800s] -- Up-to-date: /home/adm.sof44944@gaia.fkie.fraunhofer.de/ros2_cs/install/hsi_interfaces/lib/libhsi_interfaces__rosidl_typesupport_fastrtps_c.so
[1.801s] -- Up-to-date: /home/adm.sof44944@gaia.fkie.fraunhofer.de/ros2_cs/install/hsi_interfaces/lib/libhsi_interfaces__rosidl_typesupport_introspection_c.so
[1.801s] -- Up-to-date: /home/adm.sof44944@gaia.fkie.fraunhofer.de/ros2_cs/install/hsi_interfaces/lib/libhsi_interfaces__rosidl_typesupport_c.so
[1.801s] -- Up-to-date: /home/adm.sof44944@gaia.fkie.fraunhofer.de/ros2_cs/install/hsi_interfaces/lib/libhsi_interfaces__rosidl_typesupport_fastrtps_cpp.so
[1.801s] -- Up-to-date: /home/adm.sof44944@gaia.fkie.fraunhofer.de/ros2_cs/install/hsi_interfaces/lib/libhsi_interfaces__rosidl_typesupport_introspection_cpp.so
[1.801s] -- Up-to-date: /home/adm.sof44944@gaia.fkie.fraunhofer.de/ros2_cs/install/hsi_interfaces/lib/libhsi_interfaces__rosidl_typesupport_cpp.so
[1.825s] Listing '/home/adm.sof44944@gaia.fkie.fraunhofer.de/ros2_cs/install/hsi_interfaces/local/lib/python3.10/dist-packages/hsi_interfaces'...
[1.825s] Compiling '/home/adm.sof44944@gaia.fkie.fraunhofer.de/ros2_cs/install/hsi_interfaces/local/lib/python3.10/dist-packages/hsi_interfaces/__init__.py'...
[1.826s] Listing '/home/adm.sof44944@gaia.fkie.fraunhofer.de/ros2_cs/install/hsi_interfaces/local/lib/python3.10/dist-packages/hsi_interfaces/msg'...
[1.829s] -- Up-to-date: /home/adm.sof44944@gaia.fkie.fraunhofer.de/ros2_cs/install/hsi_interfaces/lib/libhsi_interfaces__rosidl_generator_py.so
[1.829s] -- Up-to-date: /home/adm.sof44944@gaia.fkie.fraunhofer.de/ros2_cs/install/hsi_interfaces/share/hsi_interfaces/cmake/export_hsi_interfaces__rosidl_generator_cExport.cmake
[1.829s] -- Up-to-date: /home/adm.sof44944@gaia.fkie.fraunhofer.de/ros2_cs/install/hsi_interfaces/share/hsi_interfaces/cmake/export_hsi_interfaces__rosidl_generator_cExport-noconfig.cmake
[1.830s] -- Up-to-date: /home/adm.sof44944@gaia.fkie.fraunhofer.de/ros2_cs/install/hsi_interfaces/share/hsi_interfaces/cmake/export_hsi_interfaces__rosidl_typesupport_fastrtps_cExport.cmake
[1.830s] -- Up-to-date: /home/adm.sof44944@gaia.fkie.fraunhofer.de/ros2_cs/install/hsi_interfaces/share/hsi_interfaces/cmake/export_hsi_interfaces__rosidl_typesupport_fastrtps_cExport-noconfig.cmake
[1.830s] -- Up-to-date: /home/adm.sof44944@gaia.fkie.fraunhofer.de/ros2_cs/install/hsi_interfaces/share/hsi_interfaces/cmake/hsi_interfaces__rosidl_typesupport_introspection_cExport.cmake
[1.830s] -- Up-to-date: /home/adm.sof44944@gaia.fkie.fraunhofer.de/ros2_cs/install/hsi_interfaces/share/hsi_interfaces/cmake/hsi_interfaces__rosidl_typesupport_introspection_cExport-noconfig.cmake
[1.830s] -- Up-to-date: /home/adm.sof44944@gaia.fkie.fraunhofer.de/ros2_cs/install/hsi_interfaces/share/hsi_interfaces/cmake/hsi_interfaces__rosidl_typesupport_cExport.cmake
[1.831s] -- Up-to-date: /home/adm.sof44944@gaia.fkie.fraunhofer.de/ros2_cs/install/hsi_interfaces/share/hsi_interfaces/cmake/hsi_interfaces__rosidl_typesupport_cExport-noconfig.cmake
[1.831s] -- Up-to-date: /home/adm.sof44944@gaia.fkie.fraunhofer.de/ros2_cs/install/hsi_interfaces/share/hsi_interfaces/cmake/export_hsi_interfaces__rosidl_generator_cppExport.cmake
[1.831s] -- Up-to-date: /home/adm.sof44944@gaia.fkie.fraunhofer.de/ros2_cs/install/hsi_interfaces/share/hsi_interfaces/cmake/export_hsi_interfaces__rosidl_typesupport_fastrtps_cppExport.cmake
[1.831s] -- Up-to-date: /home/adm.sof44944@gaia.fkie.fraunhofer.de/ros2_cs/install/hsi_interfaces/share/hsi_interfaces/cmake/export_hsi_interfaces__rosidl_typesupport_fastrtps_cppExport-noconfig.cmake
[1.832s] -- Up-to-date: /home/adm.sof44944@gaia.fkie.fraunhofer.de/ros2_cs/install/hsi_interfaces/share/hsi_interfaces/cmake/hsi_interfaces__rosidl_typesupport_introspection_cppExport.cmake
[1.832s] -- Up-to-date: /home/adm.sof44944@gaia.fkie.fraunhofer.de/ros2_cs/install/hsi_interfaces/share/hsi_interfaces/cmake/hsi_interfaces__rosidl_typesupport_introspection_cppExport-noconfig.cmake
[1.832s] -- Up-to-date: /home/adm.sof44944@gaia.fkie.fraunhofer.de/ros2_cs/install/hsi_interfaces/share/hsi_interfaces/cmake/hsi_interfaces__rosidl_typesupport_cppExport.cmake
[1.833s] -- Up-to-date: /home/adm.sof44944@gaia.fkie.fraunhofer.de/ros2_cs/install/hsi_interfaces/share/hsi_interfaces/cmake/hsi_interfaces__rosidl_typesupport_cppExport-noconfig.cmake
[1.833s] -- Up-to-date: /home/adm.sof44944@gaia.fkie.fraunhofer.de/ros2_cs/install/hsi_interfaces/share/hsi_interfaces/cmake/export_hsi_interfaces__rosidl_generator_pyExport.cmake
[1.833s] -- Up-to-date: /home/adm.sof44944@gaia.fkie.fraunhofer.de/ros2_cs/install/hsi_interfaces/share/hsi_interfaces/cmake/export_hsi_interfaces__rosidl_generator_pyExport-noconfig.cmake
[1.909s] Invoked command in '/home/adm.sof44944@gaia.fkie.fraunhofer.de/ros2_cs/build/hsi_interfaces' returned '0': CMAKE_PREFIX_PATH=${CMAKE_PREFIX_PATH}:/home/adm.sof44944@gaia.fkie.fraunhofer.de/ros2_cs/install/joystick:/home/adm.sof44944@gaia.fkie.fraunhofer.de/ros2_cs/install/hsi:/home/adm.sof44944@gaia.fkie.fraunhofer.de/ros2_cs/install/gesture:/home/adm.sof44944@gaia.fkie.fraunhofer.de/ros2_cs/install/crazyflie_py:/home/adm.sof44944@gaia.fkie.fraunhofer.de/ros2_cs/install/bioharness:/opt/ros/humble /usr/bin/cmake --install /home/adm.sof44944@gaia.fkie.fraunhofer.de/ros2_cs/build/hsi_interfaces
