[0.229s] Invoking command in '/home/adm.sof44944@gaia.fkie.fraunhofer.de/ros2_cs/build/crazyflie_sim': CMAKE_PREFIX_PATH=/home/adm.sof44944@gaia.fkie.fraunhofer.de/ros2_cs/install/crazyflie_interfaces:/home/adm.sof44944@gaia.fkie.fraunhofer.de/ros2_cs/install/motion_capture_tracking:/home/adm.sof44944@gaia.fkie.fraunhofer.de/ros2_cs/install/crazyflie:/home/adm.sof44944@gaia.fkie.fraunhofer.de/ros2_cs/install/motion_capture_tracking_interfaces:/home/adm.sof44944@gaia.fkie.fraunhofer.de/ros2_cs/install/crazyflie_sim:/home/adm.sof44944@gaia.fkie.fraunhofer.de/ros2_cs/install/crazyflie_examples:/home/adm.sof44944@gaia.fkie.fraunhofer.de/ros2_cs/install/joystick:/home/adm.sof44944@gaia.fkie.fraunhofer.de/ros2_cs/install/hsi:/home/adm.sof44944@gaia.fkie.fraunhofer.de/ros2_cs/install/gesture:/home/adm.sof44944@gaia.fkie.fraunhofer.de/ros2_cs/install/crazyflie_py:/home/adm.sof44944@gaia.fkie.fraunhofer.de/ros2_cs/install/bioharness:/opt/ros/humble LD_LIBRARY_PATH=/home/adm.sof44944@gaia.fkie.fraunhofer.de/ros2_cs/install/crazyflie_interfaces/lib:/home/adm.sof44944@gaia.fkie.fraunhofer.de/ros2_cs/install/motion_capture_tracking_interfaces/lib:/opt/ros/humble/opt/rviz_ogre_vendor/lib:/opt/ros/humble/lib/x86_64-linux-gnu:/opt/ros/humble/lib /usr/bin/cmake /home/adm.sof44944@gaia.fkie.fraunhofer.de/ros2_cs/src/crazyswarm2/crazyflie_sim -DAMENT_CMAKE_SYMLINK_INSTALL=1 -DCMAKE_INSTALL_PREFIX=/home/adm.sof44944@gaia.fkie.fraunhofer.de/ros2_cs/install/crazyflie_sim
[0.240s] -- Found ament_cmake: 1.3.5 (/opt/ros/humble/share/ament_cmake/cmake)
[0.350s] -- Override CMake install command with custom implementation using symlinks instead of copying resources
[0.400s] -- Found ament_cmake_pytest: 1.3.5 (/opt/ros/humble/share/ament_cmake_pytest/cmake)
[0.925s] -- Configuring done
[0.927s] -- Generating done
[0.928s] -- Build files have been written to: /home/adm.sof44944@gaia.fkie.fraunhofer.de/ros2_cs/build/crazyflie_sim
[0.930s] Invoked command in '/home/adm.sof44944@gaia.fkie.fraunhofer.de/ros2_cs/build/crazyflie_sim' returned '0': CMAKE_PREFIX_PATH=/home/adm.sof44944@gaia.fkie.fraunhofer.de/ros2_cs/install/crazyflie_interfaces:/home/adm.sof44944@gaia.fkie.fraunhofer.de/ros2_cs/install/motion_capture_tracking:/home/adm.sof44944@gaia.fkie.fraunhofer.de/ros2_cs/install/crazyflie:/home/adm.sof44944@gaia.fkie.fraunhofer.de/ros2_cs/install/motion_capture_tracking_interfaces:/home/adm.sof44944@gaia.fkie.fraunhofer.de/ros2_cs/install/crazyflie_sim:/home/adm.sof44944@gaia.fkie.fraunhofer.de/ros2_cs/install/crazyflie_examples:/home/adm.sof44944@gaia.fkie.fraunhofer.de/ros2_cs/install/joystick:/home/adm.sof44944@gaia.fkie.fraunhofer.de/ros2_cs/install/hsi:/home/adm.sof44944@gaia.fkie.fraunhofer.de/ros2_cs/install/gesture:/home/adm.sof44944@gaia.fkie.fraunhofer.de/ros2_cs/install/crazyflie_py:/home/adm.sof44944@gaia.fkie.fraunhofer.de/ros2_cs/install/bioharness:/opt/ros/humble LD_LIBRARY_PATH=/home/adm.sof44944@gaia.fkie.fraunhofer.de/ros2_cs/install/crazyflie_interfaces/lib:/home/adm.sof44944@gaia.fkie.fraunhofer.de/ros2_cs/install/motion_capture_tracking_interfaces/lib:/opt/ros/humble/opt/rviz_ogre_vendor/lib:/opt/ros/humble/lib/x86_64-linux-gnu:/opt/ros/humble/lib /usr/bin/cmake /home/adm.sof44944@gaia.fkie.fraunhofer.de/ros2_cs/src/crazyswarm2/crazyflie_sim -DAMENT_CMAKE_SYMLINK_INSTALL=1 -DCMAKE_INSTALL_PREFIX=/home/adm.sof44944@gaia.fkie.fraunhofer.de/ros2_cs/install/crazyflie_sim
[0.932s] Invoking command in '/home/adm.sof44944@gaia.fkie.fraunhofer.de/ros2_cs/build/crazyflie_sim': CMAKE_PREFIX_PATH=/home/adm.sof44944@gaia.fkie.fraunhofer.de/ros2_cs/install/crazyflie_interfaces:/home/adm.sof44944@gaia.fkie.fraunhofer.de/ros2_cs/install/motion_capture_tracking:/home/adm.sof44944@gaia.fkie.fraunhofer.de/ros2_cs/install/crazyflie:/home/adm.sof44944@gaia.fkie.fraunhofer.de/ros2_cs/install/motion_capture_tracking_interfaces:/home/adm.sof44944@gaia.fkie.fraunhofer.de/ros2_cs/install/crazyflie_sim:/home/adm.sof44944@gaia.fkie.fraunhofer.de/ros2_cs/install/crazyflie_examples:/home/adm.sof44944@gaia.fkie.fraunhofer.de/ros2_cs/install/joystick:/home/adm.sof44944@gaia.fkie.fraunhofer.de/ros2_cs/install/hsi:/home/adm.sof44944@gaia.fkie.fraunhofer.de/ros2_cs/install/gesture:/home/adm.sof44944@gaia.fkie.fraunhofer.de/ros2_cs/install/crazyflie_py:/home/adm.sof44944@gaia.fkie.fraunhofer.de/ros2_cs/install/bioharness:/opt/ros/humble LD_LIBRARY_PATH=/home/adm.sof44944@gaia.fkie.fraunhofer.de/ros2_cs/install/crazyflie_interfaces/lib:/home/adm.sof44944@gaia.fkie.fraunhofer.de/ros2_cs/install/motion_capture_tracking_interfaces/lib:/opt/ros/humble/opt/rviz_ogre_vendor/lib:/opt/ros/humble/lib/x86_64-linux-gnu:/opt/ros/humble/lib /usr/bin/cmake --build /home/adm.sof44944@gaia.fkie.fraunhofer.de/ros2_cs/build/crazyflie_sim -- -j12 -l12
[0.977s] Built target ament_cmake_python_symlink_crazyflie_sim_setup
[0.980s] Built target ament_cmake_python_symlink_crazyflie_sim
[1.182s] running install_scripts
[1.202s] running egg_info
[1.203s] writing crazyflie_sim.egg-info/PKG-INFO
[1.203s] writing dependency_links to crazyflie_sim.egg-info/dependency_links.txt
[1.203s] writing entry points to crazyflie_sim.egg-info/entry_points.txt
[1.203s] writing top-level names to crazyflie_sim.egg-info/top_level.txt
[1.204s] reading manifest file 'crazyflie_sim.egg-info/SOURCES.txt'
[1.205s] writing manifest file 'crazyflie_sim.egg-info/SOURCES.txt'
[1.206s] Installing crazyflie_server script to scripts
[1.236s] Built target ament_cmake_python_build_crazyflie_sim_scripts
[1.318s] running egg_info
[1.319s] writing crazyflie_sim.egg-info/PKG-INFO
[1.319s] writing dependency_links to crazyflie_sim.egg-info/dependency_links.txt
[1.319s] writing entry points to crazyflie_sim.egg-info/entry_points.txt
[1.320s] writing top-level names to crazyflie_sim.egg-info/top_level.txt
[1.321s] reading manifest file 'crazyflie_sim.egg-info/SOURCES.txt'
[1.321s] writing manifest file 'crazyflie_sim.egg-info/SOURCES.txt'
[1.343s] Built target ament_cmake_python_build_crazyflie_sim_egg
[1.419s] Invoked command in '/home/adm.sof44944@gaia.fkie.fraunhofer.de/ros2_cs/build/crazyflie_sim' returned '0': CMAKE_PREFIX_PATH=/home/adm.sof44944@gaia.fkie.fraunhofer.de/ros2_cs/install/crazyflie_interfaces:/home/adm.sof44944@gaia.fkie.fraunhofer.de/ros2_cs/install/motion_capture_tracking:/home/adm.sof44944@gaia.fkie.fraunhofer.de/ros2_cs/install/crazyflie:/home/adm.sof44944@gaia.fkie.fraunhofer.de/ros2_cs/install/motion_capture_tracking_interfaces:/home/adm.sof44944@gaia.fkie.fraunhofer.de/ros2_cs/install/crazyflie_sim:/home/adm.sof44944@gaia.fkie.fraunhofer.de/ros2_cs/install/crazyflie_examples:/home/adm.sof44944@gaia.fkie.fraunhofer.de/ros2_cs/install/joystick:/home/adm.sof44944@gaia.fkie.fraunhofer.de/ros2_cs/install/hsi:/home/adm.sof44944@gaia.fkie.fraunhofer.de/ros2_cs/install/gesture:/home/adm.sof44944@gaia.fkie.fraunhofer.de/ros2_cs/install/crazyflie_py:/home/adm.sof44944@gaia.fkie.fraunhofer.de/ros2_cs/install/bioharness:/opt/ros/humble LD_LIBRARY_PATH=/home/adm.sof44944@gaia.fkie.fraunhofer.de/ros2_cs/install/crazyflie_interfaces/lib:/home/adm.sof44944@gaia.fkie.fraunhofer.de/ros2_cs/install/motion_capture_tracking_interfaces/lib:/opt/ros/humble/opt/rviz_ogre_vendor/lib:/opt/ros/humble/lib/x86_64-linux-gnu:/opt/ros/humble/lib /usr/bin/cmake --build /home/adm.sof44944@gaia.fkie.fraunhofer.de/ros2_cs/build/crazyflie_sim -- -j12 -l12
[2.023s] Invoking command in '/home/adm.sof44944@gaia.fkie.fraunhofer.de/ros2_cs/build/crazyflie_sim': CMAKE_PREFIX_PATH=/home/adm.sof44944@gaia.fkie.fraunhofer.de/ros2_cs/install/crazyflie_interfaces:/home/adm.sof44944@gaia.fkie.fraunhofer.de/ros2_cs/install/motion_capture_tracking:/home/adm.sof44944@gaia.fkie.fraunhofer.de/ros2_cs/install/crazyflie:/home/adm.sof44944@gaia.fkie.fraunhofer.de/ros2_cs/install/motion_capture_tracking_interfaces:/home/adm.sof44944@gaia.fkie.fraunhofer.de/ros2_cs/install/crazyflie_sim:/home/adm.sof44944@gaia.fkie.fraunhofer.de/ros2_cs/install/crazyflie_examples:/home/adm.sof44944@gaia.fkie.fraunhofer.de/ros2_cs/install/joystick:/home/adm.sof44944@gaia.fkie.fraunhofer.de/ros2_cs/install/hsi:/home/adm.sof44944@gaia.fkie.fraunhofer.de/ros2_cs/install/gesture:/home/adm.sof44944@gaia.fkie.fraunhofer.de/ros2_cs/install/crazyflie_py:/home/adm.sof44944@gaia.fkie.fraunhofer.de/ros2_cs/install/bioharness:/opt/ros/humble LD_LIBRARY_PATH=/home/adm.sof44944@gaia.fkie.fraunhofer.de/ros2_cs/install/crazyflie_interfaces/lib:/home/adm.sof44944@gaia.fkie.fraunhofer.de/ros2_cs/install/motion_capture_tracking_interfaces/lib:/opt/ros/humble/opt/rviz_ogre_vendor/lib:/opt/ros/humble/lib/x86_64-linux-gnu:/opt/ros/humble/lib /usr/bin/cmake --install /home/adm.sof44944@gaia.fkie.fraunhofer.de/ros2_cs/build/crazyflie_sim
[2.034s] -- Install configuration: ""
[2.034s] -- Execute custom install script
[2.035s] -- Up-to-date symlink: /home/adm.sof44944@gaia.fkie.fraunhofer.de/ros2_cs/install/crazyflie_sim/share/crazyflie_sim/environment/pythonpath.sh
[2.035s] -- Up-to-date symlink: /home/adm.sof44944@gaia.fkie.fraunhofer.de/ros2_cs/install/crazyflie_sim/share/crazyflie_sim/environment/pythonpath.dsv
[2.035s] -- Up-to-date symlink: /home/adm.sof44944@gaia.fkie.fraunhofer.de/ros2_cs/install/crazyflie_sim/local/lib/python3.10/dist-packages/crazyflie_sim-2.0.0-py3.10.egg-info/PKG-INFO
[2.036s] -- Up-to-date symlink: /home/adm.sof44944@gaia.fkie.fraunhofer.de/ros2_cs/install/crazyflie_sim/local/lib/python3.10/dist-packages/crazyflie_sim-2.0.0-py3.10.egg-info/SOURCES.txt
[2.036s] -- Up-to-date symlink: /home/adm.sof44944@gaia.fkie.fraunhofer.de/ros2_cs/install/crazyflie_sim/local/lib/python3.10/dist-packages/crazyflie_sim-2.0.0-py3.10.egg-info/dependency_links.txt
[2.036s] -- Up-to-date symlink: /home/adm.sof44944@gaia.fkie.fraunhofer.de/ros2_cs/install/crazyflie_sim/local/lib/python3.10/dist-packages/crazyflie_sim-2.0.0-py3.10.egg-info/entry_points.txt
[2.036s] -- Up-to-date symlink: /home/adm.sof44944@gaia.fkie.fraunhofer.de/ros2_cs/install/crazyflie_sim/local/lib/python3.10/dist-packages/crazyflie_sim-2.0.0-py3.10.egg-info/top_level.txt
[2.037s] -- Up-to-date symlink: /home/adm.sof44944@gaia.fkie.fraunhofer.de/ros2_cs/install/crazyflie_sim/lib/crazyflie_sim//crazyflie_server
[2.038s] -- Up-to-date symlink: /home/adm.sof44944@gaia.fkie.fraunhofer.de/ros2_cs/install/crazyflie_sim/local/lib/python3.10/dist-packages/crazyflie_sim/__init__.py
[2.038s] -- Up-to-date symlink: /home/adm.sof44944@gaia.fkie.fraunhofer.de/ros2_cs/install/crazyflie_sim/local/lib/python3.10/dist-packages/crazyflie_sim/backend/none.py
[2.038s] -- Up-to-date symlink: /home/adm.sof44944@gaia.fkie.fraunhofer.de/ros2_cs/install/crazyflie_sim/local/lib/python3.10/dist-packages/crazyflie_sim/backend/np.py
[2.038s] -- Up-to-date symlink: /home/adm.sof44944@gaia.fkie.fraunhofer.de/ros2_cs/install/crazyflie_sim/local/lib/python3.10/dist-packages/crazyflie_sim/crazyflie_server.py
[2.038s] -- Up-to-date symlink: /home/adm.sof44944@gaia.fkie.fraunhofer.de/ros2_cs/install/crazyflie_sim/local/lib/python3.10/dist-packages/crazyflie_sim/crazyflie_sil.py
[2.039s] -- Up-to-date symlink: /home/adm.sof44944@gaia.fkie.fraunhofer.de/ros2_cs/install/crazyflie_sim/local/lib/python3.10/dist-packages/crazyflie_sim/sim_data_types.py
[2.039s] -- Up-to-date symlink: /home/adm.sof44944@gaia.fkie.fraunhofer.de/ros2_cs/install/crazyflie_sim/local/lib/python3.10/dist-packages/crazyflie_sim/visualization/README.md
[2.039s] -- Up-to-date symlink: /home/adm.sof44944@gaia.fkie.fraunhofer.de/ros2_cs/install/crazyflie_sim/local/lib/python3.10/dist-packages/crazyflie_sim/visualization/blender.py
[2.039s] -- Up-to-date symlink: /home/adm.sof44944@gaia.fkie.fraunhofer.de/ros2_cs/install/crazyflie_sim/local/lib/python3.10/dist-packages/crazyflie_sim/visualization/data/README.md
[2.039s] -- Up-to-date symlink: /home/adm.sof44944@gaia.fkie.fraunhofer.de/ros2_cs/install/crazyflie_sim/local/lib/python3.10/dist-packages/crazyflie_sim/visualization/data/env/abandoned_greenhouse.jpg
[2.040s] -- Up-to-date symlink: /home/adm.sof44944@gaia.fkie.fraunhofer.de/ros2_cs/install/crazyflie_sim/local/lib/python3.10/dist-packages/crazyflie_sim/visualization/data/env/aerodynamics_workshop.jpg
[2.040s] -- Up-to-date symlink: /home/adm.sof44944@gaia.fkie.fraunhofer.de/ros2_cs/install/crazyflie_sim/local/lib/python3.10/dist-packages/crazyflie_sim/visualization/data/env/aviation_museum.jpg
[2.040s] -- Up-to-date symlink: /home/adm.sof44944@gaia.fkie.fraunhofer.de/ros2_cs/install/crazyflie_sim/local/lib/python3.10/dist-packages/crazyflie_sim/visualization/data/env/crosswalk.jpg
[2.040s] -- Up-to-date symlink: /home/adm.sof44944@gaia.fkie.fraunhofer.de/ros2_cs/install/crazyflie_sim/local/lib/python3.10/dist-packages/crazyflie_sim/visualization/data/env/derelict_overpass.jpg
[2.040s] -- Up-to-date symlink: /home/adm.sof44944@gaia.fkie.fraunhofer.de/ros2_cs/install/crazyflie_sim/local/lib/python3.10/dist-packages/crazyflie_sim/visualization/data/env/env.jpg
[2.040s] -- Up-to-date symlink: /home/adm.sof44944@gaia.fkie.fraunhofer.de/ros2_cs/install/crazyflie_sim/local/lib/python3.10/dist-packages/crazyflie_sim/visualization/data/env/lago_disola.jpg
[2.041s] -- Up-to-date symlink: /home/adm.sof44944@gaia.fkie.fraunhofer.de/ros2_cs/install/crazyflie_sim/local/lib/python3.10/dist-packages/crazyflie_sim/visualization/data/env/lake_pier.jpg
[2.041s] -- Up-to-date symlink: /home/adm.sof44944@gaia.fkie.fraunhofer.de/ros2_cs/install/crazyflie_sim/local/lib/python3.10/dist-packages/crazyflie_sim/visualization/data/env/machine_shop.jpg
[2.041s] -- Up-to-date symlink: /home/adm.sof44944@gaia.fkie.fraunhofer.de/ros2_cs/install/crazyflie_sim/local/lib/python3.10/dist-packages/crazyflie_sim/visualization/data/env/museumplein.jpg
[2.041s] -- Up-to-date symlink: /home/adm.sof44944@gaia.fkie.fraunhofer.de/ros2_cs/install/crazyflie_sim/local/lib/python3.10/dist-packages/crazyflie_sim/visualization/data/env/peppermint_powerplant.jpg
[2.041s] -- Up-to-date symlink: /home/adm.sof44944@gaia.fkie.fraunhofer.de/ros2_cs/install/crazyflie_sim/local/lib/python3.10/dist-packages/crazyflie_sim/visualization/data/env/studio_garden.jpg
[2.042s] -- Up-to-date symlink: /home/adm.sof44944@gaia.fkie.fraunhofer.de/ros2_cs/install/crazyflie_sim/local/lib/python3.10/dist-packages/crazyflie_sim/visualization/data/model/cf.mtl
[2.042s] -- Up-to-date symlink: /home/adm.sof44944@gaia.fkie.fraunhofer.de/ros2_cs/install/crazyflie_sim/local/lib/python3.10/dist-packages/crazyflie_sim/visualization/data/model/cf.obj
[2.042s] -- Up-to-date symlink: /home/adm.sof44944@gaia.fkie.fraunhofer.de/ros2_cs/install/crazyflie_sim/local/lib/python3.10/dist-packages/crazyflie_sim/visualization/pdf.py
[2.042s] -- Up-to-date symlink: /home/adm.sof44944@gaia.fkie.fraunhofer.de/ros2_cs/install/crazyflie_sim/local/lib/python3.10/dist-packages/crazyflie_sim/visualization/record_states.py
[2.042s] -- Up-to-date symlink: /home/adm.sof44944@gaia.fkie.fraunhofer.de/ros2_cs/install/crazyflie_sim/local/lib/python3.10/dist-packages/crazyflie_sim/visualization/rviz.py
[2.042s] -- Up-to-date symlink: /home/adm.sof44944@gaia.fkie.fraunhofer.de/ros2_cs/install/crazyflie_sim/share/ament_index/resource_index/package_run_dependencies/crazyflie_sim
[2.043s] -- Up-to-date symlink: /home/adm.sof44944@gaia.fkie.fraunhofer.de/ros2_cs/install/crazyflie_sim/share/ament_index/resource_index/parent_prefix_path/crazyflie_sim
[2.043s] -- Up-to-date symlink: /home/adm.sof44944@gaia.fkie.fraunhofer.de/ros2_cs/install/crazyflie_sim/share/crazyflie_sim/environment/ament_prefix_path.sh
[2.043s] -- Up-to-date symlink: /home/adm.sof44944@gaia.fkie.fraunhofer.de/ros2_cs/install/crazyflie_sim/share/crazyflie_sim/environment/ament_prefix_path.dsv
[2.043s] -- Up-to-date symlink: /home/adm.sof44944@gaia.fkie.fraunhofer.de/ros2_cs/install/crazyflie_sim/share/crazyflie_sim/environment/path.sh
[2.044s] -- Up-to-date symlink: /home/adm.sof44944@gaia.fkie.fraunhofer.de/ros2_cs/install/crazyflie_sim/share/crazyflie_sim/environment/path.dsv
[2.044s] -- Up-to-date symlink: /home/adm.sof44944@gaia.fkie.fraunhofer.de/ros2_cs/install/crazyflie_sim/share/crazyflie_sim/local_setup.bash
[2.044s] -- Up-to-date symlink: /home/adm.sof44944@gaia.fkie.fraunhofer.de/ros2_cs/install/crazyflie_sim/share/crazyflie_sim/local_setup.sh
[2.044s] -- Up-to-date symlink: /home/adm.sof44944@gaia.fkie.fraunhofer.de/ros2_cs/install/crazyflie_sim/share/crazyflie_sim/local_setup.zsh
[2.044s] -- Up-to-date symlink: /home/adm.sof44944@gaia.fkie.fraunhofer.de/ros2_cs/install/crazyflie_sim/share/crazyflie_sim/local_setup.dsv
[2.045s] -- Symlinking: /home/adm.sof44944@gaia.fkie.fraunhofer.de/ros2_cs/install/crazyflie_sim/share/crazyflie_sim/package.dsv
[2.060s] -- Up-to-date symlink: /home/adm.sof44944@gaia.fkie.fraunhofer.de/ros2_cs/install/crazyflie_sim/share/ament_index/resource_index/packages/crazyflie_sim
[2.060s] -- Up-to-date symlink: /home/adm.sof44944@gaia.fkie.fraunhofer.de/ros2_cs/install/crazyflie_sim/share/crazyflie_sim/cmake/crazyflie_simConfig.cmake
[2.060s] -- Up-to-date symlink: /home/adm.sof44944@gaia.fkie.fraunhofer.de/ros2_cs/install/crazyflie_sim/share/crazyflie_sim/cmake/crazyflie_simConfig-version.cmake
[2.061s] -- Up-to-date symlink: /home/adm.sof44944@gaia.fkie.fraunhofer.de/ros2_cs/install/crazyflie_sim/share/crazyflie_sim/package.xml
[2.125s] Listing '/home/adm.sof44944@gaia.fkie.fraunhofer.de/ros2_cs/install/crazyflie_sim/local/lib/python3.10/dist-packages/crazyflie_sim'...
[2.125s] Listing '/home/adm.sof44944@gaia.fkie.fraunhofer.de/ros2_cs/install/crazyflie_sim/local/lib/python3.10/dist-packages/crazyflie_sim/backend'...
[2.125s] Listing '/home/adm.sof44944@gaia.fkie.fraunhofer.de/ros2_cs/install/crazyflie_sim/local/lib/python3.10/dist-packages/crazyflie_sim/visualization'...
[2.125s] Listing '/home/adm.sof44944@gaia.fkie.fraunhofer.de/ros2_cs/install/crazyflie_sim/local/lib/python3.10/dist-packages/crazyflie_sim/visualization/data'...
[2.125s] Listing '/home/adm.sof44944@gaia.fkie.fraunhofer.de/ros2_cs/install/crazyflie_sim/local/lib/python3.10/dist-packages/crazyflie_sim/visualization/data/env'...
[2.125s] Listing '/home/adm.sof44944@gaia.fkie.fraunhofer.de/ros2_cs/install/crazyflie_sim/local/lib/python3.10/dist-packages/crazyflie_sim/visualization/data/model'...
[2.174s] Invoked command in '/home/adm.sof44944@gaia.fkie.fraunhofer.de/ros2_cs/build/crazyflie_sim' returned '0': CMAKE_PREFIX_PATH=/home/adm.sof44944@gaia.fkie.fraunhofer.de/ros2_cs/install/crazyflie_interfaces:/home/adm.sof44944@gaia.fkie.fraunhofer.de/ros2_cs/install/motion_capture_tracking:/home/adm.sof44944@gaia.fkie.fraunhofer.de/ros2_cs/install/crazyflie:/home/adm.sof44944@gaia.fkie.fraunhofer.de/ros2_cs/install/motion_capture_tracking_interfaces:/home/adm.sof44944@gaia.fkie.fraunhofer.de/ros2_cs/install/crazyflie_sim:/home/adm.sof44944@gaia.fkie.fraunhofer.de/ros2_cs/install/crazyflie_examples:/home/adm.sof44944@gaia.fkie.fraunhofer.de/ros2_cs/install/joystick:/home/adm.sof44944@gaia.fkie.fraunhofer.de/ros2_cs/install/hsi:/home/adm.sof44944@gaia.fkie.fraunhofer.de/ros2_cs/install/gesture:/home/adm.sof44944@gaia.fkie.fraunhofer.de/ros2_cs/install/crazyflie_py:/home/adm.sof44944@gaia.fkie.fraunhofer.de/ros2_cs/install/bioharness:/opt/ros/humble LD_LIBRARY_PATH=/home/adm.sof44944@gaia.fkie.fraunhofer.de/ros2_cs/install/crazyflie_interfaces/lib:/home/adm.sof44944@gaia.fkie.fraunhofer.de/ros2_cs/install/motion_capture_tracking_interfaces/lib:/opt/ros/humble/opt/rviz_ogre_vendor/lib:/opt/ros/humble/lib/x86_64-linux-gnu:/opt/ros/humble/lib /usr/bin/cmake --install /home/adm.sof44944@gaia.fkie.fraunhofer.de/ros2_cs/build/crazyflie_sim
