[0.596s] Invoking command in '/home/adm.sof44944@gaia.fkie.fraunhofer.de/ros2_cs/build/hsi_interfaces': CMAKE_PREFIX_PATH=${CMAKE_PREFIX_PATH}:/home/adm.sof44944@gaia.fkie.fraunhofer.de/ros2_cs/install/joystick:/home/adm.sof44944@gaia.fkie.fraunhofer.de/ros2_cs/install/hsi:/home/adm.sof44944@gaia.fkie.fraunhofer.de/ros2_cs/install/gesture:/home/adm.sof44944@gaia.fkie.fraunhofer.de/ros2_cs/install/crazyflie_py:/home/adm.sof44944@gaia.fkie.fraunhofer.de/ros2_cs/install/bioharness:/opt/ros/humble /usr/bin/cmake /home/adm.sof44944@gaia.fkie.fraunhofer.de/ros2_cs/src/hsi_interfaces -DAMENT_CMAKE_SYMLINK_INSTALL=1 -DCMAKE_INSTALL_PREFIX=/home/adm.sof44944@gaia.fkie.fraunhofer.de/ros2_cs/install/hsi_interfaces
[0.605s] -- Found ament_cmake: 1.3.5 (/opt/ros/humble/share/ament_cmake/cmake)
[0.719s] -- Override CMake install command with custom implementation using symlinks instead of copying resources
[0.724s] -- Found rosidl_default_generators: 1.2.0 (/opt/ros/humble/share/rosidl_default_generators/cmake)
[0.726s] -- Using all available rosidl_typesupport_c: rosidl_typesupport_fastrtps_c;rosidl_typesupport_introspection_c
[0.727s] -- Found rosidl_adapter: 3.1.5 (/opt/ros/humble/share/rosidl_adapter/cmake)
[0.748s] -- Using all available rosidl_typesupport_cpp: rosidl_typesupport_fastrtps_cpp;rosidl_typesupport_introspection_cpp
[1.050s] -- Found ament_cmake_ros: 0.10.0 (/opt/ros/humble/share/ament_cmake_ros/cmake)
[1.327s] -- Using all available rosidl_typesupport_c: rosidl_typesupport_fastrtps_c;rosidl_typesupport_introspection_c
[1.662s] -- Using all available rosidl_typesupport_cpp: rosidl_typesupport_fastrtps_cpp;rosidl_typesupport_introspection_cpp
[1.698s] -- Found PythonInterp: /usr/bin/python3 (found suitable version "3.10.12", minimum required is "3.6") 
[1.700s] -- Found python_cmake_module: 0.10.0 (/opt/ros/humble/share/python_cmake_module/cmake)
[1.734s] -- Found PythonLibs: /usr/lib/x86_64-linux-gnu/libpython3.10.so (found suitable version "3.10.12", minimum required is "3.5") 
[1.734s] -- Using PYTHON_EXECUTABLE: /usr/bin/python3
[1.734s] -- Using PYTHON_INCLUDE_DIRS: /usr/include/python3.10
[1.734s] -- Using PYTHON_LIBRARIES: /usr/lib/x86_64-linux-gnu/libpython3.10.so
[1.769s] -- Found PythonExtra: .so  
[1.812s] -- Found ament_lint_auto: 0.12.8 (/opt/ros/humble/share/ament_lint_auto/cmake)
[1.828s] -- Added test 'lint_cmake' to check CMake code style
[1.829s] -- Added test 'xmllint' to check XML markup files
[1.831s] -- Configuring done
[1.861s] -- Generating done
[1.864s] -- Build files have been written to: /home/adm.sof44944@gaia.fkie.fraunhofer.de/ros2_cs/build/hsi_interfaces
[1.925s] Invoked command in '/home/adm.sof44944@gaia.fkie.fraunhofer.de/ros2_cs/build/hsi_interfaces' returned '0': CMAKE_PREFIX_PATH=${CMAKE_PREFIX_PATH}:/home/adm.sof44944@gaia.fkie.fraunhofer.de/ros2_cs/install/joystick:/home/adm.sof44944@gaia.fkie.fraunhofer.de/ros2_cs/install/hsi:/home/adm.sof44944@gaia.fkie.fraunhofer.de/ros2_cs/install/gesture:/home/adm.sof44944@gaia.fkie.fraunhofer.de/ros2_cs/install/crazyflie_py:/home/adm.sof44944@gaia.fkie.fraunhofer.de/ros2_cs/install/bioharness:/opt/ros/humble /usr/bin/cmake /home/adm.sof44944@gaia.fkie.fraunhofer.de/ros2_cs/src/hsi_interfaces -DAMENT_CMAKE_SYMLINK_INSTALL=1 -DCMAKE_INSTALL_PREFIX=/home/adm.sof44944@gaia.fkie.fraunhofer.de/ros2_cs/install/hsi_interfaces
[1.926s] Invoking command in '/home/adm.sof44944@gaia.fkie.fraunhofer.de/ros2_cs/build/hsi_interfaces': CMAKE_PREFIX_PATH=${CMAKE_PREFIX_PATH}:/home/adm.sof44944@gaia.fkie.fraunhofer.de/ros2_cs/install/joystick:/home/adm.sof44944@gaia.fkie.fraunhofer.de/ros2_cs/install/hsi:/home/adm.sof44944@gaia.fkie.fraunhofer.de/ros2_cs/install/gesture:/home/adm.sof44944@gaia.fkie.fraunhofer.de/ros2_cs/install/crazyflie_py:/home/adm.sof44944@gaia.fkie.fraunhofer.de/ros2_cs/install/bioharness:/opt/ros/humble /usr/bin/cmake --build /home/adm.sof44944@gaia.fkie.fraunhofer.de/ros2_cs/build/hsi_interfaces -- -j12 -l12
[1.970s] [  3%] [34m[1mGenerating C code for ROS interfaces[0m
[1.981s] [  6%] [34m[1mGenerating C++ code for ROS interfaces[0m
[1.996s] [  6%] Built target ament_cmake_python_symlink_hsi_interfaces
[2.166s] [  6%] Built target hsi_interfaces__cpp
[2.173s] [  9%] [34m[1mGenerating C++ type support dispatch for ROS interfaces[0m
[2.179s] [ 16%] [34m[1mGenerating C++ type support for eProsima Fast-RTPS[0m
[2.179s] [ 16%] [34m[1mGenerating C++ introspection for ROS interfaces[0m
[2.306s] [ 19%] [32mBuilding C object CMakeFiles/hsi_interfaces__rosidl_generator_c.dir/rosidl_generator_c/hsi_interfaces/msg/detail/gesture__functions.c.o[0m
[2.323s] [ 22%] [32mBuilding CXX object CMakeFiles/hsi_interfaces__rosidl_typesupport_cpp.dir/rosidl_typesupport_cpp/hsi_interfaces/msg/gesture__type_support.cpp.o[0m
[2.346s] [ 25%] [32mBuilding CXX object CMakeFiles/hsi_interfaces__rosidl_typesupport_introspection_cpp.dir/rosidl_typesupport_introspection_cpp/hsi_interfaces/msg/detail/gesture__type_support.cpp.o[0m
[2.363s] [ 29%] [32m[1mLinking C shared library libhsi_interfaces__rosidl_generator_c.so[0m
[2.394s] running egg_info
[2.394s] creating hsi_interfaces.egg-info
[2.394s] writing hsi_interfaces.egg-info/PKG-INFO
[2.394s] writing dependency_links to hsi_interfaces.egg-info/dependency_links.txt
[2.395s] writing top-level names to hsi_interfaces.egg-info/top_level.txt
[2.395s] writing manifest file 'hsi_interfaces.egg-info/SOURCES.txt'
[2.398s] reading manifest file 'hsi_interfaces.egg-info/SOURCES.txt'
[2.399s] writing manifest file 'hsi_interfaces.egg-info/SOURCES.txt'
[2.409s] [ 29%] Built target hsi_interfaces__rosidl_generator_c
[2.423s] [ 38%] [34m[1mGenerating C type support dispatch for ROS interfaces[0m
[2.423s] [ 38%] [34m[1mGenerating C type support for eProsima Fast-RTPS[0m
[2.423s] [ 38%] [34m[1mGenerating C introspection for ROS interfaces[0m
[2.443s] [ 38%] Built target ament_cmake_python_build_hsi_interfaces_egg
[2.490s] [ 41%] [32m[1mLinking CXX shared library libhsi_interfaces__rosidl_typesupport_cpp.so[0m
[2.510s] [ 45%] [32mBuilding CXX object CMakeFiles/hsi_interfaces__rosidl_typesupport_fastrtps_cpp.dir/rosidl_typesupport_fastrtps_cpp/hsi_interfaces/msg/detail/dds_fastrtps/gesture__type_support.cpp.o[0m
[2.523s] [ 45%] Built target hsi_interfaces__rosidl_typesupport_cpp
[2.582s] [ 48%] [32m[1mLinking CXX shared library libhsi_interfaces__rosidl_typesupport_introspection_cpp.so[0m
[2.611s] [ 48%] Built target hsi_interfaces__rosidl_typesupport_introspection_cpp
[2.686s] [ 51%] [32mBuilding C object CMakeFiles/hsi_interfaces__rosidl_typesupport_introspection_c.dir/rosidl_typesupport_introspection_c/hsi_interfaces/msg/detail/gesture__type_support.c.o[0m
[2.713s] [ 54%] [32mBuilding CXX object CMakeFiles/hsi_interfaces__rosidl_typesupport_c.dir/rosidl_typesupport_c/hsi_interfaces/msg/gesture__type_support.cpp.o[0m
[2.714s] [ 58%] [32m[1mLinking C shared library libhsi_interfaces__rosidl_typesupport_introspection_c.so[0m
[2.733s] [ 61%] [32m[1mLinking CXX shared library libhsi_interfaces__rosidl_typesupport_c.so[0m
[2.751s] [ 61%] Built target hsi_interfaces__rosidl_typesupport_introspection_c
[2.756s] [ 64%] [32m[1mLinking CXX shared library libhsi_interfaces__rosidl_typesupport_fastrtps_cpp.so[0m
[2.759s] [ 67%] [32mBuilding CXX object CMakeFiles/hsi_interfaces__rosidl_typesupport_fastrtps_c.dir/rosidl_typesupport_fastrtps_c/hsi_interfaces/msg/detail/gesture__type_support_c.cpp.o[0m
[2.766s] [ 67%] Built target hsi_interfaces__rosidl_typesupport_c
[2.849s] [ 67%] Built target hsi_interfaces__rosidl_typesupport_fastrtps_cpp
[2.956s] [ 70%] [32m[1mLinking CXX shared library libhsi_interfaces__rosidl_typesupport_fastrtps_c.so[0m
[3.035s] [ 70%] Built target hsi_interfaces__rosidl_typesupport_fastrtps_c
[3.052s] [ 70%] Built target hsi_interfaces
[3.068s] [ 74%] [34m[1mGenerating Python code for ROS interfaces[0m
[3.258s] [ 74%] Built target hsi_interfaces__py
[3.273s] [ 77%] [32mBuilding C object CMakeFiles/hsi_interfaces__rosidl_generator_py.dir/rosidl_generator_py/hsi_interfaces/msg/_gesture_s.c.o[0m
[3.335s] [ 80%] [32m[1mLinking C shared library rosidl_generator_py/hsi_interfaces/libhsi_interfaces__rosidl_generator_py.so[0m
[3.364s] [ 80%] Built target hsi_interfaces__rosidl_generator_py
[3.379s] [ 87%] [32mBuilding C object CMakeFiles/hsi_interfaces__rosidl_typesupport_fastrtps_c__pyext.dir/rosidl_generator_py/hsi_interfaces/_hsi_interfaces_s.ep.rosidl_typesupport_fastrtps_c.c.o[0m
[3.380s] [ 87%] [32mBuilding C object CMakeFiles/hsi_interfaces__rosidl_typesupport_introspection_c__pyext.dir/rosidl_generator_py/hsi_interfaces/_hsi_interfaces_s.ep.rosidl_typesupport_introspection_c.c.o[0m
[3.391s] [ 90%] [32mBuilding C object CMakeFiles/hsi_interfaces__rosidl_typesupport_c__pyext.dir/rosidl_generator_py/hsi_interfaces/_hsi_interfaces_s.ep.rosidl_typesupport_c.c.o[0m
[3.443s] [ 93%] [32m[1mLinking C shared library rosidl_generator_py/hsi_interfaces/hsi_interfaces_s__rosidl_typesupport_fastrtps_c.cpython-310-x86_64-linux-gnu.so[0m
[3.457s] [ 96%] [32m[1mLinking C shared library rosidl_generator_py/hsi_interfaces/hsi_interfaces_s__rosidl_typesupport_introspection_c.cpython-310-x86_64-linux-gnu.so[0m
[3.482s] [ 96%] Built target hsi_interfaces__rosidl_typesupport_fastrtps_c__pyext
[3.486s] [ 96%] Built target hsi_interfaces__rosidl_typesupport_introspection_c__pyext
[3.500s] [100%] [32m[1mLinking C shared library rosidl_generator_py/hsi_interfaces/hsi_interfaces_s__rosidl_typesupport_c.cpython-310-x86_64-linux-gnu.so[0m
[3.528s] [100%] Built target hsi_interfaces__rosidl_typesupport_c__pyext
[3.534s] Invoked command in '/home/adm.sof44944@gaia.fkie.fraunhofer.de/ros2_cs/build/hsi_interfaces' returned '0': CMAKE_PREFIX_PATH=${CMAKE_PREFIX_PATH}:/home/adm.sof44944@gaia.fkie.fraunhofer.de/ros2_cs/install/joystick:/home/adm.sof44944@gaia.fkie.fraunhofer.de/ros2_cs/install/hsi:/home/adm.sof44944@gaia.fkie.fraunhofer.de/ros2_cs/install/gesture:/home/adm.sof44944@gaia.fkie.fraunhofer.de/ros2_cs/install/crazyflie_py:/home/adm.sof44944@gaia.fkie.fraunhofer.de/ros2_cs/install/bioharness:/opt/ros/humble /usr/bin/cmake --build /home/adm.sof44944@gaia.fkie.fraunhofer.de/ros2_cs/build/hsi_interfaces -- -j12 -l12
[3.615s] Invoking command in '/home/adm.sof44944@gaia.fkie.fraunhofer.de/ros2_cs/build/hsi_interfaces': CMAKE_PREFIX_PATH=${CMAKE_PREFIX_PATH}:/home/adm.sof44944@gaia.fkie.fraunhofer.de/ros2_cs/install/joystick:/home/adm.sof44944@gaia.fkie.fraunhofer.de/ros2_cs/install/hsi:/home/adm.sof44944@gaia.fkie.fraunhofer.de/ros2_cs/install/gesture:/home/adm.sof44944@gaia.fkie.fraunhofer.de/ros2_cs/install/crazyflie_py:/home/adm.sof44944@gaia.fkie.fraunhofer.de/ros2_cs/install/bioharness:/opt/ros/humble /usr/bin/cmake --install /home/adm.sof44944@gaia.fkie.fraunhofer.de/ros2_cs/build/hsi_interfaces
[3.620s] -- Install configuration: ""
[3.620s] -- Execute custom install script
[3.620s] -- Symlinking: /home/adm.sof44944@gaia.fkie.fraunhofer.de/ros2_cs/install/hsi_interfaces/share/ament_index/resource_index/rosidl_interfaces/hsi_interfaces
[3.628s] -- Symlinking: /home/adm.sof44944@gaia.fkie.fraunhofer.de/ros2_cs/install/hsi_interfaces/include/hsi_interfaces/hsi_interfaces/msg/detail/gesture__functions.h
[3.634s] -- Symlinking: /home/adm.sof44944@gaia.fkie.fraunhofer.de/ros2_cs/install/hsi_interfaces/include/hsi_interfaces/hsi_interfaces/msg/detail/gesture__struct.h
[3.640s] -- Symlinking: /home/adm.sof44944@gaia.fkie.fraunhofer.de/ros2_cs/install/hsi_interfaces/include/hsi_interfaces/hsi_interfaces/msg/detail/gesture__type_support.h
[3.648s] -- Symlinking: /home/adm.sof44944@gaia.fkie.fraunhofer.de/ros2_cs/install/hsi_interfaces/include/hsi_interfaces/hsi_interfaces/msg/gesture.h
[3.655s] -- Symlinking: /home/adm.sof44944@gaia.fkie.fraunhofer.de/ros2_cs/install/hsi_interfaces/include/hsi_interfaces/hsi_interfaces/msg/rosidl_generator_c__visibility_control.h
[3.661s] -- Symlinking: /home/adm.sof44944@gaia.fkie.fraunhofer.de/ros2_cs/install/hsi_interfaces/share/hsi_interfaces/environment/library_path.sh
[3.672s] -- Symlinking: /home/adm.sof44944@gaia.fkie.fraunhofer.de/ros2_cs/install/hsi_interfaces/share/hsi_interfaces/environment/library_path.dsv
[3.679s] -- Symlinking: /home/adm.sof44944@gaia.fkie.fraunhofer.de/ros2_cs/install/hsi_interfaces/include/hsi_interfaces/hsi_interfaces/msg/detail/gesture__rosidl_typesupport_fastrtps_c.h
[3.685s] -- Symlinking: /home/adm.sof44944@gaia.fkie.fraunhofer.de/ros2_cs/install/hsi_interfaces/include/hsi_interfaces/hsi_interfaces/msg/rosidl_typesupport_fastrtps_c__visibility_control.h
[3.693s] -- Symlinking: /home/adm.sof44944@gaia.fkie.fraunhofer.de/ros2_cs/install/hsi_interfaces/include/hsi_interfaces/hsi_interfaces/msg/detail/gesture__rosidl_typesupport_introspection_c.h
[3.699s] -- Symlinking: /home/adm.sof44944@gaia.fkie.fraunhofer.de/ros2_cs/install/hsi_interfaces/include/hsi_interfaces/hsi_interfaces/msg/rosidl_typesupport_introspection_c__visibility_control.h
[3.706s] -- Symlinking: /home/adm.sof44944@gaia.fkie.fraunhofer.de/ros2_cs/install/hsi_interfaces/include/hsi_interfaces/hsi_interfaces/msg/detail/gesture__builder.hpp
[3.712s] -- Symlinking: /home/adm.sof44944@gaia.fkie.fraunhofer.de/ros2_cs/install/hsi_interfaces/include/hsi_interfaces/hsi_interfaces/msg/detail/gesture__struct.hpp
[3.718s] -- Symlinking: /home/adm.sof44944@gaia.fkie.fraunhofer.de/ros2_cs/install/hsi_interfaces/include/hsi_interfaces/hsi_interfaces/msg/detail/gesture__traits.hpp
[3.724s] -- Symlinking: /home/adm.sof44944@gaia.fkie.fraunhofer.de/ros2_cs/install/hsi_interfaces/include/hsi_interfaces/hsi_interfaces/msg/gesture.hpp
[3.731s] -- Symlinking: /home/adm.sof44944@gaia.fkie.fraunhofer.de/ros2_cs/install/hsi_interfaces/include/hsi_interfaces/hsi_interfaces/msg/detail/gesture__rosidl_typesupport_fastrtps_cpp.hpp
[3.737s] -- Symlinking: /home/adm.sof44944@gaia.fkie.fraunhofer.de/ros2_cs/install/hsi_interfaces/include/hsi_interfaces/hsi_interfaces/msg/rosidl_typesupport_fastrtps_cpp__visibility_control.h
[3.743s] -- Symlinking: /home/adm.sof44944@gaia.fkie.fraunhofer.de/ros2_cs/install/hsi_interfaces/include/hsi_interfaces/hsi_interfaces/msg/detail/gesture__rosidl_typesupport_introspection_cpp.hpp
[3.750s] -- Symlinking: /home/adm.sof44944@gaia.fkie.fraunhofer.de/ros2_cs/install/hsi_interfaces/share/hsi_interfaces/environment/pythonpath.sh
[3.757s] -- Symlinking: /home/adm.sof44944@gaia.fkie.fraunhofer.de/ros2_cs/install/hsi_interfaces/share/hsi_interfaces/environment/pythonpath.dsv
[3.764s] -- Symlinking: /home/adm.sof44944@gaia.fkie.fraunhofer.de/ros2_cs/install/hsi_interfaces/local/lib/python3.10/dist-packages/hsi_interfaces-0.0.0-py3.10.egg-info/PKG-INFO
[3.775s] -- Symlinking: /home/adm.sof44944@gaia.fkie.fraunhofer.de/ros2_cs/install/hsi_interfaces/local/lib/python3.10/dist-packages/hsi_interfaces-0.0.0-py3.10.egg-info/SOURCES.txt
[3.782s] -- Symlinking: /home/adm.sof44944@gaia.fkie.fraunhofer.de/ros2_cs/install/hsi_interfaces/local/lib/python3.10/dist-packages/hsi_interfaces-0.0.0-py3.10.egg-info/dependency_links.txt
[3.792s] -- Symlinking: /home/adm.sof44944@gaia.fkie.fraunhofer.de/ros2_cs/install/hsi_interfaces/local/lib/python3.10/dist-packages/hsi_interfaces-0.0.0-py3.10.egg-info/top_level.txt
[3.799s] -- Symlinking: /home/adm.sof44944@gaia.fkie.fraunhofer.de/ros2_cs/install/hsi_interfaces/local/lib/python3.10/dist-packages/hsi_interfaces/__init__.py
[3.808s] -- Symlinking: /home/adm.sof44944@gaia.fkie.fraunhofer.de/ros2_cs/install/hsi_interfaces/local/lib/python3.10/dist-packages/hsi_interfaces/_hsi_interfaces_s.ep.rosidl_typesupport_c.c
[3.814s] -- Symlinking: /home/adm.sof44944@gaia.fkie.fraunhofer.de/ros2_cs/install/hsi_interfaces/local/lib/python3.10/dist-packages/hsi_interfaces/_hsi_interfaces_s.ep.rosidl_typesupport_fastrtps_c.c
[3.820s] -- Symlinking: /home/adm.sof44944@gaia.fkie.fraunhofer.de/ros2_cs/install/hsi_interfaces/local/lib/python3.10/dist-packages/hsi_interfaces/_hsi_interfaces_s.ep.rosidl_typesupport_introspection_c.c
[3.827s] -- Symlinking: /home/adm.sof44944@gaia.fkie.fraunhofer.de/ros2_cs/install/hsi_interfaces/local/lib/python3.10/dist-packages/hsi_interfaces/hsi_interfaces_s__rosidl_typesupport_c.cpython-310-x86_64-linux-gnu.so
[3.838s] -- Symlinking: /home/adm.sof44944@gaia.fkie.fraunhofer.de/ros2_cs/install/hsi_interfaces/local/lib/python3.10/dist-packages/hsi_interfaces/hsi_interfaces_s__rosidl_typesupport_fastrtps_c.cpython-310-x86_64-linux-gnu.so
[3.848s] -- Symlinking: /home/adm.sof44944@gaia.fkie.fraunhofer.de/ros2_cs/install/hsi_interfaces/local/lib/python3.10/dist-packages/hsi_interfaces/hsi_interfaces_s__rosidl_typesupport_introspection_c.cpython-310-x86_64-linux-gnu.so
[3.858s] -- Symlinking: /home/adm.sof44944@gaia.fkie.fraunhofer.de/ros2_cs/install/hsi_interfaces/local/lib/python3.10/dist-packages/hsi_interfaces/libhsi_interfaces__rosidl_generator_py.so
[3.863s] -- Symlinking: /home/adm.sof44944@gaia.fkie.fraunhofer.de/ros2_cs/install/hsi_interfaces/local/lib/python3.10/dist-packages/hsi_interfaces/msg/__init__.py
[3.870s] -- Symlinking: /home/adm.sof44944@gaia.fkie.fraunhofer.de/ros2_cs/install/hsi_interfaces/local/lib/python3.10/dist-packages/hsi_interfaces/msg/_gesture.py
[3.879s] -- Symlinking: /home/adm.sof44944@gaia.fkie.fraunhofer.de/ros2_cs/install/hsi_interfaces/local/lib/python3.10/dist-packages/hsi_interfaces/msg/_gesture_s.c
[3.886s] -- Up-to-date symlink: /home/adm.sof44944@gaia.fkie.fraunhofer.de/ros2_cs/install/hsi_interfaces/local/lib/python3.10/dist-packages/hsi_interfaces/hsi_interfaces_s__rosidl_typesupport_fastrtps_c.cpython-310-x86_64-linux-gnu.so
[3.886s] -- Up-to-date symlink: /home/adm.sof44944@gaia.fkie.fraunhofer.de/ros2_cs/install/hsi_interfaces/local/lib/python3.10/dist-packages/hsi_interfaces/hsi_interfaces_s__rosidl_typesupport_introspection_c.cpython-310-x86_64-linux-gnu.so
[3.886s] -- Up-to-date symlink: /home/adm.sof44944@gaia.fkie.fraunhofer.de/ros2_cs/install/hsi_interfaces/local/lib/python3.10/dist-packages/hsi_interfaces/hsi_interfaces_s__rosidl_typesupport_c.cpython-310-x86_64-linux-gnu.so
[3.887s] -- Symlinking: /home/adm.sof44944@gaia.fkie.fraunhofer.de/ros2_cs/install/hsi_interfaces/share/hsi_interfaces/msg/Gesture.idl
[3.892s] -- Symlinking: /home/adm.sof44944@gaia.fkie.fraunhofer.de/ros2_cs/install/hsi_interfaces/share/hsi_interfaces/msg/Gesture.msg
[3.897s] -- Symlinking: /home/adm.sof44944@gaia.fkie.fraunhofer.de/ros2_cs/install/hsi_interfaces/share/ament_index/resource_index/package_run_dependencies/hsi_interfaces
[3.903s] -- Symlinking: /home/adm.sof44944@gaia.fkie.fraunhofer.de/ros2_cs/install/hsi_interfaces/share/ament_index/resource_index/parent_prefix_path/hsi_interfaces
[3.910s] -- Symlinking: /home/adm.sof44944@gaia.fkie.fraunhofer.de/ros2_cs/install/hsi_interfaces/share/hsi_interfaces/environment/ament_prefix_path.sh
[3.916s] -- Symlinking: /home/adm.sof44944@gaia.fkie.fraunhofer.de/ros2_cs/install/hsi_interfaces/share/hsi_interfaces/environment/ament_prefix_path.dsv
[3.921s] -- Symlinking: /home/adm.sof44944@gaia.fkie.fraunhofer.de/ros2_cs/install/hsi_interfaces/share/hsi_interfaces/environment/path.sh
[3.927s] -- Symlinking: /home/adm.sof44944@gaia.fkie.fraunhofer.de/ros2_cs/install/hsi_interfaces/share/hsi_interfaces/environment/path.dsv
[3.934s] -- Symlinking: /home/adm.sof44944@gaia.fkie.fraunhofer.de/ros2_cs/install/hsi_interfaces/share/hsi_interfaces/local_setup.bash
[3.940s] -- Symlinking: /home/adm.sof44944@gaia.fkie.fraunhofer.de/ros2_cs/install/hsi_interfaces/share/hsi_interfaces/local_setup.sh
[3.947s] -- Symlinking: /home/adm.sof44944@gaia.fkie.fraunhofer.de/ros2_cs/install/hsi_interfaces/share/hsi_interfaces/local_setup.zsh
[3.953s] -- Symlinking: /home/adm.sof44944@gaia.fkie.fraunhofer.de/ros2_cs/install/hsi_interfaces/share/hsi_interfaces/local_setup.dsv
[3.959s] -- Symlinking: /home/adm.sof44944@gaia.fkie.fraunhofer.de/ros2_cs/install/hsi_interfaces/share/hsi_interfaces/package.dsv
[3.966s] -- Symlinking: /home/adm.sof44944@gaia.fkie.fraunhofer.de/ros2_cs/install/hsi_interfaces/share/ament_index/resource_index/packages/hsi_interfaces
[3.973s] -- Symlinking: /home/adm.sof44944@gaia.fkie.fraunhofer.de/ros2_cs/install/hsi_interfaces/share/hsi_interfaces/cmake/rosidl_cmake-extras.cmake
[3.979s] -- Symlinking: /home/adm.sof44944@gaia.fkie.fraunhofer.de/ros2_cs/install/hsi_interfaces/share/hsi_interfaces/cmake/ament_cmake_export_include_directories-extras.cmake
[3.985s] -- Symlinking: /home/adm.sof44944@gaia.fkie.fraunhofer.de/ros2_cs/install/hsi_interfaces/share/hsi_interfaces/cmake/ament_cmake_export_libraries-extras.cmake
[3.991s] -- Symlinking: /home/adm.sof44944@gaia.fkie.fraunhofer.de/ros2_cs/install/hsi_interfaces/share/hsi_interfaces/cmake/ament_cmake_export_targets-extras.cmake
[3.999s] -- Symlinking: /home/adm.sof44944@gaia.fkie.fraunhofer.de/ros2_cs/install/hsi_interfaces/share/hsi_interfaces/cmake/rosidl_cmake_export_typesupport_targets-extras.cmake
[4.005s] -- Symlinking: /home/adm.sof44944@gaia.fkie.fraunhofer.de/ros2_cs/install/hsi_interfaces/share/hsi_interfaces/cmake/ament_cmake_export_dependencies-extras.cmake
[4.012s] -- Symlinking: /home/adm.sof44944@gaia.fkie.fraunhofer.de/ros2_cs/install/hsi_interfaces/share/hsi_interfaces/cmake/rosidl_cmake_export_typesupport_libraries-extras.cmake
[4.018s] -- Symlinking: /home/adm.sof44944@gaia.fkie.fraunhofer.de/ros2_cs/install/hsi_interfaces/share/hsi_interfaces/cmake/hsi_interfacesConfig.cmake
[4.024s] -- Symlinking: /home/adm.sof44944@gaia.fkie.fraunhofer.de/ros2_cs/install/hsi_interfaces/share/hsi_interfaces/cmake/hsi_interfacesConfig-version.cmake
[4.030s] -- Symlinking: /home/adm.sof44944@gaia.fkie.fraunhofer.de/ros2_cs/install/hsi_interfaces/share/hsi_interfaces/package.xml
[4.037s] -- Installing: /home/adm.sof44944@gaia.fkie.fraunhofer.de/ros2_cs/install/hsi_interfaces/lib/libhsi_interfaces__rosidl_generator_c.so
[4.037s] -- Set runtime path of "/home/adm.sof44944@gaia.fkie.fraunhofer.de/ros2_cs/install/hsi_interfaces/lib/libhsi_interfaces__rosidl_generator_c.so" to ""
[4.038s] -- Installing: /home/adm.sof44944@gaia.fkie.fraunhofer.de/ros2_cs/install/hsi_interfaces/lib/libhsi_interfaces__rosidl_typesupport_fastrtps_c.so
[4.038s] -- Set runtime path of "/home/adm.sof44944@gaia.fkie.fraunhofer.de/ros2_cs/install/hsi_interfaces/lib/libhsi_interfaces__rosidl_typesupport_fastrtps_c.so" to ""
[4.038s] -- Installing: /home/adm.sof44944@gaia.fkie.fraunhofer.de/ros2_cs/install/hsi_interfaces/lib/libhsi_interfaces__rosidl_typesupport_introspection_c.so
[4.039s] -- Set runtime path of "/home/adm.sof44944@gaia.fkie.fraunhofer.de/ros2_cs/install/hsi_interfaces/lib/libhsi_interfaces__rosidl_typesupport_introspection_c.so" to ""
[4.039s] -- Installing: /home/adm.sof44944@gaia.fkie.fraunhofer.de/ros2_cs/install/hsi_interfaces/lib/libhsi_interfaces__rosidl_typesupport_c.so
[4.040s] -- Set runtime path of "/home/adm.sof44944@gaia.fkie.fraunhofer.de/ros2_cs/install/hsi_interfaces/lib/libhsi_interfaces__rosidl_typesupport_c.so" to ""
[4.040s] -- Installing: /home/adm.sof44944@gaia.fkie.fraunhofer.de/ros2_cs/install/hsi_interfaces/lib/libhsi_interfaces__rosidl_typesupport_fastrtps_cpp.so
[4.040s] -- Set runtime path of "/home/adm.sof44944@gaia.fkie.fraunhofer.de/ros2_cs/install/hsi_interfaces/lib/libhsi_interfaces__rosidl_typesupport_fastrtps_cpp.so" to ""
[4.040s] -- Installing: /home/adm.sof44944@gaia.fkie.fraunhofer.de/ros2_cs/install/hsi_interfaces/lib/libhsi_interfaces__rosidl_typesupport_introspection_cpp.so
[4.041s] -- Set runtime path of "/home/adm.sof44944@gaia.fkie.fraunhofer.de/ros2_cs/install/hsi_interfaces/lib/libhsi_interfaces__rosidl_typesupport_introspection_cpp.so" to ""
[4.041s] -- Installing: /home/adm.sof44944@gaia.fkie.fraunhofer.de/ros2_cs/install/hsi_interfaces/lib/libhsi_interfaces__rosidl_typesupport_cpp.so
[4.041s] -- Set runtime path of "/home/adm.sof44944@gaia.fkie.fraunhofer.de/ros2_cs/install/hsi_interfaces/lib/libhsi_interfaces__rosidl_typesupport_cpp.so" to ""
[4.068s] Listing '/home/adm.sof44944@gaia.fkie.fraunhofer.de/ros2_cs/install/hsi_interfaces/local/lib/python3.10/dist-packages/hsi_interfaces'...
[4.068s] Compiling '/home/adm.sof44944@gaia.fkie.fraunhofer.de/ros2_cs/install/hsi_interfaces/local/lib/python3.10/dist-packages/hsi_interfaces/__init__.py'...
[4.068s] Listing '/home/adm.sof44944@gaia.fkie.fraunhofer.de/ros2_cs/install/hsi_interfaces/local/lib/python3.10/dist-packages/hsi_interfaces/msg'...
[4.068s] Compiling '/home/adm.sof44944@gaia.fkie.fraunhofer.de/ros2_cs/install/hsi_interfaces/local/lib/python3.10/dist-packages/hsi_interfaces/msg/__init__.py'...
[4.068s] Compiling '/home/adm.sof44944@gaia.fkie.fraunhofer.de/ros2_cs/install/hsi_interfaces/local/lib/python3.10/dist-packages/hsi_interfaces/msg/_gesture.py'...
[4.071s] -- Installing: /home/adm.sof44944@gaia.fkie.fraunhofer.de/ros2_cs/install/hsi_interfaces/lib/libhsi_interfaces__rosidl_generator_py.so
[4.072s] -- Set runtime path of "/home/adm.sof44944@gaia.fkie.fraunhofer.de/ros2_cs/install/hsi_interfaces/lib/libhsi_interfaces__rosidl_generator_py.so" to ""
[4.072s] -- Installing: /home/adm.sof44944@gaia.fkie.fraunhofer.de/ros2_cs/install/hsi_interfaces/share/hsi_interfaces/cmake/export_hsi_interfaces__rosidl_generator_cExport.cmake
[4.072s] -- Installing: /home/adm.sof44944@gaia.fkie.fraunhofer.de/ros2_cs/install/hsi_interfaces/share/hsi_interfaces/cmake/export_hsi_interfaces__rosidl_generator_cExport-noconfig.cmake
[4.072s] -- Installing: /home/adm.sof44944@gaia.fkie.fraunhofer.de/ros2_cs/install/hsi_interfaces/share/hsi_interfaces/cmake/export_hsi_interfaces__rosidl_typesupport_fastrtps_cExport.cmake
[4.072s] -- Installing: /home/adm.sof44944@gaia.fkie.fraunhofer.de/ros2_cs/install/hsi_interfaces/share/hsi_interfaces/cmake/export_hsi_interfaces__rosidl_typesupport_fastrtps_cExport-noconfig.cmake
[4.073s] -- Installing: /home/adm.sof44944@gaia.fkie.fraunhofer.de/ros2_cs/install/hsi_interfaces/share/hsi_interfaces/cmake/hsi_interfaces__rosidl_typesupport_introspection_cExport.cmake
[4.073s] -- Installing: /home/adm.sof44944@gaia.fkie.fraunhofer.de/ros2_cs/install/hsi_interfaces/share/hsi_interfaces/cmake/hsi_interfaces__rosidl_typesupport_introspection_cExport-noconfig.cmake
[4.073s] -- Installing: /home/adm.sof44944@gaia.fkie.fraunhofer.de/ros2_cs/install/hsi_interfaces/share/hsi_interfaces/cmake/hsi_interfaces__rosidl_typesupport_cExport.cmake
[4.073s] -- Installing: /home/adm.sof44944@gaia.fkie.fraunhofer.de/ros2_cs/install/hsi_interfaces/share/hsi_interfaces/cmake/hsi_interfaces__rosidl_typesupport_cExport-noconfig.cmake
[4.073s] -- Installing: /home/adm.sof44944@gaia.fkie.fraunhofer.de/ros2_cs/install/hsi_interfaces/share/hsi_interfaces/cmake/export_hsi_interfaces__rosidl_generator_cppExport.cmake
[4.073s] -- Installing: /home/adm.sof44944@gaia.fkie.fraunhofer.de/ros2_cs/install/hsi_interfaces/share/hsi_interfaces/cmake/export_hsi_interfaces__rosidl_typesupport_fastrtps_cppExport.cmake
[4.073s] -- Installing: /home/adm.sof44944@gaia.fkie.fraunhofer.de/ros2_cs/install/hsi_interfaces/share/hsi_interfaces/cmake/export_hsi_interfaces__rosidl_typesupport_fastrtps_cppExport-noconfig.cmake
[4.073s] -- Installing: /home/adm.sof44944@gaia.fkie.fraunhofer.de/ros2_cs/install/hsi_interfaces/share/hsi_interfaces/cmake/hsi_interfaces__rosidl_typesupport_introspection_cppExport.cmake
[4.074s] -- Installing: /home/adm.sof44944@gaia.fkie.fraunhofer.de/ros2_cs/install/hsi_interfaces/share/hsi_interfaces/cmake/hsi_interfaces__rosidl_typesupport_introspection_cppExport-noconfig.cmake
[4.074s] -- Installing: /home/adm.sof44944@gaia.fkie.fraunhofer.de/ros2_cs/install/hsi_interfaces/share/hsi_interfaces/cmake/hsi_interfaces__rosidl_typesupport_cppExport.cmake
[4.074s] -- Installing: /home/adm.sof44944@gaia.fkie.fraunhofer.de/ros2_cs/install/hsi_interfaces/share/hsi_interfaces/cmake/hsi_interfaces__rosidl_typesupport_cppExport-noconfig.cmake
[4.074s] -- Installing: /home/adm.sof44944@gaia.fkie.fraunhofer.de/ros2_cs/install/hsi_interfaces/share/hsi_interfaces/cmake/export_hsi_interfaces__rosidl_generator_pyExport.cmake
[4.074s] -- Installing: /home/adm.sof44944@gaia.fkie.fraunhofer.de/ros2_cs/install/hsi_interfaces/share/hsi_interfaces/cmake/export_hsi_interfaces__rosidl_generator_pyExport-noconfig.cmake
[4.323s] Invoked command in '/home/adm.sof44944@gaia.fkie.fraunhofer.de/ros2_cs/build/hsi_interfaces' returned '0': CMAKE_PREFIX_PATH=${CMAKE_PREFIX_PATH}:/home/adm.sof44944@gaia.fkie.fraunhofer.de/ros2_cs/install/joystick:/home/adm.sof44944@gaia.fkie.fraunhofer.de/ros2_cs/install/hsi:/home/adm.sof44944@gaia.fkie.fraunhofer.de/ros2_cs/install/gesture:/home/adm.sof44944@gaia.fkie.fraunhofer.de/ros2_cs/install/crazyflie_py:/home/adm.sof44944@gaia.fkie.fraunhofer.de/ros2_cs/install/bioharness:/opt/ros/humble /usr/bin/cmake --install /home/adm.sof44944@gaia.fkie.fraunhofer.de/ros2_cs/build/hsi_interfaces
