[0.239s] Invoking command in '/home/adm.sof44944@gaia.fkie.fraunhofer.de/ros2_cs/build/crazyflie': CMAKE_PREFIX_PATH=/home/adm.sof44944@gaia.fkie.fraunhofer.de/ros2_cs/install/motion_capture_tracking_interfaces:/home/adm.sof44944@gaia.fkie.fraunhofer.de/ros2_cs/install/crazyflie_interfaces:/home/adm.sof44944@gaia.fkie.fraunhofer.de/ros2_cs/install/motion_capture_tracking:/home/adm.sof44944@gaia.fkie.fraunhofer.de/ros2_cs/install/crazyflie:/home/adm.sof44944@gaia.fkie.fraunhofer.de/ros2_cs/install/crazyflie_sim:/home/adm.sof44944@gaia.fkie.fraunhofer.de/ros2_cs/install/crazyflie_examples:/home/adm.sof44944@gaia.fkie.fraunhofer.de/ros2_cs/install/cs_bioharness:/home/adm.sof44944@gaia.fkie.fraunhofer.de/ros2_cs/install/crazyflie_py:/opt/ros/humble /usr/bin/cmake --build /home/adm.sof44944@gaia.fkie.fraunhofer.de/ros2_cs/build/crazyflie -- -j12 -l12
[0.283s] [  5%] Built target teleop
[0.285s] [ 28%] Built target crazyflieLinkCpp
[0.305s] [ 36%] Built target crazyflie_cpp
[0.335s] [ 47%] Built target listLogVariables
[0.336s] [ 47%] Built target crazyflie_server
[0.338s] [ 52%] Built target scan
[0.340s] [ 63%] Built target battery
[0.340s] [ 63%] Built target listMemories
[0.344s] [ 86%] Built target version
[0.344s] [ 86%] Built target comCheck
[0.344s] [ 86%] Built target setParam
[0.344s] [ 89%] Built target log
[0.344s] [ 89%] Built target console
[0.345s] [ 94%] Built target listParams
[0.347s] [100%] Built target reboot
[0.358s] Invoked command in '/home/adm.sof44944@gaia.fkie.fraunhofer.de/ros2_cs/build/crazyflie' returned '0': CMAKE_PREFIX_PATH=/home/adm.sof44944@gaia.fkie.fraunhofer.de/ros2_cs/install/motion_capture_tracking_interfaces:/home/adm.sof44944@gaia.fkie.fraunhofer.de/ros2_cs/install/crazyflie_interfaces:/home/adm.sof44944@gaia.fkie.fraunhofer.de/ros2_cs/install/motion_capture_tracking:/home/adm.sof44944@gaia.fkie.fraunhofer.de/ros2_cs/install/crazyflie:/home/adm.sof44944@gaia.fkie.fraunhofer.de/ros2_cs/install/crazyflie_sim:/home/adm.sof44944@gaia.fkie.fraunhofer.de/ros2_cs/install/crazyflie_examples:/home/adm.sof44944@gaia.fkie.fraunhofer.de/ros2_cs/install/cs_bioharness:/home/adm.sof44944@gaia.fkie.fraunhofer.de/ros2_cs/install/crazyflie_py:/opt/ros/humble /usr/bin/cmake --build /home/adm.sof44944@gaia.fkie.fraunhofer.de/ros2_cs/build/crazyflie -- -j12 -l12
[0.390s] Invoking command in '/home/adm.sof44944@gaia.fkie.fraunhofer.de/ros2_cs/build/crazyflie': CMAKE_PREFIX_PATH=/home/adm.sof44944@gaia.fkie.fraunhofer.de/ros2_cs/install/motion_capture_tracking_interfaces:/home/adm.sof44944@gaia.fkie.fraunhofer.de/ros2_cs/install/crazyflie_interfaces:/home/adm.sof44944@gaia.fkie.fraunhofer.de/ros2_cs/install/motion_capture_tracking:/home/adm.sof44944@gaia.fkie.fraunhofer.de/ros2_cs/install/crazyflie:/home/adm.sof44944@gaia.fkie.fraunhofer.de/ros2_cs/install/crazyflie_sim:/home/adm.sof44944@gaia.fkie.fraunhofer.de/ros2_cs/install/crazyflie_examples:/home/adm.sof44944@gaia.fkie.fraunhofer.de/ros2_cs/install/cs_bioharness:/home/adm.sof44944@gaia.fkie.fraunhofer.de/ros2_cs/install/crazyflie_py:/opt/ros/humble /usr/bin/cmake --install /home/adm.sof44944@gaia.fkie.fraunhofer.de/ros2_cs/build/crazyflie
[0.397s] -- Install configuration: ""
[0.397s] -- Execute custom install script
[0.398s] -- Up-to-date symlink: /home/adm.sof44944@gaia.fkie.fraunhofer.de/ros2_cs/install/crazyflie/lib/crazyflie/comCheck
[0.398s] -- Up-to-date symlink: /home/adm.sof44944@gaia.fkie.fraunhofer.de/ros2_cs/install/crazyflie/lib/crazyflie/scan
[0.398s] -- Up-to-date symlink: /home/adm.sof44944@gaia.fkie.fraunhofer.de/ros2_cs/install/crazyflie/lib/crazyflie/listParams
[0.398s] -- Up-to-date symlink: /home/adm.sof44944@gaia.fkie.fraunhofer.de/ros2_cs/install/crazyflie/lib/crazyflie/listLogVariables
[0.398s] -- Up-to-date symlink: /home/adm.sof44944@gaia.fkie.fraunhofer.de/ros2_cs/install/crazyflie/lib/crazyflie/listMemories
[0.398s] -- Up-to-date symlink: /home/adm.sof44944@gaia.fkie.fraunhofer.de/ros2_cs/install/crazyflie/lib/crazyflie/reboot
[0.398s] -- Up-to-date symlink: /home/adm.sof44944@gaia.fkie.fraunhofer.de/ros2_cs/install/crazyflie/lib/crazyflie/battery
[0.399s] -- Up-to-date symlink: /home/adm.sof44944@gaia.fkie.fraunhofer.de/ros2_cs/install/crazyflie/lib/crazyflie/version
[0.399s] -- Up-to-date symlink: /home/adm.sof44944@gaia.fkie.fraunhofer.de/ros2_cs/install/crazyflie/lib/crazyflie/console
[0.399s] -- Up-to-date symlink: /home/adm.sof44944@gaia.fkie.fraunhofer.de/ros2_cs/install/crazyflie/lib/crazyflie/log
[0.399s] -- Up-to-date symlink: /home/adm.sof44944@gaia.fkie.fraunhofer.de/ros2_cs/install/crazyflie/lib/crazyflie/setParam
[0.399s] -- Up-to-date symlink: /home/adm.sof44944@gaia.fkie.fraunhofer.de/ros2_cs/install/crazyflie/lib/crazyflie/teleop
[0.399s] -- Up-to-date symlink: /home/adm.sof44944@gaia.fkie.fraunhofer.de/ros2_cs/install/crazyflie/lib/crazyflie/crazyflie_server
[0.399s] -- Up-to-date symlink: /home/adm.sof44944@gaia.fkie.fraunhofer.de/ros2_cs/install/crazyflie/lib/crazyflie/crazyflie_server.py
[0.399s] -- Up-to-date symlink: /home/adm.sof44944@gaia.fkie.fraunhofer.de/ros2_cs/install/crazyflie/lib/crazyflie/chooser.py
[0.399s] -- Up-to-date symlink: /home/adm.sof44944@gaia.fkie.fraunhofer.de/ros2_cs/install/crazyflie/lib/crazyflie/vel_mux.py
[0.399s] -- Up-to-date symlink: /home/adm.sof44944@gaia.fkie.fraunhofer.de/ros2_cs/install/crazyflie/lib/crazyflie/cfmult.py
[0.400s] -- Up-to-date symlink: /home/adm.sof44944@gaia.fkie.fraunhofer.de/ros2_cs/install/crazyflie/share/crazyflie//launch/launch.py
[0.400s] -- Up-to-date symlink: /home/adm.sof44944@gaia.fkie.fraunhofer.de/ros2_cs/install/crazyflie/share/crazyflie//launch/launch_teleop2.py
[0.400s] -- Up-to-date symlink: /home/adm.sof44944@gaia.fkie.fraunhofer.de/ros2_cs/install/crazyflie/share/crazyflie//launch/teleop_launch.py
[0.400s] -- Up-to-date symlink: /home/adm.sof44944@gaia.fkie.fraunhofer.de/ros2_cs/install/crazyflie/share/crazyflie//config/config.rviz
[0.400s] -- Up-to-date symlink: /home/adm.sof44944@gaia.fkie.fraunhofer.de/ros2_cs/install/crazyflie/share/crazyflie//config/crazyflies.yaml
[0.400s] -- Up-to-date symlink: /home/adm.sof44944@gaia.fkie.fraunhofer.de/ros2_cs/install/crazyflie/share/crazyflie//config/motion_capture.yaml
[0.400s] -- Up-to-date symlink: /home/adm.sof44944@gaia.fkie.fraunhofer.de/ros2_cs/install/crazyflie/share/crazyflie//config/server.yaml
[0.400s] -- Up-to-date symlink: /home/adm.sof44944@gaia.fkie.fraunhofer.de/ros2_cs/install/crazyflie/share/crazyflie//config/teleop.yaml
[0.401s] -- Up-to-date symlink: /home/adm.sof44944@gaia.fkie.fraunhofer.de/ros2_cs/install/crazyflie/share/ament_index/resource_index/package_run_dependencies/crazyflie
[0.401s] -- Up-to-date symlink: /home/adm.sof44944@gaia.fkie.fraunhofer.de/ros2_cs/install/crazyflie/share/ament_index/resource_index/parent_prefix_path/crazyflie
[0.401s] -- Up-to-date symlink: /home/adm.sof44944@gaia.fkie.fraunhofer.de/ros2_cs/install/crazyflie/share/crazyflie/environment/ament_prefix_path.sh
[0.401s] -- Up-to-date symlink: /home/adm.sof44944@gaia.fkie.fraunhofer.de/ros2_cs/install/crazyflie/share/crazyflie/environment/ament_prefix_path.dsv
[0.401s] -- Up-to-date symlink: /home/adm.sof44944@gaia.fkie.fraunhofer.de/ros2_cs/install/crazyflie/share/crazyflie/environment/path.sh
[0.401s] -- Up-to-date symlink: /home/adm.sof44944@gaia.fkie.fraunhofer.de/ros2_cs/install/crazyflie/share/crazyflie/environment/path.dsv
[0.401s] -- Up-to-date symlink: /home/adm.sof44944@gaia.fkie.fraunhofer.de/ros2_cs/install/crazyflie/share/crazyflie/local_setup.bash
[0.401s] -- Up-to-date symlink: /home/adm.sof44944@gaia.fkie.fraunhofer.de/ros2_cs/install/crazyflie/share/crazyflie/local_setup.sh
[0.402s] -- Up-to-date symlink: /home/adm.sof44944@gaia.fkie.fraunhofer.de/ros2_cs/install/crazyflie/share/crazyflie/local_setup.zsh
[0.402s] -- Up-to-date symlink: /home/adm.sof44944@gaia.fkie.fraunhofer.de/ros2_cs/install/crazyflie/share/crazyflie/local_setup.dsv
[0.402s] -- Symlinking: /home/adm.sof44944@gaia.fkie.fraunhofer.de/ros2_cs/install/crazyflie/share/crazyflie/package.dsv
[0.410s] -- Up-to-date symlink: /home/adm.sof44944@gaia.fkie.fraunhofer.de/ros2_cs/install/crazyflie/share/ament_index/resource_index/packages/crazyflie
[0.410s] -- Up-to-date symlink: /home/adm.sof44944@gaia.fkie.fraunhofer.de/ros2_cs/install/crazyflie/share/crazyflie/cmake/crazyflieConfig.cmake
[0.410s] -- Up-to-date symlink: /home/adm.sof44944@gaia.fkie.fraunhofer.de/ros2_cs/install/crazyflie/share/crazyflie/cmake/crazyflieConfig-version.cmake
[0.410s] -- Up-to-date symlink: /home/adm.sof44944@gaia.fkie.fraunhofer.de/ros2_cs/install/crazyflie/share/crazyflie/package.xml
[0.412s] Invoked command in '/home/adm.sof44944@gaia.fkie.fraunhofer.de/ros2_cs/build/crazyflie' returned '0': CMAKE_PREFIX_PATH=/home/adm.sof44944@gaia.fkie.fraunhofer.de/ros2_cs/install/motion_capture_tracking_interfaces:/home/adm.sof44944@gaia.fkie.fraunhofer.de/ros2_cs/install/crazyflie_interfaces:/home/adm.sof44944@gaia.fkie.fraunhofer.de/ros2_cs/install/motion_capture_tracking:/home/adm.sof44944@gaia.fkie.fraunhofer.de/ros2_cs/install/crazyflie:/home/adm.sof44944@gaia.fkie.fraunhofer.de/ros2_cs/install/crazyflie_sim:/home/adm.sof44944@gaia.fkie.fraunhofer.de/ros2_cs/install/crazyflie_examples:/home/adm.sof44944@gaia.fkie.fraunhofer.de/ros2_cs/install/cs_bioharness:/home/adm.sof44944@gaia.fkie.fraunhofer.de/ros2_cs/install/crazyflie_py:/opt/ros/humble /usr/bin/cmake --install /home/adm.sof44944@gaia.fkie.fraunhofer.de/ros2_cs/build/crazyflie
