[0.464s] Invoking command in '/home/adm.sof44944@gaia.fkie.fraunhofer.de/ros2_cs/src/cs_bioharness': PYTHONPATH=/home/adm.sof44944@gaia.fkie.fraunhofer.de/ros2_cs/build/cs_bioharness/prefix_override:/home/adm.sof44944@gaia.fkie.fraunhofer.de/ros2_cs/install/cs_bioharness/lib/python3.10/site-packages:${PYTHONPATH} /usr/bin/python3 setup.py egg_info --egg-base ../../build/cs_bioharness build --build-base /home/adm.sof44944@gaia.fkie.fraunhofer.de/ros2_cs/build/cs_bioharness/build install --record /home/adm.sof44944@gaia.fkie.fraunhofer.de/ros2_cs/build/cs_bioharness/install.log --single-version-externally-managed
[0.605s] running egg_info
[0.605s] writing ../../build/cs_bioharness/cs_bioharness.egg-info/PKG-INFO
[0.605s] writing dependency_links to ../../build/cs_bioharness/cs_bioharness.egg-info/dependency_links.txt
[0.605s] writing entry points to ../../build/cs_bioharness/cs_bioharness.egg-info/entry_points.txt
[0.605s] writing requirements to ../../build/cs_bioharness/cs_bioharness.egg-info/requires.txt
[0.605s] writing top-level names to ../../build/cs_bioharness/cs_bioharness.egg-info/top_level.txt
[0.606s] reading manifest file '../../build/cs_bioharness/cs_bioharness.egg-info/SOURCES.txt'
[0.607s] writing manifest file '../../build/cs_bioharness/cs_bioharness.egg-info/SOURCES.txt'
[0.607s] running build
[0.607s] running build_py
[0.607s] copying cs_bioharness/bioharness_pull.py -> /home/adm.sof44944@gaia.fkie.fraunhofer.de/ros2_cs/build/cs_bioharness/build/lib/cs_bioharness
[0.607s] running install
[0.607s] running install_lib
[0.608s] copying /home/adm.sof44944@gaia.fkie.fraunhofer.de/ros2_cs/build/cs_bioharness/build/lib/cs_bioharness/bioharness_pull.py -> /home/adm.sof44944@gaia.fkie.fraunhofer.de/ros2_cs/install/cs_bioharness/lib/python3.10/site-packages/cs_bioharness
[0.608s] byte-compiling /home/adm.sof44944@gaia.fkie.fraunhofer.de/ros2_cs/install/cs_bioharness/lib/python3.10/site-packages/cs_bioharness/bioharness_pull.py to bioharness_pull.cpython-310.pyc
[0.608s] running install_data
[0.609s] running install_egg_info
[0.610s] removing '/home/adm.sof44944@gaia.fkie.fraunhofer.de/ros2_cs/install/cs_bioharness/lib/python3.10/site-packages/cs_bioharness-0.0.0-py3.10.egg-info' (and everything under it)
[0.610s] Copying ../../build/cs_bioharness/cs_bioharness.egg-info to /home/adm.sof44944@gaia.fkie.fraunhofer.de/ros2_cs/install/cs_bioharness/lib/python3.10/site-packages/cs_bioharness-0.0.0-py3.10.egg-info
[0.610s] running install_scripts
[0.623s] Installing test_node script to /home/adm.sof44944@gaia.fkie.fraunhofer.de/ros2_cs/install/cs_bioharness/lib/cs_bioharness
[0.623s] writing list of installed files to '/home/adm.sof44944@gaia.fkie.fraunhofer.de/ros2_cs/build/cs_bioharness/install.log'
[0.683s] Invoked command in '/home/adm.sof44944@gaia.fkie.fraunhofer.de/ros2_cs/src/cs_bioharness' returned '0': PYTHONPATH=/home/adm.sof44944@gaia.fkie.fraunhofer.de/ros2_cs/build/cs_bioharness/prefix_override:/home/adm.sof44944@gaia.fkie.fraunhofer.de/ros2_cs/install/cs_bioharness/lib/python3.10/site-packages:${PYTHONPATH} /usr/bin/python3 setup.py egg_info --egg-base ../../build/cs_bioharness build --build-base /home/adm.sof44944@gaia.fkie.fraunhofer.de/ros2_cs/build/cs_bioharness/build install --record /home/adm.sof44944@gaia.fkie.fraunhofer.de/ros2_cs/build/cs_bioharness/install.log --single-version-externally-managed
