[0.200s] Invoking command in '/home/adm.sof44944@gaia.fkie.fraunhofer.de/ros2_cs/build/crazyflie_sim': AMENT_PREFIX_PATH=/home/adm.sof44944@gaia.fkie.fraunhofer.de/ros2_cs/install/crazyflie_interfaces:${AMENT_PREFIX_PATH} CMAKE_PREFIX_PATH=/home/adm.sof44944@gaia.fkie.fraunhofer.de/ros2_cs/install/crazyflie_interfaces:/opt/ros/humble LD_LIBRARY_PATH=/home/adm.sof44944@gaia.fkie.fraunhofer.de/ros2_cs/install/crazyflie_interfaces/lib:${LD_LIBRARY_PATH} PYTHONPATH=/home/adm.sof44944@gaia.fkie.fraunhofer.de/ros2_cs/install/crazyflie_interfaces/local/lib/python3.10/dist-packages:${PYTHONPATH} /usr/bin/cmake /home/adm.sof44944@gaia.fkie.fraunhofer.de/ros2_cs/src/crazyswarm2/crazyflie_sim -DCMAKE_INSTALL_PREFIX=/home/adm.sof44944@gaia.fkie.fraunhofer.de/ros2_cs/install/crazyflie_sim
[0.206s] -- Found ament_cmake: 1.3.5 (/opt/ros/humble/share/ament_cmake/cmake)
[0.324s] -- Override CMake install command with custom implementation using symlinks instead of copying resources
[0.393s] -- Found ament_cmake_pytest: 1.3.5 (/opt/ros/humble/share/ament_cmake_pytest/cmake)
[0.822s] -- Configuring done
[0.824s] -- Generating done
[0.824s] -- Build files have been written to: /home/adm.sof44944@gaia.fkie.fraunhofer.de/ros2_cs/build/crazyflie_sim
[0.826s] Invoked command in '/home/adm.sof44944@gaia.fkie.fraunhofer.de/ros2_cs/build/crazyflie_sim' returned '0': AMENT_PREFIX_PATH=/home/adm.sof44944@gaia.fkie.fraunhofer.de/ros2_cs/install/crazyflie_interfaces:${AMENT_PREFIX_PATH} CMAKE_PREFIX_PATH=/home/adm.sof44944@gaia.fkie.fraunhofer.de/ros2_cs/install/crazyflie_interfaces:/opt/ros/humble LD_LIBRARY_PATH=/home/adm.sof44944@gaia.fkie.fraunhofer.de/ros2_cs/install/crazyflie_interfaces/lib:${LD_LIBRARY_PATH} PYTHONPATH=/home/adm.sof44944@gaia.fkie.fraunhofer.de/ros2_cs/install/crazyflie_interfaces/local/lib/python3.10/dist-packages:${PYTHONPATH} /usr/bin/cmake /home/adm.sof44944@gaia.fkie.fraunhofer.de/ros2_cs/src/crazyswarm2/crazyflie_sim -DCMAKE_INSTALL_PREFIX=/home/adm.sof44944@gaia.fkie.fraunhofer.de/ros2_cs/install/crazyflie_sim
[0.828s] Invoking command in '/home/adm.sof44944@gaia.fkie.fraunhofer.de/ros2_cs/build/crazyflie_sim': AMENT_PREFIX_PATH=/home/adm.sof44944@gaia.fkie.fraunhofer.de/ros2_cs/install/crazyflie_interfaces:${AMENT_PREFIX_PATH} CMAKE_PREFIX_PATH=/home/adm.sof44944@gaia.fkie.fraunhofer.de/ros2_cs/install/crazyflie_interfaces:/opt/ros/humble LD_LIBRARY_PATH=/home/adm.sof44944@gaia.fkie.fraunhofer.de/ros2_cs/install/crazyflie_interfaces/lib:${LD_LIBRARY_PATH} PYTHONPATH=/home/adm.sof44944@gaia.fkie.fraunhofer.de/ros2_cs/install/crazyflie_interfaces/local/lib/python3.10/dist-packages:${PYTHONPATH} /usr/bin/cmake --build /home/adm.sof44944@gaia.fkie.fraunhofer.de/ros2_cs/build/crazyflie_sim -- -j12 -l12
[0.866s] Built target ament_cmake_python_symlink_crazyflie_sim_setup
[0.872s] Built target ament_cmake_python_symlink_crazyflie_sim
[1.023s] running install_scripts
[1.037s] running egg_info
[1.037s] writing crazyflie_sim.egg-info/PKG-INFO
[1.038s] writing dependency_links to crazyflie_sim.egg-info/dependency_links.txt
[1.038s] writing entry points to crazyflie_sim.egg-info/entry_points.txt
[1.038s] writing top-level names to crazyflie_sim.egg-info/top_level.txt
[1.040s] reading manifest file 'crazyflie_sim.egg-info/SOURCES.txt'
[1.040s] writing manifest file 'crazyflie_sim.egg-info/SOURCES.txt'
[1.041s] Installing crazyflie_server script to scripts
[1.066s] Built target ament_cmake_python_build_crazyflie_sim_scripts
[1.114s] running egg_info
[1.114s] writing crazyflie_sim.egg-info/PKG-INFO
[1.114s] writing dependency_links to crazyflie_sim.egg-info/dependency_links.txt
[1.114s] writing entry points to crazyflie_sim.egg-info/entry_points.txt
[1.115s] writing top-level names to crazyflie_sim.egg-info/top_level.txt
[1.116s] reading manifest file 'crazyflie_sim.egg-info/SOURCES.txt'
[1.116s] writing manifest file 'crazyflie_sim.egg-info/SOURCES.txt'
[1.133s] Built target ament_cmake_python_build_crazyflie_sim_egg
[1.166s] Invoked command in '/home/adm.sof44944@gaia.fkie.fraunhofer.de/ros2_cs/build/crazyflie_sim' returned '0': AMENT_PREFIX_PATH=/home/adm.sof44944@gaia.fkie.fraunhofer.de/ros2_cs/install/crazyflie_interfaces:${AMENT_PREFIX_PATH} CMAKE_PREFIX_PATH=/home/adm.sof44944@gaia.fkie.fraunhofer.de/ros2_cs/install/crazyflie_interfaces:/opt/ros/humble LD_LIBRARY_PATH=/home/adm.sof44944@gaia.fkie.fraunhofer.de/ros2_cs/install/crazyflie_interfaces/lib:${LD_LIBRARY_PATH} PYTHONPATH=/home/adm.sof44944@gaia.fkie.fraunhofer.de/ros2_cs/install/crazyflie_interfaces/local/lib/python3.10/dist-packages:${PYTHONPATH} /usr/bin/cmake --build /home/adm.sof44944@gaia.fkie.fraunhofer.de/ros2_cs/build/crazyflie_sim -- -j12 -l12
[1.184s] Invoking command in '/home/adm.sof44944@gaia.fkie.fraunhofer.de/ros2_cs/build/crazyflie_sim': AMENT_PREFIX_PATH=/home/adm.sof44944@gaia.fkie.fraunhofer.de/ros2_cs/install/crazyflie_interfaces:${AMENT_PREFIX_PATH} CMAKE_PREFIX_PATH=/home/adm.sof44944@gaia.fkie.fraunhofer.de/ros2_cs/install/crazyflie_interfaces:/opt/ros/humble LD_LIBRARY_PATH=/home/adm.sof44944@gaia.fkie.fraunhofer.de/ros2_cs/install/crazyflie_interfaces/lib:${LD_LIBRARY_PATH} PYTHONPATH=/home/adm.sof44944@gaia.fkie.fraunhofer.de/ros2_cs/install/crazyflie_interfaces/local/lib/python3.10/dist-packages:${PYTHONPATH} /usr/bin/cmake --install /home/adm.sof44944@gaia.fkie.fraunhofer.de/ros2_cs/build/crazyflie_sim
[1.188s] -- Install configuration: ""
[1.189s] -- Execute custom install script
[1.189s] -- Up-to-date symlink: /home/adm.sof44944@gaia.fkie.fraunhofer.de/ros2_cs/install/crazyflie_sim/share/crazyflie_sim/environment/pythonpath.sh
[1.189s] -- Up-to-date symlink: /home/adm.sof44944@gaia.fkie.fraunhofer.de/ros2_cs/install/crazyflie_sim/share/crazyflie_sim/environment/pythonpath.dsv
[1.189s] -- Up-to-date symlink: /home/adm.sof44944@gaia.fkie.fraunhofer.de/ros2_cs/install/crazyflie_sim/local/lib/python3.10/dist-packages/crazyflie_sim-2.0.0-py3.10.egg-info/PKG-INFO
[1.189s] -- Up-to-date symlink: /home/adm.sof44944@gaia.fkie.fraunhofer.de/ros2_cs/install/crazyflie_sim/local/lib/python3.10/dist-packages/crazyflie_sim-2.0.0-py3.10.egg-info/SOURCES.txt
[1.189s] -- Up-to-date symlink: /home/adm.sof44944@gaia.fkie.fraunhofer.de/ros2_cs/install/crazyflie_sim/local/lib/python3.10/dist-packages/crazyflie_sim-2.0.0-py3.10.egg-info/dependency_links.txt
[1.189s] -- Up-to-date symlink: /home/adm.sof44944@gaia.fkie.fraunhofer.de/ros2_cs/install/crazyflie_sim/local/lib/python3.10/dist-packages/crazyflie_sim-2.0.0-py3.10.egg-info/entry_points.txt
[1.189s] -- Up-to-date symlink: /home/adm.sof44944@gaia.fkie.fraunhofer.de/ros2_cs/install/crazyflie_sim/local/lib/python3.10/dist-packages/crazyflie_sim-2.0.0-py3.10.egg-info/top_level.txt
[1.189s] -- Up-to-date symlink: /home/adm.sof44944@gaia.fkie.fraunhofer.de/ros2_cs/install/crazyflie_sim/lib/crazyflie_sim//crazyflie_server
[1.190s] -- Up-to-date symlink: /home/adm.sof44944@gaia.fkie.fraunhofer.de/ros2_cs/install/crazyflie_sim/local/lib/python3.10/dist-packages/crazyflie_sim/__init__.py
[1.190s] -- Up-to-date symlink: /home/adm.sof44944@gaia.fkie.fraunhofer.de/ros2_cs/install/crazyflie_sim/local/lib/python3.10/dist-packages/crazyflie_sim/backend/none.py
[1.190s] -- Up-to-date symlink: /home/adm.sof44944@gaia.fkie.fraunhofer.de/ros2_cs/install/crazyflie_sim/local/lib/python3.10/dist-packages/crazyflie_sim/backend/np.py
[1.190s] -- Up-to-date symlink: /home/adm.sof44944@gaia.fkie.fraunhofer.de/ros2_cs/install/crazyflie_sim/local/lib/python3.10/dist-packages/crazyflie_sim/crazyflie_server.py
[1.190s] -- Up-to-date symlink: /home/adm.sof44944@gaia.fkie.fraunhofer.de/ros2_cs/install/crazyflie_sim/local/lib/python3.10/dist-packages/crazyflie_sim/crazyflie_sil.py
[1.190s] -- Up-to-date symlink: /home/adm.sof44944@gaia.fkie.fraunhofer.de/ros2_cs/install/crazyflie_sim/local/lib/python3.10/dist-packages/crazyflie_sim/sim_data_types.py
[1.190s] -- Up-to-date symlink: /home/adm.sof44944@gaia.fkie.fraunhofer.de/ros2_cs/install/crazyflie_sim/local/lib/python3.10/dist-packages/crazyflie_sim/visualization/README.md
[1.190s] -- Up-to-date symlink: /home/adm.sof44944@gaia.fkie.fraunhofer.de/ros2_cs/install/crazyflie_sim/local/lib/python3.10/dist-packages/crazyflie_sim/visualization/blender.py
[1.191s] -- Up-to-date symlink: /home/adm.sof44944@gaia.fkie.fraunhofer.de/ros2_cs/install/crazyflie_sim/local/lib/python3.10/dist-packages/crazyflie_sim/visualization/data/README.md
[1.191s] -- Up-to-date symlink: /home/adm.sof44944@gaia.fkie.fraunhofer.de/ros2_cs/install/crazyflie_sim/local/lib/python3.10/dist-packages/crazyflie_sim/visualization/data/env/abandoned_greenhouse.jpg
[1.191s] -- Up-to-date symlink: /home/adm.sof44944@gaia.fkie.fraunhofer.de/ros2_cs/install/crazyflie_sim/local/lib/python3.10/dist-packages/crazyflie_sim/visualization/data/env/aerodynamics_workshop.jpg
[1.191s] -- Up-to-date symlink: /home/adm.sof44944@gaia.fkie.fraunhofer.de/ros2_cs/install/crazyflie_sim/local/lib/python3.10/dist-packages/crazyflie_sim/visualization/data/env/aviation_museum.jpg
[1.191s] -- Up-to-date symlink: /home/adm.sof44944@gaia.fkie.fraunhofer.de/ros2_cs/install/crazyflie_sim/local/lib/python3.10/dist-packages/crazyflie_sim/visualization/data/env/crosswalk.jpg
[1.191s] -- Up-to-date symlink: /home/adm.sof44944@gaia.fkie.fraunhofer.de/ros2_cs/install/crazyflie_sim/local/lib/python3.10/dist-packages/crazyflie_sim/visualization/data/env/derelict_overpass.jpg
[1.191s] -- Up-to-date symlink: /home/adm.sof44944@gaia.fkie.fraunhofer.de/ros2_cs/install/crazyflie_sim/local/lib/python3.10/dist-packages/crazyflie_sim/visualization/data/env/env.jpg
[1.191s] -- Up-to-date symlink: /home/adm.sof44944@gaia.fkie.fraunhofer.de/ros2_cs/install/crazyflie_sim/local/lib/python3.10/dist-packages/crazyflie_sim/visualization/data/env/lago_disola.jpg
[1.191s] -- Up-to-date symlink: /home/adm.sof44944@gaia.fkie.fraunhofer.de/ros2_cs/install/crazyflie_sim/local/lib/python3.10/dist-packages/crazyflie_sim/visualization/data/env/lake_pier.jpg
[1.191s] -- Up-to-date symlink: /home/adm.sof44944@gaia.fkie.fraunhofer.de/ros2_cs/install/crazyflie_sim/local/lib/python3.10/dist-packages/crazyflie_sim/visualization/data/env/machine_shop.jpg
[1.191s] -- Up-to-date symlink: /home/adm.sof44944@gaia.fkie.fraunhofer.de/ros2_cs/install/crazyflie_sim/local/lib/python3.10/dist-packages/crazyflie_sim/visualization/data/env/museumplein.jpg
[1.191s] -- Up-to-date symlink: /home/adm.sof44944@gaia.fkie.fraunhofer.de/ros2_cs/install/crazyflie_sim/local/lib/python3.10/dist-packages/crazyflie_sim/visualization/data/env/peppermint_powerplant.jpg
[1.192s] -- Up-to-date symlink: /home/adm.sof44944@gaia.fkie.fraunhofer.de/ros2_cs/install/crazyflie_sim/local/lib/python3.10/dist-packages/crazyflie_sim/visualization/data/env/studio_garden.jpg
[1.192s] -- Up-to-date symlink: /home/adm.sof44944@gaia.fkie.fraunhofer.de/ros2_cs/install/crazyflie_sim/local/lib/python3.10/dist-packages/crazyflie_sim/visualization/data/model/cf.mtl
[1.192s] -- Up-to-date symlink: /home/adm.sof44944@gaia.fkie.fraunhofer.de/ros2_cs/install/crazyflie_sim/local/lib/python3.10/dist-packages/crazyflie_sim/visualization/data/model/cf.obj
[1.192s] -- Up-to-date symlink: /home/adm.sof44944@gaia.fkie.fraunhofer.de/ros2_cs/install/crazyflie_sim/local/lib/python3.10/dist-packages/crazyflie_sim/visualization/pdf.py
[1.192s] -- Up-to-date symlink: /home/adm.sof44944@gaia.fkie.fraunhofer.de/ros2_cs/install/crazyflie_sim/local/lib/python3.10/dist-packages/crazyflie_sim/visualization/record_states.py
[1.192s] -- Up-to-date symlink: /home/adm.sof44944@gaia.fkie.fraunhofer.de/ros2_cs/install/crazyflie_sim/local/lib/python3.10/dist-packages/crazyflie_sim/visualization/rviz.py
[1.192s] -- Up-to-date symlink: /home/adm.sof44944@gaia.fkie.fraunhofer.de/ros2_cs/install/crazyflie_sim/share/ament_index/resource_index/package_run_dependencies/crazyflie_sim
[1.192s] -- Up-to-date symlink: /home/adm.sof44944@gaia.fkie.fraunhofer.de/ros2_cs/install/crazyflie_sim/share/ament_index/resource_index/parent_prefix_path/crazyflie_sim
[1.192s] -- Up-to-date symlink: /home/adm.sof44944@gaia.fkie.fraunhofer.de/ros2_cs/install/crazyflie_sim/share/crazyflie_sim/environment/ament_prefix_path.sh
[1.192s] -- Up-to-date symlink: /home/adm.sof44944@gaia.fkie.fraunhofer.de/ros2_cs/install/crazyflie_sim/share/crazyflie_sim/environment/ament_prefix_path.dsv
[1.192s] -- Up-to-date symlink: /home/adm.sof44944@gaia.fkie.fraunhofer.de/ros2_cs/install/crazyflie_sim/share/crazyflie_sim/environment/path.sh
[1.193s] -- Up-to-date symlink: /home/adm.sof44944@gaia.fkie.fraunhofer.de/ros2_cs/install/crazyflie_sim/share/crazyflie_sim/environment/path.dsv
[1.193s] -- Up-to-date symlink: /home/adm.sof44944@gaia.fkie.fraunhofer.de/ros2_cs/install/crazyflie_sim/share/crazyflie_sim/local_setup.bash
[1.193s] -- Up-to-date symlink: /home/adm.sof44944@gaia.fkie.fraunhofer.de/ros2_cs/install/crazyflie_sim/share/crazyflie_sim/local_setup.sh
[1.193s] -- Up-to-date symlink: /home/adm.sof44944@gaia.fkie.fraunhofer.de/ros2_cs/install/crazyflie_sim/share/crazyflie_sim/local_setup.zsh
[1.193s] -- Up-to-date symlink: /home/adm.sof44944@gaia.fkie.fraunhofer.de/ros2_cs/install/crazyflie_sim/share/crazyflie_sim/local_setup.dsv
[1.193s] -- Symlinking: /home/adm.sof44944@gaia.fkie.fraunhofer.de/ros2_cs/install/crazyflie_sim/share/crazyflie_sim/package.dsv
[1.199s] -- Up-to-date symlink: /home/adm.sof44944@gaia.fkie.fraunhofer.de/ros2_cs/install/crazyflie_sim/share/ament_index/resource_index/packages/crazyflie_sim
[1.199s] -- Up-to-date symlink: /home/adm.sof44944@gaia.fkie.fraunhofer.de/ros2_cs/install/crazyflie_sim/share/crazyflie_sim/cmake/crazyflie_simConfig.cmake
[1.200s] -- Up-to-date symlink: /home/adm.sof44944@gaia.fkie.fraunhofer.de/ros2_cs/install/crazyflie_sim/share/crazyflie_sim/cmake/crazyflie_simConfig-version.cmake
[1.200s] -- Up-to-date symlink: /home/adm.sof44944@gaia.fkie.fraunhofer.de/ros2_cs/install/crazyflie_sim/share/crazyflie_sim/package.xml
[1.220s] Listing '/home/adm.sof44944@gaia.fkie.fraunhofer.de/ros2_cs/install/crazyflie_sim/local/lib/python3.10/dist-packages/crazyflie_sim'...
[1.220s] Listing '/home/adm.sof44944@gaia.fkie.fraunhofer.de/ros2_cs/install/crazyflie_sim/local/lib/python3.10/dist-packages/crazyflie_sim/backend'...
[1.220s] Listing '/home/adm.sof44944@gaia.fkie.fraunhofer.de/ros2_cs/install/crazyflie_sim/local/lib/python3.10/dist-packages/crazyflie_sim/visualization'...
[1.220s] Listing '/home/adm.sof44944@gaia.fkie.fraunhofer.de/ros2_cs/install/crazyflie_sim/local/lib/python3.10/dist-packages/crazyflie_sim/visualization/data'...
[1.220s] Listing '/home/adm.sof44944@gaia.fkie.fraunhofer.de/ros2_cs/install/crazyflie_sim/local/lib/python3.10/dist-packages/crazyflie_sim/visualization/data/env'...
[1.220s] Listing '/home/adm.sof44944@gaia.fkie.fraunhofer.de/ros2_cs/install/crazyflie_sim/local/lib/python3.10/dist-packages/crazyflie_sim/visualization/data/model'...
[1.224s] Invoked command in '/home/adm.sof44944@gaia.fkie.fraunhofer.de/ros2_cs/build/crazyflie_sim' returned '0': AMENT_PREFIX_PATH=/home/adm.sof44944@gaia.fkie.fraunhofer.de/ros2_cs/install/crazyflie_interfaces:${AMENT_PREFIX_PATH} CMAKE_PREFIX_PATH=/home/adm.sof44944@gaia.fkie.fraunhofer.de/ros2_cs/install/crazyflie_interfaces:/opt/ros/humble LD_LIBRARY_PATH=/home/adm.sof44944@gaia.fkie.fraunhofer.de/ros2_cs/install/crazyflie_interfaces/lib:${LD_LIBRARY_PATH} PYTHONPATH=/home/adm.sof44944@gaia.fkie.fraunhofer.de/ros2_cs/install/crazyflie_interfaces/local/lib/python3.10/dist-packages:${PYTHONPATH} /usr/bin/cmake --install /home/adm.sof44944@gaia.fkie.fraunhofer.de/ros2_cs/build/crazyflie_sim
