[0.414s] Invoking command in '/home/adm.sof44944@gaia.fkie.fraunhofer.de/ros2_cs/build/crazyflie': CMAKE_PREFIX_PATH=/home/adm.sof44944@gaia.fkie.fraunhofer.de/ros2_cs/install/motion_capture_tracking_interfaces:/home/adm.sof44944@gaia.fkie.fraunhofer.de/ros2_cs/install/crazyflie_interfaces:/home/adm.sof44944@gaia.fkie.fraunhofer.de/ros2_cs/install/motion_capture_tracking:/home/adm.sof44944@gaia.fkie.fraunhofer.de/ros2_cs/install/crazyflie:/home/adm.sof44944@gaia.fkie.fraunhofer.de/ros2_cs/install/crazyflie_sim:/home/adm.sof44944@gaia.fkie.fraunhofer.de/ros2_cs/install/crazyflie_examples:/home/adm.sof44944@gaia.fkie.fraunhofer.de/install/examples_rclcpp_wait_set:/home/adm.sof44944@gaia.fkie.fraunhofer.de/install/examples_rclcpp_multithreaded_executor:/home/adm.sof44944@gaia.fkie.fraunhofer.de/install/examples_rclcpp_minimal_timer:/home/adm.sof44944@gaia.fkie.fraunhofer.de/install/examples_rclcpp_minimal_subscriber:/home/adm.sof44944@gaia.fkie.fraunhofer.de/install/examples_rclcpp_minimal_service:/home/adm.sof44944@gaia.fkie.fraunhofer.de/install/examples_rclcpp_minimal_publisher:/home/adm.sof44944@gaia.fkie.fraunhofer.de/install/examples_rclcpp_minimal_composition:/home/adm.sof44944@gaia.fkie.fraunhofer.de/install/examples_rclcpp_minimal_client:/home/adm.sof44944@gaia.fkie.fraunhofer.de/install/examples_rclcpp_minimal_action_server:/home/adm.sof44944@gaia.fkie.fraunhofer.de/install/examples_rclcpp_minimal_action_client:/home/adm.sof44944@gaia.fkie.fraunhofer.de/install/examples_rclcpp_cbg_executor:/home/adm.sof44944@gaia.fkie.fraunhofer.de/install/examples_rclcpp_async_client:/home/adm.sof44944@gaia.fkie.fraunhofer.de/ros2_cs/install/joystick:/home/adm.sof44944@gaia.fkie.fraunhofer.de/ros2_cs/install/hsi:/home/adm.sof44944@gaia.fkie.fraunhofer.de/ros2_cs/install/gesture:/home/adm.sof44944@gaia.fkie.fraunhofer.de/ros2_cs/install/crazyflie_py:/home/adm.sof44944@gaia.fkie.fraunhofer.de/ros2_cs/install/bioharness:/home/adm.sof44944@gaia.fkie.fraunhofer.de/install/launch_testing_examples:/home/adm.sof44944@gaia.fkie.fraunhofer.de/install/examples_rclpy_pointcloud_publisher:/home/adm.sof44944@gaia.fkie.fraunhofer.de/install/examples_rclpy_minimal_subscriber:/home/adm.sof44944@gaia.fkie.fraunhofer.de/install/examples_rclpy_minimal_service:/home/adm.sof44944@gaia.fkie.fraunhofer.de/install/examples_rclpy_minimal_publisher:/home/adm.sof44944@gaia.fkie.fraunhofer.de/install/examples_rclpy_minimal_client:/home/adm.sof44944@gaia.fkie.fraunhofer.de/install/examples_rclpy_minimal_action_server:/home/adm.sof44944@gaia.fkie.fraunhofer.de/install/examples_rclpy_minimal_action_client:/home/adm.sof44944@gaia.fkie.fraunhofer.de/install/examples_rclpy_guard_conditions:/home/adm.sof44944@gaia.fkie.fraunhofer.de/install/examples_rclpy_executors:/opt/ros/humble /usr/bin/cmake --build /home/adm.sof44944@gaia.fkie.fraunhofer.de/ros2_cs/build/crazyflie -- -j12 -l12
[0.458s] [  5%] Built target teleop
[0.458s] [ 27%] Built target crazyflieLinkCpp
[0.476s] [ 35%] Built target crazyflie_cpp
[0.511s] [ 40%] Built target listLogVariables
[0.513s] [ 45%] Built target reboot
[0.515s] [ 50%] Built target console
[0.516s] [ 60%] Built target battery
[0.516s] [ 62%] Built target listMemories
[0.516s] [ 65%] Built target version
[0.518s] [ 70%] Built target crazyflie_server
[0.523s] [ 85%] Built target downloadUSDLogfile
[0.524s] [ 85%] Built target comCheck
[0.524s] [ 85%] Built target log
[0.525s] [ 90%] Built target scan
[0.527s] [ 95%] Built target listParams
[0.540s] [100%] Built target setParam
[0.574s] Invoked command in '/home/adm.sof44944@gaia.fkie.fraunhofer.de/ros2_cs/build/crazyflie' returned '0': CMAKE_PREFIX_PATH=/home/adm.sof44944@gaia.fkie.fraunhofer.de/ros2_cs/install/motion_capture_tracking_interfaces:/home/adm.sof44944@gaia.fkie.fraunhofer.de/ros2_cs/install/crazyflie_interfaces:/home/adm.sof44944@gaia.fkie.fraunhofer.de/ros2_cs/install/motion_capture_tracking:/home/adm.sof44944@gaia.fkie.fraunhofer.de/ros2_cs/install/crazyflie:/home/adm.sof44944@gaia.fkie.fraunhofer.de/ros2_cs/install/crazyflie_sim:/home/adm.sof44944@gaia.fkie.fraunhofer.de/ros2_cs/install/crazyflie_examples:/home/adm.sof44944@gaia.fkie.fraunhofer.de/install/examples_rclcpp_wait_set:/home/adm.sof44944@gaia.fkie.fraunhofer.de/install/examples_rclcpp_multithreaded_executor:/home/adm.sof44944@gaia.fkie.fraunhofer.de/install/examples_rclcpp_minimal_timer:/home/adm.sof44944@gaia.fkie.fraunhofer.de/install/examples_rclcpp_minimal_subscriber:/home/adm.sof44944@gaia.fkie.fraunhofer.de/install/examples_rclcpp_minimal_service:/home/adm.sof44944@gaia.fkie.fraunhofer.de/install/examples_rclcpp_minimal_publisher:/home/adm.sof44944@gaia.fkie.fraunhofer.de/install/examples_rclcpp_minimal_composition:/home/adm.sof44944@gaia.fkie.fraunhofer.de/install/examples_rclcpp_minimal_client:/home/adm.sof44944@gaia.fkie.fraunhofer.de/install/examples_rclcpp_minimal_action_server:/home/adm.sof44944@gaia.fkie.fraunhofer.de/install/examples_rclcpp_minimal_action_client:/home/adm.sof44944@gaia.fkie.fraunhofer.de/install/examples_rclcpp_cbg_executor:/home/adm.sof44944@gaia.fkie.fraunhofer.de/install/examples_rclcpp_async_client:/home/adm.sof44944@gaia.fkie.fraunhofer.de/ros2_cs/install/joystick:/home/adm.sof44944@gaia.fkie.fraunhofer.de/ros2_cs/install/hsi:/home/adm.sof44944@gaia.fkie.fraunhofer.de/ros2_cs/install/gesture:/home/adm.sof44944@gaia.fkie.fraunhofer.de/ros2_cs/install/crazyflie_py:/home/adm.sof44944@gaia.fkie.fraunhofer.de/ros2_cs/install/bioharness:/home/adm.sof44944@gaia.fkie.fraunhofer.de/install/launch_testing_examples:/home/adm.sof44944@gaia.fkie.fraunhofer.de/install/examples_rclpy_pointcloud_publisher:/home/adm.sof44944@gaia.fkie.fraunhofer.de/install/examples_rclpy_minimal_subscriber:/home/adm.sof44944@gaia.fkie.fraunhofer.de/install/examples_rclpy_minimal_service:/home/adm.sof44944@gaia.fkie.fraunhofer.de/install/examples_rclpy_minimal_publisher:/home/adm.sof44944@gaia.fkie.fraunhofer.de/install/examples_rclpy_minimal_client:/home/adm.sof44944@gaia.fkie.fraunhofer.de/install/examples_rclpy_minimal_action_server:/home/adm.sof44944@gaia.fkie.fraunhofer.de/install/examples_rclpy_minimal_action_client:/home/adm.sof44944@gaia.fkie.fraunhofer.de/install/examples_rclpy_guard_conditions:/home/adm.sof44944@gaia.fkie.fraunhofer.de/install/examples_rclpy_executors:/opt/ros/humble /usr/bin/cmake --build /home/adm.sof44944@gaia.fkie.fraunhofer.de/ros2_cs/build/crazyflie -- -j12 -l12
[0.600s] Invoking command in '/home/adm.sof44944@gaia.fkie.fraunhofer.de/ros2_cs/build/crazyflie': CMAKE_PREFIX_PATH=/home/adm.sof44944@gaia.fkie.fraunhofer.de/ros2_cs/install/motion_capture_tracking_interfaces:/home/adm.sof44944@gaia.fkie.fraunhofer.de/ros2_cs/install/crazyflie_interfaces:/home/adm.sof44944@gaia.fkie.fraunhofer.de/ros2_cs/install/motion_capture_tracking:/home/adm.sof44944@gaia.fkie.fraunhofer.de/ros2_cs/install/crazyflie:/home/adm.sof44944@gaia.fkie.fraunhofer.de/ros2_cs/install/crazyflie_sim:/home/adm.sof44944@gaia.fkie.fraunhofer.de/ros2_cs/install/crazyflie_examples:/home/adm.sof44944@gaia.fkie.fraunhofer.de/install/examples_rclcpp_wait_set:/home/adm.sof44944@gaia.fkie.fraunhofer.de/install/examples_rclcpp_multithreaded_executor:/home/adm.sof44944@gaia.fkie.fraunhofer.de/install/examples_rclcpp_minimal_timer:/home/adm.sof44944@gaia.fkie.fraunhofer.de/install/examples_rclcpp_minimal_subscriber:/home/adm.sof44944@gaia.fkie.fraunhofer.de/install/examples_rclcpp_minimal_service:/home/adm.sof44944@gaia.fkie.fraunhofer.de/install/examples_rclcpp_minimal_publisher:/home/adm.sof44944@gaia.fkie.fraunhofer.de/install/examples_rclcpp_minimal_composition:/home/adm.sof44944@gaia.fkie.fraunhofer.de/install/examples_rclcpp_minimal_client:/home/adm.sof44944@gaia.fkie.fraunhofer.de/install/examples_rclcpp_minimal_action_server:/home/adm.sof44944@gaia.fkie.fraunhofer.de/install/examples_rclcpp_minimal_action_client:/home/adm.sof44944@gaia.fkie.fraunhofer.de/install/examples_rclcpp_cbg_executor:/home/adm.sof44944@gaia.fkie.fraunhofer.de/install/examples_rclcpp_async_client:/home/adm.sof44944@gaia.fkie.fraunhofer.de/ros2_cs/install/joystick:/home/adm.sof44944@gaia.fkie.fraunhofer.de/ros2_cs/install/hsi:/home/adm.sof44944@gaia.fkie.fraunhofer.de/ros2_cs/install/gesture:/home/adm.sof44944@gaia.fkie.fraunhofer.de/ros2_cs/install/crazyflie_py:/home/adm.sof44944@gaia.fkie.fraunhofer.de/ros2_cs/install/bioharness:/home/adm.sof44944@gaia.fkie.fraunhofer.de/install/launch_testing_examples:/home/adm.sof44944@gaia.fkie.fraunhofer.de/install/examples_rclpy_pointcloud_publisher:/home/adm.sof44944@gaia.fkie.fraunhofer.de/install/examples_rclpy_minimal_subscriber:/home/adm.sof44944@gaia.fkie.fraunhofer.de/install/examples_rclpy_minimal_service:/home/adm.sof44944@gaia.fkie.fraunhofer.de/install/examples_rclpy_minimal_publisher:/home/adm.sof44944@gaia.fkie.fraunhofer.de/install/examples_rclpy_minimal_client:/home/adm.sof44944@gaia.fkie.fraunhofer.de/install/examples_rclpy_minimal_action_server:/home/adm.sof44944@gaia.fkie.fraunhofer.de/install/examples_rclpy_minimal_action_client:/home/adm.sof44944@gaia.fkie.fraunhofer.de/install/examples_rclpy_guard_conditions:/home/adm.sof44944@gaia.fkie.fraunhofer.de/install/examples_rclpy_executors:/opt/ros/humble /usr/bin/cmake --install /home/adm.sof44944@gaia.fkie.fraunhofer.de/ros2_cs/build/crazyflie
[0.608s] -- Install configuration: ""
[0.608s] -- Execute custom install script
[0.609s] -- Up-to-date symlink: /home/adm.sof44944@gaia.fkie.fraunhofer.de/ros2_cs/install/crazyflie/lib/crazyflie/comCheck
[0.609s] -- Up-to-date symlink: /home/adm.sof44944@gaia.fkie.fraunhofer.de/ros2_cs/install/crazyflie/lib/crazyflie/scan
[0.609s] -- Up-to-date symlink: /home/adm.sof44944@gaia.fkie.fraunhofer.de/ros2_cs/install/crazyflie/lib/crazyflie/listParams
[0.610s] -- Up-to-date symlink: /home/adm.sof44944@gaia.fkie.fraunhofer.de/ros2_cs/install/crazyflie/lib/crazyflie/listLogVariables
[0.610s] -- Up-to-date symlink: /home/adm.sof44944@gaia.fkie.fraunhofer.de/ros2_cs/install/crazyflie/lib/crazyflie/listMemories
[0.610s] -- Up-to-date symlink: /home/adm.sof44944@gaia.fkie.fraunhofer.de/ros2_cs/install/crazyflie/lib/crazyflie/reboot
[0.610s] -- Up-to-date symlink: /home/adm.sof44944@gaia.fkie.fraunhofer.de/ros2_cs/install/crazyflie/lib/crazyflie/battery
[0.610s] -- Up-to-date symlink: /home/adm.sof44944@gaia.fkie.fraunhofer.de/ros2_cs/install/crazyflie/lib/crazyflie/version
[0.610s] -- Up-to-date symlink: /home/adm.sof44944@gaia.fkie.fraunhofer.de/ros2_cs/install/crazyflie/lib/crazyflie/console
[0.610s] -- Up-to-date symlink: /home/adm.sof44944@gaia.fkie.fraunhofer.de/ros2_cs/install/crazyflie/lib/crazyflie/log
[0.611s] -- Up-to-date symlink: /home/adm.sof44944@gaia.fkie.fraunhofer.de/ros2_cs/install/crazyflie/lib/crazyflie/setParam
[0.611s] -- Up-to-date symlink: /home/adm.sof44944@gaia.fkie.fraunhofer.de/ros2_cs/install/crazyflie/lib/crazyflie/downloadUSDLogfile
[0.611s] -- Up-to-date symlink: /home/adm.sof44944@gaia.fkie.fraunhofer.de/ros2_cs/install/crazyflie/lib/crazyflie/teleop
[0.611s] -- Up-to-date symlink: /home/adm.sof44944@gaia.fkie.fraunhofer.de/ros2_cs/install/crazyflie/lib/crazyflie/crazyflie_server
[0.611s] -- Up-to-date symlink: /home/adm.sof44944@gaia.fkie.fraunhofer.de/ros2_cs/install/crazyflie/lib/crazyflie/crazyflie_server.py
[0.611s] -- Up-to-date symlink: /home/adm.sof44944@gaia.fkie.fraunhofer.de/ros2_cs/install/crazyflie/lib/crazyflie/chooser.py
[0.611s] -- Up-to-date symlink: /home/adm.sof44944@gaia.fkie.fraunhofer.de/ros2_cs/install/crazyflie/lib/crazyflie/vel_mux.py
[0.611s] -- Up-to-date symlink: /home/adm.sof44944@gaia.fkie.fraunhofer.de/ros2_cs/install/crazyflie/lib/crazyflie/cfmult.py
[0.611s] -- Up-to-date symlink: /home/adm.sof44944@gaia.fkie.fraunhofer.de/ros2_cs/install/crazyflie/lib/crazyflie/simple_mapper_multiranger.py
[0.612s] -- Up-to-date symlink: /home/adm.sof44944@gaia.fkie.fraunhofer.de/ros2_cs/install/crazyflie/share/crazyflie//launch/launch.py
[0.612s] -- Up-to-date symlink: /home/adm.sof44944@gaia.fkie.fraunhofer.de/ros2_cs/install/crazyflie/share/crazyflie//launch/launch_teleop2.py
[0.612s] -- Up-to-date symlink: /home/adm.sof44944@gaia.fkie.fraunhofer.de/ros2_cs/install/crazyflie/share/crazyflie//launch/teleop_launch.py
[0.612s] -- Up-to-date symlink: /home/adm.sof44944@gaia.fkie.fraunhofer.de/ros2_cs/install/crazyflie/share/crazyflie//config/config.rviz
[0.612s] -- Up-to-date symlink: /home/adm.sof44944@gaia.fkie.fraunhofer.de/ros2_cs/install/crazyflie/share/crazyflie//config/crazyflies.yaml
[0.612s] -- Up-to-date symlink: /home/adm.sof44944@gaia.fkie.fraunhofer.de/ros2_cs/install/crazyflie/share/crazyflie//config/motion_capture.yaml
[0.612s] -- Up-to-date symlink: /home/adm.sof44944@gaia.fkie.fraunhofer.de/ros2_cs/install/crazyflie/share/crazyflie//config/server.yaml
[0.612s] -- Up-to-date symlink: /home/adm.sof44944@gaia.fkie.fraunhofer.de/ros2_cs/install/crazyflie/share/crazyflie//config/teleop.yaml
[0.612s] -- Up-to-date symlink: /home/adm.sof44944@gaia.fkie.fraunhofer.de/ros2_cs/install/crazyflie/share/ament_index/resource_index/package_run_dependencies/crazyflie
[0.612s] -- Up-to-date symlink: /home/adm.sof44944@gaia.fkie.fraunhofer.de/ros2_cs/install/crazyflie/share/ament_index/resource_index/parent_prefix_path/crazyflie
[0.612s] -- Up-to-date symlink: /home/adm.sof44944@gaia.fkie.fraunhofer.de/ros2_cs/install/crazyflie/share/crazyflie/environment/ament_prefix_path.sh
[0.613s] -- Up-to-date symlink: /home/adm.sof44944@gaia.fkie.fraunhofer.de/ros2_cs/install/crazyflie/share/crazyflie/environment/ament_prefix_path.dsv
[0.613s] -- Up-to-date symlink: /home/adm.sof44944@gaia.fkie.fraunhofer.de/ros2_cs/install/crazyflie/share/crazyflie/environment/path.sh
[0.613s] -- Up-to-date symlink: /home/adm.sof44944@gaia.fkie.fraunhofer.de/ros2_cs/install/crazyflie/share/crazyflie/environment/path.dsv
[0.613s] -- Up-to-date symlink: /home/adm.sof44944@gaia.fkie.fraunhofer.de/ros2_cs/install/crazyflie/share/crazyflie/local_setup.bash
[0.613s] -- Up-to-date symlink: /home/adm.sof44944@gaia.fkie.fraunhofer.de/ros2_cs/install/crazyflie/share/crazyflie/local_setup.sh
[0.613s] -- Up-to-date symlink: /home/adm.sof44944@gaia.fkie.fraunhofer.de/ros2_cs/install/crazyflie/share/crazyflie/local_setup.zsh
[0.613s] -- Up-to-date symlink: /home/adm.sof44944@gaia.fkie.fraunhofer.de/ros2_cs/install/crazyflie/share/crazyflie/local_setup.dsv
[0.613s] -- Symlinking: /home/adm.sof44944@gaia.fkie.fraunhofer.de/ros2_cs/install/crazyflie/share/crazyflie/package.dsv
[0.619s] -- Up-to-date symlink: /home/adm.sof44944@gaia.fkie.fraunhofer.de/ros2_cs/install/crazyflie/share/ament_index/resource_index/packages/crazyflie
[0.619s] -- Up-to-date symlink: /home/adm.sof44944@gaia.fkie.fraunhofer.de/ros2_cs/install/crazyflie/share/crazyflie/cmake/crazyflieConfig.cmake
[0.619s] -- Up-to-date symlink: /home/adm.sof44944@gaia.fkie.fraunhofer.de/ros2_cs/install/crazyflie/share/crazyflie/cmake/crazyflieConfig-version.cmake
[0.619s] -- Up-to-date symlink: /home/adm.sof44944@gaia.fkie.fraunhofer.de/ros2_cs/install/crazyflie/share/crazyflie/package.xml
[0.672s] Invoked command in '/home/adm.sof44944@gaia.fkie.fraunhofer.de/ros2_cs/build/crazyflie' returned '0': CMAKE_PREFIX_PATH=/home/adm.sof44944@gaia.fkie.fraunhofer.de/ros2_cs/install/motion_capture_tracking_interfaces:/home/adm.sof44944@gaia.fkie.fraunhofer.de/ros2_cs/install/crazyflie_interfaces:/home/adm.sof44944@gaia.fkie.fraunhofer.de/ros2_cs/install/motion_capture_tracking:/home/adm.sof44944@gaia.fkie.fraunhofer.de/ros2_cs/install/crazyflie:/home/adm.sof44944@gaia.fkie.fraunhofer.de/ros2_cs/install/crazyflie_sim:/home/adm.sof44944@gaia.fkie.fraunhofer.de/ros2_cs/install/crazyflie_examples:/home/adm.sof44944@gaia.fkie.fraunhofer.de/install/examples_rclcpp_wait_set:/home/adm.sof44944@gaia.fkie.fraunhofer.de/install/examples_rclcpp_multithreaded_executor:/home/adm.sof44944@gaia.fkie.fraunhofer.de/install/examples_rclcpp_minimal_timer:/home/adm.sof44944@gaia.fkie.fraunhofer.de/install/examples_rclcpp_minimal_subscriber:/home/adm.sof44944@gaia.fkie.fraunhofer.de/install/examples_rclcpp_minimal_service:/home/adm.sof44944@gaia.fkie.fraunhofer.de/install/examples_rclcpp_minimal_publisher:/home/adm.sof44944@gaia.fkie.fraunhofer.de/install/examples_rclcpp_minimal_composition:/home/adm.sof44944@gaia.fkie.fraunhofer.de/install/examples_rclcpp_minimal_client:/home/adm.sof44944@gaia.fkie.fraunhofer.de/install/examples_rclcpp_minimal_action_server:/home/adm.sof44944@gaia.fkie.fraunhofer.de/install/examples_rclcpp_minimal_action_client:/home/adm.sof44944@gaia.fkie.fraunhofer.de/install/examples_rclcpp_cbg_executor:/home/adm.sof44944@gaia.fkie.fraunhofer.de/install/examples_rclcpp_async_client:/home/adm.sof44944@gaia.fkie.fraunhofer.de/ros2_cs/install/joystick:/home/adm.sof44944@gaia.fkie.fraunhofer.de/ros2_cs/install/hsi:/home/adm.sof44944@gaia.fkie.fraunhofer.de/ros2_cs/install/gesture:/home/adm.sof44944@gaia.fkie.fraunhofer.de/ros2_cs/install/crazyflie_py:/home/adm.sof44944@gaia.fkie.fraunhofer.de/ros2_cs/install/bioharness:/home/adm.sof44944@gaia.fkie.fraunhofer.de/install/launch_testing_examples:/home/adm.sof44944@gaia.fkie.fraunhofer.de/install/examples_rclpy_pointcloud_publisher:/home/adm.sof44944@gaia.fkie.fraunhofer.de/install/examples_rclpy_minimal_subscriber:/home/adm.sof44944@gaia.fkie.fraunhofer.de/install/examples_rclpy_minimal_service:/home/adm.sof44944@gaia.fkie.fraunhofer.de/install/examples_rclpy_minimal_publisher:/home/adm.sof44944@gaia.fkie.fraunhofer.de/install/examples_rclpy_minimal_client:/home/adm.sof44944@gaia.fkie.fraunhofer.de/install/examples_rclpy_minimal_action_server:/home/adm.sof44944@gaia.fkie.fraunhofer.de/install/examples_rclpy_minimal_action_client:/home/adm.sof44944@gaia.fkie.fraunhofer.de/install/examples_rclpy_guard_conditions:/home/adm.sof44944@gaia.fkie.fraunhofer.de/install/examples_rclpy_executors:/opt/ros/humble /usr/bin/cmake --install /home/adm.sof44944@gaia.fkie.fraunhofer.de/ros2_cs/build/crazyflie
