running egg_info
writing ../../../build/gesture/gesture.egg-info/PKG-INFO
writing dependency_links to ../../../build/gesture/gesture.egg-info/dependency_links.txt
writing entry points to ../../../build/gesture/gesture.egg-info/entry_points.txt
writing requirements to ../../../build/gesture/gesture.egg-info/requires.txt
writing top-level names to ../../../build/gesture/gesture.egg-info/top_level.txt
reading manifest file '../../../build/gesture/gesture.egg-info/SOURCES.txt'
writing manifest file '../../../build/gesture/gesture.egg-info/SOURCES.txt'
running build
running build_py
running install
running install_lib
running install_data
running install_egg_info
removing '/home/adm.sof44944@gaia.fkie.fraunhofer.de/ros2_cs/install/gesture/lib/python3.10/site-packages/gesture-0.0.0-py3.10.egg-info' (and everything under it)
Copying ../../../build/gesture/gesture.egg-info to /home/adm.sof44944@gaia.fkie.fraunhofer.de/ros2_cs/install/gesture/lib/python3.10/site-packages/gesture-0.0.0-py3.10.egg-info
running install_scripts
Installing gesture_node script to /home/adm.sof44944@gaia.fkie.fraunhofer.de/ros2_cs/install/gesture/lib/gesture
Installing gesture_pub script to /home/adm.sof44944@gaia.fkie.fraunhofer.de/ros2_cs/install/gesture/lib/gesture
writing list of installed files to '/home/adm.sof44944@gaia.fkie.fraunhofer.de/ros2_cs/build/gesture/install.log'
