[2.390s] Invoking command in '/home/adm.sof44944@gaia.fkie.fraunhofer.de/ros2_cs/build/crazyflie_py': AMENT_PREFIX_PATH=/home/adm.sof44944@gaia.fkie.fraunhofer.de/ros2_cs/install/crazyflie_interfaces:${AMENT_PREFIX_PATH} CMAKE_PREFIX_PATH=/home/adm.sof44944@gaia.fkie.fraunhofer.de/ros2_cs/install/crazyflie_interfaces LD_LIBRARY_PATH=/home/adm.sof44944@gaia.fkie.fraunhofer.de/ros2_cs/install/crazyflie_interfaces/lib:${LD_LIBRARY_PATH} PYTHONPATH=/home/adm.sof44944@gaia.fkie.fraunhofer.de/ros2_cs/build/crazyflie_py/prefix_override:/home/adm.sof44944@gaia.fkie.fraunhofer.de/ros2_cs/install/crazyflie_py/lib/python3.10/site-packages:/home/adm.sof44944@gaia.fkie.fraunhofer.de/ros2_cs/install/crazyflie_interfaces/local/lib/python3.10/dist-packages:${PYTHONPATH} /usr/bin/python3 setup.py develop --editable --build-directory /home/adm.sof44944@gaia.fkie.fraunhofer.de/ros2_cs/build/crazyflie_py/build --no-deps install_data
[3.119s] running develop
[3.582s] running egg_info
[3.582s] creating crazyflie_py.egg-info
[3.582s] writing crazyflie_py.egg-info/PKG-INFO
[3.583s] writing dependency_links to crazyflie_py.egg-info/dependency_links.txt
[3.583s] writing entry points to crazyflie_py.egg-info/entry_points.txt
[3.583s] writing requirements to crazyflie_py.egg-info/requires.txt
[3.584s] writing top-level names to crazyflie_py.egg-info/top_level.txt
[3.584s] writing manifest file 'crazyflie_py.egg-info/SOURCES.txt'
[3.588s] reading manifest file 'crazyflie_py.egg-info/SOURCES.txt'
[3.589s] writing manifest file 'crazyflie_py.egg-info/SOURCES.txt'
[3.593s] running build_ext
[3.594s] Creating /home/adm.sof44944@gaia.fkie.fraunhofer.de/ros2_cs/install/crazyflie_py/lib/python3.10/site-packages/crazyflie-py.egg-link (link to .)
[3.597s] 
[3.597s] Installed /home/adm.sof44944@gaia.fkie.fraunhofer.de/ros2_cs/build/crazyflie_py
[3.597s] running install_data
[3.597s] creating /home/adm.sof44944@gaia.fkie.fraunhofer.de/ros2_cs/install/crazyflie_py/share/ament_index
[3.598s] creating /home/adm.sof44944@gaia.fkie.fraunhofer.de/ros2_cs/install/crazyflie_py/share/ament_index/resource_index
[3.598s] creating /home/adm.sof44944@gaia.fkie.fraunhofer.de/ros2_cs/install/crazyflie_py/share/ament_index/resource_index/packages
[3.598s] copying resource/crazyflie_py -> /home/adm.sof44944@gaia.fkie.fraunhofer.de/ros2_cs/install/crazyflie_py/share/ament_index/resource_index/packages
[3.598s] copying package.xml -> /home/adm.sof44944@gaia.fkie.fraunhofer.de/ros2_cs/install/crazyflie_py/share/crazyflie_py
[3.705s] Invoked command in '/home/adm.sof44944@gaia.fkie.fraunhofer.de/ros2_cs/build/crazyflie_py' returned '0': AMENT_PREFIX_PATH=/home/adm.sof44944@gaia.fkie.fraunhofer.de/ros2_cs/install/crazyflie_interfaces:${AMENT_PREFIX_PATH} CMAKE_PREFIX_PATH=/home/adm.sof44944@gaia.fkie.fraunhofer.de/ros2_cs/install/crazyflie_interfaces LD_LIBRARY_PATH=/home/adm.sof44944@gaia.fkie.fraunhofer.de/ros2_cs/install/crazyflie_interfaces/lib:${LD_LIBRARY_PATH} PYTHONPATH=/home/adm.sof44944@gaia.fkie.fraunhofer.de/ros2_cs/build/crazyflie_py/prefix_override:/home/adm.sof44944@gaia.fkie.fraunhofer.de/ros2_cs/install/crazyflie_py/lib/python3.10/site-packages:/home/adm.sof44944@gaia.fkie.fraunhofer.de/ros2_cs/install/crazyflie_interfaces/local/lib/python3.10/dist-packages:${PYTHONPATH} /usr/bin/python3 setup.py develop --editable --build-directory /home/adm.sof44944@gaia.fkie.fraunhofer.de/ros2_cs/build/crazyflie_py/build --no-deps install_data
