[1.235s] Invoking command in '/home/adm.sof44944@gaia.fkie.fraunhofer.de/ros2_cs/build/bioharness': PYTHONPATH=/home/adm.sof44944@gaia.fkie.fraunhofer.de/ros2_cs/build/bioharness/prefix_override:/home/adm.sof44944@gaia.fkie.fraunhofer.de/ros2_cs/install/bioharness/lib/python3.10/site-packages:${PYTHONPATH} /usr/bin/python3 setup.py develop --editable --build-directory /home/adm.sof44944@gaia.fkie.fraunhofer.de/ros2_cs/build/bioharness/build --no-deps install_data
[1.398s] running develop
[1.493s] running egg_info
[1.493s] writing bioharness.egg-info/PKG-INFO
[1.493s] writing dependency_links to bioharness.egg-info/dependency_links.txt
[1.493s] writing entry points to bioharness.egg-info/entry_points.txt
[1.493s] writing requirements to bioharness.egg-info/requires.txt
[1.493s] writing top-level names to bioharness.egg-info/top_level.txt
[1.494s] reading manifest file 'bioharness.egg-info/SOURCES.txt'
[1.495s] writing manifest file 'bioharness.egg-info/SOURCES.txt'
[1.496s] running build_ext
[1.496s] Creating /home/adm.sof44944@gaia.fkie.fraunhofer.de/ros2_cs/install/bioharness/lib/python3.10/site-packages/bioharness.egg-link (link to .)
[1.496s] Installing hr_node script to /home/adm.sof44944@gaia.fkie.fraunhofer.de/ros2_cs/install/bioharness/lib/bioharness
[1.497s] Installing hr_pub script to /home/adm.sof44944@gaia.fkie.fraunhofer.de/ros2_cs/install/bioharness/lib/bioharness
[1.497s] Installing posture_pub script to /home/adm.sof44944@gaia.fkie.fraunhofer.de/ros2_cs/install/bioharness/lib/bioharness
[1.497s] Installing test_node script to /home/adm.sof44944@gaia.fkie.fraunhofer.de/ros2_cs/install/bioharness/lib/bioharness
[1.497s] 
[1.497s] Installed /home/adm.sof44944@gaia.fkie.fraunhofer.de/ros2_cs/build/bioharness
[1.497s] running install_data
[1.524s] Invoked command in '/home/adm.sof44944@gaia.fkie.fraunhofer.de/ros2_cs/build/bioharness' returned '0': PYTHONPATH=/home/adm.sof44944@gaia.fkie.fraunhofer.de/ros2_cs/build/bioharness/prefix_override:/home/adm.sof44944@gaia.fkie.fraunhofer.de/ros2_cs/install/bioharness/lib/python3.10/site-packages:${PYTHONPATH} /usr/bin/python3 setup.py develop --editable --build-directory /home/adm.sof44944@gaia.fkie.fraunhofer.de/ros2_cs/build/bioharness/build --no-deps install_data
