[1.106s] Invoking command in '/home/adm.sof44944@gaia.fkie.fraunhofer.de/ros2_cs/src/sensors/bioharness': PYTHONPATH=/home/adm.sof44944@gaia.fkie.fraunhofer.de/ros2_cs/build/bioharness/prefix_override:/home/adm.sof44944@gaia.fkie.fraunhofer.de/ros2_cs/install/bioharness/lib/python3.10/site-packages:${PYTHONPATH} /usr/bin/python3 setup.py egg_info --egg-base ../../../build/bioharness build --build-base /home/adm.sof44944@gaia.fkie.fraunhofer.de/ros2_cs/build/bioharness/build install --record /home/adm.sof44944@gaia.fkie.fraunhofer.de/ros2_cs/build/bioharness/install.log --single-version-externally-managed
[1.259s] running egg_info
[1.259s] writing ../../../build/bioharness/bioharness.egg-info/PKG-INFO
[1.259s] writing dependency_links to ../../../build/bioharness/bioharness.egg-info/dependency_links.txt
[1.259s] writing entry points to ../../../build/bioharness/bioharness.egg-info/entry_points.txt
[1.259s] writing requirements to ../../../build/bioharness/bioharness.egg-info/requires.txt
[1.259s] writing top-level names to ../../../build/bioharness/bioharness.egg-info/top_level.txt
[1.260s] reading manifest file '../../../build/bioharness/bioharness.egg-info/SOURCES.txt'
[1.261s] writing manifest file '../../../build/bioharness/bioharness.egg-info/SOURCES.txt'
[1.261s] running build
[1.261s] running build_py
[1.261s] running install
[1.261s] running install_lib
[1.262s] running install_data
[1.262s] running install_egg_info
[1.263s] removing '/home/adm.sof44944@gaia.fkie.fraunhofer.de/ros2_cs/install/bioharness/lib/python3.10/site-packages/bioharness-0.0.0-py3.10.egg-info' (and everything under it)
[1.263s] Copying ../../../build/bioharness/bioharness.egg-info to /home/adm.sof44944@gaia.fkie.fraunhofer.de/ros2_cs/install/bioharness/lib/python3.10/site-packages/bioharness-0.0.0-py3.10.egg-info
[1.263s] running install_scripts
[1.275s] Installing hr_node script to /home/adm.sof44944@gaia.fkie.fraunhofer.de/ros2_cs/install/bioharness/lib/bioharness
[1.275s] Installing hr_pub script to /home/adm.sof44944@gaia.fkie.fraunhofer.de/ros2_cs/install/bioharness/lib/bioharness
[1.275s] Installing posture_pub script to /home/adm.sof44944@gaia.fkie.fraunhofer.de/ros2_cs/install/bioharness/lib/bioharness
[1.275s] Installing test_node script to /home/adm.sof44944@gaia.fkie.fraunhofer.de/ros2_cs/install/bioharness/lib/bioharness
[1.275s] writing list of installed files to '/home/adm.sof44944@gaia.fkie.fraunhofer.de/ros2_cs/build/bioharness/install.log'
[1.323s] Invoked command in '/home/adm.sof44944@gaia.fkie.fraunhofer.de/ros2_cs/src/sensors/bioharness' returned '0': PYTHONPATH=/home/adm.sof44944@gaia.fkie.fraunhofer.de/ros2_cs/build/bioharness/prefix_override:/home/adm.sof44944@gaia.fkie.fraunhofer.de/ros2_cs/install/bioharness/lib/python3.10/site-packages:${PYTHONPATH} /usr/bin/python3 setup.py egg_info --egg-base ../../../build/bioharness build --build-base /home/adm.sof44944@gaia.fkie.fraunhofer.de/ros2_cs/build/bioharness/build install --record /home/adm.sof44944@gaia.fkie.fraunhofer.de/ros2_cs/build/bioharness/install.log --single-version-externally-managed
