[0.618s] Invoking command in '/home/adm.sof44944@gaia.fkie.fraunhofer.de/ros2_cs/build/hsi_interfaces': CMAKE_PREFIX_PATH=${CMAKE_PREFIX_PATH}:/home/adm.sof44944@gaia.fkie.fraunhofer.de/ros2_cs/install/joystick:/home/adm.sof44944@gaia.fkie.fraunhofer.de/ros2_cs/install/hsi:/home/adm.sof44944@gaia.fkie.fraunhofer.de/ros2_cs/install/gesture:/home/adm.sof44944@gaia.fkie.fraunhofer.de/ros2_cs/install/crazyflie_py:/home/adm.sof44944@gaia.fkie.fraunhofer.de/ros2_cs/install/bioharness:/opt/ros/humble /usr/bin/cmake /home/adm.sof44944@gaia.fkie.fraunhofer.de/ros2_cs/src/hsi_interfaces -DAMENT_CMAKE_SYMLINK_INSTALL=1 -DCMAKE_INSTALL_PREFIX=/home/adm.sof44944@gaia.fkie.fraunhofer.de/ros2_cs/install/hsi_interfaces
[0.659s] -- The C compiler identification is GNU 11.4.0
[0.711s] -- The CXX compiler identification is GNU 11.4.0
[0.717s] -- Detecting C compiler ABI info
[0.763s] -- Detecting C compiler ABI info - done
[0.772s] -- Check for working C compiler: /usr/bin/cc - skipped
[0.773s] -- Detecting C compile features
[0.773s] -- Detecting C compile features - done
[0.777s] -- Detecting CXX compiler ABI info
[0.844s] -- Detecting CXX compiler ABI info - done
[0.851s] -- Check for working CXX compiler: /usr/bin/c++ - skipped
[0.851s] -- Detecting CXX compile features
[0.851s] -- Detecting CXX compile features - done
[0.853s] -- Found ament_cmake: 1.3.5 (/opt/ros/humble/share/ament_cmake/cmake)
[1.034s] -- Found Python3: /usr/bin/python3.10 (found version "3.10.12") found components: Interpreter 
[1.115s] -- Override CMake install command with custom implementation using symlinks instead of copying resources
[1.143s] -- Found rosidl_default_generators: 1.2.0 (/opt/ros/humble/share/rosidl_default_generators/cmake)
[1.147s] -- Using all available rosidl_typesupport_c: rosidl_typesupport_fastrtps_c;rosidl_typesupport_introspection_c
[1.152s] -- Found rosidl_adapter: 3.1.5 (/opt/ros/humble/share/rosidl_adapter/cmake)
[1.186s] -- Using all available rosidl_typesupport_cpp: rosidl_typesupport_fastrtps_cpp;rosidl_typesupport_introspection_cpp
[1.493s] -- Found ament_cmake_ros: 0.10.0 (/opt/ros/humble/share/ament_cmake_ros/cmake)
[1.746s] -- Using all available rosidl_typesupport_c: rosidl_typesupport_fastrtps_c;rosidl_typesupport_introspection_c
[2.018s] -- Using all available rosidl_typesupport_cpp: rosidl_typesupport_fastrtps_cpp;rosidl_typesupport_introspection_cpp
[2.039s] -- Found PythonInterp: /usr/bin/python3 (found suitable version "3.10.12", minimum required is "3.6") 
[2.042s] -- Found python_cmake_module: 0.10.0 (/opt/ros/humble/share/python_cmake_module/cmake)
[2.065s] -- Found PythonLibs: /usr/lib/x86_64-linux-gnu/libpython3.10.so (found suitable version "3.10.12", minimum required is "3.5") 
[2.066s] -- Using PYTHON_EXECUTABLE: /usr/bin/python3
[2.066s] -- Using PYTHON_INCLUDE_DIRS: /usr/include/python3.10
[2.066s] -- Using PYTHON_LIBRARIES: /usr/lib/x86_64-linux-gnu/libpython3.10.so
[2.085s] -- Found PythonExtra: .so  
[2.117s] -- Found ament_lint_auto: 0.12.8 (/opt/ros/humble/share/ament_lint_auto/cmake)
[2.131s] -- Added test 'lint_cmake' to check CMake code style
[2.132s] -- Added test 'xmllint' to check XML markup files
[2.134s] -- Configuring done
[2.150s] -- Generating done
[2.151s] -- Build files have been written to: /home/adm.sof44944@gaia.fkie.fraunhofer.de/ros2_cs/build/hsi_interfaces
[2.202s] Invoked command in '/home/adm.sof44944@gaia.fkie.fraunhofer.de/ros2_cs/build/hsi_interfaces' returned '0': CMAKE_PREFIX_PATH=${CMAKE_PREFIX_PATH}:/home/adm.sof44944@gaia.fkie.fraunhofer.de/ros2_cs/install/joystick:/home/adm.sof44944@gaia.fkie.fraunhofer.de/ros2_cs/install/hsi:/home/adm.sof44944@gaia.fkie.fraunhofer.de/ros2_cs/install/gesture:/home/adm.sof44944@gaia.fkie.fraunhofer.de/ros2_cs/install/crazyflie_py:/home/adm.sof44944@gaia.fkie.fraunhofer.de/ros2_cs/install/bioharness:/opt/ros/humble /usr/bin/cmake /home/adm.sof44944@gaia.fkie.fraunhofer.de/ros2_cs/src/hsi_interfaces -DAMENT_CMAKE_SYMLINK_INSTALL=1 -DCMAKE_INSTALL_PREFIX=/home/adm.sof44944@gaia.fkie.fraunhofer.de/ros2_cs/install/hsi_interfaces
[2.203s] Invoking command in '/home/adm.sof44944@gaia.fkie.fraunhofer.de/ros2_cs/build/hsi_interfaces': CMAKE_PREFIX_PATH=${CMAKE_PREFIX_PATH}:/home/adm.sof44944@gaia.fkie.fraunhofer.de/ros2_cs/install/joystick:/home/adm.sof44944@gaia.fkie.fraunhofer.de/ros2_cs/install/hsi:/home/adm.sof44944@gaia.fkie.fraunhofer.de/ros2_cs/install/gesture:/home/adm.sof44944@gaia.fkie.fraunhofer.de/ros2_cs/install/crazyflie_py:/home/adm.sof44944@gaia.fkie.fraunhofer.de/ros2_cs/install/bioharness:/opt/ros/humble /usr/bin/cmake --build /home/adm.sof44944@gaia.fkie.fraunhofer.de/ros2_cs/build/hsi_interfaces -- -j12 -l12
[2.233s] [  3%] [34m[1mGenerating C code for ROS interfaces[0m
[2.241s] [  3%] Built target ament_cmake_python_symlink_hsi_interfaces
[2.246s] [  6%] [34m[1mGenerating C++ code for ROS interfaces[0m
[2.420s] running egg_info
[2.420s] creating hsi_interfaces.egg-info
[2.421s] writing hsi_interfaces.egg-info/PKG-INFO
[2.421s] writing dependency_links to hsi_interfaces.egg-info/dependency_links.txt
[2.421s] writing top-level names to hsi_interfaces.egg-info/top_level.txt
[2.421s] writing manifest file 'hsi_interfaces.egg-info/SOURCES.txt'
[2.422s] reading manifest file 'hsi_interfaces.egg-info/SOURCES.txt'
[2.422s] writing manifest file 'hsi_interfaces.egg-info/SOURCES.txt'
[2.439s] [  6%] Built target ament_cmake_python_build_hsi_interfaces_egg
[2.481s] [  6%] Built target hsi_interfaces__cpp
[2.487s] [  9%] [34m[1mGenerating C++ type support dispatch for ROS interfaces[0m
[2.491s] [ 12%] [34m[1mGenerating C++ type support for eProsima Fast-RTPS[0m
[2.492s] [ 16%] [34m[1mGenerating C++ introspection for ROS interfaces[0m
[2.531s] [ 19%] [32mBuilding C object CMakeFiles/hsi_interfaces__rosidl_generator_c.dir/rosidl_generator_c/hsi_interfaces/msg/detail/gesture__functions.c.o[0m
[2.589s] [ 22%] [32m[1mLinking C shared library libhsi_interfaces__rosidl_generator_c.so[0m
[2.635s] [ 22%] Built target hsi_interfaces__rosidl_generator_c
[2.673s] [ 25%] [34m[1mGenerating C type support for eProsima Fast-RTPS[0m
[2.682s] [ 29%] [34m[1mGenerating C introspection for ROS interfaces[0m
[2.704s] [ 32%] [34m[1mGenerating C type support dispatch for ROS interfaces[0m
[2.747s] [ 35%] [32mBuilding CXX object CMakeFiles/hsi_interfaces__rosidl_typesupport_fastrtps_cpp.dir/rosidl_typesupport_fastrtps_cpp/hsi_interfaces/msg/detail/dds_fastrtps/gesture__type_support.cpp.o[0m
[2.747s] [ 38%] [32mBuilding CXX object CMakeFiles/hsi_interfaces__rosidl_typesupport_cpp.dir/rosidl_typesupport_cpp/hsi_interfaces/msg/gesture__type_support.cpp.o[0m
[2.849s] [ 41%] [32mBuilding CXX object CMakeFiles/hsi_interfaces__rosidl_typesupport_introspection_cpp.dir/rosidl_typesupport_introspection_cpp/hsi_interfaces/msg/detail/gesture__type_support.cpp.o[0m
[2.979s] [ 45%] [32m[1mLinking CXX shared library libhsi_interfaces__rosidl_typesupport_cpp.so[0m
[3.007s] [ 48%] [32mBuilding C object CMakeFiles/hsi_interfaces__rosidl_typesupport_introspection_c.dir/rosidl_typesupport_introspection_c/hsi_interfaces/msg/detail/gesture__type_support.c.o[0m
[3.011s] [ 48%] Built target hsi_interfaces__rosidl_typesupport_cpp
[3.021s] [ 51%] [32mBuilding CXX object CMakeFiles/hsi_interfaces__rosidl_typesupport_c.dir/rosidl_typesupport_c/hsi_interfaces/msg/gesture__type_support.cpp.o[0m
[3.023s] [ 54%] [32m[1mLinking C shared library libhsi_interfaces__rosidl_typesupport_introspection_c.so[0m
[3.024s] [ 58%] [32mBuilding CXX object CMakeFiles/hsi_interfaces__rosidl_typesupport_fastrtps_c.dir/rosidl_typesupport_fastrtps_c/hsi_interfaces/msg/detail/gesture__type_support_c.cpp.o[0m
[3.052s] [ 58%] Built target hsi_interfaces__rosidl_typesupport_introspection_c
[3.056s] [ 61%] [32m[1mLinking CXX shared library libhsi_interfaces__rosidl_typesupport_c.so[0m
[3.106s] [ 61%] Built target hsi_interfaces__rosidl_typesupport_c
[3.193s] [ 64%] [32m[1mLinking CXX shared library libhsi_interfaces__rosidl_typesupport_fastrtps_cpp.so[0m
[3.262s] [ 64%] Built target hsi_interfaces__rosidl_typesupport_fastrtps_cpp
[3.273s] [ 67%] [32m[1mLinking CXX shared library libhsi_interfaces__rosidl_typesupport_fastrtps_c.so[0m
[3.327s] [ 67%] Built target hsi_interfaces__rosidl_typesupport_fastrtps_c
[3.336s] [ 70%] [32m[1mLinking CXX shared library libhsi_interfaces__rosidl_typesupport_introspection_cpp.so[0m
[3.363s] [ 70%] Built target hsi_interfaces__rosidl_typesupport_introspection_cpp
[3.378s] [ 70%] Built target hsi_interfaces
[3.392s] [ 74%] [34m[1mGenerating Python code for ROS interfaces[0m
[3.575s] [ 74%] Built target hsi_interfaces__py
[3.589s] [ 77%] [32mBuilding C object CMakeFiles/hsi_interfaces__rosidl_generator_py.dir/rosidl_generator_py/hsi_interfaces/msg/_gesture_s.c.o[0m
[3.653s] [ 80%] [32m[1mLinking C shared library rosidl_generator_py/hsi_interfaces/libhsi_interfaces__rosidl_generator_py.so[0m
[3.680s] [ 80%] Built target hsi_interfaces__rosidl_generator_py
[3.694s] [ 83%] [32mBuilding C object CMakeFiles/hsi_interfaces__rosidl_typesupport_introspection_c__pyext.dir/rosidl_generator_py/hsi_interfaces/_hsi_interfaces_s.ep.rosidl_typesupport_introspection_c.c.o[0m
[3.695s] [ 87%] [32mBuilding C object CMakeFiles/hsi_interfaces__rosidl_typesupport_fastrtps_c__pyext.dir/rosidl_generator_py/hsi_interfaces/_hsi_interfaces_s.ep.rosidl_typesupport_fastrtps_c.c.o[0m
[3.707s] [ 90%] [32mBuilding C object CMakeFiles/hsi_interfaces__rosidl_typesupport_c__pyext.dir/rosidl_generator_py/hsi_interfaces/_hsi_interfaces_s.ep.rosidl_typesupport_c.c.o[0m
[3.755s] [ 93%] [32m[1mLinking C shared library rosidl_generator_py/hsi_interfaces/hsi_interfaces_s__rosidl_typesupport_fastrtps_c.cpython-310-x86_64-linux-gnu.so[0m
[3.756s] [ 96%] [32m[1mLinking C shared library rosidl_generator_py/hsi_interfaces/hsi_interfaces_s__rosidl_typesupport_introspection_c.cpython-310-x86_64-linux-gnu.so[0m
[3.778s] [ 96%] Built target hsi_interfaces__rosidl_typesupport_fastrtps_c__pyext
[3.790s] [100%] [32m[1mLinking C shared library rosidl_generator_py/hsi_interfaces/hsi_interfaces_s__rosidl_typesupport_c.cpython-310-x86_64-linux-gnu.so[0m
[3.801s] [100%] Built target hsi_interfaces__rosidl_typesupport_introspection_c__pyext
[3.819s] [100%] Built target hsi_interfaces__rosidl_typesupport_c__pyext
[3.829s] Invoked command in '/home/adm.sof44944@gaia.fkie.fraunhofer.de/ros2_cs/build/hsi_interfaces' returned '0': CMAKE_PREFIX_PATH=${CMAKE_PREFIX_PATH}:/home/adm.sof44944@gaia.fkie.fraunhofer.de/ros2_cs/install/joystick:/home/adm.sof44944@gaia.fkie.fraunhofer.de/ros2_cs/install/hsi:/home/adm.sof44944@gaia.fkie.fraunhofer.de/ros2_cs/install/gesture:/home/adm.sof44944@gaia.fkie.fraunhofer.de/ros2_cs/install/crazyflie_py:/home/adm.sof44944@gaia.fkie.fraunhofer.de/ros2_cs/install/bioharness:/opt/ros/humble /usr/bin/cmake --build /home/adm.sof44944@gaia.fkie.fraunhofer.de/ros2_cs/build/hsi_interfaces -- -j12 -l12
[4.066s] Invoking command in '/home/adm.sof44944@gaia.fkie.fraunhofer.de/ros2_cs/build/hsi_interfaces': CMAKE_PREFIX_PATH=${CMAKE_PREFIX_PATH}:/home/adm.sof44944@gaia.fkie.fraunhofer.de/ros2_cs/install/joystick:/home/adm.sof44944@gaia.fkie.fraunhofer.de/ros2_cs/install/hsi:/home/adm.sof44944@gaia.fkie.fraunhofer.de/ros2_cs/install/gesture:/home/adm.sof44944@gaia.fkie.fraunhofer.de/ros2_cs/install/crazyflie_py:/home/adm.sof44944@gaia.fkie.fraunhofer.de/ros2_cs/install/bioharness:/opt/ros/humble /usr/bin/cmake --install /home/adm.sof44944@gaia.fkie.fraunhofer.de/ros2_cs/build/hsi_interfaces
[4.072s] -- Install configuration: ""
[4.072s] -- Execute custom install script
[4.072s] -- Symlinking: /home/adm.sof44944@gaia.fkie.fraunhofer.de/ros2_cs/install/hsi_interfaces/share/ament_index/resource_index/rosidl_interfaces/hsi_interfaces
[4.079s] -- Symlinking: /home/adm.sof44944@gaia.fkie.fraunhofer.de/ros2_cs/install/hsi_interfaces/include/hsi_interfaces/hsi_interfaces/msg/detail/gesture__functions.h
[4.086s] -- Symlinking: /home/adm.sof44944@gaia.fkie.fraunhofer.de/ros2_cs/install/hsi_interfaces/include/hsi_interfaces/hsi_interfaces/msg/detail/gesture__struct.h
[4.096s] -- Symlinking: /home/adm.sof44944@gaia.fkie.fraunhofer.de/ros2_cs/install/hsi_interfaces/include/hsi_interfaces/hsi_interfaces/msg/detail/gesture__type_support.h
[4.107s] -- Symlinking: /home/adm.sof44944@gaia.fkie.fraunhofer.de/ros2_cs/install/hsi_interfaces/include/hsi_interfaces/hsi_interfaces/msg/gesture.h
[4.119s] -- Symlinking: /home/adm.sof44944@gaia.fkie.fraunhofer.de/ros2_cs/install/hsi_interfaces/include/hsi_interfaces/hsi_interfaces/msg/rosidl_generator_c__visibility_control.h
[4.131s] -- Symlinking: /home/adm.sof44944@gaia.fkie.fraunhofer.de/ros2_cs/install/hsi_interfaces/share/hsi_interfaces/environment/library_path.sh
[4.141s] -- Symlinking: /home/adm.sof44944@gaia.fkie.fraunhofer.de/ros2_cs/install/hsi_interfaces/share/hsi_interfaces/environment/library_path.dsv
[4.148s] -- Symlinking: /home/adm.sof44944@gaia.fkie.fraunhofer.de/ros2_cs/install/hsi_interfaces/include/hsi_interfaces/hsi_interfaces/msg/detail/gesture__rosidl_typesupport_fastrtps_c.h
[4.154s] -- Symlinking: /home/adm.sof44944@gaia.fkie.fraunhofer.de/ros2_cs/install/hsi_interfaces/include/hsi_interfaces/hsi_interfaces/msg/rosidl_typesupport_fastrtps_c__visibility_control.h
[4.164s] -- Symlinking: /home/adm.sof44944@gaia.fkie.fraunhofer.de/ros2_cs/install/hsi_interfaces/include/hsi_interfaces/hsi_interfaces/msg/detail/gesture__rosidl_typesupport_introspection_c.h
[4.175s] -- Symlinking: /home/adm.sof44944@gaia.fkie.fraunhofer.de/ros2_cs/install/hsi_interfaces/include/hsi_interfaces/hsi_interfaces/msg/rosidl_typesupport_introspection_c__visibility_control.h
[4.187s] -- Symlinking: /home/adm.sof44944@gaia.fkie.fraunhofer.de/ros2_cs/install/hsi_interfaces/include/hsi_interfaces/hsi_interfaces/msg/detail/gesture__builder.hpp
[4.198s] -- Symlinking: /home/adm.sof44944@gaia.fkie.fraunhofer.de/ros2_cs/install/hsi_interfaces/include/hsi_interfaces/hsi_interfaces/msg/detail/gesture__struct.hpp
[4.210s] -- Symlinking: /home/adm.sof44944@gaia.fkie.fraunhofer.de/ros2_cs/install/hsi_interfaces/include/hsi_interfaces/hsi_interfaces/msg/detail/gesture__traits.hpp
[4.221s] -- Symlinking: /home/adm.sof44944@gaia.fkie.fraunhofer.de/ros2_cs/install/hsi_interfaces/include/hsi_interfaces/hsi_interfaces/msg/gesture.hpp
[4.231s] -- Symlinking: /home/adm.sof44944@gaia.fkie.fraunhofer.de/ros2_cs/install/hsi_interfaces/include/hsi_interfaces/hsi_interfaces/msg/detail/gesture__rosidl_typesupport_fastrtps_cpp.hpp
[4.241s] -- Symlinking: /home/adm.sof44944@gaia.fkie.fraunhofer.de/ros2_cs/install/hsi_interfaces/include/hsi_interfaces/hsi_interfaces/msg/rosidl_typesupport_fastrtps_cpp__visibility_control.h
[4.247s] -- Symlinking: /home/adm.sof44944@gaia.fkie.fraunhofer.de/ros2_cs/install/hsi_interfaces/include/hsi_interfaces/hsi_interfaces/msg/detail/gesture__rosidl_typesupport_introspection_cpp.hpp
[4.254s] -- Symlinking: /home/adm.sof44944@gaia.fkie.fraunhofer.de/ros2_cs/install/hsi_interfaces/share/hsi_interfaces/environment/pythonpath.sh
[4.264s] -- Symlinking: /home/adm.sof44944@gaia.fkie.fraunhofer.de/ros2_cs/install/hsi_interfaces/share/hsi_interfaces/environment/pythonpath.dsv
[4.275s] -- Symlinking: /home/adm.sof44944@gaia.fkie.fraunhofer.de/ros2_cs/install/hsi_interfaces/local/lib/python3.10/dist-packages/hsi_interfaces-0.0.0-py3.10.egg-info/PKG-INFO
[4.286s] -- Symlinking: /home/adm.sof44944@gaia.fkie.fraunhofer.de/ros2_cs/install/hsi_interfaces/local/lib/python3.10/dist-packages/hsi_interfaces-0.0.0-py3.10.egg-info/SOURCES.txt
[4.297s] -- Symlinking: /home/adm.sof44944@gaia.fkie.fraunhofer.de/ros2_cs/install/hsi_interfaces/local/lib/python3.10/dist-packages/hsi_interfaces-0.0.0-py3.10.egg-info/dependency_links.txt
[4.310s] -- Symlinking: /home/adm.sof44944@gaia.fkie.fraunhofer.de/ros2_cs/install/hsi_interfaces/local/lib/python3.10/dist-packages/hsi_interfaces-0.0.0-py3.10.egg-info/top_level.txt
[4.317s] -- Symlinking: /home/adm.sof44944@gaia.fkie.fraunhofer.de/ros2_cs/install/hsi_interfaces/local/lib/python3.10/dist-packages/hsi_interfaces/__init__.py
[4.325s] -- Symlinking: /home/adm.sof44944@gaia.fkie.fraunhofer.de/ros2_cs/install/hsi_interfaces/local/lib/python3.10/dist-packages/hsi_interfaces/_hsi_interfaces_s.ep.rosidl_typesupport_c.c
[4.332s] -- Symlinking: /home/adm.sof44944@gaia.fkie.fraunhofer.de/ros2_cs/install/hsi_interfaces/local/lib/python3.10/dist-packages/hsi_interfaces/_hsi_interfaces_s.ep.rosidl_typesupport_fastrtps_c.c
[4.340s] -- Symlinking: /home/adm.sof44944@gaia.fkie.fraunhofer.de/ros2_cs/install/hsi_interfaces/local/lib/python3.10/dist-packages/hsi_interfaces/_hsi_interfaces_s.ep.rosidl_typesupport_introspection_c.c
[4.346s] -- Symlinking: /home/adm.sof44944@gaia.fkie.fraunhofer.de/ros2_cs/install/hsi_interfaces/local/lib/python3.10/dist-packages/hsi_interfaces/hsi_interfaces_s__rosidl_typesupport_c.cpython-310-x86_64-linux-gnu.so
[4.357s] -- Symlinking: /home/adm.sof44944@gaia.fkie.fraunhofer.de/ros2_cs/install/hsi_interfaces/local/lib/python3.10/dist-packages/hsi_interfaces/hsi_interfaces_s__rosidl_typesupport_fastrtps_c.cpython-310-x86_64-linux-gnu.so
[4.364s] -- Symlinking: /home/adm.sof44944@gaia.fkie.fraunhofer.de/ros2_cs/install/hsi_interfaces/local/lib/python3.10/dist-packages/hsi_interfaces/hsi_interfaces_s__rosidl_typesupport_introspection_c.cpython-310-x86_64-linux-gnu.so
[4.369s] -- Symlinking: /home/adm.sof44944@gaia.fkie.fraunhofer.de/ros2_cs/install/hsi_interfaces/local/lib/python3.10/dist-packages/hsi_interfaces/libhsi_interfaces__rosidl_generator_py.so
[4.376s] -- Symlinking: /home/adm.sof44944@gaia.fkie.fraunhofer.de/ros2_cs/install/hsi_interfaces/local/lib/python3.10/dist-packages/hsi_interfaces/msg/__init__.py
[4.385s] -- Symlinking: /home/adm.sof44944@gaia.fkie.fraunhofer.de/ros2_cs/install/hsi_interfaces/local/lib/python3.10/dist-packages/hsi_interfaces/msg/_gesture.py
[4.392s] -- Symlinking: /home/adm.sof44944@gaia.fkie.fraunhofer.de/ros2_cs/install/hsi_interfaces/local/lib/python3.10/dist-packages/hsi_interfaces/msg/_gesture_s.c
[4.398s] -- Up-to-date symlink: /home/adm.sof44944@gaia.fkie.fraunhofer.de/ros2_cs/install/hsi_interfaces/local/lib/python3.10/dist-packages/hsi_interfaces/hsi_interfaces_s__rosidl_typesupport_fastrtps_c.cpython-310-x86_64-linux-gnu.so
[4.399s] -- Up-to-date symlink: /home/adm.sof44944@gaia.fkie.fraunhofer.de/ros2_cs/install/hsi_interfaces/local/lib/python3.10/dist-packages/hsi_interfaces/hsi_interfaces_s__rosidl_typesupport_introspection_c.cpython-310-x86_64-linux-gnu.so
[4.399s] -- Up-to-date symlink: /home/adm.sof44944@gaia.fkie.fraunhofer.de/ros2_cs/install/hsi_interfaces/local/lib/python3.10/dist-packages/hsi_interfaces/hsi_interfaces_s__rosidl_typesupport_c.cpython-310-x86_64-linux-gnu.so
[4.399s] -- Symlinking: /home/adm.sof44944@gaia.fkie.fraunhofer.de/ros2_cs/install/hsi_interfaces/share/hsi_interfaces/msg/Gesture.idl
[4.406s] -- Symlinking: /home/adm.sof44944@gaia.fkie.fraunhofer.de/ros2_cs/install/hsi_interfaces/share/hsi_interfaces/msg/Gesture.msg
[4.412s] -- Symlinking: /home/adm.sof44944@gaia.fkie.fraunhofer.de/ros2_cs/install/hsi_interfaces/share/ament_index/resource_index/package_run_dependencies/hsi_interfaces
[4.419s] -- Symlinking: /home/adm.sof44944@gaia.fkie.fraunhofer.de/ros2_cs/install/hsi_interfaces/share/ament_index/resource_index/parent_prefix_path/hsi_interfaces
[4.425s] -- Symlinking: /home/adm.sof44944@gaia.fkie.fraunhofer.de/ros2_cs/install/hsi_interfaces/share/hsi_interfaces/environment/ament_prefix_path.sh
[4.434s] -- Symlinking: /home/adm.sof44944@gaia.fkie.fraunhofer.de/ros2_cs/install/hsi_interfaces/share/hsi_interfaces/environment/ament_prefix_path.dsv
[4.439s] -- Symlinking: /home/adm.sof44944@gaia.fkie.fraunhofer.de/ros2_cs/install/hsi_interfaces/share/hsi_interfaces/environment/path.sh
[4.450s] -- Symlinking: /home/adm.sof44944@gaia.fkie.fraunhofer.de/ros2_cs/install/hsi_interfaces/share/hsi_interfaces/environment/path.dsv
[4.456s] -- Symlinking: /home/adm.sof44944@gaia.fkie.fraunhofer.de/ros2_cs/install/hsi_interfaces/share/hsi_interfaces/local_setup.bash
[4.467s] -- Symlinking: /home/adm.sof44944@gaia.fkie.fraunhofer.de/ros2_cs/install/hsi_interfaces/share/hsi_interfaces/local_setup.sh
[4.473s] -- Symlinking: /home/adm.sof44944@gaia.fkie.fraunhofer.de/ros2_cs/install/hsi_interfaces/share/hsi_interfaces/local_setup.zsh
[4.479s] -- Symlinking: /home/adm.sof44944@gaia.fkie.fraunhofer.de/ros2_cs/install/hsi_interfaces/share/hsi_interfaces/local_setup.dsv
[4.486s] -- Symlinking: /home/adm.sof44944@gaia.fkie.fraunhofer.de/ros2_cs/install/hsi_interfaces/share/hsi_interfaces/package.dsv
[4.492s] -- Symlinking: /home/adm.sof44944@gaia.fkie.fraunhofer.de/ros2_cs/install/hsi_interfaces/share/ament_index/resource_index/packages/hsi_interfaces
[4.499s] -- Symlinking: /home/adm.sof44944@gaia.fkie.fraunhofer.de/ros2_cs/install/hsi_interfaces/share/hsi_interfaces/cmake/rosidl_cmake-extras.cmake
[4.505s] -- Symlinking: /home/adm.sof44944@gaia.fkie.fraunhofer.de/ros2_cs/install/hsi_interfaces/share/hsi_interfaces/cmake/ament_cmake_export_include_directories-extras.cmake
[4.511s] -- Symlinking: /home/adm.sof44944@gaia.fkie.fraunhofer.de/ros2_cs/install/hsi_interfaces/share/hsi_interfaces/cmake/ament_cmake_export_libraries-extras.cmake
[4.518s] -- Symlinking: /home/adm.sof44944@gaia.fkie.fraunhofer.de/ros2_cs/install/hsi_interfaces/share/hsi_interfaces/cmake/ament_cmake_export_targets-extras.cmake
[4.524s] -- Symlinking: /home/adm.sof44944@gaia.fkie.fraunhofer.de/ros2_cs/install/hsi_interfaces/share/hsi_interfaces/cmake/rosidl_cmake_export_typesupport_targets-extras.cmake
[4.531s] -- Symlinking: /home/adm.sof44944@gaia.fkie.fraunhofer.de/ros2_cs/install/hsi_interfaces/share/hsi_interfaces/cmake/ament_cmake_export_dependencies-extras.cmake
[4.537s] -- Symlinking: /home/adm.sof44944@gaia.fkie.fraunhofer.de/ros2_cs/install/hsi_interfaces/share/hsi_interfaces/cmake/rosidl_cmake_export_typesupport_libraries-extras.cmake
[4.545s] -- Symlinking: /home/adm.sof44944@gaia.fkie.fraunhofer.de/ros2_cs/install/hsi_interfaces/share/hsi_interfaces/cmake/hsi_interfacesConfig.cmake
[4.551s] -- Symlinking: /home/adm.sof44944@gaia.fkie.fraunhofer.de/ros2_cs/install/hsi_interfaces/share/hsi_interfaces/cmake/hsi_interfacesConfig-version.cmake
[4.560s] -- Symlinking: /home/adm.sof44944@gaia.fkie.fraunhofer.de/ros2_cs/install/hsi_interfaces/share/hsi_interfaces/package.xml
[4.567s] -- Installing: /home/adm.sof44944@gaia.fkie.fraunhofer.de/ros2_cs/install/hsi_interfaces/lib/libhsi_interfaces__rosidl_generator_c.so
[4.568s] -- Set runtime path of "/home/adm.sof44944@gaia.fkie.fraunhofer.de/ros2_cs/install/hsi_interfaces/lib/libhsi_interfaces__rosidl_generator_c.so" to ""
[4.568s] -- Installing: /home/adm.sof44944@gaia.fkie.fraunhofer.de/ros2_cs/install/hsi_interfaces/lib/libhsi_interfaces__rosidl_typesupport_fastrtps_c.so
[4.568s] -- Set runtime path of "/home/adm.sof44944@gaia.fkie.fraunhofer.de/ros2_cs/install/hsi_interfaces/lib/libhsi_interfaces__rosidl_typesupport_fastrtps_c.so" to ""
[4.568s] -- Installing: /home/adm.sof44944@gaia.fkie.fraunhofer.de/ros2_cs/install/hsi_interfaces/lib/libhsi_interfaces__rosidl_typesupport_introspection_c.so
[4.569s] -- Set runtime path of "/home/adm.sof44944@gaia.fkie.fraunhofer.de/ros2_cs/install/hsi_interfaces/lib/libhsi_interfaces__rosidl_typesupport_introspection_c.so" to ""
[4.569s] -- Installing: /home/adm.sof44944@gaia.fkie.fraunhofer.de/ros2_cs/install/hsi_interfaces/lib/libhsi_interfaces__rosidl_typesupport_c.so
[4.569s] -- Set runtime path of "/home/adm.sof44944@gaia.fkie.fraunhofer.de/ros2_cs/install/hsi_interfaces/lib/libhsi_interfaces__rosidl_typesupport_c.so" to ""
[4.569s] -- Installing: /home/adm.sof44944@gaia.fkie.fraunhofer.de/ros2_cs/install/hsi_interfaces/lib/libhsi_interfaces__rosidl_typesupport_fastrtps_cpp.so
[4.569s] -- Set runtime path of "/home/adm.sof44944@gaia.fkie.fraunhofer.de/ros2_cs/install/hsi_interfaces/lib/libhsi_interfaces__rosidl_typesupport_fastrtps_cpp.so" to ""
[4.569s] -- Installing: /home/adm.sof44944@gaia.fkie.fraunhofer.de/ros2_cs/install/hsi_interfaces/lib/libhsi_interfaces__rosidl_typesupport_introspection_cpp.so
[4.570s] -- Set runtime path of "/home/adm.sof44944@gaia.fkie.fraunhofer.de/ros2_cs/install/hsi_interfaces/lib/libhsi_interfaces__rosidl_typesupport_introspection_cpp.so" to ""
[4.570s] -- Installing: /home/adm.sof44944@gaia.fkie.fraunhofer.de/ros2_cs/install/hsi_interfaces/lib/libhsi_interfaces__rosidl_typesupport_cpp.so
[4.570s] -- Set runtime path of "/home/adm.sof44944@gaia.fkie.fraunhofer.de/ros2_cs/install/hsi_interfaces/lib/libhsi_interfaces__rosidl_typesupport_cpp.so" to ""
[4.598s] Listing '/home/adm.sof44944@gaia.fkie.fraunhofer.de/ros2_cs/install/hsi_interfaces/local/lib/python3.10/dist-packages/hsi_interfaces'...
[4.598s] Compiling '/home/adm.sof44944@gaia.fkie.fraunhofer.de/ros2_cs/install/hsi_interfaces/local/lib/python3.10/dist-packages/hsi_interfaces/__init__.py'...
[4.598s] Listing '/home/adm.sof44944@gaia.fkie.fraunhofer.de/ros2_cs/install/hsi_interfaces/local/lib/python3.10/dist-packages/hsi_interfaces/msg'...
[4.598s] Compiling '/home/adm.sof44944@gaia.fkie.fraunhofer.de/ros2_cs/install/hsi_interfaces/local/lib/python3.10/dist-packages/hsi_interfaces/msg/__init__.py'...
[4.598s] Compiling '/home/adm.sof44944@gaia.fkie.fraunhofer.de/ros2_cs/install/hsi_interfaces/local/lib/python3.10/dist-packages/hsi_interfaces/msg/_gesture.py'...
[4.601s] -- Installing: /home/adm.sof44944@gaia.fkie.fraunhofer.de/ros2_cs/install/hsi_interfaces/lib/libhsi_interfaces__rosidl_generator_py.so
[4.601s] -- Set runtime path of "/home/adm.sof44944@gaia.fkie.fraunhofer.de/ros2_cs/install/hsi_interfaces/lib/libhsi_interfaces__rosidl_generator_py.so" to ""
[4.601s] -- Installing: /home/adm.sof44944@gaia.fkie.fraunhofer.de/ros2_cs/install/hsi_interfaces/share/hsi_interfaces/cmake/export_hsi_interfaces__rosidl_generator_cExport.cmake
[4.602s] -- Installing: /home/adm.sof44944@gaia.fkie.fraunhofer.de/ros2_cs/install/hsi_interfaces/share/hsi_interfaces/cmake/export_hsi_interfaces__rosidl_generator_cExport-noconfig.cmake
[4.602s] -- Installing: /home/adm.sof44944@gaia.fkie.fraunhofer.de/ros2_cs/install/hsi_interfaces/share/hsi_interfaces/cmake/export_hsi_interfaces__rosidl_typesupport_fastrtps_cExport.cmake
[4.602s] -- Installing: /home/adm.sof44944@gaia.fkie.fraunhofer.de/ros2_cs/install/hsi_interfaces/share/hsi_interfaces/cmake/export_hsi_interfaces__rosidl_typesupport_fastrtps_cExport-noconfig.cmake
[4.602s] -- Installing: /home/adm.sof44944@gaia.fkie.fraunhofer.de/ros2_cs/install/hsi_interfaces/share/hsi_interfaces/cmake/hsi_interfaces__rosidl_typesupport_introspection_cExport.cmake
[4.602s] -- Installing: /home/adm.sof44944@gaia.fkie.fraunhofer.de/ros2_cs/install/hsi_interfaces/share/hsi_interfaces/cmake/hsi_interfaces__rosidl_typesupport_introspection_cExport-noconfig.cmake
[4.602s] -- Installing: /home/adm.sof44944@gaia.fkie.fraunhofer.de/ros2_cs/install/hsi_interfaces/share/hsi_interfaces/cmake/hsi_interfaces__rosidl_typesupport_cExport.cmake
[4.603s] -- Installing: /home/adm.sof44944@gaia.fkie.fraunhofer.de/ros2_cs/install/hsi_interfaces/share/hsi_interfaces/cmake/hsi_interfaces__rosidl_typesupport_cExport-noconfig.cmake
[4.603s] -- Installing: /home/adm.sof44944@gaia.fkie.fraunhofer.de/ros2_cs/install/hsi_interfaces/share/hsi_interfaces/cmake/export_hsi_interfaces__rosidl_generator_cppExport.cmake
[4.603s] -- Installing: /home/adm.sof44944@gaia.fkie.fraunhofer.de/ros2_cs/install/hsi_interfaces/share/hsi_interfaces/cmake/export_hsi_interfaces__rosidl_typesupport_fastrtps_cppExport.cmake
[4.603s] -- Installing: /home/adm.sof44944@gaia.fkie.fraunhofer.de/ros2_cs/install/hsi_interfaces/share/hsi_interfaces/cmake/export_hsi_interfaces__rosidl_typesupport_fastrtps_cppExport-noconfig.cmake
[4.603s] -- Installing: /home/adm.sof44944@gaia.fkie.fraunhofer.de/ros2_cs/install/hsi_interfaces/share/hsi_interfaces/cmake/hsi_interfaces__rosidl_typesupport_introspection_cppExport.cmake
[4.603s] -- Installing: /home/adm.sof44944@gaia.fkie.fraunhofer.de/ros2_cs/install/hsi_interfaces/share/hsi_interfaces/cmake/hsi_interfaces__rosidl_typesupport_introspection_cppExport-noconfig.cmake
[4.604s] -- Installing: /home/adm.sof44944@gaia.fkie.fraunhofer.de/ros2_cs/install/hsi_interfaces/share/hsi_interfaces/cmake/hsi_interfaces__rosidl_typesupport_cppExport.cmake
[4.604s] -- Installing: /home/adm.sof44944@gaia.fkie.fraunhofer.de/ros2_cs/install/hsi_interfaces/share/hsi_interfaces/cmake/hsi_interfaces__rosidl_typesupport_cppExport-noconfig.cmake
[4.604s] -- Installing: /home/adm.sof44944@gaia.fkie.fraunhofer.de/ros2_cs/install/hsi_interfaces/share/hsi_interfaces/cmake/export_hsi_interfaces__rosidl_generator_pyExport.cmake
[4.604s] -- Installing: /home/adm.sof44944@gaia.fkie.fraunhofer.de/ros2_cs/install/hsi_interfaces/share/hsi_interfaces/cmake/export_hsi_interfaces__rosidl_generator_pyExport-noconfig.cmake
[4.607s] Invoked command in '/home/adm.sof44944@gaia.fkie.fraunhofer.de/ros2_cs/build/hsi_interfaces' returned '0': CMAKE_PREFIX_PATH=${CMAKE_PREFIX_PATH}:/home/adm.sof44944@gaia.fkie.fraunhofer.de/ros2_cs/install/joystick:/home/adm.sof44944@gaia.fkie.fraunhofer.de/ros2_cs/install/hsi:/home/adm.sof44944@gaia.fkie.fraunhofer.de/ros2_cs/install/gesture:/home/adm.sof44944@gaia.fkie.fraunhofer.de/ros2_cs/install/crazyflie_py:/home/adm.sof44944@gaia.fkie.fraunhofer.de/ros2_cs/install/bioharness:/opt/ros/humble /usr/bin/cmake --install /home/adm.sof44944@gaia.fkie.fraunhofer.de/ros2_cs/build/hsi_interfaces
