[0.843s] Invoking command in '/home/adm.sof44944@gaia.fkie.fraunhofer.de/ros2_cs/build/joystick': PYTHONPATH=/home/adm.sof44944@gaia.fkie.fraunhofer.de/ros2_cs/build/joystick/prefix_override:/home/adm.sof44944@gaia.fkie.fraunhofer.de/ros2_cs/install/joystick/lib/python3.10/site-packages:${PYTHONPATH} /usr/bin/python3 setup.py develop --uninstall --editable --build-directory /home/adm.sof44944@gaia.fkie.fraunhofer.de/ros2_cs/build/joystick/build
[0.990s] running develop
[1.089s] Removing /home/adm.sof44944@gaia.fkie.fraunhofer.de/ros2_cs/install/joystick/lib/python3.10/site-packages/joystick.egg-link (link to .)
[1.127s] Invoked command in '/home/adm.sof44944@gaia.fkie.fraunhofer.de/ros2_cs/build/joystick' returned '0': PYTHONPATH=/home/adm.sof44944@gaia.fkie.fraunhofer.de/ros2_cs/build/joystick/prefix_override:/home/adm.sof44944@gaia.fkie.fraunhofer.de/ros2_cs/install/joystick/lib/python3.10/site-packages:${PYTHONPATH} /usr/bin/python3 setup.py develop --uninstall --editable --build-directory /home/adm.sof44944@gaia.fkie.fraunhofer.de/ros2_cs/build/joystick/build
[1.129s] Invoking command in '/home/adm.sof44944@gaia.fkie.fraunhofer.de/ros2_cs/src/sensors/joystick': PYTHONPATH=/home/adm.sof44944@gaia.fkie.fraunhofer.de/ros2_cs/build/joystick/prefix_override:/home/adm.sof44944@gaia.fkie.fraunhofer.de/ros2_cs/install/joystick/lib/python3.10/site-packages:${PYTHONPATH} /usr/bin/python3 setup.py egg_info --egg-base ../../../build/joystick build --build-base /home/adm.sof44944@gaia.fkie.fraunhofer.de/ros2_cs/build/joystick/build install --record /home/adm.sof44944@gaia.fkie.fraunhofer.de/ros2_cs/build/joystick/install.log --single-version-externally-managed
[1.280s] running egg_info
[1.281s] writing ../../../build/joystick/joystick.egg-info/PKG-INFO
[1.281s] writing dependency_links to ../../../build/joystick/joystick.egg-info/dependency_links.txt
[1.281s] writing entry points to ../../../build/joystick/joystick.egg-info/entry_points.txt
[1.281s] writing requirements to ../../../build/joystick/joystick.egg-info/requires.txt
[1.281s] writing top-level names to ../../../build/joystick/joystick.egg-info/top_level.txt
[1.283s] reading manifest file '../../../build/joystick/joystick.egg-info/SOURCES.txt'
[1.283s] writing manifest file '../../../build/joystick/joystick.egg-info/SOURCES.txt'
[1.283s] running build
[1.283s] running build_py
[1.283s] copying joystick/joystick_node.py -> /home/adm.sof44944@gaia.fkie.fraunhofer.de/ros2_cs/build/joystick/build/lib/joystick
[1.284s] running install
[1.284s] running install_lib
[1.285s] creating /home/adm.sof44944@gaia.fkie.fraunhofer.de/ros2_cs/install/joystick/lib/python3.10/site-packages/joystick
[1.285s] copying /home/adm.sof44944@gaia.fkie.fraunhofer.de/ros2_cs/build/joystick/build/lib/joystick/joystick_node.py -> /home/adm.sof44944@gaia.fkie.fraunhofer.de/ros2_cs/install/joystick/lib/python3.10/site-packages/joystick
[1.285s] copying /home/adm.sof44944@gaia.fkie.fraunhofer.de/ros2_cs/build/joystick/build/lib/joystick/__init__.py -> /home/adm.sof44944@gaia.fkie.fraunhofer.de/ros2_cs/install/joystick/lib/python3.10/site-packages/joystick
[1.285s] byte-compiling /home/adm.sof44944@gaia.fkie.fraunhofer.de/ros2_cs/install/joystick/lib/python3.10/site-packages/joystick/joystick_node.py to joystick_node.cpython-310.pyc
[1.286s] byte-compiling /home/adm.sof44944@gaia.fkie.fraunhofer.de/ros2_cs/install/joystick/lib/python3.10/site-packages/joystick/__init__.py to __init__.cpython-310.pyc
[1.286s] running install_data
[1.286s] running install_egg_info
[1.288s] Copying ../../../build/joystick/joystick.egg-info to /home/adm.sof44944@gaia.fkie.fraunhofer.de/ros2_cs/install/joystick/lib/python3.10/site-packages/joystick-0.0.0-py3.10.egg-info
[1.289s] running install_scripts
[1.306s] Installing joystick_node script to /home/adm.sof44944@gaia.fkie.fraunhofer.de/ros2_cs/install/joystick/lib/joystick
[1.306s] writing list of installed files to '/home/adm.sof44944@gaia.fkie.fraunhofer.de/ros2_cs/build/joystick/install.log'
[1.332s] Invoked command in '/home/adm.sof44944@gaia.fkie.fraunhofer.de/ros2_cs/src/sensors/joystick' returned '0': PYTHONPATH=/home/adm.sof44944@gaia.fkie.fraunhofer.de/ros2_cs/build/joystick/prefix_override:/home/adm.sof44944@gaia.fkie.fraunhofer.de/ros2_cs/install/joystick/lib/python3.10/site-packages:${PYTHONPATH} /usr/bin/python3 setup.py egg_info --egg-base ../../../build/joystick build --build-base /home/adm.sof44944@gaia.fkie.fraunhofer.de/ros2_cs/build/joystick/build install --record /home/adm.sof44944@gaia.fkie.fraunhofer.de/ros2_cs/build/joystick/install.log --single-version-externally-managed
