[ 12%] Built target crazyflie_interfaces__rosidl_generator_c
[ 12%] Built target crazyflie_interfaces__cpp
[ 12%] Built target ament_cmake_python_symlink_crazyflie_interfaces
[ 24%] Built target crazyflie_interfaces__rosidl_typesupport_introspection_c
[ 36%] Built target crazyflie_interfaces__rosidl_typesupport_c
[ 48%] Built target crazyflie_interfaces__rosidl_typesupport_introspection_cpp
[ 60%] Built target crazyflie_interfaces__rosidl_typesupport_cpp
[ 72%] Built target crazyflie_interfaces__rosidl_typesupport_fastrtps_c
[ 84%] Built target crazyflie_interfaces__rosidl_typesupport_fastrtps_cpp
[ 84%] Built target crazyflie_interfaces
[ 85%] Built target crazyflie_interfaces__py
[ 96%] Built target crazyflie_interfaces__rosidl_generator_py
[ 97%] Built target crazyflie_interfaces__rosidl_typesupport_c__pyext
[100%] Built target crazyflie_interfaces__rosidl_typesupport_introspection_c__pyext
[100%] Built target crazyflie_interfaces__rosidl_typesupport_fastrtps_c__pyext
running egg_info
writing crazyflie_interfaces.egg-info/PKG-INFO
writing dependency_links to crazyflie_interfaces.egg-info/dependency_links.txt
writing top-level names to crazyflie_interfaces.egg-info/top_level.txt
reading manifest file 'crazyflie_interfaces.egg-info/SOURCES.txt'
writing manifest file 'crazyflie_interfaces.egg-info/SOURCES.txt'
[100%] Built target ament_cmake_python_build_crazyflie_interfaces_egg
