running egg_info
creating ../../build/hsi_cf/hsi_cf.egg-info
writing ../../build/hsi_cf/hsi_cf.egg-info/PKG-INFO
writing dependency_links to ../../build/hsi_cf/hsi_cf.egg-info/dependency_links.txt
writing entry points to ../../build/hsi_cf/hsi_cf.egg-info/entry_points.txt
writing requirements to ../../build/hsi_cf/hsi_cf.egg-info/requires.txt
writing top-level names to ../../build/hsi_cf/hsi_cf.egg-info/top_level.txt
writing manifest file '../../build/hsi_cf/hsi_cf.egg-info/SOURCES.txt'
reading manifest file '../../build/hsi_cf/hsi_cf.egg-info/SOURCES.txt'
writing manifest file '../../build/hsi_cf/hsi_cf.egg-info/SOURCES.txt'
running build
running build_py
creating /home/adm.sof44944@gaia.fkie.fraunhofer.de/ros2_cs/build/hsi_cf/build
creating /home/adm.sof44944@gaia.fkie.fraunhofer.de/ros2_cs/build/hsi_cf/build/lib
creating /home/adm.sof44944@gaia.fkie.fraunhofer.de/ros2_cs/build/hsi_cf/build/lib/hsi_cf
copying hsi_cf/__init__.py -> /home/adm.sof44944@gaia.fkie.fraunhofer.de/ros2_cs/build/hsi_cf/build/lib/hsi_cf
running install
running install_lib
creating /home/adm.sof44944@gaia.fkie.fraunhofer.de/ros2_cs/install/hsi_cf/lib/python3.10/site-packages/hsi_cf
copying /home/adm.sof44944@gaia.fkie.fraunhofer.de/ros2_cs/build/hsi_cf/build/lib/hsi_cf/__init__.py -> /home/adm.sof44944@gaia.fkie.fraunhofer.de/ros2_cs/install/hsi_cf/lib/python3.10/site-packages/hsi_cf
byte-compiling /home/adm.sof44944@gaia.fkie.fraunhofer.de/ros2_cs/install/hsi_cf/lib/python3.10/site-packages/hsi_cf/__init__.py to __init__.cpython-310.pyc
running install_data
creating /home/adm.sof44944@gaia.fkie.fraunhofer.de/ros2_cs/install/hsi_cf/share/ament_index
creating /home/adm.sof44944@gaia.fkie.fraunhofer.de/ros2_cs/install/hsi_cf/share/ament_index/resource_index
creating /home/adm.sof44944@gaia.fkie.fraunhofer.de/ros2_cs/install/hsi_cf/share/ament_index/resource_index/packages
copying resource/hsi_cf -> /home/adm.sof44944@gaia.fkie.fraunhofer.de/ros2_cs/install/hsi_cf/share/ament_index/resource_index/packages
copying package.xml -> /home/adm.sof44944@gaia.fkie.fraunhofer.de/ros2_cs/install/hsi_cf/share/hsi_cf
running install_egg_info
Copying ../../build/hsi_cf/hsi_cf.egg-info to /home/adm.sof44944@gaia.fkie.fraunhofer.de/ros2_cs/install/hsi_cf/lib/python3.10/site-packages/hsi_cf-0.0.0-py3.10.egg-info
running install_scripts
writing list of installed files to '/home/adm.sof44944@gaia.fkie.fraunhofer.de/ros2_cs/build/hsi_cf/install.log'
