[0.928s] Invoking command in '/home/adm.sof44944@gaia.fkie.fraunhofer.de/ros2_cs/src/sensors/joystick': PYTHONPATH=/home/adm.sof44944@gaia.fkie.fraunhofer.de/ros2_cs/build/joystick/prefix_override:/home/adm.sof44944@gaia.fkie.fraunhofer.de/ros2_cs/install/joystick/lib/python3.10/site-packages:${PYTHONPATH} /usr/bin/python3 setup.py egg_info --egg-base ../../../build/joystick build --build-base /home/adm.sof44944@gaia.fkie.fraunhofer.de/ros2_cs/build/joystick/build install --record /home/adm.sof44944@gaia.fkie.fraunhofer.de/ros2_cs/build/joystick/install.log --single-version-externally-managed
[1.174s] running egg_info
[1.175s] creating ../../../build/joystick/joystick.egg-info
[1.175s] writing ../../../build/joystick/joystick.egg-info/PKG-INFO
[1.175s] writing dependency_links to ../../../build/joystick/joystick.egg-info/dependency_links.txt
[1.175s] writing entry points to ../../../build/joystick/joystick.egg-info/entry_points.txt
[1.175s] writing requirements to ../../../build/joystick/joystick.egg-info/requires.txt
[1.175s] writing top-level names to ../../../build/joystick/joystick.egg-info/top_level.txt
[1.176s] writing manifest file '../../../build/joystick/joystick.egg-info/SOURCES.txt'
[1.177s] reading manifest file '../../../build/joystick/joystick.egg-info/SOURCES.txt'
[1.178s] writing manifest file '../../../build/joystick/joystick.egg-info/SOURCES.txt'
[1.178s] running build
[1.178s] running build_py
[1.178s] creating /home/adm.sof44944@gaia.fkie.fraunhofer.de/ros2_cs/build/joystick/build
[1.178s] creating /home/adm.sof44944@gaia.fkie.fraunhofer.de/ros2_cs/build/joystick/build/lib
[1.178s] creating /home/adm.sof44944@gaia.fkie.fraunhofer.de/ros2_cs/build/joystick/build/lib/joystick
[1.178s] copying joystick/__init__.py -> /home/adm.sof44944@gaia.fkie.fraunhofer.de/ros2_cs/build/joystick/build/lib/joystick
[1.179s] running install
[1.179s] running install_lib
[1.179s] creating /home/adm.sof44944@gaia.fkie.fraunhofer.de/ros2_cs/install/joystick/lib/python3.10/site-packages/joystick
[1.179s] copying /home/adm.sof44944@gaia.fkie.fraunhofer.de/ros2_cs/build/joystick/build/lib/joystick/__init__.py -> /home/adm.sof44944@gaia.fkie.fraunhofer.de/ros2_cs/install/joystick/lib/python3.10/site-packages/joystick
[1.180s] byte-compiling /home/adm.sof44944@gaia.fkie.fraunhofer.de/ros2_cs/install/joystick/lib/python3.10/site-packages/joystick/__init__.py to __init__.cpython-310.pyc
[1.180s] running install_data
[1.181s] creating /home/adm.sof44944@gaia.fkie.fraunhofer.de/ros2_cs/install/joystick/share/ament_index
[1.181s] creating /home/adm.sof44944@gaia.fkie.fraunhofer.de/ros2_cs/install/joystick/share/ament_index/resource_index
[1.181s] creating /home/adm.sof44944@gaia.fkie.fraunhofer.de/ros2_cs/install/joystick/share/ament_index/resource_index/packages
[1.181s] copying resource/joystick -> /home/adm.sof44944@gaia.fkie.fraunhofer.de/ros2_cs/install/joystick/share/ament_index/resource_index/packages
[1.181s] copying package.xml -> /home/adm.sof44944@gaia.fkie.fraunhofer.de/ros2_cs/install/joystick/share/joystick
[1.181s] running install_egg_info
[1.182s] Copying ../../../build/joystick/joystick.egg-info to /home/adm.sof44944@gaia.fkie.fraunhofer.de/ros2_cs/install/joystick/lib/python3.10/site-packages/joystick-0.0.0-py3.10.egg-info
[1.183s] running install_scripts
[1.203s] writing list of installed files to '/home/adm.sof44944@gaia.fkie.fraunhofer.de/ros2_cs/build/joystick/install.log'
[1.262s] Invoked command in '/home/adm.sof44944@gaia.fkie.fraunhofer.de/ros2_cs/src/sensors/joystick' returned '0': PYTHONPATH=/home/adm.sof44944@gaia.fkie.fraunhofer.de/ros2_cs/build/joystick/prefix_override:/home/adm.sof44944@gaia.fkie.fraunhofer.de/ros2_cs/install/joystick/lib/python3.10/site-packages:${PYTHONPATH} /usr/bin/python3 setup.py egg_info --egg-base ../../../build/joystick build --build-base /home/adm.sof44944@gaia.fkie.fraunhofer.de/ros2_cs/build/joystick/build install --record /home/adm.sof44944@gaia.fkie.fraunhofer.de/ros2_cs/build/joystick/install.log --single-version-externally-managed
