[1.057s] Invoking command in '/home/adm.sof44944@gaia.fkie.fraunhofer.de/ros2_cs/build/hsi': PYTHONPATH=/home/adm.sof44944@gaia.fkie.fraunhofer.de/ros2_cs/build/hsi/prefix_override:/home/adm.sof44944@gaia.fkie.fraunhofer.de/ros2_cs/install/hsi/lib/python3.10/site-packages:${PYTHONPATH} /usr/bin/python3 setup.py develop --editable --build-directory /home/adm.sof44944@gaia.fkie.fraunhofer.de/ros2_cs/build/hsi/build --no-deps install_data
[1.215s] running develop
[1.298s] running egg_info
[1.298s] creating hsi.egg-info
[1.298s] writing hsi.egg-info/PKG-INFO
[1.298s] writing dependency_links to hsi.egg-info/dependency_links.txt
[1.298s] writing entry points to hsi.egg-info/entry_points.txt
[1.298s] writing requirements to hsi.egg-info/requires.txt
[1.298s] writing top-level names to hsi.egg-info/top_level.txt
[1.298s] writing manifest file 'hsi.egg-info/SOURCES.txt'
[1.299s] reading manifest file 'hsi.egg-info/SOURCES.txt'
[1.300s] writing manifest file 'hsi.egg-info/SOURCES.txt'
[1.301s] running build_ext
[1.301s] Creating /home/adm.sof44944@gaia.fkie.fraunhofer.de/ros2_cs/install/hsi/lib/python3.10/site-packages/hsi.egg-link (link to .)
[1.301s] 
[1.301s] Installed /home/adm.sof44944@gaia.fkie.fraunhofer.de/ros2_cs/build/hsi
[1.301s] running install_data
[1.302s] creating /home/adm.sof44944@gaia.fkie.fraunhofer.de/ros2_cs/install/hsi/share/ament_index
[1.302s] creating /home/adm.sof44944@gaia.fkie.fraunhofer.de/ros2_cs/install/hsi/share/ament_index/resource_index
[1.302s] creating /home/adm.sof44944@gaia.fkie.fraunhofer.de/ros2_cs/install/hsi/share/ament_index/resource_index/packages
[1.302s] copying resource/hsi -> /home/adm.sof44944@gaia.fkie.fraunhofer.de/ros2_cs/install/hsi/share/ament_index/resource_index/packages
[1.302s] copying package.xml -> /home/adm.sof44944@gaia.fkie.fraunhofer.de/ros2_cs/install/hsi/share/hsi
[1.469s] Invoked command in '/home/adm.sof44944@gaia.fkie.fraunhofer.de/ros2_cs/build/hsi' returned '0': PYTHONPATH=/home/adm.sof44944@gaia.fkie.fraunhofer.de/ros2_cs/build/hsi/prefix_override:/home/adm.sof44944@gaia.fkie.fraunhofer.de/ros2_cs/install/hsi/lib/python3.10/site-packages:${PYTHONPATH} /usr/bin/python3 setup.py develop --editable --build-directory /home/adm.sof44944@gaia.fkie.fraunhofer.de/ros2_cs/build/hsi/build --no-deps install_data
