[0.520s] Invoking command in '/home/adm.sof44944@gaia.fkie.fraunhofer.de/ros2_cs/build/crazyflie_py': CMAKE_PREFIX_PATH=/home/adm.sof44944@gaia.fkie.fraunhofer.de/ros2_cs/install/crazyflie_interfaces:/home/adm.sof44944@gaia.fkie.fraunhofer.de/ros2_cs/install/motion_capture_tracking:/home/adm.sof44944@gaia.fkie.fraunhofer.de/ros2_cs/install/crazyflie:/home/adm.sof44944@gaia.fkie.fraunhofer.de/ros2_cs/install/motion_capture_tracking_interfaces:/home/adm.sof44944@gaia.fkie.fraunhofer.de/ros2_cs/install/hsi_interfaces:/home/adm.sof44944@gaia.fkie.fraunhofer.de/ros2_cs/install/crazyflie_sim:/home/adm.sof44944@gaia.fkie.fraunhofer.de/ros2_cs/install/crazyflie_examples LD_LIBRARY_PATH=/home/adm.sof44944@gaia.fkie.fraunhofer.de/ros2_cs/install/crazyflie_interfaces/lib:/home/adm.sof44944@gaia.fkie.fraunhofer.de/ros2_cs/install/motion_capture_tracking_interfaces/lib:/home/adm.sof44944@gaia.fkie.fraunhofer.de/ros2_cs/install/hsi_interfaces/lib:/opt/ros/humble/opt/rviz_ogre_vendor/lib:/opt/ros/humble/lib/x86_64-linux-gnu:/opt/ros/humble/lib PYTHONPATH=/home/adm.sof44944@gaia.fkie.fraunhofer.de/ros2_cs/build/crazyflie_py/prefix_override:/home/adm.sof44944@gaia.fkie.fraunhofer.de/ros2_cs/install/crazyflie_py/lib/python3.10/site-packages:${PYTHONPATH} /usr/bin/python3 setup.py develop --uninstall --editable --build-directory /home/adm.sof44944@gaia.fkie.fraunhofer.de/ros2_cs/build/crazyflie_py/build
[0.668s] running develop
[0.754s] Removing /home/adm.sof44944@gaia.fkie.fraunhofer.de/ros2_cs/install/crazyflie_py/lib/python3.10/site-packages/crazyflie-py.egg-link (link to .)
[0.777s] Invoked command in '/home/adm.sof44944@gaia.fkie.fraunhofer.de/ros2_cs/build/crazyflie_py' returned '0': CMAKE_PREFIX_PATH=/home/adm.sof44944@gaia.fkie.fraunhofer.de/ros2_cs/install/crazyflie_interfaces:/home/adm.sof44944@gaia.fkie.fraunhofer.de/ros2_cs/install/motion_capture_tracking:/home/adm.sof44944@gaia.fkie.fraunhofer.de/ros2_cs/install/crazyflie:/home/adm.sof44944@gaia.fkie.fraunhofer.de/ros2_cs/install/motion_capture_tracking_interfaces:/home/adm.sof44944@gaia.fkie.fraunhofer.de/ros2_cs/install/hsi_interfaces:/home/adm.sof44944@gaia.fkie.fraunhofer.de/ros2_cs/install/crazyflie_sim:/home/adm.sof44944@gaia.fkie.fraunhofer.de/ros2_cs/install/crazyflie_examples LD_LIBRARY_PATH=/home/adm.sof44944@gaia.fkie.fraunhofer.de/ros2_cs/install/crazyflie_interfaces/lib:/home/adm.sof44944@gaia.fkie.fraunhofer.de/ros2_cs/install/motion_capture_tracking_interfaces/lib:/home/adm.sof44944@gaia.fkie.fraunhofer.de/ros2_cs/install/hsi_interfaces/lib:/opt/ros/humble/opt/rviz_ogre_vendor/lib:/opt/ros/humble/lib/x86_64-linux-gnu:/opt/ros/humble/lib PYTHONPATH=/home/adm.sof44944@gaia.fkie.fraunhofer.de/ros2_cs/build/crazyflie_py/prefix_override:/home/adm.sof44944@gaia.fkie.fraunhofer.de/ros2_cs/install/crazyflie_py/lib/python3.10/site-packages:${PYTHONPATH} /usr/bin/python3 setup.py develop --uninstall --editable --build-directory /home/adm.sof44944@gaia.fkie.fraunhofer.de/ros2_cs/build/crazyflie_py/build
[0.779s] Invoking command in '/home/adm.sof44944@gaia.fkie.fraunhofer.de/ros2_cs/src/crazyswarm2/crazyflie_py': CMAKE_PREFIX_PATH=/home/adm.sof44944@gaia.fkie.fraunhofer.de/ros2_cs/install/crazyflie_interfaces:/home/adm.sof44944@gaia.fkie.fraunhofer.de/ros2_cs/install/motion_capture_tracking:/home/adm.sof44944@gaia.fkie.fraunhofer.de/ros2_cs/install/crazyflie:/home/adm.sof44944@gaia.fkie.fraunhofer.de/ros2_cs/install/motion_capture_tracking_interfaces:/home/adm.sof44944@gaia.fkie.fraunhofer.de/ros2_cs/install/hsi_interfaces:/home/adm.sof44944@gaia.fkie.fraunhofer.de/ros2_cs/install/crazyflie_sim:/home/adm.sof44944@gaia.fkie.fraunhofer.de/ros2_cs/install/crazyflie_examples LD_LIBRARY_PATH=/home/adm.sof44944@gaia.fkie.fraunhofer.de/ros2_cs/install/crazyflie_interfaces/lib:/home/adm.sof44944@gaia.fkie.fraunhofer.de/ros2_cs/install/motion_capture_tracking_interfaces/lib:/home/adm.sof44944@gaia.fkie.fraunhofer.de/ros2_cs/install/hsi_interfaces/lib:/opt/ros/humble/opt/rviz_ogre_vendor/lib:/opt/ros/humble/lib/x86_64-linux-gnu:/opt/ros/humble/lib PYTHONPATH=/home/adm.sof44944@gaia.fkie.fraunhofer.de/ros2_cs/build/crazyflie_py/prefix_override:/home/adm.sof44944@gaia.fkie.fraunhofer.de/ros2_cs/install/crazyflie_py/lib/python3.10/site-packages:${PYTHONPATH} /usr/bin/python3 setup.py egg_info --egg-base ../../../build/crazyflie_py build --build-base /home/adm.sof44944@gaia.fkie.fraunhofer.de/ros2_cs/build/crazyflie_py/build install --record /home/adm.sof44944@gaia.fkie.fraunhofer.de/ros2_cs/build/crazyflie_py/install.log --single-version-externally-managed
[0.917s] running egg_info
[0.917s] writing ../../../build/crazyflie_py/crazyflie_py.egg-info/PKG-INFO
[0.917s] writing dependency_links to ../../../build/crazyflie_py/crazyflie_py.egg-info/dependency_links.txt
[0.917s] writing entry points to ../../../build/crazyflie_py/crazyflie_py.egg-info/entry_points.txt
[0.918s] writing requirements to ../../../build/crazyflie_py/crazyflie_py.egg-info/requires.txt
[0.918s] writing top-level names to ../../../build/crazyflie_py/crazyflie_py.egg-info/top_level.txt
[0.918s] reading manifest file '../../../build/crazyflie_py/crazyflie_py.egg-info/SOURCES.txt'
[0.919s] writing manifest file '../../../build/crazyflie_py/crazyflie_py.egg-info/SOURCES.txt'
[0.919s] running build
[0.919s] running build_py
[0.919s] copying crazyflie_py/crazyflie.py -> /home/adm.sof44944@gaia.fkie.fraunhofer.de/ros2_cs/build/crazyflie_py/build/lib/crazyflie_py
[0.919s] running install
[0.919s] running install_lib
[0.920s] creating /home/adm.sof44944@gaia.fkie.fraunhofer.de/ros2_cs/install/crazyflie_py/lib/python3.10/site-packages/crazyflie_py
[0.920s] copying /home/adm.sof44944@gaia.fkie.fraunhofer.de/ros2_cs/build/crazyflie_py/build/lib/crazyflie_py/linuxjsdev.py -> /home/adm.sof44944@gaia.fkie.fraunhofer.de/ros2_cs/install/crazyflie_py/lib/python3.10/site-packages/crazyflie_py
[0.920s] copying /home/adm.sof44944@gaia.fkie.fraunhofer.de/ros2_cs/build/crazyflie_py/build/lib/crazyflie_py/crazyswarm_py.py -> /home/adm.sof44944@gaia.fkie.fraunhofer.de/ros2_cs/install/crazyflie_py/lib/python3.10/site-packages/crazyflie_py
[0.920s] copying /home/adm.sof44944@gaia.fkie.fraunhofer.de/ros2_cs/build/crazyflie_py/build/lib/crazyflie_py/uav_trajectory.py -> /home/adm.sof44944@gaia.fkie.fraunhofer.de/ros2_cs/install/crazyflie_py/lib/python3.10/site-packages/crazyflie_py
[0.920s] copying /home/adm.sof44944@gaia.fkie.fraunhofer.de/ros2_cs/build/crazyflie_py/build/lib/crazyflie_py/__init__.py -> /home/adm.sof44944@gaia.fkie.fraunhofer.de/ros2_cs/install/crazyflie_py/lib/python3.10/site-packages/crazyflie_py
[0.920s] copying /home/adm.sof44944@gaia.fkie.fraunhofer.de/ros2_cs/build/crazyflie_py/build/lib/crazyflie_py/keyboard.py -> /home/adm.sof44944@gaia.fkie.fraunhofer.de/ros2_cs/install/crazyflie_py/lib/python3.10/site-packages/crazyflie_py
[0.920s] copying /home/adm.sof44944@gaia.fkie.fraunhofer.de/ros2_cs/build/crazyflie_py/build/lib/crazyflie_py/genericJoystick.py -> /home/adm.sof44944@gaia.fkie.fraunhofer.de/ros2_cs/install/crazyflie_py/lib/python3.10/site-packages/crazyflie_py
[0.921s] copying /home/adm.sof44944@gaia.fkie.fraunhofer.de/ros2_cs/build/crazyflie_py/build/lib/crazyflie_py/joystick.py -> /home/adm.sof44944@gaia.fkie.fraunhofer.de/ros2_cs/install/crazyflie_py/lib/python3.10/site-packages/crazyflie_py
[0.921s] copying /home/adm.sof44944@gaia.fkie.fraunhofer.de/ros2_cs/build/crazyflie_py/build/lib/crazyflie_py/util.py -> /home/adm.sof44944@gaia.fkie.fraunhofer.de/ros2_cs/install/crazyflie_py/lib/python3.10/site-packages/crazyflie_py
[0.921s] copying /home/adm.sof44944@gaia.fkie.fraunhofer.de/ros2_cs/build/crazyflie_py/build/lib/crazyflie_py/crazyflie.py -> /home/adm.sof44944@gaia.fkie.fraunhofer.de/ros2_cs/install/crazyflie_py/lib/python3.10/site-packages/crazyflie_py
[0.921s] byte-compiling /home/adm.sof44944@gaia.fkie.fraunhofer.de/ros2_cs/install/crazyflie_py/lib/python3.10/site-packages/crazyflie_py/linuxjsdev.py to linuxjsdev.cpython-310.pyc
[0.922s] byte-compiling /home/adm.sof44944@gaia.fkie.fraunhofer.de/ros2_cs/install/crazyflie_py/lib/python3.10/site-packages/crazyflie_py/crazyswarm_py.py to crazyswarm_py.cpython-310.pyc
[0.922s] byte-compiling /home/adm.sof44944@gaia.fkie.fraunhofer.de/ros2_cs/install/crazyflie_py/lib/python3.10/site-packages/crazyflie_py/uav_trajectory.py to uav_trajectory.cpython-310.pyc
[0.922s] byte-compiling /home/adm.sof44944@gaia.fkie.fraunhofer.de/ros2_cs/install/crazyflie_py/lib/python3.10/site-packages/crazyflie_py/__init__.py to __init__.cpython-310.pyc
[0.922s] byte-compiling /home/adm.sof44944@gaia.fkie.fraunhofer.de/ros2_cs/install/crazyflie_py/lib/python3.10/site-packages/crazyflie_py/keyboard.py to keyboard.cpython-310.pyc
[0.922s] byte-compiling /home/adm.sof44944@gaia.fkie.fraunhofer.de/ros2_cs/install/crazyflie_py/lib/python3.10/site-packages/crazyflie_py/genericJoystick.py to genericJoystick.cpython-310.pyc
[0.923s] byte-compiling /home/adm.sof44944@gaia.fkie.fraunhofer.de/ros2_cs/install/crazyflie_py/lib/python3.10/site-packages/crazyflie_py/joystick.py to joystick.cpython-310.pyc
[0.923s] byte-compiling /home/adm.sof44944@gaia.fkie.fraunhofer.de/ros2_cs/install/crazyflie_py/lib/python3.10/site-packages/crazyflie_py/util.py to util.cpython-310.pyc
[0.923s] byte-compiling /home/adm.sof44944@gaia.fkie.fraunhofer.de/ros2_cs/install/crazyflie_py/lib/python3.10/site-packages/crazyflie_py/crazyflie.py to crazyflie.cpython-310.pyc
[0.924s] running install_data
[0.925s] running install_egg_info
[0.926s] Copying ../../../build/crazyflie_py/crazyflie_py.egg-info to /home/adm.sof44944@gaia.fkie.fraunhofer.de/ros2_cs/install/crazyflie_py/lib/python3.10/site-packages/crazyflie_py-2.0.0-py3.10.egg-info
[0.926s] running install_scripts
[0.938s] writing list of installed files to '/home/adm.sof44944@gaia.fkie.fraunhofer.de/ros2_cs/build/crazyflie_py/install.log'
[0.955s] Invoked command in '/home/adm.sof44944@gaia.fkie.fraunhofer.de/ros2_cs/src/crazyswarm2/crazyflie_py' returned '0': CMAKE_PREFIX_PATH=/home/adm.sof44944@gaia.fkie.fraunhofer.de/ros2_cs/install/crazyflie_interfaces:/home/adm.sof44944@gaia.fkie.fraunhofer.de/ros2_cs/install/motion_capture_tracking:/home/adm.sof44944@gaia.fkie.fraunhofer.de/ros2_cs/install/crazyflie:/home/adm.sof44944@gaia.fkie.fraunhofer.de/ros2_cs/install/motion_capture_tracking_interfaces:/home/adm.sof44944@gaia.fkie.fraunhofer.de/ros2_cs/install/hsi_interfaces:/home/adm.sof44944@gaia.fkie.fraunhofer.de/ros2_cs/install/crazyflie_sim:/home/adm.sof44944@gaia.fkie.fraunhofer.de/ros2_cs/install/crazyflie_examples LD_LIBRARY_PATH=/home/adm.sof44944@gaia.fkie.fraunhofer.de/ros2_cs/install/crazyflie_interfaces/lib:/home/adm.sof44944@gaia.fkie.fraunhofer.de/ros2_cs/install/motion_capture_tracking_interfaces/lib:/home/adm.sof44944@gaia.fkie.fraunhofer.de/ros2_cs/install/hsi_interfaces/lib:/opt/ros/humble/opt/rviz_ogre_vendor/lib:/opt/ros/humble/lib/x86_64-linux-gnu:/opt/ros/humble/lib PYTHONPATH=/home/adm.sof44944@gaia.fkie.fraunhofer.de/ros2_cs/build/crazyflie_py/prefix_override:/home/adm.sof44944@gaia.fkie.fraunhofer.de/ros2_cs/install/crazyflie_py/lib/python3.10/site-packages:${PYTHONPATH} /usr/bin/python3 setup.py egg_info --egg-base ../../../build/crazyflie_py build --build-base /home/adm.sof44944@gaia.fkie.fraunhofer.de/ros2_cs/build/crazyflie_py/build install --record /home/adm.sof44944@gaia.fkie.fraunhofer.de/ros2_cs/build/crazyflie_py/install.log --single-version-externally-managed
