running egg_info
writing ../../build/hsi/hsi.egg-info/PKG-INFO
writing dependency_links to ../../build/hsi/hsi.egg-info/dependency_links.txt
writing entry points to ../../build/hsi/hsi.egg-info/entry_points.txt
writing requirements to ../../build/hsi/hsi.egg-info/requires.txt
writing top-level names to ../../build/hsi/hsi.egg-info/top_level.txt
reading manifest file '../../build/hsi/hsi.egg-info/SOURCES.txt'
writing manifest file '../../build/hsi/hsi.egg-info/SOURCES.txt'
running build
running build_py
running install
running install_lib
running install_data
running install_egg_info
removing '/home/adm.sof44944@gaia.fkie.fraunhofer.de/ros2_cs/install/hsi/lib/python3.10/site-packages/hsi-0.0.0-py3.10.egg-info' (and everything under it)
Copying ../../build/hsi/hsi.egg-info to /home/adm.sof44944@gaia.fkie.fraunhofer.de/ros2_cs/install/hsi/lib/python3.10/site-packages/hsi-0.0.0-py3.10.egg-info
running install_scripts
Installing cf_node script to /home/adm.sof44944@gaia.fkie.fraunhofer.de/ros2_cs/install/hsi/lib/hsi
Installing cf_trial script to /home/adm.sof44944@gaia.fkie.fraunhofer.de/ros2_cs/install/hsi/lib/hsi
writing list of installed files to '/home/adm.sof44944@gaia.fkie.fraunhofer.de/ros2_cs/build/hsi/install.log'
