[1.271s] Invoking command in '/home/adm.sof44944@gaia.fkie.fraunhofer.de/ros2_cs/build/bioharness': PYTHONPATH=/home/adm.sof44944@gaia.fkie.fraunhofer.de/ros2_cs/build/bioharness/prefix_override:/home/adm.sof44944@gaia.fkie.fraunhofer.de/ros2_cs/install/bioharness/lib/python3.10/site-packages:${PYTHONPATH} /usr/bin/python3 setup.py develop --editable --build-directory /home/adm.sof44944@gaia.fkie.fraunhofer.de/ros2_cs/build/bioharness/build --no-deps install_data
[1.534s] running develop
[1.697s] running egg_info
[1.697s] writing bioharness.egg-info/PKG-INFO
[1.697s] writing dependency_links to bioharness.egg-info/dependency_links.txt
[1.697s] writing entry points to bioharness.egg-info/entry_points.txt
[1.698s] writing requirements to bioharness.egg-info/requires.txt
[1.698s] writing top-level names to bioharness.egg-info/top_level.txt
[1.699s] reading manifest file 'bioharness.egg-info/SOURCES.txt'
[1.699s] writing manifest file 'bioharness.egg-info/SOURCES.txt'
[1.700s] running build_ext
[1.701s] Creating /home/adm.sof44944@gaia.fkie.fraunhofer.de/ros2_cs/install/bioharness/lib/python3.10/site-packages/bioharness.egg-link (link to .)
[1.701s] Installing hr_node script to /home/adm.sof44944@gaia.fkie.fraunhofer.de/ros2_cs/install/bioharness/lib/bioharness
[1.701s] Installing hr_pub script to /home/adm.sof44944@gaia.fkie.fraunhofer.de/ros2_cs/install/bioharness/lib/bioharness
[1.702s] Installing posture_pub script to /home/adm.sof44944@gaia.fkie.fraunhofer.de/ros2_cs/install/bioharness/lib/bioharness
[1.702s] Installing test_node script to /home/adm.sof44944@gaia.fkie.fraunhofer.de/ros2_cs/install/bioharness/lib/bioharness
[1.702s] 
[1.702s] Installed /home/adm.sof44944@gaia.fkie.fraunhofer.de/ros2_cs/build/bioharness
[1.702s] running install_data
[1.769s] Invoked command in '/home/adm.sof44944@gaia.fkie.fraunhofer.de/ros2_cs/build/bioharness' returned '0': PYTHONPATH=/home/adm.sof44944@gaia.fkie.fraunhofer.de/ros2_cs/build/bioharness/prefix_override:/home/adm.sof44944@gaia.fkie.fraunhofer.de/ros2_cs/install/bioharness/lib/python3.10/site-packages:${PYTHONPATH} /usr/bin/python3 setup.py develop --editable --build-directory /home/adm.sof44944@gaia.fkie.fraunhofer.de/ros2_cs/build/bioharness/build --no-deps install_data
