[  5%] Built target teleop
[ 27%] Built target crazyflieLinkCpp
[ 30%] [32mBuilding CXX object deps/crazyflie_tools/crazyflie_cpp/CMakeFiles/crazyflie_cpp.dir/src/crtp.cpp.o[0m
[ 32%] [32m[1mLinking CXX static library libcrazyflie_cpp.a[0m
[ 35%] Built target crazyflie_cpp
[ 50%] [32mBuilding CXX object deps/crazyflie_tools/CMakeFiles/listLogVariables.dir/src/listLogVariables.cpp.o[0m
[ 50%] [32mBuilding CXX object CMakeFiles/crazyflie_server.dir/src/crazyflie_server.cpp.o[0m
[ 50%] [32mBuilding CXX object deps/crazyflie_tools/CMakeFiles/reboot.dir/src/reboot.cpp.o[0m
[ 50%] [32mBuilding CXX object deps/crazyflie_tools/CMakeFiles/listParams.dir/src/listParams.cpp.o[0m
[ 50%] [32mBuilding CXX object deps/crazyflie_tools/CMakeFiles/log.dir/src/log.cpp.o[0m
[ 50%] [32mBuilding CXX object deps/crazyflie_tools/CMakeFiles/comCheck.dir/src/comCheck.cpp.o[0m
[ 52%] [32mBuilding CXX object deps/crazyflie_tools/CMakeFiles/listMemories.dir/src/listMemories.cpp.o[0m
[ 55%] [32mBuilding CXX object deps/crazyflie_tools/CMakeFiles/scan.dir/src/scan.cpp.o[0m
[ 60%] [32mBuilding CXX object deps/crazyflie_tools/CMakeFiles/battery.dir/src/battery.cpp.o[0m
[ 62%] [32mBuilding CXX object deps/crazyflie_tools/CMakeFiles/version.dir/src/version.cpp.o[0m
[ 60%] [32mBuilding CXX object deps/crazyflie_tools/CMakeFiles/console.dir/src/console.cpp.o[0m
[ 65%] [32mBuilding CXX object deps/crazyflie_tools/CMakeFiles/downloadUSDLogfile.dir/src/downloadUSDLogfile.cpp.o[0m
[ 67%] [32m[1mLinking CXX executable version[0m
[ 70%] [32m[1mLinking CXX executable downloadUSDLogfile[0m
[ 72%] [32m[1mLinking CXX executable listMemories[0m
[ 75%] [32m[1mLinking CXX executable scan[0m
[ 77%] [32m[1mLinking CXX executable console[0m
[ 80%] [32m[1mLinking CXX executable comCheck[0m
[ 80%] Built target downloadUSDLogfile
[ 82%] [32m[1mLinking CXX executable listLogVariables[0m
[ 85%] [32m[1mLinking CXX executable log[0m
[ 87%] [32mBuilding CXX object deps/crazyflie_tools/CMakeFiles/setParam.dir/src/setParam.cpp.o[0m
[ 90%] [32m[1mLinking CXX executable listParams[0m
[ 90%] Built target version
[ 92%] [32m[1mLinking CXX executable reboot[0m
[ 95%] [32m[1mLinking CXX executable battery[0m
[ 95%] Built target listMemories
[ 95%] Built target console
[ 95%] Built target scan
[ 95%] Built target listLogVariables
[ 95%] Built target comCheck
[ 95%] Built target log
[ 95%] Built target listParams
[ 95%] Built target battery
[ 95%] Built target reboot
[ 97%] [32m[1mLinking CXX executable setParam[0m
[ 97%] Built target setParam
[100%] [32m[1mLinking CXX executable crazyflie_server[0m
[100%] Built target crazyflie_server
-- Install configuration: ""
-- Execute custom install script
-- Up-to-date symlink: /home/adm.sof44944@gaia.fkie.fraunhofer.de/ros2_cs/install/crazyflie/lib/crazyflie/comCheck
-- Up-to-date symlink: /home/adm.sof44944@gaia.fkie.fraunhofer.de/ros2_cs/install/crazyflie/lib/crazyflie/scan
-- Up-to-date symlink: /home/adm.sof44944@gaia.fkie.fraunhofer.de/ros2_cs/install/crazyflie/lib/crazyflie/listParams
-- Up-to-date symlink: /home/adm.sof44944@gaia.fkie.fraunhofer.de/ros2_cs/install/crazyflie/lib/crazyflie/listLogVariables
-- Up-to-date symlink: /home/adm.sof44944@gaia.fkie.fraunhofer.de/ros2_cs/install/crazyflie/lib/crazyflie/listMemories
-- Up-to-date symlink: /home/adm.sof44944@gaia.fkie.fraunhofer.de/ros2_cs/install/crazyflie/lib/crazyflie/reboot
-- Up-to-date symlink: /home/adm.sof44944@gaia.fkie.fraunhofer.de/ros2_cs/install/crazyflie/lib/crazyflie/battery
-- Up-to-date symlink: /home/adm.sof44944@gaia.fkie.fraunhofer.de/ros2_cs/install/crazyflie/lib/crazyflie/version
-- Up-to-date symlink: /home/adm.sof44944@gaia.fkie.fraunhofer.de/ros2_cs/install/crazyflie/lib/crazyflie/console
-- Up-to-date symlink: /home/adm.sof44944@gaia.fkie.fraunhofer.de/ros2_cs/install/crazyflie/lib/crazyflie/log
-- Up-to-date symlink: /home/adm.sof44944@gaia.fkie.fraunhofer.de/ros2_cs/install/crazyflie/lib/crazyflie/setParam
-- Up-to-date symlink: /home/adm.sof44944@gaia.fkie.fraunhofer.de/ros2_cs/install/crazyflie/lib/crazyflie/downloadUSDLogfile
-- Up-to-date symlink: /home/adm.sof44944@gaia.fkie.fraunhofer.de/ros2_cs/install/crazyflie/lib/crazyflie/teleop
-- Up-to-date symlink: /home/adm.sof44944@gaia.fkie.fraunhofer.de/ros2_cs/install/crazyflie/lib/crazyflie/crazyflie_server
-- Up-to-date symlink: /home/adm.sof44944@gaia.fkie.fraunhofer.de/ros2_cs/install/crazyflie/lib/crazyflie/crazyflie_server.py
-- Up-to-date symlink: /home/adm.sof44944@gaia.fkie.fraunhofer.de/ros2_cs/install/crazyflie/lib/crazyflie/chooser.py
-- Up-to-date symlink: /home/adm.sof44944@gaia.fkie.fraunhofer.de/ros2_cs/install/crazyflie/lib/crazyflie/vel_mux.py
-- Up-to-date symlink: /home/adm.sof44944@gaia.fkie.fraunhofer.de/ros2_cs/install/crazyflie/lib/crazyflie/cfmult.py
-- Up-to-date symlink: /home/adm.sof44944@gaia.fkie.fraunhofer.de/ros2_cs/install/crazyflie/lib/crazyflie/simple_mapper_multiranger.py
-- Up-to-date symlink: /home/adm.sof44944@gaia.fkie.fraunhofer.de/ros2_cs/install/crazyflie/share/crazyflie//launch/launch.py
-- Up-to-date symlink: /home/adm.sof44944@gaia.fkie.fraunhofer.de/ros2_cs/install/crazyflie/share/crazyflie//launch/launch_teleop2.py
-- Up-to-date symlink: /home/adm.sof44944@gaia.fkie.fraunhofer.de/ros2_cs/install/crazyflie/share/crazyflie//launch/teleop_launch.py
-- Up-to-date symlink: /home/adm.sof44944@gaia.fkie.fraunhofer.de/ros2_cs/install/crazyflie/share/crazyflie//config/config.rviz
-- Up-to-date symlink: /home/adm.sof44944@gaia.fkie.fraunhofer.de/ros2_cs/install/crazyflie/share/crazyflie//config/crazyflies.yaml
-- Up-to-date symlink: /home/adm.sof44944@gaia.fkie.fraunhofer.de/ros2_cs/install/crazyflie/share/crazyflie//config/motion_capture.yaml
-- Up-to-date symlink: /home/adm.sof44944@gaia.fkie.fraunhofer.de/ros2_cs/install/crazyflie/share/crazyflie//config/server.yaml
-- Up-to-date symlink: /home/adm.sof44944@gaia.fkie.fraunhofer.de/ros2_cs/install/crazyflie/share/crazyflie//config/teleop.yaml
-- Up-to-date symlink: /home/adm.sof44944@gaia.fkie.fraunhofer.de/ros2_cs/install/crazyflie/share/ament_index/resource_index/package_run_dependencies/crazyflie
-- Up-to-date symlink: /home/adm.sof44944@gaia.fkie.fraunhofer.de/ros2_cs/install/crazyflie/share/ament_index/resource_index/parent_prefix_path/crazyflie
-- Up-to-date symlink: /home/adm.sof44944@gaia.fkie.fraunhofer.de/ros2_cs/install/crazyflie/share/crazyflie/environment/ament_prefix_path.sh
-- Up-to-date symlink: /home/adm.sof44944@gaia.fkie.fraunhofer.de/ros2_cs/install/crazyflie/share/crazyflie/environment/ament_prefix_path.dsv
-- Up-to-date symlink: /home/adm.sof44944@gaia.fkie.fraunhofer.de/ros2_cs/install/crazyflie/share/crazyflie/environment/path.sh
-- Up-to-date symlink: /home/adm.sof44944@gaia.fkie.fraunhofer.de/ros2_cs/install/crazyflie/share/crazyflie/environment/path.dsv
-- Up-to-date symlink: /home/adm.sof44944@gaia.fkie.fraunhofer.de/ros2_cs/install/crazyflie/share/crazyflie/local_setup.bash
-- Up-to-date symlink: /home/adm.sof44944@gaia.fkie.fraunhofer.de/ros2_cs/install/crazyflie/share/crazyflie/local_setup.sh
-- Up-to-date symlink: /home/adm.sof44944@gaia.fkie.fraunhofer.de/ros2_cs/install/crazyflie/share/crazyflie/local_setup.zsh
-- Up-to-date symlink: /home/adm.sof44944@gaia.fkie.fraunhofer.de/ros2_cs/install/crazyflie/share/crazyflie/local_setup.dsv
-- Symlinking: /home/adm.sof44944@gaia.fkie.fraunhofer.de/ros2_cs/install/crazyflie/share/crazyflie/package.dsv
-- Up-to-date symlink: /home/adm.sof44944@gaia.fkie.fraunhofer.de/ros2_cs/install/crazyflie/share/ament_index/resource_index/packages/crazyflie
-- Up-to-date symlink: /home/adm.sof44944@gaia.fkie.fraunhofer.de/ros2_cs/install/crazyflie/share/crazyflie/cmake/crazyflieConfig.cmake
-- Up-to-date symlink: /home/adm.sof44944@gaia.fkie.fraunhofer.de/ros2_cs/install/crazyflie/share/crazyflie/cmake/crazyflieConfig-version.cmake
-- Up-to-date symlink: /home/adm.sof44944@gaia.fkie.fraunhofer.de/ros2_cs/install/crazyflie/share/crazyflie/package.xml
