running develop
running egg_info
creating bioharness.egg-info
writing bioharness.egg-info/PKG-INFO
writing dependency_links to bioharness.egg-info/dependency_links.txt
writing entry points to bioharness.egg-info/entry_points.txt
writing requirements to bioharness.egg-info/requires.txt
writing top-level names to bioharness.egg-info/top_level.txt
writing manifest file 'bioharness.egg-info/SOURCES.txt'
reading manifest file 'bioharness.egg-info/SOURCES.txt'
writing manifest file 'bioharness.egg-info/SOURCES.txt'
running build_ext
Creating /home/adm.sof44944@gaia.fkie.fraunhofer.de/ros2_cs/install/bioharness/lib/python3.10/site-packages/bioharness.egg-link (link to .)

Installed /home/adm.sof44944@gaia.fkie.fraunhofer.de/ros2_cs/build/bioharness
running install_data
creating /home/adm.sof44944@gaia.fkie.fraunhofer.de/ros2_cs/install/bioharness/share/ament_index
creating /home/adm.sof44944@gaia.fkie.fraunhofer.de/ros2_cs/install/bioharness/share/ament_index/resource_index
creating /home/adm.sof44944@gaia.fkie.fraunhofer.de/ros2_cs/install/bioharness/share/ament_index/resource_index/packages
copying resource/bioharness -> /home/adm.sof44944@gaia.fkie.fraunhofer.de/ros2_cs/install/bioharness/share/ament_index/resource_index/packages
copying package.xml -> /home/adm.sof44944@gaia.fkie.fraunhofer.de/ros2_cs/install/bioharness/share/bioharness
