[0.688s] Invoking command in '/home/adm.sof44944@gaia.fkie.fraunhofer.de/ros2_cs/build/gesture': PYTHONPATH=/home/adm.sof44944@gaia.fkie.fraunhofer.de/ros2_cs/build/gesture/prefix_override:/home/adm.sof44944@gaia.fkie.fraunhofer.de/ros2_cs/install/gesture/lib/python3.10/site-packages:${PYTHONPATH} /usr/bin/python3 setup.py develop --editable --build-directory /home/adm.sof44944@gaia.fkie.fraunhofer.de/ros2_cs/build/gesture/build --no-deps install_data
[0.837s] running develop
[0.926s] running egg_info
[0.926s] creating gesture.egg-info
[0.926s] writing gesture.egg-info/PKG-INFO
[0.926s] writing dependency_links to gesture.egg-info/dependency_links.txt
[0.926s] writing entry points to gesture.egg-info/entry_points.txt
[0.926s] writing requirements to gesture.egg-info/requires.txt
[0.926s] writing top-level names to gesture.egg-info/top_level.txt
[0.927s] writing manifest file 'gesture.egg-info/SOURCES.txt'
[0.928s] reading manifest file 'gesture.egg-info/SOURCES.txt'
[0.928s] writing manifest file 'gesture.egg-info/SOURCES.txt'
[0.929s] running build_ext
[0.929s] Creating /home/adm.sof44944@gaia.fkie.fraunhofer.de/ros2_cs/install/gesture/lib/python3.10/site-packages/gesture.egg-link (link to .)
[0.929s] 
[0.929s] Installed /home/adm.sof44944@gaia.fkie.fraunhofer.de/ros2_cs/build/gesture
[0.929s] running install_data
[0.929s] creating /home/adm.sof44944@gaia.fkie.fraunhofer.de/ros2_cs/install/gesture/share/ament_index
[0.929s] creating /home/adm.sof44944@gaia.fkie.fraunhofer.de/ros2_cs/install/gesture/share/ament_index/resource_index
[0.930s] creating /home/adm.sof44944@gaia.fkie.fraunhofer.de/ros2_cs/install/gesture/share/ament_index/resource_index/packages
[0.930s] copying resource/gesture -> /home/adm.sof44944@gaia.fkie.fraunhofer.de/ros2_cs/install/gesture/share/ament_index/resource_index/packages
[0.930s] copying package.xml -> /home/adm.sof44944@gaia.fkie.fraunhofer.de/ros2_cs/install/gesture/share/gesture
[0.953s] Invoked command in '/home/adm.sof44944@gaia.fkie.fraunhofer.de/ros2_cs/build/gesture' returned '0': PYTHONPATH=/home/adm.sof44944@gaia.fkie.fraunhofer.de/ros2_cs/build/gesture/prefix_override:/home/adm.sof44944@gaia.fkie.fraunhofer.de/ros2_cs/install/gesture/lib/python3.10/site-packages:${PYTHONPATH} /usr/bin/python3 setup.py develop --editable --build-directory /home/adm.sof44944@gaia.fkie.fraunhofer.de/ros2_cs/build/gesture/build --no-deps install_data
