[0.894s] Invoking command in '/home/adm.sof44944@gaia.fkie.fraunhofer.de/ros2_cs/build/bioharness': PYTHONPATH=/home/adm.sof44944@gaia.fkie.fraunhofer.de/ros2_cs/build/bioharness/prefix_override:/home/adm.sof44944@gaia.fkie.fraunhofer.de/ros2_cs/install/bioharness/lib/python3.10/site-packages:${PYTHONPATH} /usr/bin/python3 setup.py develop --uninstall --editable --build-directory /home/adm.sof44944@gaia.fkie.fraunhofer.de/ros2_cs/build/bioharness/build
[1.043s] running develop
[1.136s] Removing /home/adm.sof44944@gaia.fkie.fraunhofer.de/ros2_cs/install/bioharness/lib/python3.10/site-packages/bioharness.egg-link (link to .)
[1.182s] Invoked command in '/home/adm.sof44944@gaia.fkie.fraunhofer.de/ros2_cs/build/bioharness' returned '0': PYTHONPATH=/home/adm.sof44944@gaia.fkie.fraunhofer.de/ros2_cs/build/bioharness/prefix_override:/home/adm.sof44944@gaia.fkie.fraunhofer.de/ros2_cs/install/bioharness/lib/python3.10/site-packages:${PYTHONPATH} /usr/bin/python3 setup.py develop --uninstall --editable --build-directory /home/adm.sof44944@gaia.fkie.fraunhofer.de/ros2_cs/build/bioharness/build
[1.183s] Invoking command in '/home/adm.sof44944@gaia.fkie.fraunhofer.de/ros2_cs/src/sensors/bioharness': PYTHONPATH=/home/adm.sof44944@gaia.fkie.fraunhofer.de/ros2_cs/build/bioharness/prefix_override:/home/adm.sof44944@gaia.fkie.fraunhofer.de/ros2_cs/install/bioharness/lib/python3.10/site-packages:${PYTHONPATH} /usr/bin/python3 setup.py egg_info --egg-base ../../../build/bioharness build --build-base /home/adm.sof44944@gaia.fkie.fraunhofer.de/ros2_cs/build/bioharness/build install --record /home/adm.sof44944@gaia.fkie.fraunhofer.de/ros2_cs/build/bioharness/install.log --single-version-externally-managed
[1.345s] running egg_info
[1.346s] writing ../../../build/bioharness/bioharness.egg-info/PKG-INFO
[1.346s] writing dependency_links to ../../../build/bioharness/bioharness.egg-info/dependency_links.txt
[1.346s] writing entry points to ../../../build/bioharness/bioharness.egg-info/entry_points.txt
[1.346s] writing requirements to ../../../build/bioharness/bioharness.egg-info/requires.txt
[1.347s] writing top-level names to ../../../build/bioharness/bioharness.egg-info/top_level.txt
[1.349s] reading manifest file '../../../build/bioharness/bioharness.egg-info/SOURCES.txt'
[1.350s] writing manifest file '../../../build/bioharness/bioharness.egg-info/SOURCES.txt'
[1.350s] running build
[1.350s] running build_py
[1.350s] running install
[1.351s] running install_lib
[1.351s] creating /home/adm.sof44944@gaia.fkie.fraunhofer.de/ros2_cs/install/bioharness/lib/python3.10/site-packages/bioharness
[1.351s] copying /home/adm.sof44944@gaia.fkie.fraunhofer.de/ros2_cs/build/bioharness/build/lib/bioharness/my_first_node.py -> /home/adm.sof44944@gaia.fkie.fraunhofer.de/ros2_cs/install/bioharness/lib/python3.10/site-packages/bioharness
[1.352s] copying /home/adm.sof44944@gaia.fkie.fraunhofer.de/ros2_cs/build/bioharness/build/lib/bioharness/hr_node.py -> /home/adm.sof44944@gaia.fkie.fraunhofer.de/ros2_cs/install/bioharness/lib/python3.10/site-packages/bioharness
[1.352s] copying /home/adm.sof44944@gaia.fkie.fraunhofer.de/ros2_cs/build/bioharness/build/lib/bioharness/__init__.py -> /home/adm.sof44944@gaia.fkie.fraunhofer.de/ros2_cs/install/bioharness/lib/python3.10/site-packages/bioharness
[1.352s] copying /home/adm.sof44944@gaia.fkie.fraunhofer.de/ros2_cs/build/bioharness/build/lib/bioharness/hr_pub.py -> /home/adm.sof44944@gaia.fkie.fraunhofer.de/ros2_cs/install/bioharness/lib/python3.10/site-packages/bioharness
[1.352s] copying /home/adm.sof44944@gaia.fkie.fraunhofer.de/ros2_cs/build/bioharness/build/lib/bioharness/posture_pub.py -> /home/adm.sof44944@gaia.fkie.fraunhofer.de/ros2_cs/install/bioharness/lib/python3.10/site-packages/bioharness
[1.353s] byte-compiling /home/adm.sof44944@gaia.fkie.fraunhofer.de/ros2_cs/install/bioharness/lib/python3.10/site-packages/bioharness/my_first_node.py to my_first_node.cpython-310.pyc
[1.354s] byte-compiling /home/adm.sof44944@gaia.fkie.fraunhofer.de/ros2_cs/install/bioharness/lib/python3.10/site-packages/bioharness/hr_node.py to hr_node.cpython-310.pyc
[1.354s] byte-compiling /home/adm.sof44944@gaia.fkie.fraunhofer.de/ros2_cs/install/bioharness/lib/python3.10/site-packages/bioharness/__init__.py to __init__.cpython-310.pyc
[1.355s] byte-compiling /home/adm.sof44944@gaia.fkie.fraunhofer.de/ros2_cs/install/bioharness/lib/python3.10/site-packages/bioharness/hr_pub.py to hr_pub.cpython-310.pyc
[1.355s] byte-compiling /home/adm.sof44944@gaia.fkie.fraunhofer.de/ros2_cs/install/bioharness/lib/python3.10/site-packages/bioharness/posture_pub.py to posture_pub.cpython-310.pyc
[1.355s] running install_data
[1.356s] running install_egg_info
[1.361s] Copying ../../../build/bioharness/bioharness.egg-info to /home/adm.sof44944@gaia.fkie.fraunhofer.de/ros2_cs/install/bioharness/lib/python3.10/site-packages/bioharness-0.0.0-py3.10.egg-info
[1.362s] running install_scripts
[1.384s] Installing hr_node script to /home/adm.sof44944@gaia.fkie.fraunhofer.de/ros2_cs/install/bioharness/lib/bioharness
[1.385s] Installing hr_pub script to /home/adm.sof44944@gaia.fkie.fraunhofer.de/ros2_cs/install/bioharness/lib/bioharness
[1.385s] Installing posture_pub script to /home/adm.sof44944@gaia.fkie.fraunhofer.de/ros2_cs/install/bioharness/lib/bioharness
[1.385s] Installing test_node script to /home/adm.sof44944@gaia.fkie.fraunhofer.de/ros2_cs/install/bioharness/lib/bioharness
[1.385s] writing list of installed files to '/home/adm.sof44944@gaia.fkie.fraunhofer.de/ros2_cs/build/bioharness/install.log'
[1.461s] Invoked command in '/home/adm.sof44944@gaia.fkie.fraunhofer.de/ros2_cs/src/sensors/bioharness' returned '0': PYTHONPATH=/home/adm.sof44944@gaia.fkie.fraunhofer.de/ros2_cs/build/bioharness/prefix_override:/home/adm.sof44944@gaia.fkie.fraunhofer.de/ros2_cs/install/bioharness/lib/python3.10/site-packages:${PYTHONPATH} /usr/bin/python3 setup.py egg_info --egg-base ../../../build/bioharness build --build-base /home/adm.sof44944@gaia.fkie.fraunhofer.de/ros2_cs/build/bioharness/build install --record /home/adm.sof44944@gaia.fkie.fraunhofer.de/ros2_cs/build/bioharness/install.log --single-version-externally-managed
