[0.508s] Invoking command in '/home/adm.sof44944@gaia.fkie.fraunhofer.de/ros2_cs/build/hsi_interfaces': CMAKE_PREFIX_PATH=${CMAKE_PREFIX_PATH}:/home/adm.sof44944@gaia.fkie.fraunhofer.de/ros2_cs/install/joystick:/home/adm.sof44944@gaia.fkie.fraunhofer.de/ros2_cs/install/hsi:/home/adm.sof44944@gaia.fkie.fraunhofer.de/ros2_cs/install/gesture:/home/adm.sof44944@gaia.fkie.fraunhofer.de/ros2_cs/install/crazyflie_py:/home/adm.sof44944@gaia.fkie.fraunhofer.de/ros2_cs/install/bioharness:/opt/ros/humble /usr/bin/cmake --build /home/adm.sof44944@gaia.fkie.fraunhofer.de/ros2_cs/build/hsi_interfaces -- -j12 -l12
[0.540s] [  9%] Built target hsi_interfaces__rosidl_generator_c
[0.540s] [ 12%] Built target hsi_interfaces__cpp
[0.543s] [ 12%] Built target ament_cmake_python_symlink_hsi_interfaces
[0.554s] [ 22%] Built target hsi_interfaces__rosidl_typesupport_introspection_c
[0.556s] [ 32%] Built target hsi_interfaces__rosidl_typesupport_fastrtps_c
[0.557s] [ 41%] Built target hsi_interfaces__rosidl_typesupport_fastrtps_cpp
[0.557s] [ 51%] Built target hsi_interfaces__rosidl_typesupport_c
[0.557s] [ 61%] Built target hsi_interfaces__rosidl_typesupport_cpp
[0.558s] [ 70%] Built target hsi_interfaces__rosidl_typesupport_introspection_cpp
[0.569s] [ 70%] Built target hsi_interfaces
[0.581s] [ 74%] Built target hsi_interfaces__py
[0.600s] [ 80%] Built target hsi_interfaces__rosidl_generator_py
[0.621s] [100%] Built target hsi_interfaces__rosidl_typesupport_c__pyext
[0.622s] [100%] Built target hsi_interfaces__rosidl_typesupport_introspection_c__pyext
[0.622s] [100%] Built target hsi_interfaces__rosidl_typesupport_fastrtps_c__pyext
[0.703s] running egg_info
[0.703s] writing hsi_interfaces.egg-info/PKG-INFO
[0.704s] writing dependency_links to hsi_interfaces.egg-info/dependency_links.txt
[0.704s] writing top-level names to hsi_interfaces.egg-info/top_level.txt
[0.704s] reading manifest file 'hsi_interfaces.egg-info/SOURCES.txt'
[0.704s] writing manifest file 'hsi_interfaces.egg-info/SOURCES.txt'
[0.725s] [100%] Built target ament_cmake_python_build_hsi_interfaces_egg
[0.732s] Invoked command in '/home/adm.sof44944@gaia.fkie.fraunhofer.de/ros2_cs/build/hsi_interfaces' returned '0': CMAKE_PREFIX_PATH=${CMAKE_PREFIX_PATH}:/home/adm.sof44944@gaia.fkie.fraunhofer.de/ros2_cs/install/joystick:/home/adm.sof44944@gaia.fkie.fraunhofer.de/ros2_cs/install/hsi:/home/adm.sof44944@gaia.fkie.fraunhofer.de/ros2_cs/install/gesture:/home/adm.sof44944@gaia.fkie.fraunhofer.de/ros2_cs/install/crazyflie_py:/home/adm.sof44944@gaia.fkie.fraunhofer.de/ros2_cs/install/bioharness:/opt/ros/humble /usr/bin/cmake --build /home/adm.sof44944@gaia.fkie.fraunhofer.de/ros2_cs/build/hsi_interfaces -- -j12 -l12
[0.765s] Invoking command in '/home/adm.sof44944@gaia.fkie.fraunhofer.de/ros2_cs/build/hsi_interfaces': CMAKE_PREFIX_PATH=${CMAKE_PREFIX_PATH}:/home/adm.sof44944@gaia.fkie.fraunhofer.de/ros2_cs/install/joystick:/home/adm.sof44944@gaia.fkie.fraunhofer.de/ros2_cs/install/hsi:/home/adm.sof44944@gaia.fkie.fraunhofer.de/ros2_cs/install/gesture:/home/adm.sof44944@gaia.fkie.fraunhofer.de/ros2_cs/install/crazyflie_py:/home/adm.sof44944@gaia.fkie.fraunhofer.de/ros2_cs/install/bioharness:/opt/ros/humble /usr/bin/cmake --install /home/adm.sof44944@gaia.fkie.fraunhofer.de/ros2_cs/build/hsi_interfaces
[0.772s] -- Install configuration: ""
[0.773s] -- Execute custom install script
[0.774s] -- Up-to-date symlink: /home/adm.sof44944@gaia.fkie.fraunhofer.de/ros2_cs/install/hsi_interfaces/share/ament_index/resource_index/rosidl_interfaces/hsi_interfaces
[0.774s] -- Up-to-date symlink: /home/adm.sof44944@gaia.fkie.fraunhofer.de/ros2_cs/install/hsi_interfaces/include/hsi_interfaces/hsi_interfaces/msg/detail/gesture__functions.h
[0.774s] -- Up-to-date symlink: /home/adm.sof44944@gaia.fkie.fraunhofer.de/ros2_cs/install/hsi_interfaces/include/hsi_interfaces/hsi_interfaces/msg/detail/gesture__struct.h
[0.774s] -- Up-to-date symlink: /home/adm.sof44944@gaia.fkie.fraunhofer.de/ros2_cs/install/hsi_interfaces/include/hsi_interfaces/hsi_interfaces/msg/detail/gesture__type_support.h
[0.774s] -- Up-to-date symlink: /home/adm.sof44944@gaia.fkie.fraunhofer.de/ros2_cs/install/hsi_interfaces/include/hsi_interfaces/hsi_interfaces/msg/gesture.h
[0.775s] -- Up-to-date symlink: /home/adm.sof44944@gaia.fkie.fraunhofer.de/ros2_cs/install/hsi_interfaces/include/hsi_interfaces/hsi_interfaces/msg/rosidl_generator_c__visibility_control.h
[0.775s] -- Up-to-date symlink: /home/adm.sof44944@gaia.fkie.fraunhofer.de/ros2_cs/install/hsi_interfaces/share/hsi_interfaces/environment/library_path.sh
[0.775s] -- Up-to-date symlink: /home/adm.sof44944@gaia.fkie.fraunhofer.de/ros2_cs/install/hsi_interfaces/share/hsi_interfaces/environment/library_path.dsv
[0.775s] -- Up-to-date symlink: /home/adm.sof44944@gaia.fkie.fraunhofer.de/ros2_cs/install/hsi_interfaces/include/hsi_interfaces/hsi_interfaces/msg/detail/gesture__rosidl_typesupport_fastrtps_c.h
[0.775s] -- Up-to-date symlink: /home/adm.sof44944@gaia.fkie.fraunhofer.de/ros2_cs/install/hsi_interfaces/include/hsi_interfaces/hsi_interfaces/msg/rosidl_typesupport_fastrtps_c__visibility_control.h
[0.775s] -- Up-to-date symlink: /home/adm.sof44944@gaia.fkie.fraunhofer.de/ros2_cs/install/hsi_interfaces/include/hsi_interfaces/hsi_interfaces/msg/detail/gesture__rosidl_typesupport_introspection_c.h
[0.775s] -- Up-to-date symlink: /home/adm.sof44944@gaia.fkie.fraunhofer.de/ros2_cs/install/hsi_interfaces/include/hsi_interfaces/hsi_interfaces/msg/rosidl_typesupport_introspection_c__visibility_control.h
[0.775s] -- Up-to-date symlink: /home/adm.sof44944@gaia.fkie.fraunhofer.de/ros2_cs/install/hsi_interfaces/include/hsi_interfaces/hsi_interfaces/msg/detail/gesture__builder.hpp
[0.775s] -- Up-to-date symlink: /home/adm.sof44944@gaia.fkie.fraunhofer.de/ros2_cs/install/hsi_interfaces/include/hsi_interfaces/hsi_interfaces/msg/detail/gesture__struct.hpp
[0.775s] -- Up-to-date symlink: /home/adm.sof44944@gaia.fkie.fraunhofer.de/ros2_cs/install/hsi_interfaces/include/hsi_interfaces/hsi_interfaces/msg/detail/gesture__traits.hpp
[0.776s] -- Up-to-date symlink: /home/adm.sof44944@gaia.fkie.fraunhofer.de/ros2_cs/install/hsi_interfaces/include/hsi_interfaces/hsi_interfaces/msg/gesture.hpp
[0.776s] -- Up-to-date symlink: /home/adm.sof44944@gaia.fkie.fraunhofer.de/ros2_cs/install/hsi_interfaces/include/hsi_interfaces/hsi_interfaces/msg/detail/gesture__rosidl_typesupport_fastrtps_cpp.hpp
[0.776s] -- Up-to-date symlink: /home/adm.sof44944@gaia.fkie.fraunhofer.de/ros2_cs/install/hsi_interfaces/include/hsi_interfaces/hsi_interfaces/msg/rosidl_typesupport_fastrtps_cpp__visibility_control.h
[0.776s] -- Up-to-date symlink: /home/adm.sof44944@gaia.fkie.fraunhofer.de/ros2_cs/install/hsi_interfaces/include/hsi_interfaces/hsi_interfaces/msg/detail/gesture__rosidl_typesupport_introspection_cpp.hpp
[0.776s] -- Up-to-date symlink: /home/adm.sof44944@gaia.fkie.fraunhofer.de/ros2_cs/install/hsi_interfaces/share/hsi_interfaces/environment/pythonpath.sh
[0.776s] -- Up-to-date symlink: /home/adm.sof44944@gaia.fkie.fraunhofer.de/ros2_cs/install/hsi_interfaces/share/hsi_interfaces/environment/pythonpath.dsv
[0.777s] -- Up-to-date symlink: /home/adm.sof44944@gaia.fkie.fraunhofer.de/ros2_cs/install/hsi_interfaces/local/lib/python3.10/dist-packages/hsi_interfaces-0.0.0-py3.10.egg-info/PKG-INFO
[0.777s] -- Up-to-date symlink: /home/adm.sof44944@gaia.fkie.fraunhofer.de/ros2_cs/install/hsi_interfaces/local/lib/python3.10/dist-packages/hsi_interfaces-0.0.0-py3.10.egg-info/SOURCES.txt
[0.777s] -- Up-to-date symlink: /home/adm.sof44944@gaia.fkie.fraunhofer.de/ros2_cs/install/hsi_interfaces/local/lib/python3.10/dist-packages/hsi_interfaces-0.0.0-py3.10.egg-info/dependency_links.txt
[0.777s] -- Up-to-date symlink: /home/adm.sof44944@gaia.fkie.fraunhofer.de/ros2_cs/install/hsi_interfaces/local/lib/python3.10/dist-packages/hsi_interfaces-0.0.0-py3.10.egg-info/top_level.txt
[0.777s] -- Up-to-date symlink: /home/adm.sof44944@gaia.fkie.fraunhofer.de/ros2_cs/install/hsi_interfaces/local/lib/python3.10/dist-packages/hsi_interfaces/__init__.py
[0.777s] -- Up-to-date symlink: /home/adm.sof44944@gaia.fkie.fraunhofer.de/ros2_cs/install/hsi_interfaces/local/lib/python3.10/dist-packages/hsi_interfaces/_hsi_interfaces_s.ep.rosidl_typesupport_c.c
[0.778s] -- Up-to-date symlink: /home/adm.sof44944@gaia.fkie.fraunhofer.de/ros2_cs/install/hsi_interfaces/local/lib/python3.10/dist-packages/hsi_interfaces/_hsi_interfaces_s.ep.rosidl_typesupport_fastrtps_c.c
[0.778s] -- Up-to-date symlink: /home/adm.sof44944@gaia.fkie.fraunhofer.de/ros2_cs/install/hsi_interfaces/local/lib/python3.10/dist-packages/hsi_interfaces/_hsi_interfaces_s.ep.rosidl_typesupport_introspection_c.c
[0.778s] -- Up-to-date symlink: /home/adm.sof44944@gaia.fkie.fraunhofer.de/ros2_cs/install/hsi_interfaces/local/lib/python3.10/dist-packages/hsi_interfaces/hsi_interfaces_s__rosidl_typesupport_c.cpython-310-x86_64-linux-gnu.so
[0.778s] -- Up-to-date symlink: /home/adm.sof44944@gaia.fkie.fraunhofer.de/ros2_cs/install/hsi_interfaces/local/lib/python3.10/dist-packages/hsi_interfaces/hsi_interfaces_s__rosidl_typesupport_fastrtps_c.cpython-310-x86_64-linux-gnu.so
[0.778s] -- Up-to-date symlink: /home/adm.sof44944@gaia.fkie.fraunhofer.de/ros2_cs/install/hsi_interfaces/local/lib/python3.10/dist-packages/hsi_interfaces/hsi_interfaces_s__rosidl_typesupport_introspection_c.cpython-310-x86_64-linux-gnu.so
[0.778s] -- Up-to-date symlink: /home/adm.sof44944@gaia.fkie.fraunhofer.de/ros2_cs/install/hsi_interfaces/local/lib/python3.10/dist-packages/hsi_interfaces/libhsi_interfaces__rosidl_generator_py.so
[0.778s] -- Up-to-date symlink: /home/adm.sof44944@gaia.fkie.fraunhofer.de/ros2_cs/install/hsi_interfaces/local/lib/python3.10/dist-packages/hsi_interfaces/msg/__init__.py
[0.778s] -- Up-to-date symlink: /home/adm.sof44944@gaia.fkie.fraunhofer.de/ros2_cs/install/hsi_interfaces/local/lib/python3.10/dist-packages/hsi_interfaces/msg/_gesture.py
[0.778s] -- Up-to-date symlink: /home/adm.sof44944@gaia.fkie.fraunhofer.de/ros2_cs/install/hsi_interfaces/local/lib/python3.10/dist-packages/hsi_interfaces/msg/_gesture_s.c
[0.778s] -- Up-to-date symlink: /home/adm.sof44944@gaia.fkie.fraunhofer.de/ros2_cs/install/hsi_interfaces/local/lib/python3.10/dist-packages/hsi_interfaces/hsi_interfaces_s__rosidl_typesupport_fastrtps_c.cpython-310-x86_64-linux-gnu.so
[0.779s] -- Up-to-date symlink: /home/adm.sof44944@gaia.fkie.fraunhofer.de/ros2_cs/install/hsi_interfaces/local/lib/python3.10/dist-packages/hsi_interfaces/hsi_interfaces_s__rosidl_typesupport_introspection_c.cpython-310-x86_64-linux-gnu.so
[0.779s] -- Up-to-date symlink: /home/adm.sof44944@gaia.fkie.fraunhofer.de/ros2_cs/install/hsi_interfaces/local/lib/python3.10/dist-packages/hsi_interfaces/hsi_interfaces_s__rosidl_typesupport_c.cpython-310-x86_64-linux-gnu.so
[0.779s] -- Up-to-date symlink: /home/adm.sof44944@gaia.fkie.fraunhofer.de/ros2_cs/install/hsi_interfaces/share/hsi_interfaces/msg/Gesture.idl
[0.779s] -- Up-to-date symlink: /home/adm.sof44944@gaia.fkie.fraunhofer.de/ros2_cs/install/hsi_interfaces/share/hsi_interfaces/msg/Gesture.msg
[0.780s] -- Up-to-date symlink: /home/adm.sof44944@gaia.fkie.fraunhofer.de/ros2_cs/install/hsi_interfaces/share/ament_index/resource_index/package_run_dependencies/hsi_interfaces
[0.780s] -- Up-to-date symlink: /home/adm.sof44944@gaia.fkie.fraunhofer.de/ros2_cs/install/hsi_interfaces/share/ament_index/resource_index/parent_prefix_path/hsi_interfaces
[0.780s] -- Up-to-date symlink: /home/adm.sof44944@gaia.fkie.fraunhofer.de/ros2_cs/install/hsi_interfaces/share/hsi_interfaces/environment/ament_prefix_path.sh
[0.780s] -- Up-to-date symlink: /home/adm.sof44944@gaia.fkie.fraunhofer.de/ros2_cs/install/hsi_interfaces/share/hsi_interfaces/environment/ament_prefix_path.dsv
[0.781s] -- Up-to-date symlink: /home/adm.sof44944@gaia.fkie.fraunhofer.de/ros2_cs/install/hsi_interfaces/share/hsi_interfaces/environment/path.sh
[0.781s] -- Up-to-date symlink: /home/adm.sof44944@gaia.fkie.fraunhofer.de/ros2_cs/install/hsi_interfaces/share/hsi_interfaces/environment/path.dsv
[0.781s] -- Up-to-date symlink: /home/adm.sof44944@gaia.fkie.fraunhofer.de/ros2_cs/install/hsi_interfaces/share/hsi_interfaces/local_setup.bash
[0.781s] -- Up-to-date symlink: /home/adm.sof44944@gaia.fkie.fraunhofer.de/ros2_cs/install/hsi_interfaces/share/hsi_interfaces/local_setup.sh
[0.781s] -- Up-to-date symlink: /home/adm.sof44944@gaia.fkie.fraunhofer.de/ros2_cs/install/hsi_interfaces/share/hsi_interfaces/local_setup.zsh
[0.781s] -- Up-to-date symlink: /home/adm.sof44944@gaia.fkie.fraunhofer.de/ros2_cs/install/hsi_interfaces/share/hsi_interfaces/local_setup.dsv
[0.781s] -- Symlinking: /home/adm.sof44944@gaia.fkie.fraunhofer.de/ros2_cs/install/hsi_interfaces/share/hsi_interfaces/package.dsv
[0.790s] -- Up-to-date symlink: /home/adm.sof44944@gaia.fkie.fraunhofer.de/ros2_cs/install/hsi_interfaces/share/ament_index/resource_index/packages/hsi_interfaces
[0.790s] -- Up-to-date symlink: /home/adm.sof44944@gaia.fkie.fraunhofer.de/ros2_cs/install/hsi_interfaces/share/hsi_interfaces/cmake/rosidl_cmake-extras.cmake
[0.790s] -- Up-to-date symlink: /home/adm.sof44944@gaia.fkie.fraunhofer.de/ros2_cs/install/hsi_interfaces/share/hsi_interfaces/cmake/ament_cmake_export_include_directories-extras.cmake
[0.791s] -- Up-to-date symlink: /home/adm.sof44944@gaia.fkie.fraunhofer.de/ros2_cs/install/hsi_interfaces/share/hsi_interfaces/cmake/ament_cmake_export_libraries-extras.cmake
[0.791s] -- Up-to-date symlink: /home/adm.sof44944@gaia.fkie.fraunhofer.de/ros2_cs/install/hsi_interfaces/share/hsi_interfaces/cmake/ament_cmake_export_targets-extras.cmake
[0.791s] -- Up-to-date symlink: /home/adm.sof44944@gaia.fkie.fraunhofer.de/ros2_cs/install/hsi_interfaces/share/hsi_interfaces/cmake/rosidl_cmake_export_typesupport_targets-extras.cmake
[0.791s] -- Up-to-date symlink: /home/adm.sof44944@gaia.fkie.fraunhofer.de/ros2_cs/install/hsi_interfaces/share/hsi_interfaces/cmake/ament_cmake_export_dependencies-extras.cmake
[0.791s] -- Up-to-date symlink: /home/adm.sof44944@gaia.fkie.fraunhofer.de/ros2_cs/install/hsi_interfaces/share/hsi_interfaces/cmake/rosidl_cmake_export_typesupport_libraries-extras.cmake
[0.792s] -- Up-to-date symlink: /home/adm.sof44944@gaia.fkie.fraunhofer.de/ros2_cs/install/hsi_interfaces/share/hsi_interfaces/cmake/hsi_interfacesConfig.cmake
[0.792s] -- Up-to-date symlink: /home/adm.sof44944@gaia.fkie.fraunhofer.de/ros2_cs/install/hsi_interfaces/share/hsi_interfaces/cmake/hsi_interfacesConfig-version.cmake
[0.792s] -- Up-to-date symlink: /home/adm.sof44944@gaia.fkie.fraunhofer.de/ros2_cs/install/hsi_interfaces/share/hsi_interfaces/package.xml
[0.792s] -- Up-to-date: /home/adm.sof44944@gaia.fkie.fraunhofer.de/ros2_cs/install/hsi_interfaces/lib/libhsi_interfaces__rosidl_generator_c.so
[0.792s] -- Up-to-date: /home/adm.sof44944@gaia.fkie.fraunhofer.de/ros2_cs/install/hsi_interfaces/lib/libhsi_interfaces__rosidl_typesupport_fastrtps_c.so
[0.792s] -- Up-to-date: /home/adm.sof44944@gaia.fkie.fraunhofer.de/ros2_cs/install/hsi_interfaces/lib/libhsi_interfaces__rosidl_typesupport_introspection_c.so
[0.793s] -- Up-to-date: /home/adm.sof44944@gaia.fkie.fraunhofer.de/ros2_cs/install/hsi_interfaces/lib/libhsi_interfaces__rosidl_typesupport_c.so
[0.793s] -- Up-to-date: /home/adm.sof44944@gaia.fkie.fraunhofer.de/ros2_cs/install/hsi_interfaces/lib/libhsi_interfaces__rosidl_typesupport_fastrtps_cpp.so
[0.793s] -- Up-to-date: /home/adm.sof44944@gaia.fkie.fraunhofer.de/ros2_cs/install/hsi_interfaces/lib/libhsi_interfaces__rosidl_typesupport_introspection_cpp.so
[0.794s] -- Up-to-date: /home/adm.sof44944@gaia.fkie.fraunhofer.de/ros2_cs/install/hsi_interfaces/lib/libhsi_interfaces__rosidl_typesupport_cpp.so
[0.819s] Listing '/home/adm.sof44944@gaia.fkie.fraunhofer.de/ros2_cs/install/hsi_interfaces/local/lib/python3.10/dist-packages/hsi_interfaces'...
[0.820s] Listing '/home/adm.sof44944@gaia.fkie.fraunhofer.de/ros2_cs/install/hsi_interfaces/local/lib/python3.10/dist-packages/hsi_interfaces/msg'...
[0.822s] -- Up-to-date: /home/adm.sof44944@gaia.fkie.fraunhofer.de/ros2_cs/install/hsi_interfaces/lib/libhsi_interfaces__rosidl_generator_py.so
[0.823s] -- Up-to-date: /home/adm.sof44944@gaia.fkie.fraunhofer.de/ros2_cs/install/hsi_interfaces/share/hsi_interfaces/cmake/export_hsi_interfaces__rosidl_generator_cExport.cmake
[0.824s] -- Up-to-date: /home/adm.sof44944@gaia.fkie.fraunhofer.de/ros2_cs/install/hsi_interfaces/share/hsi_interfaces/cmake/export_hsi_interfaces__rosidl_generator_cExport-noconfig.cmake
[0.824s] -- Up-to-date: /home/adm.sof44944@gaia.fkie.fraunhofer.de/ros2_cs/install/hsi_interfaces/share/hsi_interfaces/cmake/export_hsi_interfaces__rosidl_typesupport_fastrtps_cExport.cmake
[0.824s] -- Up-to-date: /home/adm.sof44944@gaia.fkie.fraunhofer.de/ros2_cs/install/hsi_interfaces/share/hsi_interfaces/cmake/export_hsi_interfaces__rosidl_typesupport_fastrtps_cExport-noconfig.cmake
[0.824s] -- Up-to-date: /home/adm.sof44944@gaia.fkie.fraunhofer.de/ros2_cs/install/hsi_interfaces/share/hsi_interfaces/cmake/hsi_interfaces__rosidl_typesupport_introspection_cExport.cmake
[0.824s] -- Up-to-date: /home/adm.sof44944@gaia.fkie.fraunhofer.de/ros2_cs/install/hsi_interfaces/share/hsi_interfaces/cmake/hsi_interfaces__rosidl_typesupport_introspection_cExport-noconfig.cmake
[0.824s] -- Up-to-date: /home/adm.sof44944@gaia.fkie.fraunhofer.de/ros2_cs/install/hsi_interfaces/share/hsi_interfaces/cmake/hsi_interfaces__rosidl_typesupport_cExport.cmake
[0.825s] -- Up-to-date: /home/adm.sof44944@gaia.fkie.fraunhofer.de/ros2_cs/install/hsi_interfaces/share/hsi_interfaces/cmake/hsi_interfaces__rosidl_typesupport_cExport-noconfig.cmake
[0.825s] -- Up-to-date: /home/adm.sof44944@gaia.fkie.fraunhofer.de/ros2_cs/install/hsi_interfaces/share/hsi_interfaces/cmake/export_hsi_interfaces__rosidl_generator_cppExport.cmake
[0.825s] -- Up-to-date: /home/adm.sof44944@gaia.fkie.fraunhofer.de/ros2_cs/install/hsi_interfaces/share/hsi_interfaces/cmake/export_hsi_interfaces__rosidl_typesupport_fastrtps_cppExport.cmake
[0.825s] -- Up-to-date: /home/adm.sof44944@gaia.fkie.fraunhofer.de/ros2_cs/install/hsi_interfaces/share/hsi_interfaces/cmake/export_hsi_interfaces__rosidl_typesupport_fastrtps_cppExport-noconfig.cmake
[0.825s] -- Up-to-date: /home/adm.sof44944@gaia.fkie.fraunhofer.de/ros2_cs/install/hsi_interfaces/share/hsi_interfaces/cmake/hsi_interfaces__rosidl_typesupport_introspection_cppExport.cmake
[0.825s] -- Up-to-date: /home/adm.sof44944@gaia.fkie.fraunhofer.de/ros2_cs/install/hsi_interfaces/share/hsi_interfaces/cmake/hsi_interfaces__rosidl_typesupport_introspection_cppExport-noconfig.cmake
[0.825s] -- Up-to-date: /home/adm.sof44944@gaia.fkie.fraunhofer.de/ros2_cs/install/hsi_interfaces/share/hsi_interfaces/cmake/hsi_interfaces__rosidl_typesupport_cppExport.cmake
[0.826s] -- Up-to-date: /home/adm.sof44944@gaia.fkie.fraunhofer.de/ros2_cs/install/hsi_interfaces/share/hsi_interfaces/cmake/hsi_interfaces__rosidl_typesupport_cppExport-noconfig.cmake
[0.826s] -- Up-to-date: /home/adm.sof44944@gaia.fkie.fraunhofer.de/ros2_cs/install/hsi_interfaces/share/hsi_interfaces/cmake/export_hsi_interfaces__rosidl_generator_pyExport.cmake
[0.826s] -- Up-to-date: /home/adm.sof44944@gaia.fkie.fraunhofer.de/ros2_cs/install/hsi_interfaces/share/hsi_interfaces/cmake/export_hsi_interfaces__rosidl_generator_pyExport-noconfig.cmake
[0.896s] Invoked command in '/home/adm.sof44944@gaia.fkie.fraunhofer.de/ros2_cs/build/hsi_interfaces' returned '0': CMAKE_PREFIX_PATH=${CMAKE_PREFIX_PATH}:/home/adm.sof44944@gaia.fkie.fraunhofer.de/ros2_cs/install/joystick:/home/adm.sof44944@gaia.fkie.fraunhofer.de/ros2_cs/install/hsi:/home/adm.sof44944@gaia.fkie.fraunhofer.de/ros2_cs/install/gesture:/home/adm.sof44944@gaia.fkie.fraunhofer.de/ros2_cs/install/crazyflie_py:/home/adm.sof44944@gaia.fkie.fraunhofer.de/ros2_cs/install/bioharness:/opt/ros/humble /usr/bin/cmake --install /home/adm.sof44944@gaia.fkie.fraunhofer.de/ros2_cs/build/hsi_interfaces
